[0.007s] Invoking command in '/home/chakfan/double_model/build/armor_tracker': AMENT_PREFIX_PATH=/home/chakfan/double_model/install/auto_aim_interfaces:${AMENT_PREFIX_PATH} CMAKE_PREFIX_PATH=/home/chakfan/double_model/install/auto_aim_interfaces:/opt/ros/humble LD_LIBRARY_PATH=/home/chakfan/double_model/install/auto_aim_interfaces/lib:/opt/MVS/lib/64:/opt/MVS/lib/32:/opt/MVS/lib/64:/opt/MVS/lib/32:/opt/ros/humble/opt/rviz_ogre_vendor/lib:/opt/ros/humble/lib/x86_64-linux-gnu:/opt/ros/humble/lib:/opt/MVS/lib/64:/opt/MVS/lib/32:/opt/MVS/lib/64:/opt/MVS/lib/32 PYTHONPATH=/home/chakfan/double_model/install/auto_aim_interfaces/local/lib/python3.10/dist-packages:${PYTHONPATH} /usr/local/bin/cmake /home/chakfan/double_model/src/armor_tracker -DCMAKE_INSTALL_PREFIX=/home/chakfan/double_model/install/armor_tracker
[0.053s] -- The C compiler identification is GNU 12.3.0
[0.093s] -- The CXX compiler identification is GNU 12.3.0
[0.101s] -- Detecting C compiler ABI info
[0.148s] -- Detecting C compiler ABI info - done
[0.157s] -- Check for working C compiler: /usr/bin/cc - skipped
[0.158s] -- Detecting C compile features
[0.158s] -- Detecting C compile features - done
[0.160s] -- Detecting CXX compiler ABI info
[0.213s] -- Detecting CXX compiler ABI info - done
[0.224s] -- Check for working CXX compiler: /usr/bin/c++ - skipped
[0.224s] -- Detecting CXX compile features
[0.224s] -- Detecting CXX compile features - done
[0.226s] -- Found ament_cmake_auto: 1.3.11 (/opt/ros/humble/share/ament_cmake_auto/cmake)
[0.318s] -- Found Python3: /usr/bin/python3 (found version "3.10.12") found components: Interpreter
[0.433s] -- Found rosidl_generator_c: 3.1.6 (/opt/ros/humble/share/rosidl_generator_c/cmake)
[0.436s] -- Found rosidl_adapter: 3.1.6 (/opt/ros/humble/share/rosidl_adapter/cmake)
[0.440s] -- Found rosidl_generator_cpp: 3.1.6 (/opt/ros/humble/share/rosidl_generator_cpp/cmake)
[0.447s] -- Using all available rosidl_typesupport_c: rosidl_typesupport_fastrtps_c;rosidl_typesupport_introspection_c
[0.457s] -- Using all available rosidl_typesupport_cpp: rosidl_typesupport_fastrtps_cpp;rosidl_typesupport_introspection_cpp
[0.482s] -- Found rmw_implementation_cmake: 6.1.2 (/opt/ros/humble/share/rmw_implementation_cmake/cmake)
[0.483s] -- Found rmw_fastrtps_cpp: 6.2.7 (/opt/ros/humble/share/rmw_fastrtps_cpp/cmake)
[0.540s] -- Found OpenSSL: /usr/lib/x86_64-linux-gnu/libcrypto.so (found version "3.0.2")
[0.557s] -- Found FastRTPS: /opt/ros/humble/include
[0.582s] -- Using RMW implementation 'rmw_fastrtps_cpp' as default
[0.586s] -- Performing Test CMAKE_HAVE_LIBC_PTHREAD
[0.639s] -- Performing Test CMAKE_HAVE_LIBC_PTHREAD - Success
[0.640s] -- Found Threads: TRUE
[0.761s] -- Found eigen3_cmake_module: 0.1.1 (/opt/ros/humble/share/eigen3_cmake_module/cmake)
[0.762s] -- Found Eigen3: TRUE (found version "3.4.0")
[0.762s] -- Ensuring Eigen3 include directory is part of orocos-kdl CMake target
[0.828s] -- Found ament_lint_auto: 0.12.11 (/opt/ros/humble/share/ament_lint_auto/cmake)
[0.844s] -- Added test 'cppcheck' to perform static code analysis on C / C++ code
[0.844s] -- Configured cppcheck include dirs: /home/chakfan/double_model/src/armor_tracker/include
[0.844s] -- Configured cppcheck exclude dirs and/or files: 
[0.844s] -- Added test 'lint_cmake' to check CMake code style
[0.845s] -- Added test 'xmllint' to check XML markup files
[0.846s] -- Configuring done (0.8s)
[0.858s] -- Generating done (0.0s)
[0.861s] -- Build files have been written to: /home/chakfan/double_model/build/armor_tracker
[0.867s] Invoked command in '/home/chakfan/double_model/build/armor_tracker' returned '0': AMENT_PREFIX_PATH=/home/chakfan/double_model/install/auto_aim_interfaces:${AMENT_PREFIX_PATH} CMAKE_PREFIX_PATH=/home/chakfan/double_model/install/auto_aim_interfaces:/opt/ros/humble LD_LIBRARY_PATH=/home/chakfan/double_model/install/auto_aim_interfaces/lib:/opt/MVS/lib/64:/opt/MVS/lib/32:/opt/MVS/lib/64:/opt/MVS/lib/32:/opt/ros/humble/opt/rviz_ogre_vendor/lib:/opt/ros/humble/lib/x86_64-linux-gnu:/opt/ros/humble/lib:/opt/MVS/lib/64:/opt/MVS/lib/32:/opt/MVS/lib/64:/opt/MVS/lib/32 PYTHONPATH=/home/chakfan/double_model/install/auto_aim_interfaces/local/lib/python3.10/dist-packages:${PYTHONPATH} /usr/local/bin/cmake /home/chakfan/double_model/src/armor_tracker -DCMAKE_INSTALL_PREFIX=/home/chakfan/double_model/install/armor_tracker
[0.868s] Invoking command in '/home/chakfan/double_model/build/armor_tracker': AMENT_PREFIX_PATH=/home/chakfan/double_model/install/auto_aim_interfaces:${AMENT_PREFIX_PATH} CMAKE_PREFIX_PATH=/home/chakfan/double_model/install/auto_aim_interfaces:/opt/ros/humble LD_LIBRARY_PATH=/home/chakfan/double_model/install/auto_aim_interfaces/lib:/opt/MVS/lib/64:/opt/MVS/lib/32:/opt/MVS/lib/64:/opt/MVS/lib/32:/opt/ros/humble/opt/rviz_ogre_vendor/lib:/opt/ros/humble/lib/x86_64-linux-gnu:/opt/ros/humble/lib:/opt/MVS/lib/64:/opt/MVS/lib/32:/opt/MVS/lib/64:/opt/MVS/lib/32 PYTHONPATH=/home/chakfan/double_model/install/auto_aim_interfaces/local/lib/python3.10/dist-packages:${PYTHONPATH} /usr/local/bin/cmake --build /home/chakfan/double_model/build/armor_tracker -- -j32 -l32
[0.891s] [ 11%] [32mBuilding CXX object CMakeFiles/armor_tracker_node.dir/rclcpp_components/node_main_armor_tracker_node.cpp.o[0m
[0.891s] [ 22%] [32mBuilding CXX object CMakeFiles/armor_tracker.dir/src/filter/extended_kalman_filter.cpp.o[0m
[0.892s] [ 33%] [32mBuilding CXX object CMakeFiles/armor_tracker.dir/src/filter/kalman_filter.cpp.o[0m
[0.892s] [ 44%] [32mBuilding CXX object CMakeFiles/armor_tracker.dir/src/motion/armor_model.cpp.o[0m
[0.892s] [ 55%] [32mBuilding CXX object CMakeFiles/armor_tracker.dir/src/motion/enemy_model.cpp.o[0m
[0.893s] [ 66%] [32mBuilding CXX object CMakeFiles/armor_tracker.dir/src/tracker_node.cpp.o[0m
[0.893s] [ 77%] [32mBuilding CXX object CMakeFiles/armor_tracker.dir/src/tracker.cpp.o[0m
[3.018s] [ 88%] [32m[1mLinking CXX executable armor_tracker_node[0m
[3.119s] [ 88%] Built target armor_tracker_node
[9.773s] [100%] [32m[1mLinking CXX shared library libarmor_tracker.so[0m
[10.313s] [100%] Built target armor_tracker
[10.319s] Invoked command in '/home/chakfan/double_model/build/armor_tracker' returned '0': AMENT_PREFIX_PATH=/home/chakfan/double_model/install/auto_aim_interfaces:${AMENT_PREFIX_PATH} CMAKE_PREFIX_PATH=/home/chakfan/double_model/install/auto_aim_interfaces:/opt/ros/humble LD_LIBRARY_PATH=/home/chakfan/double_model/install/auto_aim_interfaces/lib:/opt/MVS/lib/64:/opt/MVS/lib/32:/opt/MVS/lib/64:/opt/MVS/lib/32:/opt/ros/humble/opt/rviz_ogre_vendor/lib:/opt/ros/humble/lib/x86_64-linux-gnu:/opt/ros/humble/lib:/opt/MVS/lib/64:/opt/MVS/lib/32:/opt/MVS/lib/64:/opt/MVS/lib/32 PYTHONPATH=/home/chakfan/double_model/install/auto_aim_interfaces/local/lib/python3.10/dist-packages:${PYTHONPATH} /usr/local/bin/cmake --build /home/chakfan/double_model/build/armor_tracker -- -j32 -l32
[10.320s] Invoking command in '/home/chakfan/double_model/build/armor_tracker': AMENT_PREFIX_PATH=/home/chakfan/double_model/install/auto_aim_interfaces:${AMENT_PREFIX_PATH} CMAKE_PREFIX_PATH=/home/chakfan/double_model/install/auto_aim_interfaces:/opt/ros/humble LD_LIBRARY_PATH=/home/chakfan/double_model/install/auto_aim_interfaces/lib:/opt/MVS/lib/64:/opt/MVS/lib/32:/opt/MVS/lib/64:/opt/MVS/lib/32:/opt/ros/humble/opt/rviz_ogre_vendor/lib:/opt/ros/humble/lib/x86_64-linux-gnu:/opt/ros/humble/lib:/opt/MVS/lib/64:/opt/MVS/lib/32:/opt/MVS/lib/64:/opt/MVS/lib/32 PYTHONPATH=/home/chakfan/double_model/install/auto_aim_interfaces/local/lib/python3.10/dist-packages:${PYTHONPATH} /usr/local/bin/cmake --install /home/chakfan/double_model/build/armor_tracker
[10.322s] -- Install configuration: ""
[10.322s] -- Installing: /home/chakfan/double_model/install/armor_tracker/lib/armor_tracker/armor_tracker_node
[10.323s] -- Set non-toolchain portion of runtime path of "/home/chakfan/double_model/install/armor_tracker/lib/armor_tracker/armor_tracker_node" to ""
[10.323s] -- Installing: /home/chakfan/double_model/install/armor_tracker/include
[10.323s] -- Installing: /home/chakfan/double_model/install/armor_tracker/include/armor_tracker
[10.323s] -- Installing: /home/chakfan/double_model/install/armor_tracker/include/armor_tracker/tracker_node.hpp
[10.323s] -- Installing: /home/chakfan/double_model/install/armor_tracker/include/armor_tracker/filter
[10.323s] -- Installing: /home/chakfan/double_model/install/armor_tracker/include/armor_tracker/filter/kalman_filter.hpp
[10.323s] -- Installing: /home/chakfan/double_model/install/armor_tracker/include/armor_tracker/filter/extended_kalman_filter.hpp
[10.323s] -- Installing: /home/chakfan/double_model/install/armor_tracker/include/armor_tracker/tracker.hpp
[10.323s] -- Installing: /home/chakfan/double_model/install/armor_tracker/include/armor_tracker/motion
[10.323s] -- Installing: /home/chakfan/double_model/install/armor_tracker/include/armor_tracker/motion/armor_model.hpp
[10.323s] -- Installing: /home/chakfan/double_model/install/armor_tracker/include/armor_tracker/motion/enemy_model.hpp
[10.323s] -- Installing: /home/chakfan/double_model/install/armor_tracker/include/armor_tracker/common.hpp
[10.323s] -- Installing: /home/chakfan/double_model/install/armor_tracker/share/armor_tracker/environment/library_path.sh
[10.323s] -- Installing: /home/chakfan/double_model/install/armor_tracker/share/armor_tracker/environment/library_path.dsv
[10.323s] -- Installing: /home/chakfan/double_model/install/armor_tracker/lib/libarmor_tracker.so
[10.329s] -- Set non-toolchain portion of runtime path of "/home/chakfan/double_model/install/armor_tracker/lib/libarmor_tracker.so" to ""
[10.329s] -- Installing: /home/chakfan/double_model/install/armor_tracker/share/ament_index/resource_index/package_run_dependencies/armor_tracker
[10.329s] -- Installing: /home/chakfan/double_model/install/armor_tracker/share/ament_index/resource_index/parent_prefix_path/armor_tracker
[10.329s] -- Installing: /home/chakfan/double_model/install/armor_tracker/share/armor_tracker/environment/ament_prefix_path.sh
[10.330s] -- Installing: /home/chakfan/double_model/install/armor_tracker/share/armor_tracker/environment/ament_prefix_path.dsv
[10.330s] -- Installing: /home/chakfan/double_model/install/armor_tracker/share/armor_tracker/environment/path.sh
[10.330s] -- Installing: /home/chakfan/double_model/install/armor_tracker/share/armor_tracker/environment/path.dsv
[10.330s] -- Installing: /home/chakfan/double_model/install/armor_tracker/share/armor_tracker/local_setup.bash
[10.330s] -- Installing: /home/chakfan/double_model/install/armor_tracker/share/armor_tracker/local_setup.sh
[10.330s] -- Installing: /home/chakfan/double_model/install/armor_tracker/share/armor_tracker/local_setup.zsh
[10.330s] -- Installing: /home/chakfan/double_model/install/armor_tracker/share/armor_tracker/local_setup.dsv
[10.330s] -- Installing: /home/chakfan/double_model/install/armor_tracker/share/armor_tracker/package.dsv
[10.330s] -- Installing: /home/chakfan/double_model/install/armor_tracker/share/ament_index/resource_index/packages/armor_tracker
[10.330s] -- Installing: /home/chakfan/double_model/install/armor_tracker/share/ament_index/resource_index/rclcpp_components/armor_tracker
[10.330s] -- Installing: /home/chakfan/double_model/install/armor_tracker/share/armor_tracker/cmake/ament_cmake_export_dependencies-extras.cmake
[10.330s] -- Installing: /home/chakfan/double_model/install/armor_tracker/share/armor_tracker/cmake/ament_cmake_export_include_directories-extras.cmake
[10.330s] -- Installing: /home/chakfan/double_model/install/armor_tracker/share/armor_tracker/cmake/ament_cmake_export_libraries-extras.cmake
[10.330s] -- Installing: /home/chakfan/double_model/install/armor_tracker/share/armor_tracker/cmake/armor_trackerConfig.cmake
[10.330s] -- Installing: /home/chakfan/double_model/install/armor_tracker/share/armor_tracker/cmake/armor_trackerConfig-version.cmake
[10.330s] -- Installing: /home/chakfan/double_model/install/armor_tracker/share/armor_tracker/package.xml
[10.332s] Invoked command in '/home/chakfan/double_model/build/armor_tracker' returned '0': AMENT_PREFIX_PATH=/home/chakfan/double_model/install/auto_aim_interfaces:${AMENT_PREFIX_PATH} CMAKE_PREFIX_PATH=/home/chakfan/double_model/install/auto_aim_interfaces:/opt/ros/humble LD_LIBRARY_PATH=/home/chakfan/double_model/install/auto_aim_interfaces/lib:/opt/MVS/lib/64:/opt/MVS/lib/32:/opt/MVS/lib/64:/opt/MVS/lib/32:/opt/ros/humble/opt/rviz_ogre_vendor/lib:/opt/ros/humble/lib/x86_64-linux-gnu:/opt/ros/humble/lib:/opt/MVS/lib/64:/opt/MVS/lib/32:/opt/MVS/lib/64:/opt/MVS/lib/32 PYTHONPATH=/home/chakfan/double_model/install/auto_aim_interfaces/local/lib/python3.10/dist-packages:${PYTHONPATH} /usr/local/bin/cmake --install /home/chakfan/double_model/build/armor_tracker
