[0.062s] DEBUG:colcon:Command line arguments: ['/usr/bin/colcon', 'build']
[0.062s] DEBUG:colcon:Parsed command line arguments: Namespace(log_base=None, log_level=None, verb_name='build', build_base='build', install_base='install', merge_install=False, symlink_install=False, test_result_base=None, continue_on_error=False, executor='parallel', parallel_workers=32, event_handlers=None, ignore_user_meta=False, metas=['./colcon.meta'], base_paths=['.'], packages_ignore=None, packages_ignore_regex=None, paths=None, packages_up_to=None, packages_up_to_regex=None, packages_above=None, packages_above_and_dependencies=None, packages_above_depth=None, packages_select_by_dep=None, packages_skip_by_dep=None, packages_skip_up_to=None, packages_select_build_failed=False, packages_skip_build_finished=False, packages_select_test_failures=False, packages_skip_test_passed=False, packages_select=None, packages_skip=None, packages_select_regex=None, packages_skip_regex=None, packages_start=None, packages_end=None, allow_overriding=[], cmake_args=None, cmake_target=None, cmake_target_skip_unavailable=False, cmake_clean_cache=False, cmake_clean_first=False, cmake_force_configure=False, ament_cmake_args=None, catkin_cmake_args=None, catkin_skip_building_tests=False, verb_parser=<colcon_defaults.argument_parser.defaults.DefaultArgumentsDecorator object at 0x78f3ae44c220>, verb_extension=<colcon_core.verb.build.BuildVerb object at 0x78f3ae41bbe0>, main=<bound method BuildVerb.main of <colcon_core.verb.build.BuildVerb object at 0x78f3ae41bbe0>>)
[0.146s] Level 1:colcon.colcon_core.package_discovery:discover_packages(colcon_meta) check parameters
[0.146s] Level 1:colcon.colcon_core.package_discovery:discover_packages(recursive) check parameters
[0.146s] Level 1:colcon.colcon_core.package_discovery:discover_packages(ignore) check parameters
[0.146s] Level 1:colcon.colcon_core.package_discovery:discover_packages(path) check parameters
[0.147s] Level 1:colcon.colcon_core.package_discovery:discover_packages(colcon_meta) discover
[0.147s] Level 1:colcon.colcon_core.package_discovery:discover_packages(recursive) discover
[0.147s] INFO:colcon.colcon_core.package_discovery:Crawling recursively for packages in '/home/chakfan/double_model'
[0.147s] Level 1:colcon.colcon_core.package_identification:_identify(.) by extensions ['ignore', 'ignore_ament_install']
[0.147s] Level 1:colcon.colcon_core.package_identification:_identify(.) by extension 'ignore'
[0.147s] Level 1:colcon.colcon_core.package_identification:_identify(.) by extension 'ignore_ament_install'
[0.147s] Level 1:colcon.colcon_core.package_identification:_identify(.) by extensions ['colcon_pkg']
[0.147s] Level 1:colcon.colcon_core.package_identification:_identify(.) by extension 'colcon_pkg'
[0.147s] Level 1:colcon.colcon_core.package_identification:_identify(.) by extensions ['colcon_meta']
[0.147s] Level 1:colcon.colcon_core.package_identification:_identify(.) by extension 'colcon_meta'
[0.147s] Level 1:colcon.colcon_core.package_identification:_identify(.) by extensions ['ros']
[0.147s] Level 1:colcon.colcon_core.package_identification:_identify(.) by extension 'ros'
[0.154s] Level 1:colcon.colcon_core.package_identification:_identify(.) by extensions ['cmake', 'python']
[0.154s] Level 1:colcon.colcon_core.package_identification:_identify(.) by extension 'cmake'
[0.154s] Level 1:colcon.colcon_core.package_identification:_identify(.) by extension 'python'
[0.154s] Level 1:colcon.colcon_core.package_identification:_identify(.) by extensions ['python_setup_py']
[0.154s] Level 1:colcon.colcon_core.package_identification:_identify(.) by extension 'python_setup_py'
[0.154s] Level 1:colcon.colcon_core.package_identification:_identify(build) by extensions ['ignore', 'ignore_ament_install']
[0.154s] Level 1:colcon.colcon_core.package_identification:_identify(build) by extension 'ignore'
[0.154s] Level 1:colcon.colcon_core.package_identification:_identify(build) ignored
[0.154s] Level 1:colcon.colcon_core.package_identification:_identify(install) by extensions ['ignore', 'ignore_ament_install']
[0.154s] Level 1:colcon.colcon_core.package_identification:_identify(install) by extension 'ignore'
[0.154s] Level 1:colcon.colcon_core.package_identification:_identify(install) ignored
[0.154s] Level 1:colcon.colcon_core.package_identification:_identify(log) by extensions ['ignore', 'ignore_ament_install']
[0.154s] Level 1:colcon.colcon_core.package_identification:_identify(log) by extension 'ignore'
[0.154s] Level 1:colcon.colcon_core.package_identification:_identify(log) ignored
[0.154s] Level 1:colcon.colcon_core.package_identification:_identify(src) by extensions ['ignore', 'ignore_ament_install']
[0.155s] Level 1:colcon.colcon_core.package_identification:_identify(src) by extension 'ignore'
[0.155s] Level 1:colcon.colcon_core.package_identification:_identify(src) by extension 'ignore_ament_install'
[0.155s] Level 1:colcon.colcon_core.package_identification:_identify(src) by extensions ['colcon_pkg']
[0.155s] Level 1:colcon.colcon_core.package_identification:_identify(src) by extension 'colcon_pkg'
[0.155s] Level 1:colcon.colcon_core.package_identification:_identify(src) by extensions ['colcon_meta']
[0.155s] Level 1:colcon.colcon_core.package_identification:_identify(src) by extension 'colcon_meta'
[0.155s] Level 1:colcon.colcon_core.package_identification:_identify(src) by extensions ['ros']
[0.155s] Level 1:colcon.colcon_core.package_identification:_identify(src) by extension 'ros'
[0.155s] Level 1:colcon.colcon_core.package_identification:_identify(src) by extensions ['cmake', 'python']
[0.155s] Level 1:colcon.colcon_core.package_identification:_identify(src) by extension 'cmake'
[0.155s] Level 1:colcon.colcon_core.package_identification:_identify(src) by extension 'python'
[0.155s] Level 1:colcon.colcon_core.package_identification:_identify(src) by extensions ['python_setup_py']
[0.155s] Level 1:colcon.colcon_core.package_identification:_identify(src) by extension 'python_setup_py'
[0.155s] Level 1:colcon.colcon_core.package_identification:_identify(src/armor_tracker) by extensions ['ignore', 'ignore_ament_install']
[0.155s] Level 1:colcon.colcon_core.package_identification:_identify(src/armor_tracker) by extension 'ignore'
[0.155s] Level 1:colcon.colcon_core.package_identification:_identify(src/armor_tracker) by extension 'ignore_ament_install'
[0.155s] Level 1:colcon.colcon_core.package_identification:_identify(src/armor_tracker) by extensions ['colcon_pkg']
[0.155s] Level 1:colcon.colcon_core.package_identification:_identify(src/armor_tracker) by extension 'colcon_pkg'
[0.155s] Level 1:colcon.colcon_core.package_identification:_identify(src/armor_tracker) by extensions ['colcon_meta']
[0.155s] Level 1:colcon.colcon_core.package_identification:_identify(src/armor_tracker) by extension 'colcon_meta'
[0.155s] Level 1:colcon.colcon_core.package_identification:_identify(src/armor_tracker) by extensions ['ros']
[0.155s] Level 1:colcon.colcon_core.package_identification:_identify(src/armor_tracker) by extension 'ros'
[0.157s] DEBUG:colcon.colcon_core.package_identification:Package 'src/armor_tracker' with type 'ros.ament_cmake' and name 'armor_tracker'
[0.157s] Level 1:colcon.colcon_core.package_identification:_identify(src/auto_aim_interfaces) by extensions ['ignore', 'ignore_ament_install']
[0.157s] Level 1:colcon.colcon_core.package_identification:_identify(src/auto_aim_interfaces) by extension 'ignore'
[0.157s] Level 1:colcon.colcon_core.package_identification:_identify(src/auto_aim_interfaces) by extension 'ignore_ament_install'
[0.157s] Level 1:colcon.colcon_core.package_identification:_identify(src/auto_aim_interfaces) by extensions ['colcon_pkg']
[0.157s] Level 1:colcon.colcon_core.package_identification:_identify(src/auto_aim_interfaces) by extension 'colcon_pkg'
[0.157s] Level 1:colcon.colcon_core.package_identification:_identify(src/auto_aim_interfaces) by extensions ['colcon_meta']
[0.157s] Level 1:colcon.colcon_core.package_identification:_identify(src/auto_aim_interfaces) by extension 'colcon_meta'
[0.157s] Level 1:colcon.colcon_core.package_identification:_identify(src/auto_aim_interfaces) by extensions ['ros']
[0.157s] Level 1:colcon.colcon_core.package_identification:_identify(src/auto_aim_interfaces) by extension 'ros'
[0.157s] DEBUG:colcon.colcon_core.package_identification:Package 'src/auto_aim_interfaces' with type 'ros.ament_cmake' and name 'auto_aim_interfaces'
[0.157s] Level 1:colcon.colcon_core.package_identification:_identify(src/filter_test) by extensions ['ignore', 'ignore_ament_install']
[0.157s] Level 1:colcon.colcon_core.package_identification:_identify(src/filter_test) by extension 'ignore'
[0.157s] Level 1:colcon.colcon_core.package_identification:_identify(src/filter_test) by extension 'ignore_ament_install'
[0.157s] Level 1:colcon.colcon_core.package_identification:_identify(src/filter_test) by extensions ['colcon_pkg']
[0.157s] Level 1:colcon.colcon_core.package_identification:_identify(src/filter_test) by extension 'colcon_pkg'
[0.157s] Level 1:colcon.colcon_core.package_identification:_identify(src/filter_test) by extensions ['colcon_meta']
[0.157s] Level 1:colcon.colcon_core.package_identification:_identify(src/filter_test) by extension 'colcon_meta'
[0.157s] Level 1:colcon.colcon_core.package_identification:_identify(src/filter_test) by extensions ['ros']
[0.157s] Level 1:colcon.colcon_core.package_identification:_identify(src/filter_test) by extension 'ros'
[0.158s] DEBUG:colcon.colcon_core.package_identification:Package 'src/filter_test' with type 'ros.ament_cmake' and name 'filter_test'
[0.158s] Level 1:colcon.colcon_core.package_discovery:discover_packages(recursive) using defaults
[0.158s] Level 1:colcon.colcon_core.package_discovery:discover_packages(ignore) discover
[0.158s] Level 1:colcon.colcon_core.package_discovery:discover_packages(ignore) using defaults
[0.158s] Level 1:colcon.colcon_core.package_discovery:discover_packages(path) discover
[0.158s] Level 1:colcon.colcon_core.package_discovery:discover_packages(path) using defaults
[0.171s] Level 1:colcon.colcon_core.package_discovery:discover_packages(prefix_path) check parameters
[0.171s] Level 1:colcon.colcon_core.package_discovery:discover_packages(prefix_path) discover
[0.172s] DEBUG:colcon.colcon_installed_package_information.package_discovery:Found 3 installed packages in /home/chakfan/double_model/install
[0.172s] DEBUG:colcon.colcon_installed_package_information.package_discovery:Found 280 installed packages in /opt/ros/humble
[0.179s] Level 1:colcon.colcon_core.package_discovery:discover_packages(prefix_path) using defaults
[0.200s] Level 5:colcon.colcon_core.verb:set package 'auto_aim_interfaces' build argument 'cmake_args' from command line to 'None'
[0.200s] Level 5:colcon.colcon_core.verb:set package 'auto_aim_interfaces' build argument 'cmake_target' from command line to 'None'
[0.200s] Level 5:colcon.colcon_core.verb:set package 'auto_aim_interfaces' build argument 'cmake_target_skip_unavailable' from command line to 'False'
[0.200s] Level 5:colcon.colcon_core.verb:set package 'auto_aim_interfaces' build argument 'cmake_clean_cache' from command line to 'False'
[0.200s] Level 5:colcon.colcon_core.verb:set package 'auto_aim_interfaces' build argument 'cmake_clean_first' from command line to 'False'
[0.200s] Level 5:colcon.colcon_core.verb:set package 'auto_aim_interfaces' build argument 'cmake_force_configure' from command line to 'False'
[0.200s] Level 5:colcon.colcon_core.verb:set package 'auto_aim_interfaces' build argument 'ament_cmake_args' from command line to 'None'
[0.200s] Level 5:colcon.colcon_core.verb:set package 'auto_aim_interfaces' build argument 'catkin_cmake_args' from command line to 'None'
[0.200s] Level 5:colcon.colcon_core.verb:set package 'auto_aim_interfaces' build argument 'catkin_skip_building_tests' from command line to 'False'
[0.200s] DEBUG:colcon.colcon_core.verb:Building package 'auto_aim_interfaces' with the following arguments: {'ament_cmake_args': None, 'build_base': '/home/chakfan/double_model/build/auto_aim_interfaces', 'catkin_cmake_args': None, 'catkin_skip_building_tests': False, 'cmake_args': None, 'cmake_clean_cache': False, 'cmake_clean_first': False, 'cmake_force_configure': False, 'cmake_target': None, 'cmake_target_skip_unavailable': False, 'install_base': '/home/chakfan/double_model/install/auto_aim_interfaces', 'merge_install': False, 'path': '/home/chakfan/double_model/src/auto_aim_interfaces', 'symlink_install': False, 'test_result_base': None}
[0.200s] Level 5:colcon.colcon_core.verb:set package 'armor_tracker' build argument 'cmake_args' from command line to 'None'
[0.200s] Level 5:colcon.colcon_core.verb:set package 'armor_tracker' build argument 'cmake_target' from command line to 'None'
[0.200s] Level 5:colcon.colcon_core.verb:set package 'armor_tracker' build argument 'cmake_target_skip_unavailable' from command line to 'False'
[0.200s] Level 5:colcon.colcon_core.verb:set package 'armor_tracker' build argument 'cmake_clean_cache' from command line to 'False'
[0.200s] Level 5:colcon.colcon_core.verb:set package 'armor_tracker' build argument 'cmake_clean_first' from command line to 'False'
[0.200s] Level 5:colcon.colcon_core.verb:set package 'armor_tracker' build argument 'cmake_force_configure' from command line to 'False'
[0.200s] Level 5:colcon.colcon_core.verb:set package 'armor_tracker' build argument 'ament_cmake_args' from command line to 'None'
[0.200s] Level 5:colcon.colcon_core.verb:set package 'armor_tracker' build argument 'catkin_cmake_args' from command line to 'None'
[0.200s] Level 5:colcon.colcon_core.verb:set package 'armor_tracker' build argument 'catkin_skip_building_tests' from command line to 'False'
[0.200s] DEBUG:colcon.colcon_core.verb:Building package 'armor_tracker' with the following arguments: {'ament_cmake_args': None, 'build_base': '/home/chakfan/double_model/build/armor_tracker', 'catkin_cmake_args': None, 'catkin_skip_building_tests': False, 'cmake_args': None, 'cmake_clean_cache': False, 'cmake_clean_first': False, 'cmake_force_configure': False, 'cmake_target': None, 'cmake_target_skip_unavailable': False, 'install_base': '/home/chakfan/double_model/install/armor_tracker', 'merge_install': False, 'path': '/home/chakfan/double_model/src/armor_tracker', 'symlink_install': False, 'test_result_base': None}
[0.200s] Level 5:colcon.colcon_core.verb:set package 'filter_test' build argument 'cmake_args' from command line to 'None'
[0.200s] Level 5:colcon.colcon_core.verb:set package 'filter_test' build argument 'cmake_target' from command line to 'None'
[0.200s] Level 5:colcon.colcon_core.verb:set package 'filter_test' build argument 'cmake_target_skip_unavailable' from command line to 'False'
[0.200s] Level 5:colcon.colcon_core.verb:set package 'filter_test' build argument 'cmake_clean_cache' from command line to 'False'
[0.200s] Level 5:colcon.colcon_core.verb:set package 'filter_test' build argument 'cmake_clean_first' from command line to 'False'
[0.200s] Level 5:colcon.colcon_core.verb:set package 'filter_test' build argument 'cmake_force_configure' from command line to 'False'
[0.200s] Level 5:colcon.colcon_core.verb:set package 'filter_test' build argument 'ament_cmake_args' from command line to 'None'
[0.200s] Level 5:colcon.colcon_core.verb:set package 'filter_test' build argument 'catkin_cmake_args' from command line to 'None'
[0.200s] Level 5:colcon.colcon_core.verb:set package 'filter_test' build argument 'catkin_skip_building_tests' from command line to 'False'
[0.200s] DEBUG:colcon.colcon_core.verb:Building package 'filter_test' with the following arguments: {'ament_cmake_args': None, 'build_base': '/home/chakfan/double_model/build/filter_test', 'catkin_cmake_args': None, 'catkin_skip_building_tests': False, 'cmake_args': None, 'cmake_clean_cache': False, 'cmake_clean_first': False, 'cmake_force_configure': False, 'cmake_target': None, 'cmake_target_skip_unavailable': False, 'install_base': '/home/chakfan/double_model/install/filter_test', 'merge_install': False, 'path': '/home/chakfan/double_model/src/filter_test', 'symlink_install': False, 'test_result_base': None}
[0.201s] INFO:colcon.colcon_core.executor:Executing jobs using 'parallel' executor
[0.201s] DEBUG:colcon.colcon_parallel_executor.executor.parallel:run_until_complete
[0.202s] INFO:colcon.colcon_ros.task.ament_cmake.build:Building ROS package in '/home/chakfan/double_model/src/auto_aim_interfaces' with build type 'ament_cmake'
[0.202s] INFO:colcon.colcon_cmake.task.cmake.build:Building CMake package in '/home/chakfan/double_model/src/auto_aim_interfaces'
[0.203s] INFO:colcon.colcon_core.plugin_system:Skipping extension 'colcon_core.shell.bat': Not used on non-Windows systems
[0.203s] INFO:colcon.colcon_core.shell:Skip shell extension 'powershell' for command environment: Not usable outside of PowerShell
[0.203s] DEBUG:colcon.colcon_core.shell:Skip shell extension 'dsv' for command environment
[0.210s] DEBUG:colcon.colcon_core.event_handler.log_command:Invoking command in '/home/chakfan/double_model/build/auto_aim_interfaces': CMAKE_PREFIX_PATH=${CMAKE_PREFIX_PATH}:/opt/ros/humble /usr/local/bin/cmake --build /home/chakfan/double_model/build/auto_aim_interfaces -- -j32 -l32
[0.429s] DEBUG:colcon.colcon_core.event_handler.log_command:Invoked command in '/home/chakfan/double_model/build/auto_aim_interfaces' returned '0': CMAKE_PREFIX_PATH=${CMAKE_PREFIX_PATH}:/opt/ros/humble /usr/local/bin/cmake --build /home/chakfan/double_model/build/auto_aim_interfaces -- -j32 -l32
[0.433s] DEBUG:colcon.colcon_core.event_handler.log_command:Invoking command in '/home/chakfan/double_model/build/auto_aim_interfaces': CMAKE_PREFIX_PATH=${CMAKE_PREFIX_PATH}:/opt/ros/humble /usr/local/bin/cmake --install /home/chakfan/double_model/build/auto_aim_interfaces
[0.480s] Level 1:colcon.colcon_core.environment:create_environment_scripts_only(auto_aim_interfaces)
[0.484s] DEBUG:colcon.colcon_core.event_handler.log_command:Invoked command in '/home/chakfan/double_model/build/auto_aim_interfaces' returned '0': CMAKE_PREFIX_PATH=${CMAKE_PREFIX_PATH}:/opt/ros/humble /usr/local/bin/cmake --install /home/chakfan/double_model/build/auto_aim_interfaces
[0.486s] Level 1:colcon.colcon_core.environment:checking '/home/chakfan/double_model/install/auto_aim_interfaces' for CMake module files
[0.486s] Level 1:colcon.colcon_core.environment:checking '/home/chakfan/double_model/install/auto_aim_interfaces' for CMake config files
[0.486s] Level 1:colcon.colcon_core.shell:create_environment_hook('auto_aim_interfaces', 'cmake_prefix_path')
[0.486s] INFO:colcon.colcon_core.shell:Creating environment hook '/home/chakfan/double_model/install/auto_aim_interfaces/share/auto_aim_interfaces/hook/cmake_prefix_path.ps1'
[0.487s] INFO:colcon.colcon_core.shell:Creating environment descriptor '/home/chakfan/double_model/install/auto_aim_interfaces/share/auto_aim_interfaces/hook/cmake_prefix_path.dsv'
[0.487s] INFO:colcon.colcon_core.shell:Creating environment hook '/home/chakfan/double_model/install/auto_aim_interfaces/share/auto_aim_interfaces/hook/cmake_prefix_path.sh'
[0.488s] Level 1:colcon.colcon_core.environment:checking '/home/chakfan/double_model/install/auto_aim_interfaces/lib'
[0.488s] Level 1:colcon.colcon_core.shell:create_environment_hook('auto_aim_interfaces', 'ld_library_path_lib')
[0.488s] INFO:colcon.colcon_core.shell:Creating environment hook '/home/chakfan/double_model/install/auto_aim_interfaces/share/auto_aim_interfaces/hook/ld_library_path_lib.ps1'
[0.488s] INFO:colcon.colcon_core.shell:Creating environment descriptor '/home/chakfan/double_model/install/auto_aim_interfaces/share/auto_aim_interfaces/hook/ld_library_path_lib.dsv'
[0.488s] INFO:colcon.colcon_core.shell:Creating environment hook '/home/chakfan/double_model/install/auto_aim_interfaces/share/auto_aim_interfaces/hook/ld_library_path_lib.sh'
[0.489s] Level 1:colcon.colcon_core.environment:checking '/home/chakfan/double_model/install/auto_aim_interfaces/bin'
[0.489s] Level 1:colcon.colcon_core.environment:checking '/home/chakfan/double_model/install/auto_aim_interfaces/lib/pkgconfig/auto_aim_interfaces.pc'
[0.489s] Level 1:colcon.colcon_core.environment:checking '/home/chakfan/double_model/install/auto_aim_interfaces/lib/python3.10/site-packages'
[0.489s] Level 1:colcon.colcon_core.environment:checking '/home/chakfan/double_model/install/auto_aim_interfaces/bin'
[0.489s] INFO:colcon.colcon_core.shell:Creating package script '/home/chakfan/double_model/install/auto_aim_interfaces/share/auto_aim_interfaces/package.ps1'
[0.489s] INFO:colcon.colcon_core.shell:Creating package descriptor '/home/chakfan/double_model/install/auto_aim_interfaces/share/auto_aim_interfaces/package.dsv'
[0.490s] INFO:colcon.colcon_core.shell:Creating package script '/home/chakfan/double_model/install/auto_aim_interfaces/share/auto_aim_interfaces/package.sh'
[0.490s] INFO:colcon.colcon_core.shell:Creating package script '/home/chakfan/double_model/install/auto_aim_interfaces/share/auto_aim_interfaces/package.bash'
[0.491s] INFO:colcon.colcon_core.shell:Creating package script '/home/chakfan/double_model/install/auto_aim_interfaces/share/auto_aim_interfaces/package.zsh'
[0.491s] Level 1:colcon.colcon_core.environment:create_file_with_runtime_dependencies(/home/chakfan/double_model/install/auto_aim_interfaces/share/colcon-core/packages/auto_aim_interfaces)
[0.491s] Level 1:colcon.colcon_core.environment:create_environment_scripts_only(auto_aim_interfaces)
[0.492s] Level 1:colcon.colcon_core.environment:checking '/home/chakfan/double_model/install/auto_aim_interfaces' for CMake module files
[0.492s] Level 1:colcon.colcon_core.environment:checking '/home/chakfan/double_model/install/auto_aim_interfaces' for CMake config files
[0.492s] Level 1:colcon.colcon_core.shell:create_environment_hook('auto_aim_interfaces', 'cmake_prefix_path')
[0.492s] INFO:colcon.colcon_core.shell:Creating environment hook '/home/chakfan/double_model/install/auto_aim_interfaces/share/auto_aim_interfaces/hook/cmake_prefix_path.ps1'
[0.492s] INFO:colcon.colcon_core.shell:Creating environment descriptor '/home/chakfan/double_model/install/auto_aim_interfaces/share/auto_aim_interfaces/hook/cmake_prefix_path.dsv'
[0.493s] INFO:colcon.colcon_core.shell:Creating environment hook '/home/chakfan/double_model/install/auto_aim_interfaces/share/auto_aim_interfaces/hook/cmake_prefix_path.sh'
[0.493s] Level 1:colcon.colcon_core.environment:checking '/home/chakfan/double_model/install/auto_aim_interfaces/lib'
[0.493s] Level 1:colcon.colcon_core.shell:create_environment_hook('auto_aim_interfaces', 'ld_library_path_lib')
[0.493s] INFO:colcon.colcon_core.shell:Creating environment hook '/home/chakfan/double_model/install/auto_aim_interfaces/share/auto_aim_interfaces/hook/ld_library_path_lib.ps1'
[0.493s] INFO:colcon.colcon_core.shell:Creating environment descriptor '/home/chakfan/double_model/install/auto_aim_interfaces/share/auto_aim_interfaces/hook/ld_library_path_lib.dsv'
[0.493s] INFO:colcon.colcon_core.shell:Creating environment hook '/home/chakfan/double_model/install/auto_aim_interfaces/share/auto_aim_interfaces/hook/ld_library_path_lib.sh'
[0.494s] Level 1:colcon.colcon_core.environment:checking '/home/chakfan/double_model/install/auto_aim_interfaces/bin'
[0.494s] Level 1:colcon.colcon_core.environment:checking '/home/chakfan/double_model/install/auto_aim_interfaces/lib/pkgconfig/auto_aim_interfaces.pc'
[0.494s] Level 1:colcon.colcon_core.environment:checking '/home/chakfan/double_model/install/auto_aim_interfaces/lib/python3.10/site-packages'
[0.494s] Level 1:colcon.colcon_core.environment:checking '/home/chakfan/double_model/install/auto_aim_interfaces/bin'
[0.494s] INFO:colcon.colcon_core.shell:Creating package script '/home/chakfan/double_model/install/auto_aim_interfaces/share/auto_aim_interfaces/package.ps1'
[0.495s] INFO:colcon.colcon_core.shell:Creating package descriptor '/home/chakfan/double_model/install/auto_aim_interfaces/share/auto_aim_interfaces/package.dsv'
[0.496s] INFO:colcon.colcon_core.shell:Creating package script '/home/chakfan/double_model/install/auto_aim_interfaces/share/auto_aim_interfaces/package.sh'
[0.496s] INFO:colcon.colcon_core.shell:Creating package script '/home/chakfan/double_model/install/auto_aim_interfaces/share/auto_aim_interfaces/package.bash'
[0.497s] INFO:colcon.colcon_core.shell:Creating package script '/home/chakfan/double_model/install/auto_aim_interfaces/share/auto_aim_interfaces/package.zsh'
[0.497s] Level 1:colcon.colcon_core.environment:create_file_with_runtime_dependencies(/home/chakfan/double_model/install/auto_aim_interfaces/share/colcon-core/packages/auto_aim_interfaces)
[0.497s] INFO:colcon.colcon_ros.task.ament_cmake.build:Building ROS package in '/home/chakfan/double_model/src/armor_tracker' with build type 'ament_cmake'
[0.498s] INFO:colcon.colcon_cmake.task.cmake.build:Building CMake package in '/home/chakfan/double_model/src/armor_tracker'
[0.498s] INFO:colcon.colcon_core.shell:Skip shell extension 'powershell' for command environment: Not usable outside of PowerShell
[0.498s] DEBUG:colcon.colcon_core.shell:Skip shell extension 'dsv' for command environment
[0.502s] INFO:colcon.colcon_ros.task.ament_cmake.build:Building ROS package in '/home/chakfan/double_model/src/filter_test' with build type 'ament_cmake'
[0.502s] INFO:colcon.colcon_cmake.task.cmake.build:Building CMake package in '/home/chakfan/double_model/src/filter_test'
[0.502s] INFO:colcon.colcon_core.shell:Skip shell extension 'powershell' for command environment: Not usable outside of PowerShell
[0.502s] DEBUG:colcon.colcon_core.shell:Skip shell extension 'dsv' for command environment
[0.510s] DEBUG:colcon.colcon_core.event_handler.log_command:Invoking command in '/home/chakfan/double_model/build/armor_tracker': CMAKE_PREFIX_PATH=/home/chakfan/double_model/install/auto_aim_interfaces:/home/chakfan/double_model/install/filter_test:/home/chakfan/double_model/install/armor_tracker:/opt/ros/humble LD_LIBRARY_PATH=/home/chakfan/double_model/install/auto_aim_interfaces/lib:/home/chakfan/double_model/install/filter_test/lib:/home/chakfan/double_model/install/armor_tracker/lib:/opt/MVS/lib/64:/opt/MVS/lib/32:/opt/MVS/lib/64:/opt/MVS/lib/32:/opt/MVS/lib/64:/opt/MVS/lib/32:/opt/ros/humble/opt/rviz_ogre_vendor/lib:/opt/ros/humble/lib/x86_64-linux-gnu:/opt/ros/humble/lib:/opt/MVS/lib/64:/opt/MVS/lib/32:/opt/MVS/lib/64:/opt/MVS/lib/32:/opt/MVS/lib/64:/opt/MVS/lib/32 /usr/local/bin/cmake --build /home/chakfan/double_model/build/armor_tracker -- -j32 -l32
[0.513s] DEBUG:colcon.colcon_core.event_handler.log_command:Invoking command in '/home/chakfan/double_model/build/filter_test': CMAKE_PREFIX_PATH=/home/chakfan/double_model/install/auto_aim_interfaces:/home/chakfan/double_model/install/filter_test:/home/chakfan/double_model/install/armor_tracker:/opt/ros/humble LD_LIBRARY_PATH=/home/chakfan/double_model/install/auto_aim_interfaces/lib:/home/chakfan/double_model/install/filter_test/lib:/home/chakfan/double_model/install/armor_tracker/lib:/opt/MVS/lib/64:/opt/MVS/lib/32:/opt/MVS/lib/64:/opt/MVS/lib/32:/opt/MVS/lib/64:/opt/MVS/lib/32:/opt/ros/humble/opt/rviz_ogre_vendor/lib:/opt/ros/humble/lib/x86_64-linux-gnu:/opt/ros/humble/lib:/opt/MVS/lib/64:/opt/MVS/lib/32:/opt/MVS/lib/64:/opt/MVS/lib/32:/opt/MVS/lib/64:/opt/MVS/lib/32 /usr/local/bin/cmake --build /home/chakfan/double_model/build/filter_test -- -j32 -l32
[0.556s] DEBUG:colcon.colcon_core.event_handler.log_command:Invoked command in '/home/chakfan/double_model/build/armor_tracker' returned '0': CMAKE_PREFIX_PATH=/home/chakfan/double_model/install/auto_aim_interfaces:/home/chakfan/double_model/install/filter_test:/home/chakfan/double_model/install/armor_tracker:/opt/ros/humble LD_LIBRARY_PATH=/home/chakfan/double_model/install/auto_aim_interfaces/lib:/home/chakfan/double_model/install/filter_test/lib:/home/chakfan/double_model/install/armor_tracker/lib:/opt/MVS/lib/64:/opt/MVS/lib/32:/opt/MVS/lib/64:/opt/MVS/lib/32:/opt/MVS/lib/64:/opt/MVS/lib/32:/opt/ros/humble/opt/rviz_ogre_vendor/lib:/opt/ros/humble/lib/x86_64-linux-gnu:/opt/ros/humble/lib:/opt/MVS/lib/64:/opt/MVS/lib/32:/opt/MVS/lib/64:/opt/MVS/lib/32:/opt/MVS/lib/64:/opt/MVS/lib/32 /usr/local/bin/cmake --build /home/chakfan/double_model/build/armor_tracker -- -j32 -l32
[0.559s] DEBUG:colcon.colcon_core.event_handler.log_command:Invoking command in '/home/chakfan/double_model/build/armor_tracker': CMAKE_PREFIX_PATH=/home/chakfan/double_model/install/auto_aim_interfaces:/home/chakfan/double_model/install/filter_test:/home/chakfan/double_model/install/armor_tracker:/opt/ros/humble LD_LIBRARY_PATH=/home/chakfan/double_model/install/auto_aim_interfaces/lib:/home/chakfan/double_model/install/filter_test/lib:/home/chakfan/double_model/install/armor_tracker/lib:/opt/MVS/lib/64:/opt/MVS/lib/32:/opt/MVS/lib/64:/opt/MVS/lib/32:/opt/MVS/lib/64:/opt/MVS/lib/32:/opt/ros/humble/opt/rviz_ogre_vendor/lib:/opt/ros/humble/lib/x86_64-linux-gnu:/opt/ros/humble/lib:/opt/MVS/lib/64:/opt/MVS/lib/32:/opt/MVS/lib/64:/opt/MVS/lib/32:/opt/MVS/lib/64:/opt/MVS/lib/32 /usr/local/bin/cmake --install /home/chakfan/double_model/build/armor_tracker
[0.565s] Level 1:colcon.colcon_core.environment:create_environment_scripts_only(armor_tracker)
[0.565s] Level 1:colcon.colcon_core.environment:checking '/home/chakfan/double_model/install/armor_tracker' for CMake module files
[0.568s] DEBUG:colcon.colcon_core.event_handler.log_command:Invoked command in '/home/chakfan/double_model/build/armor_tracker' returned '0': CMAKE_PREFIX_PATH=/home/chakfan/double_model/install/auto_aim_interfaces:/home/chakfan/double_model/install/filter_test:/home/chakfan/double_model/install/armor_tracker:/opt/ros/humble LD_LIBRARY_PATH=/home/chakfan/double_model/install/auto_aim_interfaces/lib:/home/chakfan/double_model/install/filter_test/lib:/home/chakfan/double_model/install/armor_tracker/lib:/opt/MVS/lib/64:/opt/MVS/lib/32:/opt/MVS/lib/64:/opt/MVS/lib/32:/opt/MVS/lib/64:/opt/MVS/lib/32:/opt/ros/humble/opt/rviz_ogre_vendor/lib:/opt/ros/humble/lib/x86_64-linux-gnu:/opt/ros/humble/lib:/opt/MVS/lib/64:/opt/MVS/lib/32:/opt/MVS/lib/64:/opt/MVS/lib/32:/opt/MVS/lib/64:/opt/MVS/lib/32 /usr/local/bin/cmake --install /home/chakfan/double_model/build/armor_tracker
[0.568s] Level 1:colcon.colcon_core.environment:checking '/home/chakfan/double_model/install/armor_tracker' for CMake config files
[0.569s] Level 1:colcon.colcon_core.shell:create_environment_hook('armor_tracker', 'cmake_prefix_path')
[0.569s] INFO:colcon.colcon_core.shell:Creating environment hook '/home/chakfan/double_model/install/armor_tracker/share/armor_tracker/hook/cmake_prefix_path.ps1'
[0.570s] INFO:colcon.colcon_core.shell:Creating environment descriptor '/home/chakfan/double_model/install/armor_tracker/share/armor_tracker/hook/cmake_prefix_path.dsv'
[0.570s] INFO:colcon.colcon_core.shell:Creating environment hook '/home/chakfan/double_model/install/armor_tracker/share/armor_tracker/hook/cmake_prefix_path.sh'
[0.571s] Level 1:colcon.colcon_core.environment:checking '/home/chakfan/double_model/install/armor_tracker/lib'
[0.571s] Level 1:colcon.colcon_core.shell:create_environment_hook('armor_tracker', 'ld_library_path_lib')
[0.571s] INFO:colcon.colcon_core.shell:Creating environment hook '/home/chakfan/double_model/install/armor_tracker/share/armor_tracker/hook/ld_library_path_lib.ps1'
[0.571s] INFO:colcon.colcon_core.shell:Creating environment descriptor '/home/chakfan/double_model/install/armor_tracker/share/armor_tracker/hook/ld_library_path_lib.dsv'
[0.572s] INFO:colcon.colcon_core.shell:Creating environment hook '/home/chakfan/double_model/install/armor_tracker/share/armor_tracker/hook/ld_library_path_lib.sh'
[0.572s] Level 1:colcon.colcon_core.environment:checking '/home/chakfan/double_model/install/armor_tracker/bin'
[0.572s] Level 1:colcon.colcon_core.environment:checking '/home/chakfan/double_model/install/armor_tracker/lib/pkgconfig/armor_tracker.pc'
[0.572s] Level 1:colcon.colcon_core.environment:checking '/home/chakfan/double_model/install/armor_tracker/lib/python3.10/site-packages'
[0.572s] Level 1:colcon.colcon_core.environment:checking '/home/chakfan/double_model/install/armor_tracker/bin'
[0.573s] INFO:colcon.colcon_core.shell:Creating package script '/home/chakfan/double_model/install/armor_tracker/share/armor_tracker/package.ps1'
[0.573s] INFO:colcon.colcon_core.shell:Creating package descriptor '/home/chakfan/double_model/install/armor_tracker/share/armor_tracker/package.dsv'
[0.573s] INFO:colcon.colcon_core.shell:Creating package script '/home/chakfan/double_model/install/armor_tracker/share/armor_tracker/package.sh'
[0.574s] INFO:colcon.colcon_core.shell:Creating package script '/home/chakfan/double_model/install/armor_tracker/share/armor_tracker/package.bash'
[0.574s] INFO:colcon.colcon_core.shell:Creating package script '/home/chakfan/double_model/install/armor_tracker/share/armor_tracker/package.zsh'
[0.574s] Level 1:colcon.colcon_core.environment:create_file_with_runtime_dependencies(/home/chakfan/double_model/install/armor_tracker/share/colcon-core/packages/armor_tracker)
[0.574s] Level 1:colcon.colcon_core.environment:create_environment_scripts_only(armor_tracker)
[0.575s] Level 1:colcon.colcon_core.environment:checking '/home/chakfan/double_model/install/armor_tracker' for CMake module files
[0.575s] Level 1:colcon.colcon_core.environment:checking '/home/chakfan/double_model/install/armor_tracker' for CMake config files
[0.575s] Level 1:colcon.colcon_core.shell:create_environment_hook('armor_tracker', 'cmake_prefix_path')
[0.576s] INFO:colcon.colcon_core.shell:Creating environment hook '/home/chakfan/double_model/install/armor_tracker/share/armor_tracker/hook/cmake_prefix_path.ps1'
[0.576s] INFO:colcon.colcon_core.shell:Creating environment descriptor '/home/chakfan/double_model/install/armor_tracker/share/armor_tracker/hook/cmake_prefix_path.dsv'
[0.576s] INFO:colcon.colcon_core.shell:Creating environment hook '/home/chakfan/double_model/install/armor_tracker/share/armor_tracker/hook/cmake_prefix_path.sh'
[0.576s] Level 1:colcon.colcon_core.environment:checking '/home/chakfan/double_model/install/armor_tracker/lib'
[0.577s] Level 1:colcon.colcon_core.shell:create_environment_hook('armor_tracker', 'ld_library_path_lib')
[0.577s] INFO:colcon.colcon_core.shell:Creating environment hook '/home/chakfan/double_model/install/armor_tracker/share/armor_tracker/hook/ld_library_path_lib.ps1'
[0.577s] INFO:colcon.colcon_core.shell:Creating environment descriptor '/home/chakfan/double_model/install/armor_tracker/share/armor_tracker/hook/ld_library_path_lib.dsv'
[0.577s] INFO:colcon.colcon_core.shell:Creating environment hook '/home/chakfan/double_model/install/armor_tracker/share/armor_tracker/hook/ld_library_path_lib.sh'
[0.578s] Level 1:colcon.colcon_core.environment:checking '/home/chakfan/double_model/install/armor_tracker/bin'
[0.578s] Level 1:colcon.colcon_core.environment:checking '/home/chakfan/double_model/install/armor_tracker/lib/pkgconfig/armor_tracker.pc'
[0.578s] Level 1:colcon.colcon_core.environment:checking '/home/chakfan/double_model/install/armor_tracker/lib/python3.10/site-packages'
[0.578s] Level 1:colcon.colcon_core.environment:checking '/home/chakfan/double_model/install/armor_tracker/bin'
[0.578s] INFO:colcon.colcon_core.shell:Creating package script '/home/chakfan/double_model/install/armor_tracker/share/armor_tracker/package.ps1'
[0.579s] INFO:colcon.colcon_core.shell:Creating package descriptor '/home/chakfan/double_model/install/armor_tracker/share/armor_tracker/package.dsv'
[0.579s] INFO:colcon.colcon_core.shell:Creating package script '/home/chakfan/double_model/install/armor_tracker/share/armor_tracker/package.sh'
[0.579s] INFO:colcon.colcon_core.shell:Creating package script '/home/chakfan/double_model/install/armor_tracker/share/armor_tracker/package.bash'
[0.580s] INFO:colcon.colcon_core.shell:Creating package script '/home/chakfan/double_model/install/armor_tracker/share/armor_tracker/package.zsh'
[0.580s] Level 1:colcon.colcon_core.environment:create_file_with_runtime_dependencies(/home/chakfan/double_model/install/armor_tracker/share/colcon-core/packages/armor_tracker)
[4.206s] DEBUG:colcon.colcon_core.event_handler.log_command:Invoked command in '/home/chakfan/double_model/build/filter_test' returned '0': CMAKE_PREFIX_PATH=/home/chakfan/double_model/install/auto_aim_interfaces:/home/chakfan/double_model/install/filter_test:/home/chakfan/double_model/install/armor_tracker:/opt/ros/humble LD_LIBRARY_PATH=/home/chakfan/double_model/install/auto_aim_interfaces/lib:/home/chakfan/double_model/install/filter_test/lib:/home/chakfan/double_model/install/armor_tracker/lib:/opt/MVS/lib/64:/opt/MVS/lib/32:/opt/MVS/lib/64:/opt/MVS/lib/32:/opt/MVS/lib/64:/opt/MVS/lib/32:/opt/ros/humble/opt/rviz_ogre_vendor/lib:/opt/ros/humble/lib/x86_64-linux-gnu:/opt/ros/humble/lib:/opt/MVS/lib/64:/opt/MVS/lib/32:/opt/MVS/lib/64:/opt/MVS/lib/32:/opt/MVS/lib/64:/opt/MVS/lib/32 /usr/local/bin/cmake --build /home/chakfan/double_model/build/filter_test -- -j32 -l32
[4.208s] DEBUG:colcon.colcon_core.event_handler.log_command:Invoking command in '/home/chakfan/double_model/build/filter_test': CMAKE_PREFIX_PATH=/home/chakfan/double_model/install/auto_aim_interfaces:/home/chakfan/double_model/install/filter_test:/home/chakfan/double_model/install/armor_tracker:/opt/ros/humble LD_LIBRARY_PATH=/home/chakfan/double_model/install/auto_aim_interfaces/lib:/home/chakfan/double_model/install/filter_test/lib:/home/chakfan/double_model/install/armor_tracker/lib:/opt/MVS/lib/64:/opt/MVS/lib/32:/opt/MVS/lib/64:/opt/MVS/lib/32:/opt/MVS/lib/64:/opt/MVS/lib/32:/opt/ros/humble/opt/rviz_ogre_vendor/lib:/opt/ros/humble/lib/x86_64-linux-gnu:/opt/ros/humble/lib:/opt/MVS/lib/64:/opt/MVS/lib/32:/opt/MVS/lib/64:/opt/MVS/lib/32:/opt/MVS/lib/64:/opt/MVS/lib/32 /usr/local/bin/cmake --install /home/chakfan/double_model/build/filter_test
[4.242s] Level 1:colcon.colcon_core.environment:create_environment_scripts_only(filter_test)
[4.243s] DEBUG:colcon.colcon_core.event_handler.log_command:Invoked command in '/home/chakfan/double_model/build/filter_test' returned '0': CMAKE_PREFIX_PATH=/home/chakfan/double_model/install/auto_aim_interfaces:/home/chakfan/double_model/install/filter_test:/home/chakfan/double_model/install/armor_tracker:/opt/ros/humble LD_LIBRARY_PATH=/home/chakfan/double_model/install/auto_aim_interfaces/lib:/home/chakfan/double_model/install/filter_test/lib:/home/chakfan/double_model/install/armor_tracker/lib:/opt/MVS/lib/64:/opt/MVS/lib/32:/opt/MVS/lib/64:/opt/MVS/lib/32:/opt/MVS/lib/64:/opt/MVS/lib/32:/opt/ros/humble/opt/rviz_ogre_vendor/lib:/opt/ros/humble/lib/x86_64-linux-gnu:/opt/ros/humble/lib:/opt/MVS/lib/64:/opt/MVS/lib/32:/opt/MVS/lib/64:/opt/MVS/lib/32:/opt/MVS/lib/64:/opt/MVS/lib/32 /usr/local/bin/cmake --install /home/chakfan/double_model/build/filter_test
[4.243s] Level 1:colcon.colcon_core.environment:checking '/home/chakfan/double_model/install/filter_test' for CMake module files
[4.244s] Level 1:colcon.colcon_core.environment:checking '/home/chakfan/double_model/install/filter_test' for CMake config files
[4.244s] Level 1:colcon.colcon_core.shell:create_environment_hook('filter_test', 'cmake_prefix_path')
[4.244s] INFO:colcon.colcon_core.shell:Creating environment hook '/home/chakfan/double_model/install/filter_test/share/filter_test/hook/cmake_prefix_path.ps1'
[4.244s] INFO:colcon.colcon_core.shell:Creating environment descriptor '/home/chakfan/double_model/install/filter_test/share/filter_test/hook/cmake_prefix_path.dsv'
[4.245s] INFO:colcon.colcon_core.shell:Creating environment hook '/home/chakfan/double_model/install/filter_test/share/filter_test/hook/cmake_prefix_path.sh'
[4.245s] Level 1:colcon.colcon_core.environment:checking '/home/chakfan/double_model/install/filter_test/lib'
[4.245s] Level 1:colcon.colcon_core.shell:create_environment_hook('filter_test', 'ld_library_path_lib')
[4.245s] INFO:colcon.colcon_core.shell:Creating environment hook '/home/chakfan/double_model/install/filter_test/share/filter_test/hook/ld_library_path_lib.ps1'
[4.245s] INFO:colcon.colcon_core.shell:Creating environment descriptor '/home/chakfan/double_model/install/filter_test/share/filter_test/hook/ld_library_path_lib.dsv'
[4.246s] INFO:colcon.colcon_core.shell:Creating environment hook '/home/chakfan/double_model/install/filter_test/share/filter_test/hook/ld_library_path_lib.sh'
[4.246s] Level 1:colcon.colcon_core.environment:checking '/home/chakfan/double_model/install/filter_test/bin'
[4.246s] Level 1:colcon.colcon_core.environment:checking '/home/chakfan/double_model/install/filter_test/lib/pkgconfig/filter_test.pc'
[4.246s] Level 1:colcon.colcon_core.environment:checking '/home/chakfan/double_model/install/filter_test/lib/python3.10/site-packages'
[4.246s] Level 1:colcon.colcon_core.environment:checking '/home/chakfan/double_model/install/filter_test/bin'
[4.246s] INFO:colcon.colcon_core.shell:Creating package script '/home/chakfan/double_model/install/filter_test/share/filter_test/package.ps1'
[4.247s] INFO:colcon.colcon_core.shell:Creating package descriptor '/home/chakfan/double_model/install/filter_test/share/filter_test/package.dsv'
[4.247s] INFO:colcon.colcon_core.shell:Creating package script '/home/chakfan/double_model/install/filter_test/share/filter_test/package.sh'
[4.247s] INFO:colcon.colcon_core.shell:Creating package script '/home/chakfan/double_model/install/filter_test/share/filter_test/package.bash'
[4.247s] INFO:colcon.colcon_core.shell:Creating package script '/home/chakfan/double_model/install/filter_test/share/filter_test/package.zsh'
[4.247s] Level 1:colcon.colcon_core.environment:create_file_with_runtime_dependencies(/home/chakfan/double_model/install/filter_test/share/colcon-core/packages/filter_test)
[4.248s] Level 1:colcon.colcon_core.environment:create_environment_scripts_only(filter_test)
[4.248s] Level 1:colcon.colcon_core.environment:checking '/home/chakfan/double_model/install/filter_test' for CMake module files
[4.248s] Level 1:colcon.colcon_core.environment:checking '/home/chakfan/double_model/install/filter_test' for CMake config files
[4.248s] Level 1:colcon.colcon_core.shell:create_environment_hook('filter_test', 'cmake_prefix_path')
[4.248s] INFO:colcon.colcon_core.shell:Creating environment hook '/home/chakfan/double_model/install/filter_test/share/filter_test/hook/cmake_prefix_path.ps1'
[4.249s] INFO:colcon.colcon_core.shell:Creating environment descriptor '/home/chakfan/double_model/install/filter_test/share/filter_test/hook/cmake_prefix_path.dsv'
[4.249s] INFO:colcon.colcon_core.shell:Creating environment hook '/home/chakfan/double_model/install/filter_test/share/filter_test/hook/cmake_prefix_path.sh'
[4.249s] Level 1:colcon.colcon_core.environment:checking '/home/chakfan/double_model/install/filter_test/lib'
[4.249s] Level 1:colcon.colcon_core.shell:create_environment_hook('filter_test', 'ld_library_path_lib')
[4.249s] INFO:colcon.colcon_core.shell:Creating environment hook '/home/chakfan/double_model/install/filter_test/share/filter_test/hook/ld_library_path_lib.ps1'
[4.250s] INFO:colcon.colcon_core.shell:Creating environment descriptor '/home/chakfan/double_model/install/filter_test/share/filter_test/hook/ld_library_path_lib.dsv'
[4.250s] INFO:colcon.colcon_core.shell:Creating environment hook '/home/chakfan/double_model/install/filter_test/share/filter_test/hook/ld_library_path_lib.sh'
[4.250s] Level 1:colcon.colcon_core.environment:checking '/home/chakfan/double_model/install/filter_test/bin'
[4.250s] Level 1:colcon.colcon_core.environment:checking '/home/chakfan/double_model/install/filter_test/lib/pkgconfig/filter_test.pc'
[4.250s] Level 1:colcon.colcon_core.environment:checking '/home/chakfan/double_model/install/filter_test/lib/python3.10/site-packages'
[4.250s] Level 1:colcon.colcon_core.environment:checking '/home/chakfan/double_model/install/filter_test/bin'
[4.250s] INFO:colcon.colcon_core.shell:Creating package script '/home/chakfan/double_model/install/filter_test/share/filter_test/package.ps1'
[4.251s] INFO:colcon.colcon_core.shell:Creating package descriptor '/home/chakfan/double_model/install/filter_test/share/filter_test/package.dsv'
[4.251s] INFO:colcon.colcon_core.shell:Creating package script '/home/chakfan/double_model/install/filter_test/share/filter_test/package.sh'
[4.251s] INFO:colcon.colcon_core.shell:Creating package script '/home/chakfan/double_model/install/filter_test/share/filter_test/package.bash'
[4.252s] INFO:colcon.colcon_core.shell:Creating package script '/home/chakfan/double_model/install/filter_test/share/filter_test/package.zsh'
[4.252s] Level 1:colcon.colcon_core.environment:create_file_with_runtime_dependencies(/home/chakfan/double_model/install/filter_test/share/colcon-core/packages/filter_test)
[4.252s] DEBUG:colcon.colcon_parallel_executor.executor.parallel:closing loop
[4.252s] DEBUG:colcon.colcon_parallel_executor.executor.parallel:loop closed
[4.252s] DEBUG:colcon.colcon_parallel_executor.executor.parallel:run_until_complete finished with '0'
[4.252s] DEBUG:colcon.colcon_core.event_reactor:joining thread
[4.256s] INFO:colcon.colcon_core.plugin_system:Skipping extension 'colcon_notification.desktop_notification.terminal_notifier': Not used on non-Darwin systems
[4.256s] INFO:colcon.colcon_core.plugin_system:Skipping extension 'colcon_notification.desktop_notification.win32': Not used on non-Windows systems
[4.256s] INFO:colcon.colcon_notification.desktop_notification:Sending desktop notification using 'notify2'
[4.269s] DEBUG:colcon.colcon_core.event_reactor:joined thread
[4.269s] INFO:colcon.colcon_core.shell:Creating prefix script '/home/chakfan/double_model/install/local_setup.ps1'
[4.270s] INFO:colcon.colcon_core.shell:Creating prefix util module '/home/chakfan/double_model/install/_local_setup_util_ps1.py'
[4.271s] INFO:colcon.colcon_core.shell:Creating prefix chain script '/home/chakfan/double_model/install/setup.ps1'
[4.272s] INFO:colcon.colcon_core.shell:Creating prefix script '/home/chakfan/double_model/install/local_setup.sh'
[4.272s] INFO:colcon.colcon_core.shell:Creating prefix util module '/home/chakfan/double_model/install/_local_setup_util_sh.py'
[4.272s] INFO:colcon.colcon_core.shell:Creating prefix chain script '/home/chakfan/double_model/install/setup.sh'
[4.273s] INFO:colcon.colcon_core.shell:Creating prefix script '/home/chakfan/double_model/install/local_setup.bash'
[4.273s] INFO:colcon.colcon_core.shell:Creating prefix chain script '/home/chakfan/double_model/install/setup.bash'
[4.274s] INFO:colcon.colcon_core.shell:Creating prefix script '/home/chakfan/double_model/install/local_setup.zsh'
[4.274s] INFO:colcon.colcon_core.shell:Creating prefix chain script '/home/chakfan/double_model/install/setup.zsh'
