[0.059s] DEBUG:colcon:Command line arguments: ['/usr/bin/colcon', 'build']
[0.059s] DEBUG:colcon:Parsed command line arguments: Namespace(log_base=None, log_level=None, verb_name='build', build_base='build', install_base='install', merge_install=False, symlink_install=False, test_result_base=None, continue_on_error=False, executor='parallel', parallel_workers=32, event_handlers=None, ignore_user_meta=False, metas=['./colcon.meta'], base_paths=['.'], packages_ignore=None, packages_ignore_regex=None, paths=None, packages_up_to=None, packages_up_to_regex=None, packages_above=None, packages_above_and_dependencies=None, packages_above_depth=None, packages_select_by_dep=None, packages_skip_by_dep=None, packages_skip_up_to=None, packages_select_build_failed=False, packages_skip_build_finished=False, packages_select_test_failures=False, packages_skip_test_passed=False, packages_select=None, packages_skip=None, packages_select_regex=None, packages_skip_regex=None, packages_start=None, packages_end=None, allow_overriding=[], cmake_args=None, cmake_target=None, cmake_target_skip_unavailable=False, cmake_clean_cache=False, cmake_clean_first=False, cmake_force_configure=False, ament_cmake_args=None, catkin_cmake_args=None, catkin_skip_building_tests=False, verb_parser=<colcon_defaults.argument_parser.defaults.DefaultArgumentsDecorator object at 0x7cd417ab8220>, verb_extension=<colcon_core.verb.build.BuildVerb object at 0x7cd417a87be0>, main=<bound method BuildVerb.main of <colcon_core.verb.build.BuildVerb object at 0x7cd417a87be0>>)
[0.144s] Level 1:colcon.colcon_core.package_discovery:discover_packages(colcon_meta) check parameters
[0.144s] Level 1:colcon.colcon_core.package_discovery:discover_packages(recursive) check parameters
[0.144s] Level 1:colcon.colcon_core.package_discovery:discover_packages(ignore) check parameters
[0.144s] Level 1:colcon.colcon_core.package_discovery:discover_packages(path) check parameters
[0.144s] Level 1:colcon.colcon_core.package_discovery:discover_packages(colcon_meta) discover
[0.144s] Level 1:colcon.colcon_core.package_discovery:discover_packages(recursive) discover
[0.144s] INFO:colcon.colcon_core.package_discovery:Crawling recursively for packages in '/home/chakfan/double_model'
[0.144s] Level 1:colcon.colcon_core.package_identification:_identify(.) by extensions ['ignore', 'ignore_ament_install']
[0.145s] Level 1:colcon.colcon_core.package_identification:_identify(.) by extension 'ignore'
[0.145s] Level 1:colcon.colcon_core.package_identification:_identify(.) by extension 'ignore_ament_install'
[0.145s] Level 1:colcon.colcon_core.package_identification:_identify(.) by extensions ['colcon_pkg']
[0.145s] Level 1:colcon.colcon_core.package_identification:_identify(.) by extension 'colcon_pkg'
[0.145s] Level 1:colcon.colcon_core.package_identification:_identify(.) by extensions ['colcon_meta']
[0.145s] Level 1:colcon.colcon_core.package_identification:_identify(.) by extension 'colcon_meta'
[0.145s] Level 1:colcon.colcon_core.package_identification:_identify(.) by extensions ['ros']
[0.145s] Level 1:colcon.colcon_core.package_identification:_identify(.) by extension 'ros'
[0.152s] Level 1:colcon.colcon_core.package_identification:_identify(.) by extensions ['cmake', 'python']
[0.152s] Level 1:colcon.colcon_core.package_identification:_identify(.) by extension 'cmake'
[0.152s] Level 1:colcon.colcon_core.package_identification:_identify(.) by extension 'python'
[0.152s] Level 1:colcon.colcon_core.package_identification:_identify(.) by extensions ['python_setup_py']
[0.152s] Level 1:colcon.colcon_core.package_identification:_identify(.) by extension 'python_setup_py'
[0.152s] Level 1:colcon.colcon_core.package_identification:_identify(build) by extensions ['ignore', 'ignore_ament_install']
[0.152s] Level 1:colcon.colcon_core.package_identification:_identify(build) by extension 'ignore'
[0.152s] Level 1:colcon.colcon_core.package_identification:_identify(build) ignored
[0.152s] Level 1:colcon.colcon_core.package_identification:_identify(install) by extensions ['ignore', 'ignore_ament_install']
[0.152s] Level 1:colcon.colcon_core.package_identification:_identify(install) by extension 'ignore'
[0.152s] Level 1:colcon.colcon_core.package_identification:_identify(install) ignored
[0.152s] Level 1:colcon.colcon_core.package_identification:_identify(log) by extensions ['ignore', 'ignore_ament_install']
[0.152s] Level 1:colcon.colcon_core.package_identification:_identify(log) by extension 'ignore'
[0.152s] Level 1:colcon.colcon_core.package_identification:_identify(log) ignored
[0.152s] Level 1:colcon.colcon_core.package_identification:_identify(src) by extensions ['ignore', 'ignore_ament_install']
[0.152s] Level 1:colcon.colcon_core.package_identification:_identify(src) by extension 'ignore'
[0.153s] Level 1:colcon.colcon_core.package_identification:_identify(src) by extension 'ignore_ament_install'
[0.153s] Level 1:colcon.colcon_core.package_identification:_identify(src) by extensions ['colcon_pkg']
[0.153s] Level 1:colcon.colcon_core.package_identification:_identify(src) by extension 'colcon_pkg'
[0.153s] Level 1:colcon.colcon_core.package_identification:_identify(src) by extensions ['colcon_meta']
[0.153s] Level 1:colcon.colcon_core.package_identification:_identify(src) by extension 'colcon_meta'
[0.153s] Level 1:colcon.colcon_core.package_identification:_identify(src) by extensions ['ros']
[0.153s] Level 1:colcon.colcon_core.package_identification:_identify(src) by extension 'ros'
[0.153s] Level 1:colcon.colcon_core.package_identification:_identify(src) by extensions ['cmake', 'python']
[0.153s] Level 1:colcon.colcon_core.package_identification:_identify(src) by extension 'cmake'
[0.153s] Level 1:colcon.colcon_core.package_identification:_identify(src) by extension 'python'
[0.153s] Level 1:colcon.colcon_core.package_identification:_identify(src) by extensions ['python_setup_py']
[0.153s] Level 1:colcon.colcon_core.package_identification:_identify(src) by extension 'python_setup_py'
[0.153s] Level 1:colcon.colcon_core.package_identification:_identify(src/armor_tracker) by extensions ['ignore', 'ignore_ament_install']
[0.153s] Level 1:colcon.colcon_core.package_identification:_identify(src/armor_tracker) by extension 'ignore'
[0.153s] Level 1:colcon.colcon_core.package_identification:_identify(src/armor_tracker) by extension 'ignore_ament_install'
[0.153s] Level 1:colcon.colcon_core.package_identification:_identify(src/armor_tracker) by extensions ['colcon_pkg']
[0.153s] Level 1:colcon.colcon_core.package_identification:_identify(src/armor_tracker) by extension 'colcon_pkg'
[0.153s] Level 1:colcon.colcon_core.package_identification:_identify(src/armor_tracker) by extensions ['colcon_meta']
[0.153s] Level 1:colcon.colcon_core.package_identification:_identify(src/armor_tracker) by extension 'colcon_meta'
[0.153s] Level 1:colcon.colcon_core.package_identification:_identify(src/armor_tracker) by extensions ['ros']
[0.153s] Level 1:colcon.colcon_core.package_identification:_identify(src/armor_tracker) by extension 'ros'
[0.155s] DEBUG:colcon.colcon_core.package_identification:Package 'src/armor_tracker' with type 'ros.ament_cmake' and name 'armor_tracker'
[0.155s] Level 1:colcon.colcon_core.package_identification:_identify(src/auto_aim_interfaces) by extensions ['ignore', 'ignore_ament_install']
[0.155s] Level 1:colcon.colcon_core.package_identification:_identify(src/auto_aim_interfaces) by extension 'ignore'
[0.155s] Level 1:colcon.colcon_core.package_identification:_identify(src/auto_aim_interfaces) by extension 'ignore_ament_install'
[0.155s] Level 1:colcon.colcon_core.package_identification:_identify(src/auto_aim_interfaces) by extensions ['colcon_pkg']
[0.155s] Level 1:colcon.colcon_core.package_identification:_identify(src/auto_aim_interfaces) by extension 'colcon_pkg'
[0.155s] Level 1:colcon.colcon_core.package_identification:_identify(src/auto_aim_interfaces) by extensions ['colcon_meta']
[0.155s] Level 1:colcon.colcon_core.package_identification:_identify(src/auto_aim_interfaces) by extension 'colcon_meta'
[0.156s] Level 1:colcon.colcon_core.package_identification:_identify(src/auto_aim_interfaces) by extensions ['ros']
[0.156s] Level 1:colcon.colcon_core.package_identification:_identify(src/auto_aim_interfaces) by extension 'ros'
[0.156s] DEBUG:colcon.colcon_core.package_identification:Package 'src/auto_aim_interfaces' with type 'ros.ament_cmake' and name 'auto_aim_interfaces'
[0.156s] Level 1:colcon.colcon_core.package_identification:_identify(src/filter_test) by extensions ['ignore', 'ignore_ament_install']
[0.156s] Level 1:colcon.colcon_core.package_identification:_identify(src/filter_test) by extension 'ignore'
[0.156s] Level 1:colcon.colcon_core.package_identification:_identify(src/filter_test) by extension 'ignore_ament_install'
[0.156s] Level 1:colcon.colcon_core.package_identification:_identify(src/filter_test) by extensions ['colcon_pkg']
[0.156s] Level 1:colcon.colcon_core.package_identification:_identify(src/filter_test) by extension 'colcon_pkg'
[0.156s] Level 1:colcon.colcon_core.package_identification:_identify(src/filter_test) by extensions ['colcon_meta']
[0.156s] Level 1:colcon.colcon_core.package_identification:_identify(src/filter_test) by extension 'colcon_meta'
[0.156s] Level 1:colcon.colcon_core.package_identification:_identify(src/filter_test) by extensions ['ros']
[0.156s] Level 1:colcon.colcon_core.package_identification:_identify(src/filter_test) by extension 'ros'
[0.157s] DEBUG:colcon.colcon_core.package_identification:Package 'src/filter_test' with type 'ros.ament_cmake' and name 'filter_test'
[0.157s] Level 1:colcon.colcon_core.package_discovery:discover_packages(recursive) using defaults
[0.157s] Level 1:colcon.colcon_core.package_discovery:discover_packages(ignore) discover
[0.157s] Level 1:colcon.colcon_core.package_discovery:discover_packages(ignore) using defaults
[0.157s] Level 1:colcon.colcon_core.package_discovery:discover_packages(path) discover
[0.157s] Level 1:colcon.colcon_core.package_discovery:discover_packages(path) using defaults
[0.169s] Level 1:colcon.colcon_core.package_discovery:discover_packages(prefix_path) check parameters
[0.169s] Level 1:colcon.colcon_core.package_discovery:discover_packages(prefix_path) discover
[0.170s] DEBUG:colcon.colcon_installed_package_information.package_discovery:Found 3 installed packages in /home/chakfan/double_model/install
[0.171s] DEBUG:colcon.colcon_installed_package_information.package_discovery:Found 280 installed packages in /opt/ros/humble
[0.177s] Level 1:colcon.colcon_core.package_discovery:discover_packages(prefix_path) using defaults
[0.201s] Level 5:colcon.colcon_core.verb:set package 'auto_aim_interfaces' build argument 'cmake_args' from command line to 'None'
[0.201s] Level 5:colcon.colcon_core.verb:set package 'auto_aim_interfaces' build argument 'cmake_target' from command line to 'None'
[0.201s] Level 5:colcon.colcon_core.verb:set package 'auto_aim_interfaces' build argument 'cmake_target_skip_unavailable' from command line to 'False'
[0.201s] Level 5:colcon.colcon_core.verb:set package 'auto_aim_interfaces' build argument 'cmake_clean_cache' from command line to 'False'
[0.201s] Level 5:colcon.colcon_core.verb:set package 'auto_aim_interfaces' build argument 'cmake_clean_first' from command line to 'False'
[0.201s] Level 5:colcon.colcon_core.verb:set package 'auto_aim_interfaces' build argument 'cmake_force_configure' from command line to 'False'
[0.201s] Level 5:colcon.colcon_core.verb:set package 'auto_aim_interfaces' build argument 'ament_cmake_args' from command line to 'None'
[0.201s] Level 5:colcon.colcon_core.verb:set package 'auto_aim_interfaces' build argument 'catkin_cmake_args' from command line to 'None'
[0.201s] Level 5:colcon.colcon_core.verb:set package 'auto_aim_interfaces' build argument 'catkin_skip_building_tests' from command line to 'False'
[0.201s] DEBUG:colcon.colcon_core.verb:Building package 'auto_aim_interfaces' with the following arguments: {'ament_cmake_args': None, 'build_base': '/home/chakfan/double_model/build/auto_aim_interfaces', 'catkin_cmake_args': None, 'catkin_skip_building_tests': False, 'cmake_args': None, 'cmake_clean_cache': False, 'cmake_clean_first': False, 'cmake_force_configure': False, 'cmake_target': None, 'cmake_target_skip_unavailable': False, 'install_base': '/home/chakfan/double_model/install/auto_aim_interfaces', 'merge_install': False, 'path': '/home/chakfan/double_model/src/auto_aim_interfaces', 'symlink_install': False, 'test_result_base': None}
[0.201s] Level 5:colcon.colcon_core.verb:set package 'armor_tracker' build argument 'cmake_args' from command line to 'None'
[0.201s] Level 5:colcon.colcon_core.verb:set package 'armor_tracker' build argument 'cmake_target' from command line to 'None'
[0.201s] Level 5:colcon.colcon_core.verb:set package 'armor_tracker' build argument 'cmake_target_skip_unavailable' from command line to 'False'
[0.201s] Level 5:colcon.colcon_core.verb:set package 'armor_tracker' build argument 'cmake_clean_cache' from command line to 'False'
[0.201s] Level 5:colcon.colcon_core.verb:set package 'armor_tracker' build argument 'cmake_clean_first' from command line to 'False'
[0.201s] Level 5:colcon.colcon_core.verb:set package 'armor_tracker' build argument 'cmake_force_configure' from command line to 'False'
[0.201s] Level 5:colcon.colcon_core.verb:set package 'armor_tracker' build argument 'ament_cmake_args' from command line to 'None'
[0.201s] Level 5:colcon.colcon_core.verb:set package 'armor_tracker' build argument 'catkin_cmake_args' from command line to 'None'
[0.201s] Level 5:colcon.colcon_core.verb:set package 'armor_tracker' build argument 'catkin_skip_building_tests' from command line to 'False'
[0.201s] DEBUG:colcon.colcon_core.verb:Building package 'armor_tracker' with the following arguments: {'ament_cmake_args': None, 'build_base': '/home/chakfan/double_model/build/armor_tracker', 'catkin_cmake_args': None, 'catkin_skip_building_tests': False, 'cmake_args': None, 'cmake_clean_cache': False, 'cmake_clean_first': False, 'cmake_force_configure': False, 'cmake_target': None, 'cmake_target_skip_unavailable': False, 'install_base': '/home/chakfan/double_model/install/armor_tracker', 'merge_install': False, 'path': '/home/chakfan/double_model/src/armor_tracker', 'symlink_install': False, 'test_result_base': None}
[0.201s] Level 5:colcon.colcon_core.verb:set package 'filter_test' build argument 'cmake_args' from command line to 'None'
[0.201s] Level 5:colcon.colcon_core.verb:set package 'filter_test' build argument 'cmake_target' from command line to 'None'
[0.201s] Level 5:colcon.colcon_core.verb:set package 'filter_test' build argument 'cmake_target_skip_unavailable' from command line to 'False'
[0.202s] Level 5:colcon.colcon_core.verb:set package 'filter_test' build argument 'cmake_clean_cache' from command line to 'False'
[0.202s] Level 5:colcon.colcon_core.verb:set package 'filter_test' build argument 'cmake_clean_first' from command line to 'False'
[0.202s] Level 5:colcon.colcon_core.verb:set package 'filter_test' build argument 'cmake_force_configure' from command line to 'False'
[0.202s] Level 5:colcon.colcon_core.verb:set package 'filter_test' build argument 'ament_cmake_args' from command line to 'None'
[0.202s] Level 5:colcon.colcon_core.verb:set package 'filter_test' build argument 'catkin_cmake_args' from command line to 'None'
[0.202s] Level 5:colcon.colcon_core.verb:set package 'filter_test' build argument 'catkin_skip_building_tests' from command line to 'False'
[0.202s] DEBUG:colcon.colcon_core.verb:Building package 'filter_test' with the following arguments: {'ament_cmake_args': None, 'build_base': '/home/chakfan/double_model/build/filter_test', 'catkin_cmake_args': None, 'catkin_skip_building_tests': False, 'cmake_args': None, 'cmake_clean_cache': False, 'cmake_clean_first': False, 'cmake_force_configure': False, 'cmake_target': None, 'cmake_target_skip_unavailable': False, 'install_base': '/home/chakfan/double_model/install/filter_test', 'merge_install': False, 'path': '/home/chakfan/double_model/src/filter_test', 'symlink_install': False, 'test_result_base': None}
[0.202s] INFO:colcon.colcon_core.executor:Executing jobs using 'parallel' executor
[0.203s] DEBUG:colcon.colcon_parallel_executor.executor.parallel:run_until_complete
[0.203s] INFO:colcon.colcon_ros.task.ament_cmake.build:Building ROS package in '/home/chakfan/double_model/src/auto_aim_interfaces' with build type 'ament_cmake'
[0.203s] INFO:colcon.colcon_cmake.task.cmake.build:Building CMake package in '/home/chakfan/double_model/src/auto_aim_interfaces'
[0.205s] INFO:colcon.colcon_core.plugin_system:Skipping extension 'colcon_core.shell.bat': Not used on non-Windows systems
[0.205s] INFO:colcon.colcon_core.shell:Skip shell extension 'powershell' for command environment: Not usable outside of PowerShell
[0.205s] DEBUG:colcon.colcon_core.shell:Skip shell extension 'dsv' for command environment
[0.213s] DEBUG:colcon.colcon_core.event_handler.log_command:Invoking command in '/home/chakfan/double_model/build/auto_aim_interfaces': CMAKE_PREFIX_PATH=${CMAKE_PREFIX_PATH}:/opt/ros/humble /usr/local/bin/cmake --build /home/chakfan/double_model/build/auto_aim_interfaces -- -j32 -l32
[0.419s] DEBUG:colcon.colcon_core.event_handler.log_command:Invoked command in '/home/chakfan/double_model/build/auto_aim_interfaces' returned '0': CMAKE_PREFIX_PATH=${CMAKE_PREFIX_PATH}:/opt/ros/humble /usr/local/bin/cmake --build /home/chakfan/double_model/build/auto_aim_interfaces -- -j32 -l32
[0.423s] DEBUG:colcon.colcon_core.event_handler.log_command:Invoking command in '/home/chakfan/double_model/build/auto_aim_interfaces': CMAKE_PREFIX_PATH=${CMAKE_PREFIX_PATH}:/opt/ros/humble /usr/local/bin/cmake --install /home/chakfan/double_model/build/auto_aim_interfaces
[0.461s] Level 1:colcon.colcon_core.environment:create_environment_scripts_only(auto_aim_interfaces)
[0.461s] DEBUG:colcon.colcon_core.event_handler.log_command:Invoked command in '/home/chakfan/double_model/build/auto_aim_interfaces' returned '0': CMAKE_PREFIX_PATH=${CMAKE_PREFIX_PATH}:/opt/ros/humble /usr/local/bin/cmake --install /home/chakfan/double_model/build/auto_aim_interfaces
[0.462s] Level 1:colcon.colcon_core.environment:checking '/home/chakfan/double_model/install/auto_aim_interfaces' for CMake module files
[0.463s] Level 1:colcon.colcon_core.environment:checking '/home/chakfan/double_model/install/auto_aim_interfaces' for CMake config files
[0.463s] Level 1:colcon.colcon_core.shell:create_environment_hook('auto_aim_interfaces', 'cmake_prefix_path')
[0.463s] INFO:colcon.colcon_core.shell:Creating environment hook '/home/chakfan/double_model/install/auto_aim_interfaces/share/auto_aim_interfaces/hook/cmake_prefix_path.ps1'
[0.464s] INFO:colcon.colcon_core.shell:Creating environment descriptor '/home/chakfan/double_model/install/auto_aim_interfaces/share/auto_aim_interfaces/hook/cmake_prefix_path.dsv'
[0.464s] INFO:colcon.colcon_core.shell:Creating environment hook '/home/chakfan/double_model/install/auto_aim_interfaces/share/auto_aim_interfaces/hook/cmake_prefix_path.sh'
[0.464s] Level 1:colcon.colcon_core.environment:checking '/home/chakfan/double_model/install/auto_aim_interfaces/lib'
[0.464s] Level 1:colcon.colcon_core.shell:create_environment_hook('auto_aim_interfaces', 'ld_library_path_lib')
[0.465s] INFO:colcon.colcon_core.shell:Creating environment hook '/home/chakfan/double_model/install/auto_aim_interfaces/share/auto_aim_interfaces/hook/ld_library_path_lib.ps1'
[0.465s] INFO:colcon.colcon_core.shell:Creating environment descriptor '/home/chakfan/double_model/install/auto_aim_interfaces/share/auto_aim_interfaces/hook/ld_library_path_lib.dsv'
[0.465s] INFO:colcon.colcon_core.shell:Creating environment hook '/home/chakfan/double_model/install/auto_aim_interfaces/share/auto_aim_interfaces/hook/ld_library_path_lib.sh'
[0.465s] Level 1:colcon.colcon_core.environment:checking '/home/chakfan/double_model/install/auto_aim_interfaces/bin'
[0.465s] Level 1:colcon.colcon_core.environment:checking '/home/chakfan/double_model/install/auto_aim_interfaces/lib/pkgconfig/auto_aim_interfaces.pc'
[0.466s] Level 1:colcon.colcon_core.environment:checking '/home/chakfan/double_model/install/auto_aim_interfaces/lib/python3.10/site-packages'
[0.466s] Level 1:colcon.colcon_core.environment:checking '/home/chakfan/double_model/install/auto_aim_interfaces/bin'
[0.466s] INFO:colcon.colcon_core.shell:Creating package script '/home/chakfan/double_model/install/auto_aim_interfaces/share/auto_aim_interfaces/package.ps1'
[0.466s] INFO:colcon.colcon_core.shell:Creating package descriptor '/home/chakfan/double_model/install/auto_aim_interfaces/share/auto_aim_interfaces/package.dsv'
[0.467s] INFO:colcon.colcon_core.shell:Creating package script '/home/chakfan/double_model/install/auto_aim_interfaces/share/auto_aim_interfaces/package.sh'
[0.467s] INFO:colcon.colcon_core.shell:Creating package script '/home/chakfan/double_model/install/auto_aim_interfaces/share/auto_aim_interfaces/package.bash'
[0.468s] INFO:colcon.colcon_core.shell:Creating package script '/home/chakfan/double_model/install/auto_aim_interfaces/share/auto_aim_interfaces/package.zsh'
[0.468s] Level 1:colcon.colcon_core.environment:create_file_with_runtime_dependencies(/home/chakfan/double_model/install/auto_aim_interfaces/share/colcon-core/packages/auto_aim_interfaces)
[0.468s] Level 1:colcon.colcon_core.environment:create_environment_scripts_only(auto_aim_interfaces)
[0.469s] Level 1:colcon.colcon_core.environment:checking '/home/chakfan/double_model/install/auto_aim_interfaces' for CMake module files
[0.469s] Level 1:colcon.colcon_core.environment:checking '/home/chakfan/double_model/install/auto_aim_interfaces' for CMake config files
[0.469s] Level 1:colcon.colcon_core.shell:create_environment_hook('auto_aim_interfaces', 'cmake_prefix_path')
[0.469s] INFO:colcon.colcon_core.shell:Creating environment hook '/home/chakfan/double_model/install/auto_aim_interfaces/share/auto_aim_interfaces/hook/cmake_prefix_path.ps1'
[0.470s] INFO:colcon.colcon_core.shell:Creating environment descriptor '/home/chakfan/double_model/install/auto_aim_interfaces/share/auto_aim_interfaces/hook/cmake_prefix_path.dsv'
[0.470s] INFO:colcon.colcon_core.shell:Creating environment hook '/home/chakfan/double_model/install/auto_aim_interfaces/share/auto_aim_interfaces/hook/cmake_prefix_path.sh'
[0.470s] Level 1:colcon.colcon_core.environment:checking '/home/chakfan/double_model/install/auto_aim_interfaces/lib'
[0.470s] Level 1:colcon.colcon_core.shell:create_environment_hook('auto_aim_interfaces', 'ld_library_path_lib')
[0.470s] INFO:colcon.colcon_core.shell:Creating environment hook '/home/chakfan/double_model/install/auto_aim_interfaces/share/auto_aim_interfaces/hook/ld_library_path_lib.ps1'
[0.471s] INFO:colcon.colcon_core.shell:Creating environment descriptor '/home/chakfan/double_model/install/auto_aim_interfaces/share/auto_aim_interfaces/hook/ld_library_path_lib.dsv'
[0.471s] INFO:colcon.colcon_core.shell:Creating environment hook '/home/chakfan/double_model/install/auto_aim_interfaces/share/auto_aim_interfaces/hook/ld_library_path_lib.sh'
[0.471s] Level 1:colcon.colcon_core.environment:checking '/home/chakfan/double_model/install/auto_aim_interfaces/bin'
[0.471s] Level 1:colcon.colcon_core.environment:checking '/home/chakfan/double_model/install/auto_aim_interfaces/lib/pkgconfig/auto_aim_interfaces.pc'
[0.471s] Level 1:colcon.colcon_core.environment:checking '/home/chakfan/double_model/install/auto_aim_interfaces/lib/python3.10/site-packages'
[0.471s] Level 1:colcon.colcon_core.environment:checking '/home/chakfan/double_model/install/auto_aim_interfaces/bin'
[0.472s] INFO:colcon.colcon_core.shell:Creating package script '/home/chakfan/double_model/install/auto_aim_interfaces/share/auto_aim_interfaces/package.ps1'
[0.472s] INFO:colcon.colcon_core.shell:Creating package descriptor '/home/chakfan/double_model/install/auto_aim_interfaces/share/auto_aim_interfaces/package.dsv'
[0.472s] INFO:colcon.colcon_core.shell:Creating package script '/home/chakfan/double_model/install/auto_aim_interfaces/share/auto_aim_interfaces/package.sh'
[0.473s] INFO:colcon.colcon_core.shell:Creating package script '/home/chakfan/double_model/install/auto_aim_interfaces/share/auto_aim_interfaces/package.bash'
[0.473s] INFO:colcon.colcon_core.shell:Creating package script '/home/chakfan/double_model/install/auto_aim_interfaces/share/auto_aim_interfaces/package.zsh'
[0.473s] Level 1:colcon.colcon_core.environment:create_file_with_runtime_dependencies(/home/chakfan/double_model/install/auto_aim_interfaces/share/colcon-core/packages/auto_aim_interfaces)
[0.473s] INFO:colcon.colcon_ros.task.ament_cmake.build:Building ROS package in '/home/chakfan/double_model/src/armor_tracker' with build type 'ament_cmake'
[0.473s] INFO:colcon.colcon_cmake.task.cmake.build:Building CMake package in '/home/chakfan/double_model/src/armor_tracker'
[0.474s] INFO:colcon.colcon_core.shell:Skip shell extension 'powershell' for command environment: Not usable outside of PowerShell
[0.474s] DEBUG:colcon.colcon_core.shell:Skip shell extension 'dsv' for command environment
[0.476s] INFO:colcon.colcon_ros.task.ament_cmake.build:Building ROS package in '/home/chakfan/double_model/src/filter_test' with build type 'ament_cmake'
[0.476s] INFO:colcon.colcon_cmake.task.cmake.build:Building CMake package in '/home/chakfan/double_model/src/filter_test'
[0.477s] INFO:colcon.colcon_core.shell:Skip shell extension 'powershell' for command environment: Not usable outside of PowerShell
[0.477s] DEBUG:colcon.colcon_core.shell:Skip shell extension 'dsv' for command environment
[0.484s] DEBUG:colcon.colcon_core.event_handler.log_command:Invoking command in '/home/chakfan/double_model/build/armor_tracker': CMAKE_PREFIX_PATH=/home/chakfan/double_model/install/auto_aim_interfaces:/home/chakfan/double_model/install/filter_test:/home/chakfan/double_model/install/armor_tracker:/opt/ros/humble LD_LIBRARY_PATH=/home/chakfan/double_model/install/auto_aim_interfaces/lib:/home/chakfan/double_model/install/filter_test/lib:/home/chakfan/double_model/install/armor_tracker/lib:/opt/MVS/lib/64:/opt/MVS/lib/32:/opt/MVS/lib/64:/opt/MVS/lib/32:/opt/MVS/lib/64:/opt/MVS/lib/32:/opt/ros/humble/opt/rviz_ogre_vendor/lib:/opt/ros/humble/lib/x86_64-linux-gnu:/opt/ros/humble/lib:/opt/MVS/lib/64:/opt/MVS/lib/32:/opt/MVS/lib/64:/opt/MVS/lib/32:/opt/MVS/lib/64:/opt/MVS/lib/32 /usr/local/bin/cmake --build /home/chakfan/double_model/build/armor_tracker -- -j32 -l32
[0.488s] DEBUG:colcon.colcon_core.event_handler.log_command:Invoking command in '/home/chakfan/double_model/build/filter_test': CMAKE_PREFIX_PATH=/home/chakfan/double_model/install/auto_aim_interfaces:/home/chakfan/double_model/install/filter_test:/home/chakfan/double_model/install/armor_tracker:/opt/ros/humble LD_LIBRARY_PATH=/home/chakfan/double_model/install/auto_aim_interfaces/lib:/home/chakfan/double_model/install/filter_test/lib:/home/chakfan/double_model/install/armor_tracker/lib:/opt/MVS/lib/64:/opt/MVS/lib/32:/opt/MVS/lib/64:/opt/MVS/lib/32:/opt/MVS/lib/64:/opt/MVS/lib/32:/opt/ros/humble/opt/rviz_ogre_vendor/lib:/opt/ros/humble/lib/x86_64-linux-gnu:/opt/ros/humble/lib:/opt/MVS/lib/64:/opt/MVS/lib/32:/opt/MVS/lib/64:/opt/MVS/lib/32:/opt/MVS/lib/64:/opt/MVS/lib/32 /usr/local/bin/cmake --build /home/chakfan/double_model/build/filter_test -- -j32 -l32
[0.538s] DEBUG:colcon.colcon_core.event_handler.log_command:Invoked command in '/home/chakfan/double_model/build/armor_tracker' returned '0': CMAKE_PREFIX_PATH=/home/chakfan/double_model/install/auto_aim_interfaces:/home/chakfan/double_model/install/filter_test:/home/chakfan/double_model/install/armor_tracker:/opt/ros/humble LD_LIBRARY_PATH=/home/chakfan/double_model/install/auto_aim_interfaces/lib:/home/chakfan/double_model/install/filter_test/lib:/home/chakfan/double_model/install/armor_tracker/lib:/opt/MVS/lib/64:/opt/MVS/lib/32:/opt/MVS/lib/64:/opt/MVS/lib/32:/opt/MVS/lib/64:/opt/MVS/lib/32:/opt/ros/humble/opt/rviz_ogre_vendor/lib:/opt/ros/humble/lib/x86_64-linux-gnu:/opt/ros/humble/lib:/opt/MVS/lib/64:/opt/MVS/lib/32:/opt/MVS/lib/64:/opt/MVS/lib/32:/opt/MVS/lib/64:/opt/MVS/lib/32 /usr/local/bin/cmake --build /home/chakfan/double_model/build/armor_tracker -- -j32 -l32
[0.540s] DEBUG:colcon.colcon_core.event_handler.log_command:Invoking command in '/home/chakfan/double_model/build/armor_tracker': CMAKE_PREFIX_PATH=/home/chakfan/double_model/install/auto_aim_interfaces:/home/chakfan/double_model/install/filter_test:/home/chakfan/double_model/install/armor_tracker:/opt/ros/humble LD_LIBRARY_PATH=/home/chakfan/double_model/install/auto_aim_interfaces/lib:/home/chakfan/double_model/install/filter_test/lib:/home/chakfan/double_model/install/armor_tracker/lib:/opt/MVS/lib/64:/opt/MVS/lib/32:/opt/MVS/lib/64:/opt/MVS/lib/32:/opt/MVS/lib/64:/opt/MVS/lib/32:/opt/ros/humble/opt/rviz_ogre_vendor/lib:/opt/ros/humble/lib/x86_64-linux-gnu:/opt/ros/humble/lib:/opt/MVS/lib/64:/opt/MVS/lib/32:/opt/MVS/lib/64:/opt/MVS/lib/32:/opt/MVS/lib/64:/opt/MVS/lib/32 /usr/local/bin/cmake --install /home/chakfan/double_model/build/armor_tracker
[0.546s] Level 1:colcon.colcon_core.environment:create_environment_scripts_only(armor_tracker)
[0.547s] Level 1:colcon.colcon_core.environment:checking '/home/chakfan/double_model/install/armor_tracker' for CMake module files
[0.547s] DEBUG:colcon.colcon_core.event_handler.log_command:Invoked command in '/home/chakfan/double_model/build/armor_tracker' returned '0': CMAKE_PREFIX_PATH=/home/chakfan/double_model/install/auto_aim_interfaces:/home/chakfan/double_model/install/filter_test:/home/chakfan/double_model/install/armor_tracker:/opt/ros/humble LD_LIBRARY_PATH=/home/chakfan/double_model/install/auto_aim_interfaces/lib:/home/chakfan/double_model/install/filter_test/lib:/home/chakfan/double_model/install/armor_tracker/lib:/opt/MVS/lib/64:/opt/MVS/lib/32:/opt/MVS/lib/64:/opt/MVS/lib/32:/opt/MVS/lib/64:/opt/MVS/lib/32:/opt/ros/humble/opt/rviz_ogre_vendor/lib:/opt/ros/humble/lib/x86_64-linux-gnu:/opt/ros/humble/lib:/opt/MVS/lib/64:/opt/MVS/lib/32:/opt/MVS/lib/64:/opt/MVS/lib/32:/opt/MVS/lib/64:/opt/MVS/lib/32 /usr/local/bin/cmake --install /home/chakfan/double_model/build/armor_tracker
[0.548s] Level 1:colcon.colcon_core.environment:checking '/home/chakfan/double_model/install/armor_tracker' for CMake config files
[0.548s] Level 1:colcon.colcon_core.shell:create_environment_hook('armor_tracker', 'cmake_prefix_path')
[0.548s] INFO:colcon.colcon_core.shell:Creating environment hook '/home/chakfan/double_model/install/armor_tracker/share/armor_tracker/hook/cmake_prefix_path.ps1'
[0.549s] INFO:colcon.colcon_core.shell:Creating environment descriptor '/home/chakfan/double_model/install/armor_tracker/share/armor_tracker/hook/cmake_prefix_path.dsv'
[0.549s] INFO:colcon.colcon_core.shell:Creating environment hook '/home/chakfan/double_model/install/armor_tracker/share/armor_tracker/hook/cmake_prefix_path.sh'
[0.550s] Level 1:colcon.colcon_core.environment:checking '/home/chakfan/double_model/install/armor_tracker/lib'
[0.550s] Level 1:colcon.colcon_core.shell:create_environment_hook('armor_tracker', 'ld_library_path_lib')
[0.550s] INFO:colcon.colcon_core.shell:Creating environment hook '/home/chakfan/double_model/install/armor_tracker/share/armor_tracker/hook/ld_library_path_lib.ps1'
[0.551s] INFO:colcon.colcon_core.shell:Creating environment descriptor '/home/chakfan/double_model/install/armor_tracker/share/armor_tracker/hook/ld_library_path_lib.dsv'
[0.551s] INFO:colcon.colcon_core.shell:Creating environment hook '/home/chakfan/double_model/install/armor_tracker/share/armor_tracker/hook/ld_library_path_lib.sh'
[0.552s] Level 1:colcon.colcon_core.environment:checking '/home/chakfan/double_model/install/armor_tracker/bin'
[0.552s] Level 1:colcon.colcon_core.environment:checking '/home/chakfan/double_model/install/armor_tracker/lib/pkgconfig/armor_tracker.pc'
[0.552s] Level 1:colcon.colcon_core.environment:checking '/home/chakfan/double_model/install/armor_tracker/lib/python3.10/site-packages'
[0.552s] Level 1:colcon.colcon_core.environment:checking '/home/chakfan/double_model/install/armor_tracker/bin'
[0.553s] INFO:colcon.colcon_core.shell:Creating package script '/home/chakfan/double_model/install/armor_tracker/share/armor_tracker/package.ps1'
[0.553s] INFO:colcon.colcon_core.shell:Creating package descriptor '/home/chakfan/double_model/install/armor_tracker/share/armor_tracker/package.dsv'
[0.554s] INFO:colcon.colcon_core.shell:Creating package script '/home/chakfan/double_model/install/armor_tracker/share/armor_tracker/package.sh'
[0.554s] INFO:colcon.colcon_core.shell:Creating package script '/home/chakfan/double_model/install/armor_tracker/share/armor_tracker/package.bash'
[0.555s] INFO:colcon.colcon_core.shell:Creating package script '/home/chakfan/double_model/install/armor_tracker/share/armor_tracker/package.zsh'
[0.555s] Level 1:colcon.colcon_core.environment:create_file_with_runtime_dependencies(/home/chakfan/double_model/install/armor_tracker/share/colcon-core/packages/armor_tracker)
[0.556s] Level 1:colcon.colcon_core.environment:create_environment_scripts_only(armor_tracker)
[0.556s] Level 1:colcon.colcon_core.environment:checking '/home/chakfan/double_model/install/armor_tracker' for CMake module files
[0.557s] Level 1:colcon.colcon_core.environment:checking '/home/chakfan/double_model/install/armor_tracker' for CMake config files
[0.558s] Level 1:colcon.colcon_core.shell:create_environment_hook('armor_tracker', 'cmake_prefix_path')
[0.558s] INFO:colcon.colcon_core.shell:Creating environment hook '/home/chakfan/double_model/install/armor_tracker/share/armor_tracker/hook/cmake_prefix_path.ps1'
[0.558s] INFO:colcon.colcon_core.shell:Creating environment descriptor '/home/chakfan/double_model/install/armor_tracker/share/armor_tracker/hook/cmake_prefix_path.dsv'
[0.559s] INFO:colcon.colcon_core.shell:Creating environment hook '/home/chakfan/double_model/install/armor_tracker/share/armor_tracker/hook/cmake_prefix_path.sh'
[0.559s] Level 1:colcon.colcon_core.environment:checking '/home/chakfan/double_model/install/armor_tracker/lib'
[0.559s] Level 1:colcon.colcon_core.shell:create_environment_hook('armor_tracker', 'ld_library_path_lib')
[0.560s] INFO:colcon.colcon_core.shell:Creating environment hook '/home/chakfan/double_model/install/armor_tracker/share/armor_tracker/hook/ld_library_path_lib.ps1'
[0.560s] INFO:colcon.colcon_core.shell:Creating environment descriptor '/home/chakfan/double_model/install/armor_tracker/share/armor_tracker/hook/ld_library_path_lib.dsv'
[0.560s] INFO:colcon.colcon_core.shell:Creating environment hook '/home/chakfan/double_model/install/armor_tracker/share/armor_tracker/hook/ld_library_path_lib.sh'
[0.561s] Level 1:colcon.colcon_core.environment:checking '/home/chakfan/double_model/install/armor_tracker/bin'
[0.561s] Level 1:colcon.colcon_core.environment:checking '/home/chakfan/double_model/install/armor_tracker/lib/pkgconfig/armor_tracker.pc'
[0.561s] Level 1:colcon.colcon_core.environment:checking '/home/chakfan/double_model/install/armor_tracker/lib/python3.10/site-packages'
[0.561s] Level 1:colcon.colcon_core.environment:checking '/home/chakfan/double_model/install/armor_tracker/bin'
[0.562s] INFO:colcon.colcon_core.shell:Creating package script '/home/chakfan/double_model/install/armor_tracker/share/armor_tracker/package.ps1'
[0.562s] INFO:colcon.colcon_core.shell:Creating package descriptor '/home/chakfan/double_model/install/armor_tracker/share/armor_tracker/package.dsv'
[0.563s] INFO:colcon.colcon_core.shell:Creating package script '/home/chakfan/double_model/install/armor_tracker/share/armor_tracker/package.sh'
[0.564s] INFO:colcon.colcon_core.shell:Creating package script '/home/chakfan/double_model/install/armor_tracker/share/armor_tracker/package.bash'
[0.564s] INFO:colcon.colcon_core.shell:Creating package script '/home/chakfan/double_model/install/armor_tracker/share/armor_tracker/package.zsh'
[0.564s] Level 1:colcon.colcon_core.environment:create_file_with_runtime_dependencies(/home/chakfan/double_model/install/armor_tracker/share/colcon-core/packages/armor_tracker)
[4.328s] DEBUG:colcon.colcon_core.event_handler.log_command:Invoked command in '/home/chakfan/double_model/build/filter_test' returned '0': CMAKE_PREFIX_PATH=/home/chakfan/double_model/install/auto_aim_interfaces:/home/chakfan/double_model/install/filter_test:/home/chakfan/double_model/install/armor_tracker:/opt/ros/humble LD_LIBRARY_PATH=/home/chakfan/double_model/install/auto_aim_interfaces/lib:/home/chakfan/double_model/install/filter_test/lib:/home/chakfan/double_model/install/armor_tracker/lib:/opt/MVS/lib/64:/opt/MVS/lib/32:/opt/MVS/lib/64:/opt/MVS/lib/32:/opt/MVS/lib/64:/opt/MVS/lib/32:/opt/ros/humble/opt/rviz_ogre_vendor/lib:/opt/ros/humble/lib/x86_64-linux-gnu:/opt/ros/humble/lib:/opt/MVS/lib/64:/opt/MVS/lib/32:/opt/MVS/lib/64:/opt/MVS/lib/32:/opt/MVS/lib/64:/opt/MVS/lib/32 /usr/local/bin/cmake --build /home/chakfan/double_model/build/filter_test -- -j32 -l32
[4.330s] DEBUG:colcon.colcon_core.event_handler.log_command:Invoking command in '/home/chakfan/double_model/build/filter_test': CMAKE_PREFIX_PATH=/home/chakfan/double_model/install/auto_aim_interfaces:/home/chakfan/double_model/install/filter_test:/home/chakfan/double_model/install/armor_tracker:/opt/ros/humble LD_LIBRARY_PATH=/home/chakfan/double_model/install/auto_aim_interfaces/lib:/home/chakfan/double_model/install/filter_test/lib:/home/chakfan/double_model/install/armor_tracker/lib:/opt/MVS/lib/64:/opt/MVS/lib/32:/opt/MVS/lib/64:/opt/MVS/lib/32:/opt/MVS/lib/64:/opt/MVS/lib/32:/opt/ros/humble/opt/rviz_ogre_vendor/lib:/opt/ros/humble/lib/x86_64-linux-gnu:/opt/ros/humble/lib:/opt/MVS/lib/64:/opt/MVS/lib/32:/opt/MVS/lib/64:/opt/MVS/lib/32:/opt/MVS/lib/64:/opt/MVS/lib/32 /usr/local/bin/cmake --install /home/chakfan/double_model/build/filter_test
[4.373s] Level 1:colcon.colcon_core.environment:create_environment_scripts_only(filter_test)
[4.373s] Level 1:colcon.colcon_core.environment:checking '/home/chakfan/double_model/install/filter_test' for CMake module files
[4.373s] DEBUG:colcon.colcon_core.event_handler.log_command:Invoked command in '/home/chakfan/double_model/build/filter_test' returned '0': CMAKE_PREFIX_PATH=/home/chakfan/double_model/install/auto_aim_interfaces:/home/chakfan/double_model/install/filter_test:/home/chakfan/double_model/install/armor_tracker:/opt/ros/humble LD_LIBRARY_PATH=/home/chakfan/double_model/install/auto_aim_interfaces/lib:/home/chakfan/double_model/install/filter_test/lib:/home/chakfan/double_model/install/armor_tracker/lib:/opt/MVS/lib/64:/opt/MVS/lib/32:/opt/MVS/lib/64:/opt/MVS/lib/32:/opt/MVS/lib/64:/opt/MVS/lib/32:/opt/ros/humble/opt/rviz_ogre_vendor/lib:/opt/ros/humble/lib/x86_64-linux-gnu:/opt/ros/humble/lib:/opt/MVS/lib/64:/opt/MVS/lib/32:/opt/MVS/lib/64:/opt/MVS/lib/32:/opt/MVS/lib/64:/opt/MVS/lib/32 /usr/local/bin/cmake --install /home/chakfan/double_model/build/filter_test
[4.374s] Level 1:colcon.colcon_core.environment:checking '/home/chakfan/double_model/install/filter_test' for CMake config files
[4.374s] Level 1:colcon.colcon_core.shell:create_environment_hook('filter_test', 'cmake_prefix_path')
[4.374s] INFO:colcon.colcon_core.shell:Creating environment hook '/home/chakfan/double_model/install/filter_test/share/filter_test/hook/cmake_prefix_path.ps1'
[4.374s] INFO:colcon.colcon_core.shell:Creating environment descriptor '/home/chakfan/double_model/install/filter_test/share/filter_test/hook/cmake_prefix_path.dsv'
[4.375s] INFO:colcon.colcon_core.shell:Creating environment hook '/home/chakfan/double_model/install/filter_test/share/filter_test/hook/cmake_prefix_path.sh'
[4.375s] Level 1:colcon.colcon_core.environment:checking '/home/chakfan/double_model/install/filter_test/lib'
[4.375s] Level 1:colcon.colcon_core.shell:create_environment_hook('filter_test', 'ld_library_path_lib')
[4.375s] INFO:colcon.colcon_core.shell:Creating environment hook '/home/chakfan/double_model/install/filter_test/share/filter_test/hook/ld_library_path_lib.ps1'
[4.376s] INFO:colcon.colcon_core.shell:Creating environment descriptor '/home/chakfan/double_model/install/filter_test/share/filter_test/hook/ld_library_path_lib.dsv'
[4.376s] INFO:colcon.colcon_core.shell:Creating environment hook '/home/chakfan/double_model/install/filter_test/share/filter_test/hook/ld_library_path_lib.sh'
[4.376s] Level 1:colcon.colcon_core.environment:checking '/home/chakfan/double_model/install/filter_test/bin'
[4.376s] Level 1:colcon.colcon_core.environment:checking '/home/chakfan/double_model/install/filter_test/lib/pkgconfig/filter_test.pc'
[4.376s] Level 1:colcon.colcon_core.environment:checking '/home/chakfan/double_model/install/filter_test/lib/python3.10/site-packages'
[4.377s] Level 1:colcon.colcon_core.environment:checking '/home/chakfan/double_model/install/filter_test/bin'
[4.377s] INFO:colcon.colcon_core.shell:Creating package script '/home/chakfan/double_model/install/filter_test/share/filter_test/package.ps1'
[4.377s] INFO:colcon.colcon_core.shell:Creating package descriptor '/home/chakfan/double_model/install/filter_test/share/filter_test/package.dsv'
[4.378s] INFO:colcon.colcon_core.shell:Creating package script '/home/chakfan/double_model/install/filter_test/share/filter_test/package.sh'
[4.378s] INFO:colcon.colcon_core.shell:Creating package script '/home/chakfan/double_model/install/filter_test/share/filter_test/package.bash'
[4.378s] INFO:colcon.colcon_core.shell:Creating package script '/home/chakfan/double_model/install/filter_test/share/filter_test/package.zsh'
[4.378s] Level 1:colcon.colcon_core.environment:create_file_with_runtime_dependencies(/home/chakfan/double_model/install/filter_test/share/colcon-core/packages/filter_test)
[4.379s] Level 1:colcon.colcon_core.environment:create_environment_scripts_only(filter_test)
[4.379s] Level 1:colcon.colcon_core.environment:checking '/home/chakfan/double_model/install/filter_test' for CMake module files
[4.379s] Level 1:colcon.colcon_core.environment:checking '/home/chakfan/double_model/install/filter_test' for CMake config files
[4.379s] Level 1:colcon.colcon_core.shell:create_environment_hook('filter_test', 'cmake_prefix_path')
[4.380s] INFO:colcon.colcon_core.shell:Creating environment hook '/home/chakfan/double_model/install/filter_test/share/filter_test/hook/cmake_prefix_path.ps1'
[4.380s] INFO:colcon.colcon_core.shell:Creating environment descriptor '/home/chakfan/double_model/install/filter_test/share/filter_test/hook/cmake_prefix_path.dsv'
[4.380s] INFO:colcon.colcon_core.shell:Creating environment hook '/home/chakfan/double_model/install/filter_test/share/filter_test/hook/cmake_prefix_path.sh'
[4.381s] Level 1:colcon.colcon_core.environment:checking '/home/chakfan/double_model/install/filter_test/lib'
[4.381s] Level 1:colcon.colcon_core.shell:create_environment_hook('filter_test', 'ld_library_path_lib')
[4.381s] INFO:colcon.colcon_core.shell:Creating environment hook '/home/chakfan/double_model/install/filter_test/share/filter_test/hook/ld_library_path_lib.ps1'
[4.381s] INFO:colcon.colcon_core.shell:Creating environment descriptor '/home/chakfan/double_model/install/filter_test/share/filter_test/hook/ld_library_path_lib.dsv'
[4.381s] INFO:colcon.colcon_core.shell:Creating environment hook '/home/chakfan/double_model/install/filter_test/share/filter_test/hook/ld_library_path_lib.sh'
[4.381s] Level 1:colcon.colcon_core.environment:checking '/home/chakfan/double_model/install/filter_test/bin'
[4.381s] Level 1:colcon.colcon_core.environment:checking '/home/chakfan/double_model/install/filter_test/lib/pkgconfig/filter_test.pc'
[4.382s] Level 1:colcon.colcon_core.environment:checking '/home/chakfan/double_model/install/filter_test/lib/python3.10/site-packages'
[4.382s] Level 1:colcon.colcon_core.environment:checking '/home/chakfan/double_model/install/filter_test/bin'
[4.382s] INFO:colcon.colcon_core.shell:Creating package script '/home/chakfan/double_model/install/filter_test/share/filter_test/package.ps1'
[4.382s] INFO:colcon.colcon_core.shell:Creating package descriptor '/home/chakfan/double_model/install/filter_test/share/filter_test/package.dsv'
[4.382s] INFO:colcon.colcon_core.shell:Creating package script '/home/chakfan/double_model/install/filter_test/share/filter_test/package.sh'
[4.383s] INFO:colcon.colcon_core.shell:Creating package script '/home/chakfan/double_model/install/filter_test/share/filter_test/package.bash'
[4.383s] INFO:colcon.colcon_core.shell:Creating package script '/home/chakfan/double_model/install/filter_test/share/filter_test/package.zsh'
[4.383s] Level 1:colcon.colcon_core.environment:create_file_with_runtime_dependencies(/home/chakfan/double_model/install/filter_test/share/colcon-core/packages/filter_test)
[4.383s] DEBUG:colcon.colcon_parallel_executor.executor.parallel:closing loop
[4.384s] DEBUG:colcon.colcon_parallel_executor.executor.parallel:loop closed
[4.384s] DEBUG:colcon.colcon_parallel_executor.executor.parallel:run_until_complete finished with '0'
[4.384s] DEBUG:colcon.colcon_core.event_reactor:joining thread
[4.389s] INFO:colcon.colcon_core.plugin_system:Skipping extension 'colcon_notification.desktop_notification.terminal_notifier': Not used on non-Darwin systems
[4.389s] INFO:colcon.colcon_core.plugin_system:Skipping extension 'colcon_notification.desktop_notification.win32': Not used on non-Windows systems
[4.389s] INFO:colcon.colcon_notification.desktop_notification:Sending desktop notification using 'notify2'
[4.400s] DEBUG:colcon.colcon_core.event_reactor:joined thread
[4.400s] INFO:colcon.colcon_core.shell:Creating prefix script '/home/chakfan/double_model/install/local_setup.ps1'
[4.402s] INFO:colcon.colcon_core.shell:Creating prefix util module '/home/chakfan/double_model/install/_local_setup_util_ps1.py'
[4.403s] INFO:colcon.colcon_core.shell:Creating prefix chain script '/home/chakfan/double_model/install/setup.ps1'
[4.405s] INFO:colcon.colcon_core.shell:Creating prefix script '/home/chakfan/double_model/install/local_setup.sh'
[4.405s] INFO:colcon.colcon_core.shell:Creating prefix util module '/home/chakfan/double_model/install/_local_setup_util_sh.py'
[4.406s] INFO:colcon.colcon_core.shell:Creating prefix chain script '/home/chakfan/double_model/install/setup.sh'
[4.407s] INFO:colcon.colcon_core.shell:Creating prefix script '/home/chakfan/double_model/install/local_setup.bash'
[4.408s] INFO:colcon.colcon_core.shell:Creating prefix chain script '/home/chakfan/double_model/install/setup.bash'
[4.409s] INFO:colcon.colcon_core.shell:Creating prefix script '/home/chakfan/double_model/install/local_setup.zsh'
[4.409s] INFO:colcon.colcon_core.shell:Creating prefix chain script '/home/chakfan/double_model/install/setup.zsh'
