[0.050s] DEBUG:colcon:Command line arguments: ['/usr/bin/colcon', 'build']
[0.050s] DEBUG:colcon:Parsed command line arguments: Namespace(log_base=None, log_level=None, verb_name='build', build_base='build', install_base='install', merge_install=False, symlink_install=False, test_result_base=None, continue_on_error=False, executor='parallel', parallel_workers=32, event_handlers=None, ignore_user_meta=False, metas=['./colcon.meta'], base_paths=['.'], packages_ignore=None, packages_ignore_regex=None, paths=None, packages_up_to=None, packages_up_to_regex=None, packages_above=None, packages_above_and_dependencies=None, packages_above_depth=None, packages_select_by_dep=None, packages_skip_by_dep=None, packages_skip_up_to=None, packages_select_build_failed=False, packages_skip_build_finished=False, packages_select_test_failures=False, packages_skip_test_passed=False, packages_select=None, packages_skip=None, packages_select_regex=None, packages_skip_regex=None, packages_start=None, packages_end=None, allow_overriding=[], cmake_args=None, cmake_target=None, cmake_target_skip_unavailable=False, cmake_clean_cache=False, cmake_clean_first=False, cmake_force_configure=False, ament_cmake_args=None, catkin_cmake_args=None, catkin_skip_building_tests=False, verb_parser=<colcon_defaults.argument_parser.defaults.DefaultArgumentsDecorator object at 0x7e38f19b8220>, verb_extension=<colcon_core.verb.build.BuildVerb object at 0x7e38f1987be0>, main=<bound method BuildVerb.main of <colcon_core.verb.build.BuildVerb object at 0x7e38f1987be0>>)
[0.121s] Level 1:colcon.colcon_core.package_discovery:discover_packages(colcon_meta) check parameters
[0.121s] Level 1:colcon.colcon_core.package_discovery:discover_packages(recursive) check parameters
[0.121s] Level 1:colcon.colcon_core.package_discovery:discover_packages(ignore) check parameters
[0.121s] Level 1:colcon.colcon_core.package_discovery:discover_packages(path) check parameters
[0.121s] Level 1:colcon.colcon_core.package_discovery:discover_packages(colcon_meta) discover
[0.121s] Level 1:colcon.colcon_core.package_discovery:discover_packages(recursive) discover
[0.121s] INFO:colcon.colcon_core.package_discovery:Crawling recursively for packages in '/home/chakfan/double_model'
[0.121s] Level 1:colcon.colcon_core.package_identification:_identify(.) by extensions ['ignore', 'ignore_ament_install']
[0.121s] Level 1:colcon.colcon_core.package_identification:_identify(.) by extension 'ignore'
[0.121s] Level 1:colcon.colcon_core.package_identification:_identify(.) by extension 'ignore_ament_install'
[0.121s] Level 1:colcon.colcon_core.package_identification:_identify(.) by extensions ['colcon_pkg']
[0.121s] Level 1:colcon.colcon_core.package_identification:_identify(.) by extension 'colcon_pkg'
[0.121s] Level 1:colcon.colcon_core.package_identification:_identify(.) by extensions ['colcon_meta']
[0.121s] Level 1:colcon.colcon_core.package_identification:_identify(.) by extension 'colcon_meta'
[0.121s] Level 1:colcon.colcon_core.package_identification:_identify(.) by extensions ['ros']
[0.121s] Level 1:colcon.colcon_core.package_identification:_identify(.) by extension 'ros'
[0.127s] Level 1:colcon.colcon_core.package_identification:_identify(.) by extensions ['cmake', 'python']
[0.127s] Level 1:colcon.colcon_core.package_identification:_identify(.) by extension 'cmake'
[0.127s] Level 1:colcon.colcon_core.package_identification:_identify(.) by extension 'python'
[0.127s] Level 1:colcon.colcon_core.package_identification:_identify(.) by extensions ['python_setup_py']
[0.127s] Level 1:colcon.colcon_core.package_identification:_identify(.) by extension 'python_setup_py'
[0.127s] Level 1:colcon.colcon_core.package_identification:_identify(build) by extensions ['ignore', 'ignore_ament_install']
[0.128s] Level 1:colcon.colcon_core.package_identification:_identify(build) by extension 'ignore'
[0.128s] Level 1:colcon.colcon_core.package_identification:_identify(build) ignored
[0.128s] Level 1:colcon.colcon_core.package_identification:_identify(install) by extensions ['ignore', 'ignore_ament_install']
[0.128s] Level 1:colcon.colcon_core.package_identification:_identify(install) by extension 'ignore'
[0.128s] Level 1:colcon.colcon_core.package_identification:_identify(install) ignored
[0.128s] Level 1:colcon.colcon_core.package_identification:_identify(log) by extensions ['ignore', 'ignore_ament_install']
[0.128s] Level 1:colcon.colcon_core.package_identification:_identify(log) by extension 'ignore'
[0.128s] Level 1:colcon.colcon_core.package_identification:_identify(log) ignored
[0.128s] Level 1:colcon.colcon_core.package_identification:_identify(src) by extensions ['ignore', 'ignore_ament_install']
[0.128s] Level 1:colcon.colcon_core.package_identification:_identify(src) by extension 'ignore'
[0.128s] Level 1:colcon.colcon_core.package_identification:_identify(src) by extension 'ignore_ament_install'
[0.128s] Level 1:colcon.colcon_core.package_identification:_identify(src) by extensions ['colcon_pkg']
[0.128s] Level 1:colcon.colcon_core.package_identification:_identify(src) by extension 'colcon_pkg'
[0.128s] Level 1:colcon.colcon_core.package_identification:_identify(src) by extensions ['colcon_meta']
[0.128s] Level 1:colcon.colcon_core.package_identification:_identify(src) by extension 'colcon_meta'
[0.128s] Level 1:colcon.colcon_core.package_identification:_identify(src) by extensions ['ros']
[0.128s] Level 1:colcon.colcon_core.package_identification:_identify(src) by extension 'ros'
[0.128s] Level 1:colcon.colcon_core.package_identification:_identify(src) by extensions ['cmake', 'python']
[0.128s] Level 1:colcon.colcon_core.package_identification:_identify(src) by extension 'cmake'
[0.128s] Level 1:colcon.colcon_core.package_identification:_identify(src) by extension 'python'
[0.128s] Level 1:colcon.colcon_core.package_identification:_identify(src) by extensions ['python_setup_py']
[0.128s] Level 1:colcon.colcon_core.package_identification:_identify(src) by extension 'python_setup_py'
[0.128s] Level 1:colcon.colcon_core.package_identification:_identify(src/armor_tracker) by extensions ['ignore', 'ignore_ament_install']
[0.128s] Level 1:colcon.colcon_core.package_identification:_identify(src/armor_tracker) by extension 'ignore'
[0.128s] Level 1:colcon.colcon_core.package_identification:_identify(src/armor_tracker) by extension 'ignore_ament_install'
[0.129s] Level 1:colcon.colcon_core.package_identification:_identify(src/armor_tracker) by extensions ['colcon_pkg']
[0.129s] Level 1:colcon.colcon_core.package_identification:_identify(src/armor_tracker) by extension 'colcon_pkg'
[0.129s] Level 1:colcon.colcon_core.package_identification:_identify(src/armor_tracker) by extensions ['colcon_meta']
[0.129s] Level 1:colcon.colcon_core.package_identification:_identify(src/armor_tracker) by extension 'colcon_meta'
[0.129s] Level 1:colcon.colcon_core.package_identification:_identify(src/armor_tracker) by extensions ['ros']
[0.129s] Level 1:colcon.colcon_core.package_identification:_identify(src/armor_tracker) by extension 'ros'
[0.131s] DEBUG:colcon.colcon_core.package_identification:Package 'src/armor_tracker' with type 'ros.ament_cmake' and name 'armor_tracker'
[0.131s] Level 1:colcon.colcon_core.package_identification:_identify(src/auto_aim_interfaces) by extensions ['ignore', 'ignore_ament_install']
[0.131s] Level 1:colcon.colcon_core.package_identification:_identify(src/auto_aim_interfaces) by extension 'ignore'
[0.131s] Level 1:colcon.colcon_core.package_identification:_identify(src/auto_aim_interfaces) by extension 'ignore_ament_install'
[0.131s] Level 1:colcon.colcon_core.package_identification:_identify(src/auto_aim_interfaces) by extensions ['colcon_pkg']
[0.131s] Level 1:colcon.colcon_core.package_identification:_identify(src/auto_aim_interfaces) by extension 'colcon_pkg'
[0.131s] Level 1:colcon.colcon_core.package_identification:_identify(src/auto_aim_interfaces) by extensions ['colcon_meta']
[0.131s] Level 1:colcon.colcon_core.package_identification:_identify(src/auto_aim_interfaces) by extension 'colcon_meta'
[0.131s] Level 1:colcon.colcon_core.package_identification:_identify(src/auto_aim_interfaces) by extensions ['ros']
[0.131s] Level 1:colcon.colcon_core.package_identification:_identify(src/auto_aim_interfaces) by extension 'ros'
[0.131s] DEBUG:colcon.colcon_core.package_identification:Package 'src/auto_aim_interfaces' with type 'ros.ament_cmake' and name 'auto_aim_interfaces'
[0.131s] Level 1:colcon.colcon_core.package_identification:_identify(src/filter_test) by extensions ['ignore', 'ignore_ament_install']
[0.131s] Level 1:colcon.colcon_core.package_identification:_identify(src/filter_test) by extension 'ignore'
[0.131s] Level 1:colcon.colcon_core.package_identification:_identify(src/filter_test) by extension 'ignore_ament_install'
[0.131s] Level 1:colcon.colcon_core.package_identification:_identify(src/filter_test) by extensions ['colcon_pkg']
[0.131s] Level 1:colcon.colcon_core.package_identification:_identify(src/filter_test) by extension 'colcon_pkg'
[0.131s] Level 1:colcon.colcon_core.package_identification:_identify(src/filter_test) by extensions ['colcon_meta']
[0.131s] Level 1:colcon.colcon_core.package_identification:_identify(src/filter_test) by extension 'colcon_meta'
[0.131s] Level 1:colcon.colcon_core.package_identification:_identify(src/filter_test) by extensions ['ros']
[0.131s] Level 1:colcon.colcon_core.package_identification:_identify(src/filter_test) by extension 'ros'
[0.132s] DEBUG:colcon.colcon_core.package_identification:Package 'src/filter_test' with type 'ros.ament_cmake' and name 'filter_test'
[0.132s] Level 1:colcon.colcon_core.package_discovery:discover_packages(recursive) using defaults
[0.132s] Level 1:colcon.colcon_core.package_discovery:discover_packages(ignore) discover
[0.132s] Level 1:colcon.colcon_core.package_discovery:discover_packages(ignore) using defaults
[0.132s] Level 1:colcon.colcon_core.package_discovery:discover_packages(path) discover
[0.132s] Level 1:colcon.colcon_core.package_discovery:discover_packages(path) using defaults
[0.142s] Level 1:colcon.colcon_core.package_discovery:discover_packages(prefix_path) check parameters
[0.142s] Level 1:colcon.colcon_core.package_discovery:discover_packages(prefix_path) discover
[0.143s] DEBUG:colcon.colcon_installed_package_information.package_discovery:Found 3 installed packages in /home/chakfan/double_model/install
[0.143s] DEBUG:colcon.colcon_installed_package_information.package_discovery:Found 280 installed packages in /opt/ros/humble
[0.148s] Level 1:colcon.colcon_core.package_discovery:discover_packages(prefix_path) using defaults
[0.163s] Level 5:colcon.colcon_core.verb:set package 'auto_aim_interfaces' build argument 'cmake_args' from command line to 'None'
[0.163s] Level 5:colcon.colcon_core.verb:set package 'auto_aim_interfaces' build argument 'cmake_target' from command line to 'None'
[0.163s] Level 5:colcon.colcon_core.verb:set package 'auto_aim_interfaces' build argument 'cmake_target_skip_unavailable' from command line to 'False'
[0.163s] Level 5:colcon.colcon_core.verb:set package 'auto_aim_interfaces' build argument 'cmake_clean_cache' from command line to 'False'
[0.163s] Level 5:colcon.colcon_core.verb:set package 'auto_aim_interfaces' build argument 'cmake_clean_first' from command line to 'False'
[0.164s] Level 5:colcon.colcon_core.verb:set package 'auto_aim_interfaces' build argument 'cmake_force_configure' from command line to 'False'
[0.164s] Level 5:colcon.colcon_core.verb:set package 'auto_aim_interfaces' build argument 'ament_cmake_args' from command line to 'None'
[0.164s] Level 5:colcon.colcon_core.verb:set package 'auto_aim_interfaces' build argument 'catkin_cmake_args' from command line to 'None'
[0.164s] Level 5:colcon.colcon_core.verb:set package 'auto_aim_interfaces' build argument 'catkin_skip_building_tests' from command line to 'False'
[0.164s] DEBUG:colcon.colcon_core.verb:Building package 'auto_aim_interfaces' with the following arguments: {'ament_cmake_args': None, 'build_base': '/home/chakfan/double_model/build/auto_aim_interfaces', 'catkin_cmake_args': None, 'catkin_skip_building_tests': False, 'cmake_args': None, 'cmake_clean_cache': False, 'cmake_clean_first': False, 'cmake_force_configure': False, 'cmake_target': None, 'cmake_target_skip_unavailable': False, 'install_base': '/home/chakfan/double_model/install/auto_aim_interfaces', 'merge_install': False, 'path': '/home/chakfan/double_model/src/auto_aim_interfaces', 'symlink_install': False, 'test_result_base': None}
[0.164s] Level 5:colcon.colcon_core.verb:set package 'armor_tracker' build argument 'cmake_args' from command line to 'None'
[0.164s] Level 5:colcon.colcon_core.verb:set package 'armor_tracker' build argument 'cmake_target' from command line to 'None'
[0.164s] Level 5:colcon.colcon_core.verb:set package 'armor_tracker' build argument 'cmake_target_skip_unavailable' from command line to 'False'
[0.164s] Level 5:colcon.colcon_core.verb:set package 'armor_tracker' build argument 'cmake_clean_cache' from command line to 'False'
[0.164s] Level 5:colcon.colcon_core.verb:set package 'armor_tracker' build argument 'cmake_clean_first' from command line to 'False'
[0.164s] Level 5:colcon.colcon_core.verb:set package 'armor_tracker' build argument 'cmake_force_configure' from command line to 'False'
[0.164s] Level 5:colcon.colcon_core.verb:set package 'armor_tracker' build argument 'ament_cmake_args' from command line to 'None'
[0.164s] Level 5:colcon.colcon_core.verb:set package 'armor_tracker' build argument 'catkin_cmake_args' from command line to 'None'
[0.164s] Level 5:colcon.colcon_core.verb:set package 'armor_tracker' build argument 'catkin_skip_building_tests' from command line to 'False'
[0.164s] DEBUG:colcon.colcon_core.verb:Building package 'armor_tracker' with the following arguments: {'ament_cmake_args': None, 'build_base': '/home/chakfan/double_model/build/armor_tracker', 'catkin_cmake_args': None, 'catkin_skip_building_tests': False, 'cmake_args': None, 'cmake_clean_cache': False, 'cmake_clean_first': False, 'cmake_force_configure': False, 'cmake_target': None, 'cmake_target_skip_unavailable': False, 'install_base': '/home/chakfan/double_model/install/armor_tracker', 'merge_install': False, 'path': '/home/chakfan/double_model/src/armor_tracker', 'symlink_install': False, 'test_result_base': None}
[0.164s] Level 5:colcon.colcon_core.verb:set package 'filter_test' build argument 'cmake_args' from command line to 'None'
[0.164s] Level 5:colcon.colcon_core.verb:set package 'filter_test' build argument 'cmake_target' from command line to 'None'
[0.164s] Level 5:colcon.colcon_core.verb:set package 'filter_test' build argument 'cmake_target_skip_unavailable' from command line to 'False'
[0.164s] Level 5:colcon.colcon_core.verb:set package 'filter_test' build argument 'cmake_clean_cache' from command line to 'False'
[0.164s] Level 5:colcon.colcon_core.verb:set package 'filter_test' build argument 'cmake_clean_first' from command line to 'False'
[0.164s] Level 5:colcon.colcon_core.verb:set package 'filter_test' build argument 'cmake_force_configure' from command line to 'False'
[0.164s] Level 5:colcon.colcon_core.verb:set package 'filter_test' build argument 'ament_cmake_args' from command line to 'None'
[0.164s] Level 5:colcon.colcon_core.verb:set package 'filter_test' build argument 'catkin_cmake_args' from command line to 'None'
[0.164s] Level 5:colcon.colcon_core.verb:set package 'filter_test' build argument 'catkin_skip_building_tests' from command line to 'False'
[0.164s] DEBUG:colcon.colcon_core.verb:Building package 'filter_test' with the following arguments: {'ament_cmake_args': None, 'build_base': '/home/chakfan/double_model/build/filter_test', 'catkin_cmake_args': None, 'catkin_skip_building_tests': False, 'cmake_args': None, 'cmake_clean_cache': False, 'cmake_clean_first': False, 'cmake_force_configure': False, 'cmake_target': None, 'cmake_target_skip_unavailable': False, 'install_base': '/home/chakfan/double_model/install/filter_test', 'merge_install': False, 'path': '/home/chakfan/double_model/src/filter_test', 'symlink_install': False, 'test_result_base': None}
[0.164s] INFO:colcon.colcon_core.executor:Executing jobs using 'parallel' executor
[0.165s] DEBUG:colcon.colcon_parallel_executor.executor.parallel:run_until_complete
[0.165s] INFO:colcon.colcon_ros.task.ament_cmake.build:Building ROS package in '/home/chakfan/double_model/src/auto_aim_interfaces' with build type 'ament_cmake'
[0.165s] INFO:colcon.colcon_cmake.task.cmake.build:Building CMake package in '/home/chakfan/double_model/src/auto_aim_interfaces'
[0.166s] INFO:colcon.colcon_core.plugin_system:Skipping extension 'colcon_core.shell.bat': Not used on non-Windows systems
[0.166s] INFO:colcon.colcon_core.shell:Skip shell extension 'powershell' for command environment: Not usable outside of PowerShell
[0.166s] DEBUG:colcon.colcon_core.shell:Skip shell extension 'dsv' for command environment
[0.173s] DEBUG:colcon.colcon_core.event_handler.log_command:Invoking command in '/home/chakfan/double_model/build/auto_aim_interfaces': CMAKE_PREFIX_PATH=${CMAKE_PREFIX_PATH}:/opt/ros/humble /usr/local/bin/cmake --build /home/chakfan/double_model/build/auto_aim_interfaces -- -j32 -l32
[0.354s] DEBUG:colcon.colcon_core.event_handler.log_command:Invoked command in '/home/chakfan/double_model/build/auto_aim_interfaces' returned '0': CMAKE_PREFIX_PATH=${CMAKE_PREFIX_PATH}:/opt/ros/humble /usr/local/bin/cmake --build /home/chakfan/double_model/build/auto_aim_interfaces -- -j32 -l32
[0.359s] DEBUG:colcon.colcon_core.event_handler.log_command:Invoking command in '/home/chakfan/double_model/build/auto_aim_interfaces': CMAKE_PREFIX_PATH=${CMAKE_PREFIX_PATH}:/opt/ros/humble /usr/local/bin/cmake --install /home/chakfan/double_model/build/auto_aim_interfaces
[0.391s] Level 1:colcon.colcon_core.environment:create_environment_scripts_only(auto_aim_interfaces)
[0.391s] DEBUG:colcon.colcon_core.event_handler.log_command:Invoked command in '/home/chakfan/double_model/build/auto_aim_interfaces' returned '0': CMAKE_PREFIX_PATH=${CMAKE_PREFIX_PATH}:/opt/ros/humble /usr/local/bin/cmake --install /home/chakfan/double_model/build/auto_aim_interfaces
[0.392s] Level 1:colcon.colcon_core.environment:checking '/home/chakfan/double_model/install/auto_aim_interfaces' for CMake module files
[0.392s] Level 1:colcon.colcon_core.environment:checking '/home/chakfan/double_model/install/auto_aim_interfaces' for CMake config files
[0.393s] Level 1:colcon.colcon_core.shell:create_environment_hook('auto_aim_interfaces', 'cmake_prefix_path')
[0.393s] INFO:colcon.colcon_core.shell:Creating environment hook '/home/chakfan/double_model/install/auto_aim_interfaces/share/auto_aim_interfaces/hook/cmake_prefix_path.ps1'
[0.393s] INFO:colcon.colcon_core.shell:Creating environment descriptor '/home/chakfan/double_model/install/auto_aim_interfaces/share/auto_aim_interfaces/hook/cmake_prefix_path.dsv'
[0.393s] INFO:colcon.colcon_core.shell:Creating environment hook '/home/chakfan/double_model/install/auto_aim_interfaces/share/auto_aim_interfaces/hook/cmake_prefix_path.sh'
[0.394s] Level 1:colcon.colcon_core.environment:checking '/home/chakfan/double_model/install/auto_aim_interfaces/lib'
[0.394s] Level 1:colcon.colcon_core.shell:create_environment_hook('auto_aim_interfaces', 'ld_library_path_lib')
[0.394s] INFO:colcon.colcon_core.shell:Creating environment hook '/home/chakfan/double_model/install/auto_aim_interfaces/share/auto_aim_interfaces/hook/ld_library_path_lib.ps1'
[0.394s] INFO:colcon.colcon_core.shell:Creating environment descriptor '/home/chakfan/double_model/install/auto_aim_interfaces/share/auto_aim_interfaces/hook/ld_library_path_lib.dsv'
[0.394s] INFO:colcon.colcon_core.shell:Creating environment hook '/home/chakfan/double_model/install/auto_aim_interfaces/share/auto_aim_interfaces/hook/ld_library_path_lib.sh'
[0.394s] Level 1:colcon.colcon_core.environment:checking '/home/chakfan/double_model/install/auto_aim_interfaces/bin'
[0.394s] Level 1:colcon.colcon_core.environment:checking '/home/chakfan/double_model/install/auto_aim_interfaces/lib/pkgconfig/auto_aim_interfaces.pc'
[0.394s] Level 1:colcon.colcon_core.environment:checking '/home/chakfan/double_model/install/auto_aim_interfaces/lib/python3.10/site-packages'
[0.395s] Level 1:colcon.colcon_core.environment:checking '/home/chakfan/double_model/install/auto_aim_interfaces/bin'
[0.395s] INFO:colcon.colcon_core.shell:Creating package script '/home/chakfan/double_model/install/auto_aim_interfaces/share/auto_aim_interfaces/package.ps1'
[0.395s] INFO:colcon.colcon_core.shell:Creating package descriptor '/home/chakfan/double_model/install/auto_aim_interfaces/share/auto_aim_interfaces/package.dsv'
[0.395s] INFO:colcon.colcon_core.shell:Creating package script '/home/chakfan/double_model/install/auto_aim_interfaces/share/auto_aim_interfaces/package.sh'
[0.396s] INFO:colcon.colcon_core.shell:Creating package script '/home/chakfan/double_model/install/auto_aim_interfaces/share/auto_aim_interfaces/package.bash'
[0.396s] INFO:colcon.colcon_core.shell:Creating package script '/home/chakfan/double_model/install/auto_aim_interfaces/share/auto_aim_interfaces/package.zsh'
[0.396s] Level 1:colcon.colcon_core.environment:create_file_with_runtime_dependencies(/home/chakfan/double_model/install/auto_aim_interfaces/share/colcon-core/packages/auto_aim_interfaces)
[0.397s] Level 1:colcon.colcon_core.environment:create_environment_scripts_only(auto_aim_interfaces)
[0.397s] Level 1:colcon.colcon_core.environment:checking '/home/chakfan/double_model/install/auto_aim_interfaces' for CMake module files
[0.397s] Level 1:colcon.colcon_core.environment:checking '/home/chakfan/double_model/install/auto_aim_interfaces' for CMake config files
[0.397s] Level 1:colcon.colcon_core.shell:create_environment_hook('auto_aim_interfaces', 'cmake_prefix_path')
[0.397s] INFO:colcon.colcon_core.shell:Creating environment hook '/home/chakfan/double_model/install/auto_aim_interfaces/share/auto_aim_interfaces/hook/cmake_prefix_path.ps1'
[0.397s] INFO:colcon.colcon_core.shell:Creating environment descriptor '/home/chakfan/double_model/install/auto_aim_interfaces/share/auto_aim_interfaces/hook/cmake_prefix_path.dsv'
[0.398s] INFO:colcon.colcon_core.shell:Creating environment hook '/home/chakfan/double_model/install/auto_aim_interfaces/share/auto_aim_interfaces/hook/cmake_prefix_path.sh'
[0.398s] Level 1:colcon.colcon_core.environment:checking '/home/chakfan/double_model/install/auto_aim_interfaces/lib'
[0.398s] Level 1:colcon.colcon_core.shell:create_environment_hook('auto_aim_interfaces', 'ld_library_path_lib')
[0.398s] INFO:colcon.colcon_core.shell:Creating environment hook '/home/chakfan/double_model/install/auto_aim_interfaces/share/auto_aim_interfaces/hook/ld_library_path_lib.ps1'
[0.398s] INFO:colcon.colcon_core.shell:Creating environment descriptor '/home/chakfan/double_model/install/auto_aim_interfaces/share/auto_aim_interfaces/hook/ld_library_path_lib.dsv'
[0.398s] INFO:colcon.colcon_core.shell:Creating environment hook '/home/chakfan/double_model/install/auto_aim_interfaces/share/auto_aim_interfaces/hook/ld_library_path_lib.sh'
[0.398s] Level 1:colcon.colcon_core.environment:checking '/home/chakfan/double_model/install/auto_aim_interfaces/bin'
[0.399s] Level 1:colcon.colcon_core.environment:checking '/home/chakfan/double_model/install/auto_aim_interfaces/lib/pkgconfig/auto_aim_interfaces.pc'
[0.399s] Level 1:colcon.colcon_core.environment:checking '/home/chakfan/double_model/install/auto_aim_interfaces/lib/python3.10/site-packages'
[0.399s] Level 1:colcon.colcon_core.environment:checking '/home/chakfan/double_model/install/auto_aim_interfaces/bin'
[0.399s] INFO:colcon.colcon_core.shell:Creating package script '/home/chakfan/double_model/install/auto_aim_interfaces/share/auto_aim_interfaces/package.ps1'
[0.399s] INFO:colcon.colcon_core.shell:Creating package descriptor '/home/chakfan/double_model/install/auto_aim_interfaces/share/auto_aim_interfaces/package.dsv'
[0.399s] INFO:colcon.colcon_core.shell:Creating package script '/home/chakfan/double_model/install/auto_aim_interfaces/share/auto_aim_interfaces/package.sh'
[0.400s] INFO:colcon.colcon_core.shell:Creating package script '/home/chakfan/double_model/install/auto_aim_interfaces/share/auto_aim_interfaces/package.bash'
[0.400s] INFO:colcon.colcon_core.shell:Creating package script '/home/chakfan/double_model/install/auto_aim_interfaces/share/auto_aim_interfaces/package.zsh'
[0.400s] Level 1:colcon.colcon_core.environment:create_file_with_runtime_dependencies(/home/chakfan/double_model/install/auto_aim_interfaces/share/colcon-core/packages/auto_aim_interfaces)
[0.400s] INFO:colcon.colcon_ros.task.ament_cmake.build:Building ROS package in '/home/chakfan/double_model/src/armor_tracker' with build type 'ament_cmake'
[0.400s] INFO:colcon.colcon_cmake.task.cmake.build:Building CMake package in '/home/chakfan/double_model/src/armor_tracker'
[0.400s] INFO:colcon.colcon_core.shell:Skip shell extension 'powershell' for command environment: Not usable outside of PowerShell
[0.400s] DEBUG:colcon.colcon_core.shell:Skip shell extension 'dsv' for command environment
[0.403s] INFO:colcon.colcon_ros.task.ament_cmake.build:Building ROS package in '/home/chakfan/double_model/src/filter_test' with build type 'ament_cmake'
[0.403s] INFO:colcon.colcon_cmake.task.cmake.build:Building CMake package in '/home/chakfan/double_model/src/filter_test'
[0.403s] INFO:colcon.colcon_core.shell:Skip shell extension 'powershell' for command environment: Not usable outside of PowerShell
[0.403s] DEBUG:colcon.colcon_core.shell:Skip shell extension 'dsv' for command environment
[0.410s] DEBUG:colcon.colcon_core.event_handler.log_command:Invoking command in '/home/chakfan/double_model/build/armor_tracker': CMAKE_PREFIX_PATH=/home/chakfan/double_model/install/auto_aim_interfaces:/home/chakfan/double_model/install/filter_test:/home/chakfan/double_model/install/armor_tracker:/opt/ros/humble LD_LIBRARY_PATH=/home/chakfan/double_model/install/auto_aim_interfaces/lib:/home/chakfan/double_model/install/filter_test/lib:/home/chakfan/double_model/install/armor_tracker/lib:/opt/MVS/lib/64:/opt/MVS/lib/32:/opt/MVS/lib/64:/opt/MVS/lib/32:/opt/MVS/lib/64:/opt/MVS/lib/32:/opt/ros/humble/opt/rviz_ogre_vendor/lib:/opt/ros/humble/lib/x86_64-linux-gnu:/opt/ros/humble/lib:/opt/MVS/lib/64:/opt/MVS/lib/32:/opt/MVS/lib/64:/opt/MVS/lib/32:/opt/MVS/lib/64:/opt/MVS/lib/32 /usr/local/bin/cmake --build /home/chakfan/double_model/build/armor_tracker -- -j32 -l32
[0.414s] DEBUG:colcon.colcon_core.event_handler.log_command:Invoking command in '/home/chakfan/double_model/build/filter_test': CMAKE_PREFIX_PATH=/home/chakfan/double_model/install/auto_aim_interfaces:/home/chakfan/double_model/install/filter_test:/home/chakfan/double_model/install/armor_tracker:/opt/ros/humble LD_LIBRARY_PATH=/home/chakfan/double_model/install/auto_aim_interfaces/lib:/home/chakfan/double_model/install/filter_test/lib:/home/chakfan/double_model/install/armor_tracker/lib:/opt/MVS/lib/64:/opt/MVS/lib/32:/opt/MVS/lib/64:/opt/MVS/lib/32:/opt/MVS/lib/64:/opt/MVS/lib/32:/opt/ros/humble/opt/rviz_ogre_vendor/lib:/opt/ros/humble/lib/x86_64-linux-gnu:/opt/ros/humble/lib:/opt/MVS/lib/64:/opt/MVS/lib/32:/opt/MVS/lib/64:/opt/MVS/lib/32:/opt/MVS/lib/64:/opt/MVS/lib/32 /usr/local/bin/cmake --build /home/chakfan/double_model/build/filter_test -- -j32 -l32
[0.623s] DEBUG:colcon.colcon_core.event_handler.log_command:Invoked command in '/home/chakfan/double_model/build/filter_test' returned '0': CMAKE_PREFIX_PATH=/home/chakfan/double_model/install/auto_aim_interfaces:/home/chakfan/double_model/install/filter_test:/home/chakfan/double_model/install/armor_tracker:/opt/ros/humble LD_LIBRARY_PATH=/home/chakfan/double_model/install/auto_aim_interfaces/lib:/home/chakfan/double_model/install/filter_test/lib:/home/chakfan/double_model/install/armor_tracker/lib:/opt/MVS/lib/64:/opt/MVS/lib/32:/opt/MVS/lib/64:/opt/MVS/lib/32:/opt/MVS/lib/64:/opt/MVS/lib/32:/opt/ros/humble/opt/rviz_ogre_vendor/lib:/opt/ros/humble/lib/x86_64-linux-gnu:/opt/ros/humble/lib:/opt/MVS/lib/64:/opt/MVS/lib/32:/opt/MVS/lib/64:/opt/MVS/lib/32:/opt/MVS/lib/64:/opt/MVS/lib/32 /usr/local/bin/cmake --build /home/chakfan/double_model/build/filter_test -- -j32 -l32
[0.625s] DEBUG:colcon.colcon_core.event_handler.log_command:Invoking command in '/home/chakfan/double_model/build/filter_test': CMAKE_PREFIX_PATH=/home/chakfan/double_model/install/auto_aim_interfaces:/home/chakfan/double_model/install/filter_test:/home/chakfan/double_model/install/armor_tracker:/opt/ros/humble LD_LIBRARY_PATH=/home/chakfan/double_model/install/auto_aim_interfaces/lib:/home/chakfan/double_model/install/filter_test/lib:/home/chakfan/double_model/install/armor_tracker/lib:/opt/MVS/lib/64:/opt/MVS/lib/32:/opt/MVS/lib/64:/opt/MVS/lib/32:/opt/MVS/lib/64:/opt/MVS/lib/32:/opt/ros/humble/opt/rviz_ogre_vendor/lib:/opt/ros/humble/lib/x86_64-linux-gnu:/opt/ros/humble/lib:/opt/MVS/lib/64:/opt/MVS/lib/32:/opt/MVS/lib/64:/opt/MVS/lib/32:/opt/MVS/lib/64:/opt/MVS/lib/32 /usr/local/bin/cmake --install /home/chakfan/double_model/build/filter_test
[0.671s] Level 1:colcon.colcon_core.environment:create_environment_scripts_only(filter_test)
[0.671s] Level 1:colcon.colcon_core.environment:checking '/home/chakfan/double_model/install/filter_test' for CMake module files
[0.673s] Level 1:colcon.colcon_core.environment:checking '/home/chakfan/double_model/install/filter_test' for CMake config files
[0.674s] DEBUG:colcon.colcon_core.event_handler.log_command:Invoked command in '/home/chakfan/double_model/build/filter_test' returned '0': CMAKE_PREFIX_PATH=/home/chakfan/double_model/install/auto_aim_interfaces:/home/chakfan/double_model/install/filter_test:/home/chakfan/double_model/install/armor_tracker:/opt/ros/humble LD_LIBRARY_PATH=/home/chakfan/double_model/install/auto_aim_interfaces/lib:/home/chakfan/double_model/install/filter_test/lib:/home/chakfan/double_model/install/armor_tracker/lib:/opt/MVS/lib/64:/opt/MVS/lib/32:/opt/MVS/lib/64:/opt/MVS/lib/32:/opt/MVS/lib/64:/opt/MVS/lib/32:/opt/ros/humble/opt/rviz_ogre_vendor/lib:/opt/ros/humble/lib/x86_64-linux-gnu:/opt/ros/humble/lib:/opt/MVS/lib/64:/opt/MVS/lib/32:/opt/MVS/lib/64:/opt/MVS/lib/32:/opt/MVS/lib/64:/opt/MVS/lib/32 /usr/local/bin/cmake --install /home/chakfan/double_model/build/filter_test
[0.674s] Level 1:colcon.colcon_core.shell:create_environment_hook('filter_test', 'cmake_prefix_path')
[0.674s] INFO:colcon.colcon_core.shell:Creating environment hook '/home/chakfan/double_model/install/filter_test/share/filter_test/hook/cmake_prefix_path.ps1'
[0.675s] INFO:colcon.colcon_core.shell:Creating environment descriptor '/home/chakfan/double_model/install/filter_test/share/filter_test/hook/cmake_prefix_path.dsv'
[0.675s] INFO:colcon.colcon_core.shell:Creating environment hook '/home/chakfan/double_model/install/filter_test/share/filter_test/hook/cmake_prefix_path.sh'
[0.676s] Level 1:colcon.colcon_core.environment:checking '/home/chakfan/double_model/install/filter_test/lib'
[0.676s] Level 1:colcon.colcon_core.shell:create_environment_hook('filter_test', 'ld_library_path_lib')
[0.676s] INFO:colcon.colcon_core.shell:Creating environment hook '/home/chakfan/double_model/install/filter_test/share/filter_test/hook/ld_library_path_lib.ps1'
[0.677s] INFO:colcon.colcon_core.shell:Creating environment descriptor '/home/chakfan/double_model/install/filter_test/share/filter_test/hook/ld_library_path_lib.dsv'
[0.677s] INFO:colcon.colcon_core.shell:Creating environment hook '/home/chakfan/double_model/install/filter_test/share/filter_test/hook/ld_library_path_lib.sh'
[0.677s] Level 1:colcon.colcon_core.environment:checking '/home/chakfan/double_model/install/filter_test/bin'
[0.677s] Level 1:colcon.colcon_core.environment:checking '/home/chakfan/double_model/install/filter_test/lib/pkgconfig/filter_test.pc'
[0.677s] Level 1:colcon.colcon_core.environment:checking '/home/chakfan/double_model/install/filter_test/lib/python3.10/site-packages'
[0.677s] Level 1:colcon.colcon_core.environment:checking '/home/chakfan/double_model/install/filter_test/bin'
[0.678s] INFO:colcon.colcon_core.shell:Creating package script '/home/chakfan/double_model/install/filter_test/share/filter_test/package.ps1'
[0.678s] INFO:colcon.colcon_core.shell:Creating package descriptor '/home/chakfan/double_model/install/filter_test/share/filter_test/package.dsv'
[0.678s] INFO:colcon.colcon_core.shell:Creating package script '/home/chakfan/double_model/install/filter_test/share/filter_test/package.sh'
[0.678s] INFO:colcon.colcon_core.shell:Creating package script '/home/chakfan/double_model/install/filter_test/share/filter_test/package.bash'
[0.679s] INFO:colcon.colcon_core.shell:Creating package script '/home/chakfan/double_model/install/filter_test/share/filter_test/package.zsh'
[0.679s] Level 1:colcon.colcon_core.environment:create_file_with_runtime_dependencies(/home/chakfan/double_model/install/filter_test/share/colcon-core/packages/filter_test)
[0.679s] Level 1:colcon.colcon_core.environment:create_environment_scripts_only(filter_test)
[0.679s] Level 1:colcon.colcon_core.environment:checking '/home/chakfan/double_model/install/filter_test' for CMake module files
[0.680s] Level 1:colcon.colcon_core.environment:checking '/home/chakfan/double_model/install/filter_test' for CMake config files
[0.680s] Level 1:colcon.colcon_core.shell:create_environment_hook('filter_test', 'cmake_prefix_path')
[0.680s] INFO:colcon.colcon_core.shell:Creating environment hook '/home/chakfan/double_model/install/filter_test/share/filter_test/hook/cmake_prefix_path.ps1'
[0.680s] INFO:colcon.colcon_core.shell:Creating environment descriptor '/home/chakfan/double_model/install/filter_test/share/filter_test/hook/cmake_prefix_path.dsv'
[0.680s] INFO:colcon.colcon_core.shell:Creating environment hook '/home/chakfan/double_model/install/filter_test/share/filter_test/hook/cmake_prefix_path.sh'
[0.681s] Level 1:colcon.colcon_core.environment:checking '/home/chakfan/double_model/install/filter_test/lib'
[0.681s] Level 1:colcon.colcon_core.shell:create_environment_hook('filter_test', 'ld_library_path_lib')
[0.681s] INFO:colcon.colcon_core.shell:Creating environment hook '/home/chakfan/double_model/install/filter_test/share/filter_test/hook/ld_library_path_lib.ps1'
[0.681s] INFO:colcon.colcon_core.shell:Creating environment descriptor '/home/chakfan/double_model/install/filter_test/share/filter_test/hook/ld_library_path_lib.dsv'
[0.681s] INFO:colcon.colcon_core.shell:Creating environment hook '/home/chakfan/double_model/install/filter_test/share/filter_test/hook/ld_library_path_lib.sh'
[0.681s] Level 1:colcon.colcon_core.environment:checking '/home/chakfan/double_model/install/filter_test/bin'
[0.681s] Level 1:colcon.colcon_core.environment:checking '/home/chakfan/double_model/install/filter_test/lib/pkgconfig/filter_test.pc'
[0.682s] Level 1:colcon.colcon_core.environment:checking '/home/chakfan/double_model/install/filter_test/lib/python3.10/site-packages'
[0.682s] Level 1:colcon.colcon_core.environment:checking '/home/chakfan/double_model/install/filter_test/bin'
[0.682s] INFO:colcon.colcon_core.shell:Creating package script '/home/chakfan/double_model/install/filter_test/share/filter_test/package.ps1'
[0.682s] INFO:colcon.colcon_core.shell:Creating package descriptor '/home/chakfan/double_model/install/filter_test/share/filter_test/package.dsv'
[0.683s] INFO:colcon.colcon_core.shell:Creating package script '/home/chakfan/double_model/install/filter_test/share/filter_test/package.sh'
[0.683s] INFO:colcon.colcon_core.shell:Creating package script '/home/chakfan/double_model/install/filter_test/share/filter_test/package.bash'
[0.683s] INFO:colcon.colcon_core.shell:Creating package script '/home/chakfan/double_model/install/filter_test/share/filter_test/package.zsh'
[0.683s] Level 1:colcon.colcon_core.environment:create_file_with_runtime_dependencies(/home/chakfan/double_model/install/filter_test/share/colcon-core/packages/filter_test)
[8.713s] DEBUG:colcon.colcon_core.event_handler.log_command:Invoked command in '/home/chakfan/double_model/build/armor_tracker' returned '0': CMAKE_PREFIX_PATH=/home/chakfan/double_model/install/auto_aim_interfaces:/home/chakfan/double_model/install/filter_test:/home/chakfan/double_model/install/armor_tracker:/opt/ros/humble LD_LIBRARY_PATH=/home/chakfan/double_model/install/auto_aim_interfaces/lib:/home/chakfan/double_model/install/filter_test/lib:/home/chakfan/double_model/install/armor_tracker/lib:/opt/MVS/lib/64:/opt/MVS/lib/32:/opt/MVS/lib/64:/opt/MVS/lib/32:/opt/MVS/lib/64:/opt/MVS/lib/32:/opt/ros/humble/opt/rviz_ogre_vendor/lib:/opt/ros/humble/lib/x86_64-linux-gnu:/opt/ros/humble/lib:/opt/MVS/lib/64:/opt/MVS/lib/32:/opt/MVS/lib/64:/opt/MVS/lib/32:/opt/MVS/lib/64:/opt/MVS/lib/32 /usr/local/bin/cmake --build /home/chakfan/double_model/build/armor_tracker -- -j32 -l32
[8.714s] DEBUG:colcon.colcon_core.event_handler.log_command:Invoking command in '/home/chakfan/double_model/build/armor_tracker': CMAKE_PREFIX_PATH=/home/chakfan/double_model/install/auto_aim_interfaces:/home/chakfan/double_model/install/filter_test:/home/chakfan/double_model/install/armor_tracker:/opt/ros/humble LD_LIBRARY_PATH=/home/chakfan/double_model/install/auto_aim_interfaces/lib:/home/chakfan/double_model/install/filter_test/lib:/home/chakfan/double_model/install/armor_tracker/lib:/opt/MVS/lib/64:/opt/MVS/lib/32:/opt/MVS/lib/64:/opt/MVS/lib/32:/opt/MVS/lib/64:/opt/MVS/lib/32:/opt/ros/humble/opt/rviz_ogre_vendor/lib:/opt/ros/humble/lib/x86_64-linux-gnu:/opt/ros/humble/lib:/opt/MVS/lib/64:/opt/MVS/lib/32:/opt/MVS/lib/64:/opt/MVS/lib/32:/opt/MVS/lib/64:/opt/MVS/lib/32 /usr/local/bin/cmake --install /home/chakfan/double_model/build/armor_tracker
[8.732s] Level 1:colcon.colcon_core.environment:create_environment_scripts_only(armor_tracker)
[8.732s] Level 1:colcon.colcon_core.environment:checking '/home/chakfan/double_model/install/armor_tracker' for CMake module files
[8.733s] DEBUG:colcon.colcon_core.event_handler.log_command:Invoked command in '/home/chakfan/double_model/build/armor_tracker' returned '0': CMAKE_PREFIX_PATH=/home/chakfan/double_model/install/auto_aim_interfaces:/home/chakfan/double_model/install/filter_test:/home/chakfan/double_model/install/armor_tracker:/opt/ros/humble LD_LIBRARY_PATH=/home/chakfan/double_model/install/auto_aim_interfaces/lib:/home/chakfan/double_model/install/filter_test/lib:/home/chakfan/double_model/install/armor_tracker/lib:/opt/MVS/lib/64:/opt/MVS/lib/32:/opt/MVS/lib/64:/opt/MVS/lib/32:/opt/MVS/lib/64:/opt/MVS/lib/32:/opt/ros/humble/opt/rviz_ogre_vendor/lib:/opt/ros/humble/lib/x86_64-linux-gnu:/opt/ros/humble/lib:/opt/MVS/lib/64:/opt/MVS/lib/32:/opt/MVS/lib/64:/opt/MVS/lib/32:/opt/MVS/lib/64:/opt/MVS/lib/32 /usr/local/bin/cmake --install /home/chakfan/double_model/build/armor_tracker
[8.733s] Level 1:colcon.colcon_core.environment:checking '/home/chakfan/double_model/install/armor_tracker' for CMake config files
[8.733s] Level 1:colcon.colcon_core.shell:create_environment_hook('armor_tracker', 'cmake_prefix_path')
[8.733s] INFO:colcon.colcon_core.shell:Creating environment hook '/home/chakfan/double_model/install/armor_tracker/share/armor_tracker/hook/cmake_prefix_path.ps1'
[8.734s] INFO:colcon.colcon_core.shell:Creating environment descriptor '/home/chakfan/double_model/install/armor_tracker/share/armor_tracker/hook/cmake_prefix_path.dsv'
[8.734s] INFO:colcon.colcon_core.shell:Creating environment hook '/home/chakfan/double_model/install/armor_tracker/share/armor_tracker/hook/cmake_prefix_path.sh'
[8.734s] Level 1:colcon.colcon_core.environment:checking '/home/chakfan/double_model/install/armor_tracker/lib'
[8.734s] Level 1:colcon.colcon_core.shell:create_environment_hook('armor_tracker', 'ld_library_path_lib')
[8.734s] INFO:colcon.colcon_core.shell:Creating environment hook '/home/chakfan/double_model/install/armor_tracker/share/armor_tracker/hook/ld_library_path_lib.ps1'
[8.735s] INFO:colcon.colcon_core.shell:Creating environment descriptor '/home/chakfan/double_model/install/armor_tracker/share/armor_tracker/hook/ld_library_path_lib.dsv'
[8.735s] INFO:colcon.colcon_core.shell:Creating environment hook '/home/chakfan/double_model/install/armor_tracker/share/armor_tracker/hook/ld_library_path_lib.sh'
[8.735s] Level 1:colcon.colcon_core.environment:checking '/home/chakfan/double_model/install/armor_tracker/bin'
[8.735s] Level 1:colcon.colcon_core.environment:checking '/home/chakfan/double_model/install/armor_tracker/lib/pkgconfig/armor_tracker.pc'
[8.735s] Level 1:colcon.colcon_core.environment:checking '/home/chakfan/double_model/install/armor_tracker/lib/python3.10/site-packages'
[8.735s] Level 1:colcon.colcon_core.environment:checking '/home/chakfan/double_model/install/armor_tracker/bin'
[8.736s] INFO:colcon.colcon_core.shell:Creating package script '/home/chakfan/double_model/install/armor_tracker/share/armor_tracker/package.ps1'
[8.736s] INFO:colcon.colcon_core.shell:Creating package descriptor '/home/chakfan/double_model/install/armor_tracker/share/armor_tracker/package.dsv'
[8.736s] INFO:colcon.colcon_core.shell:Creating package script '/home/chakfan/double_model/install/armor_tracker/share/armor_tracker/package.sh'
[8.736s] INFO:colcon.colcon_core.shell:Creating package script '/home/chakfan/double_model/install/armor_tracker/share/armor_tracker/package.bash'
[8.737s] INFO:colcon.colcon_core.shell:Creating package script '/home/chakfan/double_model/install/armor_tracker/share/armor_tracker/package.zsh'
[8.737s] Level 1:colcon.colcon_core.environment:create_file_with_runtime_dependencies(/home/chakfan/double_model/install/armor_tracker/share/colcon-core/packages/armor_tracker)
[8.737s] Level 1:colcon.colcon_core.environment:create_environment_scripts_only(armor_tracker)
[8.737s] Level 1:colcon.colcon_core.environment:checking '/home/chakfan/double_model/install/armor_tracker' for CMake module files
[8.737s] Level 1:colcon.colcon_core.environment:checking '/home/chakfan/double_model/install/armor_tracker' for CMake config files
[8.738s] Level 1:colcon.colcon_core.shell:create_environment_hook('armor_tracker', 'cmake_prefix_path')
[8.738s] INFO:colcon.colcon_core.shell:Creating environment hook '/home/chakfan/double_model/install/armor_tracker/share/armor_tracker/hook/cmake_prefix_path.ps1'
[8.738s] INFO:colcon.colcon_core.shell:Creating environment descriptor '/home/chakfan/double_model/install/armor_tracker/share/armor_tracker/hook/cmake_prefix_path.dsv'
[8.738s] INFO:colcon.colcon_core.shell:Creating environment hook '/home/chakfan/double_model/install/armor_tracker/share/armor_tracker/hook/cmake_prefix_path.sh'
[8.738s] Level 1:colcon.colcon_core.environment:checking '/home/chakfan/double_model/install/armor_tracker/lib'
[8.738s] Level 1:colcon.colcon_core.shell:create_environment_hook('armor_tracker', 'ld_library_path_lib')
[8.738s] INFO:colcon.colcon_core.shell:Creating environment hook '/home/chakfan/double_model/install/armor_tracker/share/armor_tracker/hook/ld_library_path_lib.ps1'
[8.739s] INFO:colcon.colcon_core.shell:Creating environment descriptor '/home/chakfan/double_model/install/armor_tracker/share/armor_tracker/hook/ld_library_path_lib.dsv'
[8.739s] INFO:colcon.colcon_core.shell:Creating environment hook '/home/chakfan/double_model/install/armor_tracker/share/armor_tracker/hook/ld_library_path_lib.sh'
[8.739s] Level 1:colcon.colcon_core.environment:checking '/home/chakfan/double_model/install/armor_tracker/bin'
[8.739s] Level 1:colcon.colcon_core.environment:checking '/home/chakfan/double_model/install/armor_tracker/lib/pkgconfig/armor_tracker.pc'
[8.739s] Level 1:colcon.colcon_core.environment:checking '/home/chakfan/double_model/install/armor_tracker/lib/python3.10/site-packages'
[8.739s] Level 1:colcon.colcon_core.environment:checking '/home/chakfan/double_model/install/armor_tracker/bin'
[8.740s] INFO:colcon.colcon_core.shell:Creating package script '/home/chakfan/double_model/install/armor_tracker/share/armor_tracker/package.ps1'
[8.740s] INFO:colcon.colcon_core.shell:Creating package descriptor '/home/chakfan/double_model/install/armor_tracker/share/armor_tracker/package.dsv'
[8.740s] INFO:colcon.colcon_core.shell:Creating package script '/home/chakfan/double_model/install/armor_tracker/share/armor_tracker/package.sh'
[8.741s] INFO:colcon.colcon_core.shell:Creating package script '/home/chakfan/double_model/install/armor_tracker/share/armor_tracker/package.bash'
[8.741s] INFO:colcon.colcon_core.shell:Creating package script '/home/chakfan/double_model/install/armor_tracker/share/armor_tracker/package.zsh'
[8.741s] Level 1:colcon.colcon_core.environment:create_file_with_runtime_dependencies(/home/chakfan/double_model/install/armor_tracker/share/colcon-core/packages/armor_tracker)
[8.741s] DEBUG:colcon.colcon_parallel_executor.executor.parallel:closing loop
[8.741s] DEBUG:colcon.colcon_parallel_executor.executor.parallel:loop closed
[8.742s] DEBUG:colcon.colcon_parallel_executor.executor.parallel:run_until_complete finished with '0'
[8.742s] DEBUG:colcon.colcon_core.event_reactor:joining thread
[8.744s] INFO:colcon.colcon_core.plugin_system:Skipping extension 'colcon_notification.desktop_notification.terminal_notifier': Not used on non-Darwin systems
[8.744s] INFO:colcon.colcon_core.plugin_system:Skipping extension 'colcon_notification.desktop_notification.win32': Not used on non-Windows systems
[8.744s] INFO:colcon.colcon_notification.desktop_notification:Sending desktop notification using 'notify2'
[8.755s] DEBUG:colcon.colcon_core.event_reactor:joined thread
[8.755s] INFO:colcon.colcon_core.shell:Creating prefix script '/home/chakfan/double_model/install/local_setup.ps1'
[8.756s] INFO:colcon.colcon_core.shell:Creating prefix util module '/home/chakfan/double_model/install/_local_setup_util_ps1.py'
[8.757s] INFO:colcon.colcon_core.shell:Creating prefix chain script '/home/chakfan/double_model/install/setup.ps1'
[8.757s] INFO:colcon.colcon_core.shell:Creating prefix script '/home/chakfan/double_model/install/local_setup.sh'
[8.758s] INFO:colcon.colcon_core.shell:Creating prefix util module '/home/chakfan/double_model/install/_local_setup_util_sh.py'
[8.758s] INFO:colcon.colcon_core.shell:Creating prefix chain script '/home/chakfan/double_model/install/setup.sh'
[8.758s] INFO:colcon.colcon_core.shell:Creating prefix script '/home/chakfan/double_model/install/local_setup.bash'
[8.759s] INFO:colcon.colcon_core.shell:Creating prefix chain script '/home/chakfan/double_model/install/setup.bash'
[8.759s] INFO:colcon.colcon_core.shell:Creating prefix script '/home/chakfan/double_model/install/local_setup.zsh'
[8.759s] INFO:colcon.colcon_core.shell:Creating prefix chain script '/home/chakfan/double_model/install/setup.zsh'
