[0.009s] Invoking command in '/home/chakfan/double_model/build/armor_tracker': CMAKE_PREFIX_PATH=/home/chakfan/double_model/install/auto_aim_interfaces:/home/chakfan/double_model/install/filter_test:/home/chakfan/double_model/install/armor_tracker:/opt/ros/humble LD_LIBRARY_PATH=/home/chakfan/double_model/install/auto_aim_interfaces/lib:/home/chakfan/double_model/install/filter_test/lib:/home/chakfan/double_model/install/armor_tracker/lib:/opt/MVS/lib/64:/opt/MVS/lib/32:/opt/MVS/lib/64:/opt/MVS/lib/32:/opt/MVS/lib/64:/opt/MVS/lib/32:/opt/ros/humble/opt/rviz_ogre_vendor/lib:/opt/ros/humble/lib/x86_64-linux-gnu:/opt/ros/humble/lib:/opt/MVS/lib/64:/opt/MVS/lib/32:/opt/MVS/lib/64:/opt/MVS/lib/32:/opt/MVS/lib/64:/opt/MVS/lib/32 /usr/local/bin/cmake --build /home/chakfan/double_model/build/armor_tracker -- -j32 -l32
[0.039s] [ 22%] Built target armor_tracker_node
[0.062s] [ 33%] [32mBuilding CXX object CMakeFiles/armor_tracker.dir/src/tracker.cpp.o[0m
[7.506s] [ 44%] [32m[1mLinking CXX shared library libarmor_tracker.so[0m
[8.010s] [100%] Built target armor_tracker
[8.016s] Invoked command in '/home/chakfan/double_model/build/armor_tracker' returned '0': CMAKE_PREFIX_PATH=/home/chakfan/double_model/install/auto_aim_interfaces:/home/chakfan/double_model/install/filter_test:/home/chakfan/double_model/install/armor_tracker:/opt/ros/humble LD_LIBRARY_PATH=/home/chakfan/double_model/install/auto_aim_interfaces/lib:/home/chakfan/double_model/install/filter_test/lib:/home/chakfan/double_model/install/armor_tracker/lib:/opt/MVS/lib/64:/opt/MVS/lib/32:/opt/MVS/lib/64:/opt/MVS/lib/32:/opt/MVS/lib/64:/opt/MVS/lib/32:/opt/ros/humble/opt/rviz_ogre_vendor/lib:/opt/ros/humble/lib/x86_64-linux-gnu:/opt/ros/humble/lib:/opt/MVS/lib/64:/opt/MVS/lib/32:/opt/MVS/lib/64:/opt/MVS/lib/32:/opt/MVS/lib/64:/opt/MVS/lib/32 /usr/local/bin/cmake --build /home/chakfan/double_model/build/armor_tracker -- -j32 -l32
[8.017s] Invoking command in '/home/chakfan/double_model/build/armor_tracker': CMAKE_PREFIX_PATH=/home/chakfan/double_model/install/auto_aim_interfaces:/home/chakfan/double_model/install/filter_test:/home/chakfan/double_model/install/armor_tracker:/opt/ros/humble LD_LIBRARY_PATH=/home/chakfan/double_model/install/auto_aim_interfaces/lib:/home/chakfan/double_model/install/filter_test/lib:/home/chakfan/double_model/install/armor_tracker/lib:/opt/MVS/lib/64:/opt/MVS/lib/32:/opt/MVS/lib/64:/opt/MVS/lib/32:/opt/MVS/lib/64:/opt/MVS/lib/32:/opt/ros/humble/opt/rviz_ogre_vendor/lib:/opt/ros/humble/lib/x86_64-linux-gnu:/opt/ros/humble/lib:/opt/MVS/lib/64:/opt/MVS/lib/32:/opt/MVS/lib/64:/opt/MVS/lib/32:/opt/MVS/lib/64:/opt/MVS/lib/32 /usr/local/bin/cmake --install /home/chakfan/double_model/build/armor_tracker
[8.020s] -- Install configuration: ""
[8.020s] -- Up-to-date: /home/chakfan/double_model/install/armor_tracker/lib/armor_tracker/armor_tracker_node
[8.020s] -- Up-to-date: /home/chakfan/double_model/install/armor_tracker/include
[8.020s] -- Up-to-date: /home/chakfan/double_model/install/armor_tracker/include/armor_tracker
[8.020s] -- Up-to-date: /home/chakfan/double_model/install/armor_tracker/include/armor_tracker/tracker_node.hpp
[8.020s] -- Up-to-date: /home/chakfan/double_model/install/armor_tracker/include/armor_tracker/filter
[8.020s] -- Up-to-date: /home/chakfan/double_model/install/armor_tracker/include/armor_tracker/filter/kalman_filter.hpp
[8.020s] -- Up-to-date: /home/chakfan/double_model/install/armor_tracker/include/armor_tracker/filter/extended_kalman_filter.hpp
[8.020s] -- Up-to-date: /home/chakfan/double_model/install/armor_tracker/include/armor_tracker/tracker.hpp
[8.020s] -- Up-to-date: /home/chakfan/double_model/install/armor_tracker/include/armor_tracker/motion
[8.020s] -- Up-to-date: /home/chakfan/double_model/install/armor_tracker/include/armor_tracker/motion/armor_model.hpp
[8.020s] -- Up-to-date: /home/chakfan/double_model/install/armor_tracker/include/armor_tracker/motion/enemy_model.hpp
[8.020s] -- Up-to-date: /home/chakfan/double_model/install/armor_tracker/include/armor_tracker/common.hpp
[8.020s] -- Up-to-date: /home/chakfan/double_model/install/armor_tracker/share/armor_tracker/environment/library_path.sh
[8.020s] -- Up-to-date: /home/chakfan/double_model/install/armor_tracker/share/armor_tracker/environment/library_path.dsv
[8.020s] -- Installing: /home/chakfan/double_model/install/armor_tracker/lib/libarmor_tracker.so
[8.029s] -- Set non-toolchain portion of runtime path of "/home/chakfan/double_model/install/armor_tracker/lib/libarmor_tracker.so" to ""
[8.029s] -- Up-to-date: /home/chakfan/double_model/install/armor_tracker/share/ament_index/resource_index/package_run_dependencies/armor_tracker
[8.029s] -- Up-to-date: /home/chakfan/double_model/install/armor_tracker/share/ament_index/resource_index/parent_prefix_path/armor_tracker
[8.029s] -- Up-to-date: /home/chakfan/double_model/install/armor_tracker/share/armor_tracker/environment/ament_prefix_path.sh
[8.029s] -- Up-to-date: /home/chakfan/double_model/install/armor_tracker/share/armor_tracker/environment/ament_prefix_path.dsv
[8.030s] -- Up-to-date: /home/chakfan/double_model/install/armor_tracker/share/armor_tracker/environment/path.sh
[8.030s] -- Up-to-date: /home/chakfan/double_model/install/armor_tracker/share/armor_tracker/environment/path.dsv
[8.030s] -- Up-to-date: /home/chakfan/double_model/install/armor_tracker/share/armor_tracker/local_setup.bash
[8.030s] -- Up-to-date: /home/chakfan/double_model/install/armor_tracker/share/armor_tracker/local_setup.sh
[8.030s] -- Up-to-date: /home/chakfan/double_model/install/armor_tracker/share/armor_tracker/local_setup.zsh
[8.030s] -- Up-to-date: /home/chakfan/double_model/install/armor_tracker/share/armor_tracker/local_setup.dsv
[8.030s] -- Installing: /home/chakfan/double_model/install/armor_tracker/share/armor_tracker/package.dsv
[8.030s] -- Up-to-date: /home/chakfan/double_model/install/armor_tracker/share/ament_index/resource_index/packages/armor_tracker
[8.030s] -- Up-to-date: /home/chakfan/double_model/install/armor_tracker/share/ament_index/resource_index/rclcpp_components/armor_tracker
[8.030s] -- Up-to-date: /home/chakfan/double_model/install/armor_tracker/share/armor_tracker/cmake/ament_cmake_export_dependencies-extras.cmake
[8.030s] -- Up-to-date: /home/chakfan/double_model/install/armor_tracker/share/armor_tracker/cmake/ament_cmake_export_include_directories-extras.cmake
[8.030s] -- Up-to-date: /home/chakfan/double_model/install/armor_tracker/share/armor_tracker/cmake/ament_cmake_export_libraries-extras.cmake
[8.030s] -- Up-to-date: /home/chakfan/double_model/install/armor_tracker/share/armor_tracker/cmake/armor_trackerConfig.cmake
[8.030s] -- Up-to-date: /home/chakfan/double_model/install/armor_tracker/share/armor_tracker/cmake/armor_trackerConfig-version.cmake
[8.030s] -- Up-to-date: /home/chakfan/double_model/install/armor_tracker/share/armor_tracker/package.xml
[8.031s] Invoked command in '/home/chakfan/double_model/build/armor_tracker' returned '0': CMAKE_PREFIX_PATH=/home/chakfan/double_model/install/auto_aim_interfaces:/home/chakfan/double_model/install/filter_test:/home/chakfan/double_model/install/armor_tracker:/opt/ros/humble LD_LIBRARY_PATH=/home/chakfan/double_model/install/auto_aim_interfaces/lib:/home/chakfan/double_model/install/filter_test/lib:/home/chakfan/double_model/install/armor_tracker/lib:/opt/MVS/lib/64:/opt/MVS/lib/32:/opt/MVS/lib/64:/opt/MVS/lib/32:/opt/MVS/lib/64:/opt/MVS/lib/32:/opt/ros/humble/opt/rviz_ogre_vendor/lib:/opt/ros/humble/lib/x86_64-linux-gnu:/opt/ros/humble/lib:/opt/MVS/lib/64:/opt/MVS/lib/32:/opt/MVS/lib/64:/opt/MVS/lib/32:/opt/MVS/lib/64:/opt/MVS/lib/32 /usr/local/bin/cmake --install /home/chakfan/double_model/build/armor_tracker
