[0.010s] Invoking command in '/home/chakfan/double_model/build/armor_tracker': CMAKE_PREFIX_PATH=/home/chakfan/double_model/install/auto_aim_interfaces:/home/chakfan/double_model/install/filter_test:/home/chakfan/double_model/install/armor_tracker:/opt/ros/humble LD_LIBRARY_PATH=/home/chakfan/double_model/install/auto_aim_interfaces/lib:/home/chakfan/double_model/install/filter_test/lib:/home/chakfan/double_model/install/armor_tracker/lib:/opt/MVS/lib/64:/opt/MVS/lib/32:/opt/MVS/lib/64:/opt/MVS/lib/32:/opt/MVS/lib/64:/opt/MVS/lib/32:/opt/ros/humble/opt/rviz_ogre_vendor/lib:/opt/ros/humble/lib/x86_64-linux-gnu:/opt/ros/humble/lib:/opt/MVS/lib/64:/opt/MVS/lib/32:/opt/MVS/lib/64:/opt/MVS/lib/32:/opt/MVS/lib/64:/opt/MVS/lib/32 /usr/local/bin/cmake --build /home/chakfan/double_model/build/armor_tracker -- -j32 -l32
[0.042s] [ 22%] Built target armor_tracker_node
[0.055s] [ 33%] [32mBuilding CXX object CMakeFiles/armor_tracker.dir/src/motion/armor_model.cpp.o[0m
[0.058s] [ 44%] [32mBuilding CXX object CMakeFiles/armor_tracker.dir/src/tracker.cpp.o[0m
[0.059s] [ 55%] [32mBuilding CXX object CMakeFiles/armor_tracker.dir/src/tracker_node.cpp.o[0m
[8.963s] [ 66%] [32m[1mLinking CXX shared library libarmor_tracker.so[0m
[9.543s] [100%] Built target armor_tracker
[9.549s] Invoked command in '/home/chakfan/double_model/build/armor_tracker' returned '0': CMAKE_PREFIX_PATH=/home/chakfan/double_model/install/auto_aim_interfaces:/home/chakfan/double_model/install/filter_test:/home/chakfan/double_model/install/armor_tracker:/opt/ros/humble LD_LIBRARY_PATH=/home/chakfan/double_model/install/auto_aim_interfaces/lib:/home/chakfan/double_model/install/filter_test/lib:/home/chakfan/double_model/install/armor_tracker/lib:/opt/MVS/lib/64:/opt/MVS/lib/32:/opt/MVS/lib/64:/opt/MVS/lib/32:/opt/MVS/lib/64:/opt/MVS/lib/32:/opt/ros/humble/opt/rviz_ogre_vendor/lib:/opt/ros/humble/lib/x86_64-linux-gnu:/opt/ros/humble/lib:/opt/MVS/lib/64:/opt/MVS/lib/32:/opt/MVS/lib/64:/opt/MVS/lib/32:/opt/MVS/lib/64:/opt/MVS/lib/32 /usr/local/bin/cmake --build /home/chakfan/double_model/build/armor_tracker -- -j32 -l32
[9.550s] Invoking command in '/home/chakfan/double_model/build/armor_tracker': CMAKE_PREFIX_PATH=/home/chakfan/double_model/install/auto_aim_interfaces:/home/chakfan/double_model/install/filter_test:/home/chakfan/double_model/install/armor_tracker:/opt/ros/humble LD_LIBRARY_PATH=/home/chakfan/double_model/install/auto_aim_interfaces/lib:/home/chakfan/double_model/install/filter_test/lib:/home/chakfan/double_model/install/armor_tracker/lib:/opt/MVS/lib/64:/opt/MVS/lib/32:/opt/MVS/lib/64:/opt/MVS/lib/32:/opt/MVS/lib/64:/opt/MVS/lib/32:/opt/ros/humble/opt/rviz_ogre_vendor/lib:/opt/ros/humble/lib/x86_64-linux-gnu:/opt/ros/humble/lib:/opt/MVS/lib/64:/opt/MVS/lib/32:/opt/MVS/lib/64:/opt/MVS/lib/32:/opt/MVS/lib/64:/opt/MVS/lib/32 /usr/local/bin/cmake --install /home/chakfan/double_model/build/armor_tracker
[9.553s] -- Install configuration: ""
[9.553s] -- Up-to-date: /home/chakfan/double_model/install/armor_tracker/lib/armor_tracker/armor_tracker_node
[9.553s] -- Up-to-date: /home/chakfan/double_model/install/armor_tracker/include
[9.553s] -- Up-to-date: /home/chakfan/double_model/install/armor_tracker/include/armor_tracker
[9.553s] -- Up-to-date: /home/chakfan/double_model/install/armor_tracker/include/armor_tracker/tracker_node.hpp
[9.553s] -- Up-to-date: /home/chakfan/double_model/install/armor_tracker/include/armor_tracker/filter
[9.553s] -- Up-to-date: /home/chakfan/double_model/install/armor_tracker/include/armor_tracker/filter/kalman_filter.hpp
[9.553s] -- Up-to-date: /home/chakfan/double_model/install/armor_tracker/include/armor_tracker/filter/extended_kalman_filter.hpp
[9.554s] -- Up-to-date: /home/chakfan/double_model/install/armor_tracker/include/armor_tracker/tracker.hpp
[9.554s] -- Up-to-date: /home/chakfan/double_model/install/armor_tracker/include/armor_tracker/motion
[9.554s] -- Installing: /home/chakfan/double_model/install/armor_tracker/include/armor_tracker/motion/armor_model.hpp
[9.554s] -- Up-to-date: /home/chakfan/double_model/install/armor_tracker/include/armor_tracker/motion/enemy_model.hpp
[9.554s] -- Up-to-date: /home/chakfan/double_model/install/armor_tracker/include/armor_tracker/common.hpp
[9.554s] -- Up-to-date: /home/chakfan/double_model/install/armor_tracker/share/armor_tracker/environment/library_path.sh
[9.554s] -- Up-to-date: /home/chakfan/double_model/install/armor_tracker/share/armor_tracker/environment/library_path.dsv
[9.554s] -- Installing: /home/chakfan/double_model/install/armor_tracker/lib/libarmor_tracker.so
[9.562s] -- Set non-toolchain portion of runtime path of "/home/chakfan/double_model/install/armor_tracker/lib/libarmor_tracker.so" to ""
[9.562s] -- Up-to-date: /home/chakfan/double_model/install/armor_tracker/share/ament_index/resource_index/package_run_dependencies/armor_tracker
[9.562s] -- Up-to-date: /home/chakfan/double_model/install/armor_tracker/share/ament_index/resource_index/parent_prefix_path/armor_tracker
[9.562s] -- Up-to-date: /home/chakfan/double_model/install/armor_tracker/share/armor_tracker/environment/ament_prefix_path.sh
[9.562s] -- Up-to-date: /home/chakfan/double_model/install/armor_tracker/share/armor_tracker/environment/ament_prefix_path.dsv
[9.562s] -- Up-to-date: /home/chakfan/double_model/install/armor_tracker/share/armor_tracker/environment/path.sh
[9.562s] -- Up-to-date: /home/chakfan/double_model/install/armor_tracker/share/armor_tracker/environment/path.dsv
[9.562s] -- Up-to-date: /home/chakfan/double_model/install/armor_tracker/share/armor_tracker/local_setup.bash
[9.562s] -- Up-to-date: /home/chakfan/double_model/install/armor_tracker/share/armor_tracker/local_setup.sh
[9.562s] -- Up-to-date: /home/chakfan/double_model/install/armor_tracker/share/armor_tracker/local_setup.zsh
[9.562s] -- Up-to-date: /home/chakfan/double_model/install/armor_tracker/share/armor_tracker/local_setup.dsv
[9.563s] -- Installing: /home/chakfan/double_model/install/armor_tracker/share/armor_tracker/package.dsv
[9.563s] -- Up-to-date: /home/chakfan/double_model/install/armor_tracker/share/ament_index/resource_index/packages/armor_tracker
[9.563s] -- Up-to-date: /home/chakfan/double_model/install/armor_tracker/share/ament_index/resource_index/rclcpp_components/armor_tracker
[9.563s] -- Up-to-date: /home/chakfan/double_model/install/armor_tracker/share/armor_tracker/cmake/ament_cmake_export_dependencies-extras.cmake
[9.564s] -- Up-to-date: /home/chakfan/double_model/install/armor_tracker/share/armor_tracker/cmake/ament_cmake_export_include_directories-extras.cmake
[9.564s] -- Up-to-date: /home/chakfan/double_model/install/armor_tracker/share/armor_tracker/cmake/ament_cmake_export_libraries-extras.cmake
[9.564s] -- Up-to-date: /home/chakfan/double_model/install/armor_tracker/share/armor_tracker/cmake/armor_trackerConfig.cmake
[9.564s] -- Up-to-date: /home/chakfan/double_model/install/armor_tracker/share/armor_tracker/cmake/armor_trackerConfig-version.cmake
[9.564s] -- Up-to-date: /home/chakfan/double_model/install/armor_tracker/share/armor_tracker/package.xml
[9.564s] Invoked command in '/home/chakfan/double_model/build/armor_tracker' returned '0': CMAKE_PREFIX_PATH=/home/chakfan/double_model/install/auto_aim_interfaces:/home/chakfan/double_model/install/filter_test:/home/chakfan/double_model/install/armor_tracker:/opt/ros/humble LD_LIBRARY_PATH=/home/chakfan/double_model/install/auto_aim_interfaces/lib:/home/chakfan/double_model/install/filter_test/lib:/home/chakfan/double_model/install/armor_tracker/lib:/opt/MVS/lib/64:/opt/MVS/lib/32:/opt/MVS/lib/64:/opt/MVS/lib/32:/opt/MVS/lib/64:/opt/MVS/lib/32:/opt/ros/humble/opt/rviz_ogre_vendor/lib:/opt/ros/humble/lib/x86_64-linux-gnu:/opt/ros/humble/lib:/opt/MVS/lib/64:/opt/MVS/lib/32:/opt/MVS/lib/64:/opt/MVS/lib/32:/opt/MVS/lib/64:/opt/MVS/lib/32 /usr/local/bin/cmake --install /home/chakfan/double_model/build/armor_tracker
