[  0%] Built target auto_aim_interfaces__cpp
[ 12%] Built target auto_aim_interfaces__rosidl_generator_c
[ 12%] Built target ament_cmake_python_copy_auto_aim_interfaces
[ 24%] Built target auto_aim_interfaces__rosidl_typesupport_cpp
[ 36%] Built target auto_aim_interfaces__rosidl_typesupport_c
[ 48%] Built target auto_aim_interfaces__rosidl_typesupport_introspection_cpp
[ 60%] Built target auto_aim_interfaces__rosidl_typesupport_introspection_c
[ 78%] Built target auto_aim_interfaces__rosidl_typesupport_fastrtps_cpp
[ 84%] Built target auto_aim_interfaces__rosidl_typesupport_fastrtps_c
[ 84%] Built target auto_aim_interfaces
[ 85%] Built target auto_aim_interfaces__py
[ 96%] Built target auto_aim_interfaces__rosidl_generator_py
[ 97%] Built target auto_aim_interfaces__rosidl_typesupport_fastrtps_c__pyext
[ 99%] Built target auto_aim_interfaces__rosidl_typesupport_introspection_c__pyext
[100%] Built target auto_aim_interfaces__rosidl_typesupport_c__pyext
running egg_info
writing auto_aim_interfaces.egg-info/PKG-INFO
writing dependency_links to auto_aim_interfaces.egg-info/dependency_links.txt
writing top-level names to auto_aim_interfaces.egg-info/top_level.txt
reading manifest file 'auto_aim_interfaces.egg-info/SOURCES.txt'
writing manifest file 'auto_aim_interfaces.egg-info/SOURCES.txt'
[100%] Built target ament_cmake_python_build_auto_aim_interfaces_egg
-- Install configuration: ""
-- Up-to-date: /home/chakfan/double_model/install/auto_aim_interfaces/share/ament_index/resource_index/rosidl_interfaces/auto_aim_interfaces
-- Up-to-date: /home/chakfan/double_model/install/auto_aim_interfaces/include/auto_aim_interfaces/auto_aim_interfaces
-- Up-to-date: /home/chakfan/double_model/install/auto_aim_interfaces/include/auto_aim_interfaces/auto_aim_interfaces/msg
-- Up-to-date: /home/chakfan/double_model/install/auto_aim_interfaces/include/auto_aim_interfaces/auto_aim_interfaces/msg/tracker_predict.h
-- Up-to-date: /home/chakfan/double_model/install/auto_aim_interfaces/include/auto_aim_interfaces/auto_aim_interfaces/msg/rosidl_generator_c__visibility_control.h
-- Up-to-date: /home/chakfan/double_model/install/auto_aim_interfaces/include/auto_aim_interfaces/auto_aim_interfaces/msg/vehicles.h
-- Up-to-date: /home/chakfan/double_model/install/auto_aim_interfaces/include/auto_aim_interfaces/auto_aim_interfaces/msg/send_data.h
-- Up-to-date: /home/chakfan/double_model/install/auto_aim_interfaces/include/auto_aim_interfaces/auto_aim_interfaces/msg/debug_light.h
-- Up-to-date: /home/chakfan/double_model/install/auto_aim_interfaces/include/auto_aim_interfaces/auto_aim_interfaces/msg/detail
-- Up-to-date: /home/chakfan/double_model/install/auto_aim_interfaces/include/auto_aim_interfaces/auto_aim_interfaces/msg/detail/vehicle__functions.c
-- Up-to-date: /home/chakfan/double_model/install/auto_aim_interfaces/include/auto_aim_interfaces/auto_aim_interfaces/msg/detail/send_data__functions.h
-- Up-to-date: /home/chakfan/double_model/install/auto_aim_interfaces/include/auto_aim_interfaces/auto_aim_interfaces/msg/detail/debug_armors__functions.h
-- Up-to-date: /home/chakfan/double_model/install/auto_aim_interfaces/include/auto_aim_interfaces/auto_aim_interfaces/msg/detail/anglesolver__functions.c
-- Up-to-date: /home/chakfan/double_model/install/auto_aim_interfaces/include/auto_aim_interfaces/auto_aim_interfaces/msg/detail/anglesolver__struct.h
-- Up-to-date: /home/chakfan/double_model/install/auto_aim_interfaces/include/auto_aim_interfaces/auto_aim_interfaces/msg/detail/camera_msg__type_support.h
-- Up-to-date: /home/chakfan/double_model/install/auto_aim_interfaces/include/auto_aim_interfaces/auto_aim_interfaces/msg/detail/tracker_target__functions.h
-- Up-to-date: /home/chakfan/double_model/install/auto_aim_interfaces/include/auto_aim_interfaces/auto_aim_interfaces/msg/detail/debug_lights__functions.c
-- Up-to-date: /home/chakfan/double_model/install/auto_aim_interfaces/include/auto_aim_interfaces/auto_aim_interfaces/msg/detail/target_pose__functions.c
-- Up-to-date: /home/chakfan/double_model/install/auto_aim_interfaces/include/auto_aim_interfaces/auto_aim_interfaces/msg/detail/debug_armor__functions.c
-- Up-to-date: /home/chakfan/double_model/install/auto_aim_interfaces/include/auto_aim_interfaces/auto_aim_interfaces/msg/detail/tracker_info__functions.h
-- Up-to-date: /home/chakfan/double_model/install/auto_aim_interfaces/include/auto_aim_interfaces/auto_aim_interfaces/msg/detail/armor__struct.h
-- Up-to-date: /home/chakfan/double_model/install/auto_aim_interfaces/include/auto_aim_interfaces/auto_aim_interfaces/msg/detail/anglesolver__type_support.h
-- Up-to-date: /home/chakfan/double_model/install/auto_aim_interfaces/include/auto_aim_interfaces/auto_aim_interfaces/msg/detail/debug_armor__functions.h
-- Up-to-date: /home/chakfan/double_model/install/auto_aim_interfaces/include/auto_aim_interfaces/auto_aim_interfaces/msg/detail/tracker_info__functions.c
-- Up-to-date: /home/chakfan/double_model/install/auto_aim_interfaces/include/auto_aim_interfaces/auto_aim_interfaces/msg/detail/debug_lights__functions.h
-- Up-to-date: /home/chakfan/double_model/install/auto_aim_interfaces/include/auto_aim_interfaces/auto_aim_interfaces/msg/detail/vehicle__struct.h
-- Up-to-date: /home/chakfan/double_model/install/auto_aim_interfaces/include/auto_aim_interfaces/auto_aim_interfaces/msg/detail/debug_armor__struct.h
-- Up-to-date: /home/chakfan/double_model/install/auto_aim_interfaces/include/auto_aim_interfaces/auto_aim_interfaces/msg/detail/vehicles__type_support.h
-- Up-to-date: /home/chakfan/double_model/install/auto_aim_interfaces/include/auto_aim_interfaces/auto_aim_interfaces/msg/detail/armors__functions.h
-- Up-to-date: /home/chakfan/double_model/install/auto_aim_interfaces/include/auto_aim_interfaces/auto_aim_interfaces/msg/detail/tracker_info__type_support.h
-- Up-to-date: /home/chakfan/double_model/install/auto_aim_interfaces/include/auto_aim_interfaces/auto_aim_interfaces/msg/detail/vehicle__type_support.h
-- Up-to-date: /home/chakfan/double_model/install/auto_aim_interfaces/include/auto_aim_interfaces/auto_aim_interfaces/msg/detail/vehicles__functions.h
-- Up-to-date: /home/chakfan/double_model/install/auto_aim_interfaces/include/auto_aim_interfaces/auto_aim_interfaces/msg/detail/tracker_target__functions.c
-- Up-to-date: /home/chakfan/double_model/install/auto_aim_interfaces/include/auto_aim_interfaces/auto_aim_interfaces/msg/detail/tracker_predict__functions.c
-- Up-to-date: /home/chakfan/double_model/install/auto_aim_interfaces/include/auto_aim_interfaces/auto_aim_interfaces/msg/detail/debug_light__struct.h
-- Up-to-date: /home/chakfan/double_model/install/auto_aim_interfaces/include/auto_aim_interfaces/auto_aim_interfaces/msg/detail/debug_armor__type_support.h
-- Up-to-date: /home/chakfan/double_model/install/auto_aim_interfaces/include/auto_aim_interfaces/auto_aim_interfaces/msg/detail/tracker_predict__type_support.h
-- Up-to-date: /home/chakfan/double_model/install/auto_aim_interfaces/include/auto_aim_interfaces/auto_aim_interfaces/msg/detail/enemy_info__struct.h
-- Up-to-date: /home/chakfan/double_model/install/auto_aim_interfaces/include/auto_aim_interfaces/auto_aim_interfaces/msg/detail/enemy_info__functions.h
-- Up-to-date: /home/chakfan/double_model/install/auto_aim_interfaces/include/auto_aim_interfaces/auto_aim_interfaces/msg/detail/tracker_predict__functions.h
-- Up-to-date: /home/chakfan/double_model/install/auto_aim_interfaces/include/auto_aim_interfaces/auto_aim_interfaces/msg/detail/debug_light__functions.c
-- Up-to-date: /home/chakfan/double_model/install/auto_aim_interfaces/include/auto_aim_interfaces/auto_aim_interfaces/msg/detail/armor__functions.h
-- Up-to-date: /home/chakfan/double_model/install/auto_aim_interfaces/include/auto_aim_interfaces/auto_aim_interfaces/msg/detail/armor_info__functions.h
-- Up-to-date: /home/chakfan/double_model/install/auto_aim_interfaces/include/auto_aim_interfaces/auto_aim_interfaces/msg/detail/enemy_info__type_support.h
-- Up-to-date: /home/chakfan/double_model/install/auto_aim_interfaces/include/auto_aim_interfaces/auto_aim_interfaces/msg/detail/armors__functions.c
-- Up-to-date: /home/chakfan/double_model/install/auto_aim_interfaces/include/auto_aim_interfaces/auto_aim_interfaces/msg/detail/recieve_data__struct.h
-- Up-to-date: /home/chakfan/double_model/install/auto_aim_interfaces/include/auto_aim_interfaces/auto_aim_interfaces/msg/detail/vehicle__functions.h
-- Up-to-date: /home/chakfan/double_model/install/auto_aim_interfaces/include/auto_aim_interfaces/auto_aim_interfaces/msg/detail/vehicles__struct.h
-- Up-to-date: /home/chakfan/double_model/install/auto_aim_interfaces/include/auto_aim_interfaces/auto_aim_interfaces/msg/detail/debug_armors__struct.h
-- Up-to-date: /home/chakfan/double_model/install/auto_aim_interfaces/include/auto_aim_interfaces/auto_aim_interfaces/msg/detail/vehicles__functions.c
-- Up-to-date: /home/chakfan/double_model/install/auto_aim_interfaces/include/auto_aim_interfaces/auto_aim_interfaces/msg/detail/send_data__struct.h
-- Up-to-date: /home/chakfan/double_model/install/auto_aim_interfaces/include/auto_aim_interfaces/auto_aim_interfaces/msg/detail/tracker_info__struct.h
-- Up-to-date: /home/chakfan/double_model/install/auto_aim_interfaces/include/auto_aim_interfaces/auto_aim_interfaces/msg/detail/tracker_target__type_support.h
-- Up-to-date: /home/chakfan/double_model/install/auto_aim_interfaces/include/auto_aim_interfaces/auto_aim_interfaces/msg/detail/camera_msg__struct.h
-- Up-to-date: /home/chakfan/double_model/install/auto_aim_interfaces/include/auto_aim_interfaces/auto_aim_interfaces/msg/detail/debug_lights__struct.h
-- Up-to-date: /home/chakfan/double_model/install/auto_aim_interfaces/include/auto_aim_interfaces/auto_aim_interfaces/msg/detail/target_pose__struct.h
-- Up-to-date: /home/chakfan/double_model/install/auto_aim_interfaces/include/auto_aim_interfaces/auto_aim_interfaces/msg/detail/target_pose__type_support.h
-- Up-to-date: /home/chakfan/double_model/install/auto_aim_interfaces/include/auto_aim_interfaces/auto_aim_interfaces/msg/detail/send_data__functions.c
-- Up-to-date: /home/chakfan/double_model/install/auto_aim_interfaces/include/auto_aim_interfaces/auto_aim_interfaces/msg/detail/debug_light__type_support.h
-- Up-to-date: /home/chakfan/double_model/install/auto_aim_interfaces/include/auto_aim_interfaces/auto_aim_interfaces/msg/detail/recieve_data__type_support.h
-- Up-to-date: /home/chakfan/double_model/install/auto_aim_interfaces/include/auto_aim_interfaces/auto_aim_interfaces/msg/detail/debug_armors__functions.c
-- Up-to-date: /home/chakfan/double_model/install/auto_aim_interfaces/include/auto_aim_interfaces/auto_aim_interfaces/msg/detail/send_data__type_support.h
-- Up-to-date: /home/chakfan/double_model/install/auto_aim_interfaces/include/auto_aim_interfaces/auto_aim_interfaces/msg/detail/anglesolver__functions.h
-- Up-to-date: /home/chakfan/double_model/install/auto_aim_interfaces/include/auto_aim_interfaces/auto_aim_interfaces/msg/detail/armor_info__type_support.h
-- Up-to-date: /home/chakfan/double_model/install/auto_aim_interfaces/include/auto_aim_interfaces/auto_aim_interfaces/msg/detail/debug_lights__type_support.h
-- Up-to-date: /home/chakfan/double_model/install/auto_aim_interfaces/include/auto_aim_interfaces/auto_aim_interfaces/msg/detail/armor__functions.c
-- Up-to-date: /home/chakfan/double_model/install/auto_aim_interfaces/include/auto_aim_interfaces/auto_aim_interfaces/msg/detail/armor__type_support.h
-- Up-to-date: /home/chakfan/double_model/install/auto_aim_interfaces/include/auto_aim_interfaces/auto_aim_interfaces/msg/detail/debug_light__functions.h
-- Up-to-date: /home/chakfan/double_model/install/auto_aim_interfaces/include/auto_aim_interfaces/auto_aim_interfaces/msg/detail/armor_info__struct.h
-- Up-to-date: /home/chakfan/double_model/install/auto_aim_interfaces/include/auto_aim_interfaces/auto_aim_interfaces/msg/detail/armors__type_support.h
-- Up-to-date: /home/chakfan/double_model/install/auto_aim_interfaces/include/auto_aim_interfaces/auto_aim_interfaces/msg/detail/tracker_target__struct.h
-- Up-to-date: /home/chakfan/double_model/install/auto_aim_interfaces/include/auto_aim_interfaces/auto_aim_interfaces/msg/detail/recieve_data__functions.h
-- Up-to-date: /home/chakfan/double_model/install/auto_aim_interfaces/include/auto_aim_interfaces/auto_aim_interfaces/msg/detail/recieve_data__functions.c
-- Up-to-date: /home/chakfan/double_model/install/auto_aim_interfaces/include/auto_aim_interfaces/auto_aim_interfaces/msg/detail/armors__struct.h
-- Up-to-date: /home/chakfan/double_model/install/auto_aim_interfaces/include/auto_aim_interfaces/auto_aim_interfaces/msg/detail/camera_msg__functions.h
-- Up-to-date: /home/chakfan/double_model/install/auto_aim_interfaces/include/auto_aim_interfaces/auto_aim_interfaces/msg/detail/debug_armors__type_support.h
-- Up-to-date: /home/chakfan/double_model/install/auto_aim_interfaces/include/auto_aim_interfaces/auto_aim_interfaces/msg/detail/tracker_predict__struct.h
-- Up-to-date: /home/chakfan/double_model/install/auto_aim_interfaces/include/auto_aim_interfaces/auto_aim_interfaces/msg/detail/enemy_info__functions.c
-- Up-to-date: /home/chakfan/double_model/install/auto_aim_interfaces/include/auto_aim_interfaces/auto_aim_interfaces/msg/detail/camera_msg__functions.c
-- Up-to-date: /home/chakfan/double_model/install/auto_aim_interfaces/include/auto_aim_interfaces/auto_aim_interfaces/msg/detail/target_pose__functions.h
-- Up-to-date: /home/chakfan/double_model/install/auto_aim_interfaces/include/auto_aim_interfaces/auto_aim_interfaces/msg/detail/armor_info__functions.c
-- Up-to-date: /home/chakfan/double_model/install/auto_aim_interfaces/include/auto_aim_interfaces/auto_aim_interfaces/msg/debug_armors.h
-- Up-to-date: /home/chakfan/double_model/install/auto_aim_interfaces/include/auto_aim_interfaces/auto_aim_interfaces/msg/tracker_info.h
-- Up-to-date: /home/chakfan/double_model/install/auto_aim_interfaces/include/auto_aim_interfaces/auto_aim_interfaces/msg/recieve_data.h
-- Up-to-date: /home/chakfan/double_model/install/auto_aim_interfaces/include/auto_aim_interfaces/auto_aim_interfaces/msg/debug_armor.h
-- Up-to-date: /home/chakfan/double_model/install/auto_aim_interfaces/include/auto_aim_interfaces/auto_aim_interfaces/msg/armor.h
-- Up-to-date: /home/chakfan/double_model/install/auto_aim_interfaces/include/auto_aim_interfaces/auto_aim_interfaces/msg/camera_msg.h
-- Up-to-date: /home/chakfan/double_model/install/auto_aim_interfaces/include/auto_aim_interfaces/auto_aim_interfaces/msg/tracker_target.h
-- Up-to-date: /home/chakfan/double_model/install/auto_aim_interfaces/include/auto_aim_interfaces/auto_aim_interfaces/msg/armor_info.h
-- Up-to-date: /home/chakfan/double_model/install/auto_aim_interfaces/include/auto_aim_interfaces/auto_aim_interfaces/msg/armors.h
-- Up-to-date: /home/chakfan/double_model/install/auto_aim_interfaces/include/auto_aim_interfaces/auto_aim_interfaces/msg/anglesolver.h
-- Up-to-date: /home/chakfan/double_model/install/auto_aim_interfaces/include/auto_aim_interfaces/auto_aim_interfaces/msg/enemy_info.h
-- Up-to-date: /home/chakfan/double_model/install/auto_aim_interfaces/include/auto_aim_interfaces/auto_aim_interfaces/msg/target_pose.h
-- Up-to-date: /home/chakfan/double_model/install/auto_aim_interfaces/include/auto_aim_interfaces/auto_aim_interfaces/msg/debug_lights.h
-- Up-to-date: /home/chakfan/double_model/install/auto_aim_interfaces/include/auto_aim_interfaces/auto_aim_interfaces/msg/vehicle.h
-- Up-to-date: /home/chakfan/double_model/install/auto_aim_interfaces/share/auto_aim_interfaces/environment/library_path.sh
-- Up-to-date: /home/chakfan/double_model/install/auto_aim_interfaces/share/auto_aim_interfaces/environment/library_path.dsv
-- Up-to-date: /home/chakfan/double_model/install/auto_aim_interfaces/lib/libauto_aim_interfaces__rosidl_generator_c.so
-- Up-to-date: /home/chakfan/double_model/install/auto_aim_interfaces/include/auto_aim_interfaces/auto_aim_interfaces
-- Up-to-date: /home/chakfan/double_model/install/auto_aim_interfaces/include/auto_aim_interfaces/auto_aim_interfaces/msg
-- Up-to-date: /home/chakfan/double_model/install/auto_aim_interfaces/include/auto_aim_interfaces/auto_aim_interfaces/msg/detail
-- Up-to-date: /home/chakfan/double_model/install/auto_aim_interfaces/include/auto_aim_interfaces/auto_aim_interfaces/msg/detail/debug_lights__rosidl_typesupport_fastrtps_c.h
-- Up-to-date: /home/chakfan/double_model/install/auto_aim_interfaces/include/auto_aim_interfaces/auto_aim_interfaces/msg/detail/anglesolver__rosidl_typesupport_fastrtps_c.h
-- Up-to-date: /home/chakfan/double_model/install/auto_aim_interfaces/include/auto_aim_interfaces/auto_aim_interfaces/msg/detail/tracker_target__rosidl_typesupport_fastrtps_c.h
-- Up-to-date: /home/chakfan/double_model/install/auto_aim_interfaces/include/auto_aim_interfaces/auto_aim_interfaces/msg/detail/armor__rosidl_typesupport_fastrtps_c.h
-- Up-to-date: /home/chakfan/double_model/install/auto_aim_interfaces/include/auto_aim_interfaces/auto_aim_interfaces/msg/detail/vehicle__rosidl_typesupport_fastrtps_c.h
-- Up-to-date: /home/chakfan/double_model/install/auto_aim_interfaces/include/auto_aim_interfaces/auto_aim_interfaces/msg/detail/recieve_data__rosidl_typesupport_fastrtps_c.h
-- Up-to-date: /home/chakfan/double_model/install/auto_aim_interfaces/include/auto_aim_interfaces/auto_aim_interfaces/msg/detail/target_pose__rosidl_typesupport_fastrtps_c.h
-- Up-to-date: /home/chakfan/double_model/install/auto_aim_interfaces/include/auto_aim_interfaces/auto_aim_interfaces/msg/detail/camera_msg__rosidl_typesupport_fastrtps_c.h
-- Up-to-date: /home/chakfan/double_model/install/auto_aim_interfaces/include/auto_aim_interfaces/auto_aim_interfaces/msg/detail/enemy_info__rosidl_typesupport_fastrtps_c.h
-- Up-to-date: /home/chakfan/double_model/install/auto_aim_interfaces/include/auto_aim_interfaces/auto_aim_interfaces/msg/detail/debug_light__rosidl_typesupport_fastrtps_c.h
-- Up-to-date: /home/chakfan/double_model/install/auto_aim_interfaces/include/auto_aim_interfaces/auto_aim_interfaces/msg/detail/armors__rosidl_typesupport_fastrtps_c.h
-- Up-to-date: /home/chakfan/double_model/install/auto_aim_interfaces/include/auto_aim_interfaces/auto_aim_interfaces/msg/detail/armor_info__rosidl_typesupport_fastrtps_c.h
-- Up-to-date: /home/chakfan/double_model/install/auto_aim_interfaces/include/auto_aim_interfaces/auto_aim_interfaces/msg/detail/tracker_info__rosidl_typesupport_fastrtps_c.h
-- Up-to-date: /home/chakfan/double_model/install/auto_aim_interfaces/include/auto_aim_interfaces/auto_aim_interfaces/msg/detail/vehicles__rosidl_typesupport_fastrtps_c.h
-- Up-to-date: /home/chakfan/double_model/install/auto_aim_interfaces/include/auto_aim_interfaces/auto_aim_interfaces/msg/detail/debug_armor__rosidl_typesupport_fastrtps_c.h
-- Up-to-date: /home/chakfan/double_model/install/auto_aim_interfaces/include/auto_aim_interfaces/auto_aim_interfaces/msg/detail/tracker_predict__rosidl_typesupport_fastrtps_c.h
-- Up-to-date: /home/chakfan/double_model/install/auto_aim_interfaces/include/auto_aim_interfaces/auto_aim_interfaces/msg/detail/debug_armors__rosidl_typesupport_fastrtps_c.h
-- Up-to-date: /home/chakfan/double_model/install/auto_aim_interfaces/include/auto_aim_interfaces/auto_aim_interfaces/msg/detail/send_data__rosidl_typesupport_fastrtps_c.h
-- Up-to-date: /home/chakfan/double_model/install/auto_aim_interfaces/include/auto_aim_interfaces/auto_aim_interfaces/msg/rosidl_typesupport_fastrtps_c__visibility_control.h
-- Up-to-date: /home/chakfan/double_model/install/auto_aim_interfaces/lib/libauto_aim_interfaces__rosidl_typesupport_fastrtps_c.so
-- Up-to-date: /home/chakfan/double_model/install/auto_aim_interfaces/include/auto_aim_interfaces/auto_aim_interfaces
-- Up-to-date: /home/chakfan/double_model/install/auto_aim_interfaces/include/auto_aim_interfaces/auto_aim_interfaces/msg
-- Up-to-date: /home/chakfan/double_model/install/auto_aim_interfaces/include/auto_aim_interfaces/auto_aim_interfaces/msg/rosidl_typesupport_introspection_c__visibility_control.h
-- Up-to-date: /home/chakfan/double_model/install/auto_aim_interfaces/include/auto_aim_interfaces/auto_aim_interfaces/msg/detail
-- Up-to-date: /home/chakfan/double_model/install/auto_aim_interfaces/include/auto_aim_interfaces/auto_aim_interfaces/msg/detail/debug_light__type_support.c
-- Up-to-date: /home/chakfan/double_model/install/auto_aim_interfaces/include/auto_aim_interfaces/auto_aim_interfaces/msg/detail/anglesolver__rosidl_typesupport_introspection_c.h
-- Up-to-date: /home/chakfan/double_model/install/auto_aim_interfaces/include/auto_aim_interfaces/auto_aim_interfaces/msg/detail/camera_msg__rosidl_typesupport_introspection_c.h
-- Up-to-date: /home/chakfan/double_model/install/auto_aim_interfaces/include/auto_aim_interfaces/auto_aim_interfaces/msg/detail/debug_light__rosidl_typesupport_introspection_c.h
-- Up-to-date: /home/chakfan/double_model/install/auto_aim_interfaces/include/auto_aim_interfaces/auto_aim_interfaces/msg/detail/armors__rosidl_typesupport_introspection_c.h
-- Up-to-date: /home/chakfan/double_model/install/auto_aim_interfaces/include/auto_aim_interfaces/auto_aim_interfaces/msg/detail/target_pose__rosidl_typesupport_introspection_c.h
-- Up-to-date: /home/chakfan/double_model/install/auto_aim_interfaces/include/auto_aim_interfaces/auto_aim_interfaces/msg/detail/vehicle__type_support.c
-- Up-to-date: /home/chakfan/double_model/install/auto_aim_interfaces/include/auto_aim_interfaces/auto_aim_interfaces/msg/detail/debug_armors__type_support.c
-- Up-to-date: /home/chakfan/double_model/install/auto_aim_interfaces/include/auto_aim_interfaces/auto_aim_interfaces/msg/detail/debug_lights__type_support.c
-- Up-to-date: /home/chakfan/double_model/install/auto_aim_interfaces/include/auto_aim_interfaces/auto_aim_interfaces/msg/detail/tracker_predict__rosidl_typesupport_introspection_c.h
-- Up-to-date: /home/chakfan/double_model/install/auto_aim_interfaces/include/auto_aim_interfaces/auto_aim_interfaces/msg/detail/armor_info__type_support.c
-- Up-to-date: /home/chakfan/double_model/install/auto_aim_interfaces/include/auto_aim_interfaces/auto_aim_interfaces/msg/detail/enemy_info__type_support.c
-- Up-to-date: /home/chakfan/double_model/install/auto_aim_interfaces/include/auto_aim_interfaces/auto_aim_interfaces/msg/detail/target_pose__type_support.c
-- Up-to-date: /home/chakfan/double_model/install/auto_aim_interfaces/include/auto_aim_interfaces/auto_aim_interfaces/msg/detail/recieve_data__type_support.c
-- Up-to-date: /home/chakfan/double_model/install/auto_aim_interfaces/include/auto_aim_interfaces/auto_aim_interfaces/msg/detail/armor__type_support.c
-- Up-to-date: /home/chakfan/double_model/install/auto_aim_interfaces/include/auto_aim_interfaces/auto_aim_interfaces/msg/detail/anglesolver__type_support.c
-- Up-to-date: /home/chakfan/double_model/install/auto_aim_interfaces/include/auto_aim_interfaces/auto_aim_interfaces/msg/detail/debug_armors__rosidl_typesupport_introspection_c.h
-- Up-to-date: /home/chakfan/double_model/install/auto_aim_interfaces/include/auto_aim_interfaces/auto_aim_interfaces/msg/detail/recieve_data__rosidl_typesupport_introspection_c.h
-- Up-to-date: /home/chakfan/double_model/install/auto_aim_interfaces/include/auto_aim_interfaces/auto_aim_interfaces/msg/detail/tracker_target__type_support.c
-- Up-to-date: /home/chakfan/double_model/install/auto_aim_interfaces/include/auto_aim_interfaces/auto_aim_interfaces/msg/detail/tracker_predict__type_support.c
-- Up-to-date: /home/chakfan/double_model/install/auto_aim_interfaces/include/auto_aim_interfaces/auto_aim_interfaces/msg/detail/debug_lights__rosidl_typesupport_introspection_c.h
-- Up-to-date: /home/chakfan/double_model/install/auto_aim_interfaces/include/auto_aim_interfaces/auto_aim_interfaces/msg/detail/camera_msg__type_support.c
-- Up-to-date: /home/chakfan/double_model/install/auto_aim_interfaces/include/auto_aim_interfaces/auto_aim_interfaces/msg/detail/vehicles__type_support.c
-- Up-to-date: /home/chakfan/double_model/install/auto_aim_interfaces/include/auto_aim_interfaces/auto_aim_interfaces/msg/detail/armor_info__rosidl_typesupport_introspection_c.h
-- Up-to-date: /home/chakfan/double_model/install/auto_aim_interfaces/include/auto_aim_interfaces/auto_aim_interfaces/msg/detail/tracker_target__rosidl_typesupport_introspection_c.h
-- Up-to-date: /home/chakfan/double_model/install/auto_aim_interfaces/include/auto_aim_interfaces/auto_aim_interfaces/msg/detail/vehicles__rosidl_typesupport_introspection_c.h
-- Up-to-date: /home/chakfan/double_model/install/auto_aim_interfaces/include/auto_aim_interfaces/auto_aim_interfaces/msg/detail/vehicle__rosidl_typesupport_introspection_c.h
-- Up-to-date: /home/chakfan/double_model/install/auto_aim_interfaces/include/auto_aim_interfaces/auto_aim_interfaces/msg/detail/armors__type_support.c
-- Up-to-date: /home/chakfan/double_model/install/auto_aim_interfaces/include/auto_aim_interfaces/auto_aim_interfaces/msg/detail/send_data__rosidl_typesupport_introspection_c.h
-- Up-to-date: /home/chakfan/double_model/install/auto_aim_interfaces/include/auto_aim_interfaces/auto_aim_interfaces/msg/detail/armor__rosidl_typesupport_introspection_c.h
-- Up-to-date: /home/chakfan/double_model/install/auto_aim_interfaces/include/auto_aim_interfaces/auto_aim_interfaces/msg/detail/tracker_info__type_support.c
-- Up-to-date: /home/chakfan/double_model/install/auto_aim_interfaces/include/auto_aim_interfaces/auto_aim_interfaces/msg/detail/debug_armor__type_support.c
-- Up-to-date: /home/chakfan/double_model/install/auto_aim_interfaces/include/auto_aim_interfaces/auto_aim_interfaces/msg/detail/send_data__type_support.c
-- Up-to-date: /home/chakfan/double_model/install/auto_aim_interfaces/include/auto_aim_interfaces/auto_aim_interfaces/msg/detail/enemy_info__rosidl_typesupport_introspection_c.h
-- Up-to-date: /home/chakfan/double_model/install/auto_aim_interfaces/include/auto_aim_interfaces/auto_aim_interfaces/msg/detail/tracker_info__rosidl_typesupport_introspection_c.h
-- Up-to-date: /home/chakfan/double_model/install/auto_aim_interfaces/include/auto_aim_interfaces/auto_aim_interfaces/msg/detail/debug_armor__rosidl_typesupport_introspection_c.h
-- Up-to-date: /home/chakfan/double_model/install/auto_aim_interfaces/lib/libauto_aim_interfaces__rosidl_typesupport_introspection_c.so
-- Up-to-date: /home/chakfan/double_model/install/auto_aim_interfaces/lib/libauto_aim_interfaces__rosidl_typesupport_c.so
-- Up-to-date: /home/chakfan/double_model/install/auto_aim_interfaces/include/auto_aim_interfaces/auto_aim_interfaces
-- Up-to-date: /home/chakfan/double_model/install/auto_aim_interfaces/include/auto_aim_interfaces/auto_aim_interfaces/msg
-- Up-to-date: /home/chakfan/double_model/install/auto_aim_interfaces/include/auto_aim_interfaces/auto_aim_interfaces/msg/tracker_predict.hpp
-- Up-to-date: /home/chakfan/double_model/install/auto_aim_interfaces/include/auto_aim_interfaces/auto_aim_interfaces/msg/camera_msg.hpp
-- Up-to-date: /home/chakfan/double_model/install/auto_aim_interfaces/include/auto_aim_interfaces/auto_aim_interfaces/msg/enemy_info.hpp
-- Up-to-date: /home/chakfan/double_model/install/auto_aim_interfaces/include/auto_aim_interfaces/auto_aim_interfaces/msg/target_pose.hpp
-- Up-to-date: /home/chakfan/double_model/install/auto_aim_interfaces/include/auto_aim_interfaces/auto_aim_interfaces/msg/debug_light.hpp
-- Up-to-date: /home/chakfan/double_model/install/auto_aim_interfaces/include/auto_aim_interfaces/auto_aim_interfaces/msg/debug_armors.hpp
-- Up-to-date: /home/chakfan/double_model/install/auto_aim_interfaces/include/auto_aim_interfaces/auto_aim_interfaces/msg/detail
-- Up-to-date: /home/chakfan/double_model/install/auto_aim_interfaces/include/auto_aim_interfaces/auto_aim_interfaces/msg/detail/armors__builder.hpp
-- Up-to-date: /home/chakfan/double_model/install/auto_aim_interfaces/include/auto_aim_interfaces/auto_aim_interfaces/msg/detail/camera_msg__builder.hpp
-- Up-to-date: /home/chakfan/double_model/install/auto_aim_interfaces/include/auto_aim_interfaces/auto_aim_interfaces/msg/detail/vehicle__type_support.hpp
-- Up-to-date: /home/chakfan/double_model/install/auto_aim_interfaces/include/auto_aim_interfaces/auto_aim_interfaces/msg/detail/armor__traits.hpp
-- Up-to-date: /home/chakfan/double_model/install/auto_aim_interfaces/include/auto_aim_interfaces/auto_aim_interfaces/msg/detail/target_pose__struct.hpp
-- Up-to-date: /home/chakfan/double_model/install/auto_aim_interfaces/include/auto_aim_interfaces/auto_aim_interfaces/msg/detail/armors__type_support.hpp
-- Up-to-date: /home/chakfan/double_model/install/auto_aim_interfaces/include/auto_aim_interfaces/auto_aim_interfaces/msg/detail/debug_armor__builder.hpp
-- Up-to-date: /home/chakfan/double_model/install/auto_aim_interfaces/include/auto_aim_interfaces/auto_aim_interfaces/msg/detail/armors__traits.hpp
-- Up-to-date: /home/chakfan/double_model/install/auto_aim_interfaces/include/auto_aim_interfaces/auto_aim_interfaces/msg/detail/tracker_predict__traits.hpp
-- Up-to-date: /home/chakfan/double_model/install/auto_aim_interfaces/include/auto_aim_interfaces/auto_aim_interfaces/msg/detail/tracker_info__type_support.hpp
-- Up-to-date: /home/chakfan/double_model/install/auto_aim_interfaces/include/auto_aim_interfaces/auto_aim_interfaces/msg/detail/armors__struct.hpp
-- Up-to-date: /home/chakfan/double_model/install/auto_aim_interfaces/include/auto_aim_interfaces/auto_aim_interfaces/msg/detail/anglesolver__traits.hpp
-- Up-to-date: /home/chakfan/double_model/install/auto_aim_interfaces/include/auto_aim_interfaces/auto_aim_interfaces/msg/detail/debug_light__type_support.hpp
-- Up-to-date: /home/chakfan/double_model/install/auto_aim_interfaces/include/auto_aim_interfaces/auto_aim_interfaces/msg/detail/vehicles__type_support.hpp
-- Up-to-date: /home/chakfan/double_model/install/auto_aim_interfaces/include/auto_aim_interfaces/auto_aim_interfaces/msg/detail/recieve_data__builder.hpp
-- Up-to-date: /home/chakfan/double_model/install/auto_aim_interfaces/include/auto_aim_interfaces/auto_aim_interfaces/msg/detail/debug_light__builder.hpp
-- Up-to-date: /home/chakfan/double_model/install/auto_aim_interfaces/include/auto_aim_interfaces/auto_aim_interfaces/msg/detail/debug_light__struct.hpp
-- Up-to-date: /home/chakfan/double_model/install/auto_aim_interfaces/include/auto_aim_interfaces/auto_aim_interfaces/msg/detail/armor__builder.hpp
-- Up-to-date: /home/chakfan/double_model/install/auto_aim_interfaces/include/auto_aim_interfaces/auto_aim_interfaces/msg/detail/armor_info__struct.hpp
-- Up-to-date: /home/chakfan/double_model/install/auto_aim_interfaces/include/auto_aim_interfaces/auto_aim_interfaces/msg/detail/enemy_info__traits.hpp
-- Up-to-date: /home/chakfan/double_model/install/auto_aim_interfaces/include/auto_aim_interfaces/auto_aim_interfaces/msg/detail/debug_lights__builder.hpp
-- Up-to-date: /home/chakfan/double_model/install/auto_aim_interfaces/include/auto_aim_interfaces/auto_aim_interfaces/msg/detail/anglesolver__builder.hpp
-- Up-to-date: /home/chakfan/double_model/install/auto_aim_interfaces/include/auto_aim_interfaces/auto_aim_interfaces/msg/detail/tracker_target__type_support.hpp
-- Up-to-date: /home/chakfan/double_model/install/auto_aim_interfaces/include/auto_aim_interfaces/auto_aim_interfaces/msg/detail/camera_msg__struct.hpp
-- Up-to-date: /home/chakfan/double_model/install/auto_aim_interfaces/include/auto_aim_interfaces/auto_aim_interfaces/msg/detail/vehicles__struct.hpp
-- Up-to-date: /home/chakfan/double_model/install/auto_aim_interfaces/include/auto_aim_interfaces/auto_aim_interfaces/msg/detail/armor__struct.hpp
-- Up-to-date: /home/chakfan/double_model/install/auto_aim_interfaces/include/auto_aim_interfaces/auto_aim_interfaces/msg/detail/armor_info__type_support.hpp
-- Up-to-date: /home/chakfan/double_model/install/auto_aim_interfaces/include/auto_aim_interfaces/auto_aim_interfaces/msg/detail/debug_armors__type_support.hpp
-- Up-to-date: /home/chakfan/double_model/install/auto_aim_interfaces/include/auto_aim_interfaces/auto_aim_interfaces/msg/detail/target_pose__builder.hpp
-- Up-to-date: /home/chakfan/double_model/install/auto_aim_interfaces/include/auto_aim_interfaces/auto_aim_interfaces/msg/detail/debug_light__traits.hpp
-- Up-to-date: /home/chakfan/double_model/install/auto_aim_interfaces/include/auto_aim_interfaces/auto_aim_interfaces/msg/detail/vehicle__struct.hpp
-- Up-to-date: /home/chakfan/double_model/install/auto_aim_interfaces/include/auto_aim_interfaces/auto_aim_interfaces/msg/detail/armor__type_support.hpp
-- Up-to-date: /home/chakfan/double_model/install/auto_aim_interfaces/include/auto_aim_interfaces/auto_aim_interfaces/msg/detail/tracker_target__builder.hpp
-- Up-to-date: /home/chakfan/double_model/install/auto_aim_interfaces/include/auto_aim_interfaces/auto_aim_interfaces/msg/detail/armor_info__builder.hpp
-- Up-to-date: /home/chakfan/double_model/install/auto_aim_interfaces/include/auto_aim_interfaces/auto_aim_interfaces/msg/detail/vehicle__builder.hpp
-- Up-to-date: /home/chakfan/double_model/install/auto_aim_interfaces/include/auto_aim_interfaces/auto_aim_interfaces/msg/detail/tracker_target__traits.hpp
-- Up-to-date: /home/chakfan/double_model/install/auto_aim_interfaces/include/auto_aim_interfaces/auto_aim_interfaces/msg/detail/send_data__traits.hpp
-- Up-to-date: /home/chakfan/double_model/install/auto_aim_interfaces/include/auto_aim_interfaces/auto_aim_interfaces/msg/detail/anglesolver__struct.hpp
-- Up-to-date: /home/chakfan/double_model/install/auto_aim_interfaces/include/auto_aim_interfaces/auto_aim_interfaces/msg/detail/tracker_target__struct.hpp
-- Up-to-date: /home/chakfan/double_model/install/auto_aim_interfaces/include/auto_aim_interfaces/auto_aim_interfaces/msg/detail/recieve_data__traits.hpp
-- Up-to-date: /home/chakfan/double_model/install/auto_aim_interfaces/include/auto_aim_interfaces/auto_aim_interfaces/msg/detail/tracker_predict__builder.hpp
-- Up-to-date: /home/chakfan/double_model/install/auto_aim_interfaces/include/auto_aim_interfaces/auto_aim_interfaces/msg/detail/tracker_info__builder.hpp
-- Up-to-date: /home/chakfan/double_model/install/auto_aim_interfaces/include/auto_aim_interfaces/auto_aim_interfaces/msg/detail/send_data__builder.hpp
-- Up-to-date: /home/chakfan/double_model/install/auto_aim_interfaces/include/auto_aim_interfaces/auto_aim_interfaces/msg/detail/enemy_info__type_support.hpp
-- Up-to-date: /home/chakfan/double_model/install/auto_aim_interfaces/include/auto_aim_interfaces/auto_aim_interfaces/msg/detail/send_data__struct.hpp
-- Up-to-date: /home/chakfan/double_model/install/auto_aim_interfaces/include/auto_aim_interfaces/auto_aim_interfaces/msg/detail/armor_info__traits.hpp
-- Up-to-date: /home/chakfan/double_model/install/auto_aim_interfaces/include/auto_aim_interfaces/auto_aim_interfaces/msg/detail/camera_msg__type_support.hpp
-- Up-to-date: /home/chakfan/double_model/install/auto_aim_interfaces/include/auto_aim_interfaces/auto_aim_interfaces/msg/detail/recieve_data__type_support.hpp
-- Up-to-date: /home/chakfan/double_model/install/auto_aim_interfaces/include/auto_aim_interfaces/auto_aim_interfaces/msg/detail/debug_armors__builder.hpp
-- Up-to-date: /home/chakfan/double_model/install/auto_aim_interfaces/include/auto_aim_interfaces/auto_aim_interfaces/msg/detail/debug_lights__struct.hpp
-- Up-to-date: /home/chakfan/double_model/install/auto_aim_interfaces/include/auto_aim_interfaces/auto_aim_interfaces/msg/detail/recieve_data__struct.hpp
-- Up-to-date: /home/chakfan/double_model/install/auto_aim_interfaces/include/auto_aim_interfaces/auto_aim_interfaces/msg/detail/debug_armors__struct.hpp
-- Up-to-date: /home/chakfan/double_model/install/auto_aim_interfaces/include/auto_aim_interfaces/auto_aim_interfaces/msg/detail/debug_armor__struct.hpp
-- Up-to-date: /home/chakfan/double_model/install/auto_aim_interfaces/include/auto_aim_interfaces/auto_aim_interfaces/msg/detail/vehicle__traits.hpp
-- Up-to-date: /home/chakfan/double_model/install/auto_aim_interfaces/include/auto_aim_interfaces/auto_aim_interfaces/msg/detail/debug_armor__traits.hpp
-- Up-to-date: /home/chakfan/double_model/install/auto_aim_interfaces/include/auto_aim_interfaces/auto_aim_interfaces/msg/detail/debug_lights__traits.hpp
-- Up-to-date: /home/chakfan/double_model/install/auto_aim_interfaces/include/auto_aim_interfaces/auto_aim_interfaces/msg/detail/debug_lights__type_support.hpp
-- Up-to-date: /home/chakfan/double_model/install/auto_aim_interfaces/include/auto_aim_interfaces/auto_aim_interfaces/msg/detail/vehicles__traits.hpp
-- Up-to-date: /home/chakfan/double_model/install/auto_aim_interfaces/include/auto_aim_interfaces/auto_aim_interfaces/msg/detail/tracker_predict__type_support.hpp
-- Up-to-date: /home/chakfan/double_model/install/auto_aim_interfaces/include/auto_aim_interfaces/auto_aim_interfaces/msg/detail/anglesolver__type_support.hpp
-- Up-to-date: /home/chakfan/double_model/install/auto_aim_interfaces/include/auto_aim_interfaces/auto_aim_interfaces/msg/detail/debug_armor__type_support.hpp
-- Up-to-date: /home/chakfan/double_model/install/auto_aim_interfaces/include/auto_aim_interfaces/auto_aim_interfaces/msg/detail/tracker_predict__struct.hpp
-- Up-to-date: /home/chakfan/double_model/install/auto_aim_interfaces/include/auto_aim_interfaces/auto_aim_interfaces/msg/detail/send_data__type_support.hpp
-- Up-to-date: /home/chakfan/double_model/install/auto_aim_interfaces/include/auto_aim_interfaces/auto_aim_interfaces/msg/detail/target_pose__traits.hpp
-- Up-to-date: /home/chakfan/double_model/install/auto_aim_interfaces/include/auto_aim_interfaces/auto_aim_interfaces/msg/detail/tracker_info__struct.hpp
-- Up-to-date: /home/chakfan/double_model/install/auto_aim_interfaces/include/auto_aim_interfaces/auto_aim_interfaces/msg/detail/tracker_info__traits.hpp
-- Up-to-date: /home/chakfan/double_model/install/auto_aim_interfaces/include/auto_aim_interfaces/auto_aim_interfaces/msg/detail/target_pose__type_support.hpp
-- Up-to-date: /home/chakfan/double_model/install/auto_aim_interfaces/include/auto_aim_interfaces/auto_aim_interfaces/msg/detail/vehicles__builder.hpp
-- Up-to-date: /home/chakfan/double_model/install/auto_aim_interfaces/include/auto_aim_interfaces/auto_aim_interfaces/msg/detail/debug_armors__traits.hpp
-- Up-to-date: /home/chakfan/double_model/install/auto_aim_interfaces/include/auto_aim_interfaces/auto_aim_interfaces/msg/detail/enemy_info__builder.hpp
-- Up-to-date: /home/chakfan/double_model/install/auto_aim_interfaces/include/auto_aim_interfaces/auto_aim_interfaces/msg/detail/camera_msg__traits.hpp
-- Up-to-date: /home/chakfan/double_model/install/auto_aim_interfaces/include/auto_aim_interfaces/auto_aim_interfaces/msg/detail/enemy_info__struct.hpp
-- Up-to-date: /home/chakfan/double_model/install/auto_aim_interfaces/include/auto_aim_interfaces/auto_aim_interfaces/msg/tracker_target.hpp
-- Up-to-date: /home/chakfan/double_model/install/auto_aim_interfaces/include/auto_aim_interfaces/auto_aim_interfaces/msg/recieve_data.hpp
-- Up-to-date: /home/chakfan/double_model/install/auto_aim_interfaces/include/auto_aim_interfaces/auto_aim_interfaces/msg/vehicle.hpp
-- Up-to-date: /home/chakfan/double_model/install/auto_aim_interfaces/include/auto_aim_interfaces/auto_aim_interfaces/msg/anglesolver.hpp
-- Up-to-date: /home/chakfan/double_model/install/auto_aim_interfaces/include/auto_aim_interfaces/auto_aim_interfaces/msg/armor_info.hpp
-- Up-to-date: /home/chakfan/double_model/install/auto_aim_interfaces/include/auto_aim_interfaces/auto_aim_interfaces/msg/armors.hpp
-- Up-to-date: /home/chakfan/double_model/install/auto_aim_interfaces/include/auto_aim_interfaces/auto_aim_interfaces/msg/debug_lights.hpp
-- Up-to-date: /home/chakfan/double_model/install/auto_aim_interfaces/include/auto_aim_interfaces/auto_aim_interfaces/msg/debug_armor.hpp
-- Up-to-date: /home/chakfan/double_model/install/auto_aim_interfaces/include/auto_aim_interfaces/auto_aim_interfaces/msg/tracker_info.hpp
-- Up-to-date: /home/chakfan/double_model/install/auto_aim_interfaces/include/auto_aim_interfaces/auto_aim_interfaces/msg/send_data.hpp
-- Up-to-date: /home/chakfan/double_model/install/auto_aim_interfaces/include/auto_aim_interfaces/auto_aim_interfaces/msg/rosidl_generator_cpp__visibility_control.hpp
-- Up-to-date: /home/chakfan/double_model/install/auto_aim_interfaces/include/auto_aim_interfaces/auto_aim_interfaces/msg/armor.hpp
-- Up-to-date: /home/chakfan/double_model/install/auto_aim_interfaces/include/auto_aim_interfaces/auto_aim_interfaces/msg/vehicles.hpp
-- Up-to-date: /home/chakfan/double_model/install/auto_aim_interfaces/include/auto_aim_interfaces/auto_aim_interfaces
-- Up-to-date: /home/chakfan/double_model/install/auto_aim_interfaces/include/auto_aim_interfaces/auto_aim_interfaces/msg
-- Up-to-date: /home/chakfan/double_model/install/auto_aim_interfaces/include/auto_aim_interfaces/auto_aim_interfaces/msg/rosidl_typesupport_fastrtps_cpp__visibility_control.h
-- Up-to-date: /home/chakfan/double_model/install/auto_aim_interfaces/include/auto_aim_interfaces/auto_aim_interfaces/msg/detail
-- Up-to-date: /home/chakfan/double_model/install/auto_aim_interfaces/include/auto_aim_interfaces/auto_aim_interfaces/msg/detail/enemy_info__rosidl_typesupport_fastrtps_cpp.hpp
-- Up-to-date: /home/chakfan/double_model/install/auto_aim_interfaces/include/auto_aim_interfaces/auto_aim_interfaces/msg/detail/send_data__rosidl_typesupport_fastrtps_cpp.hpp
-- Up-to-date: /home/chakfan/double_model/install/auto_aim_interfaces/include/auto_aim_interfaces/auto_aim_interfaces/msg/detail/debug_light__rosidl_typesupport_fastrtps_cpp.hpp
-- Up-to-date: /home/chakfan/double_model/install/auto_aim_interfaces/include/auto_aim_interfaces/auto_aim_interfaces/msg/detail/debug_armors__rosidl_typesupport_fastrtps_cpp.hpp
-- Up-to-date: /home/chakfan/double_model/install/auto_aim_interfaces/include/auto_aim_interfaces/auto_aim_interfaces/msg/detail/debug_armor__rosidl_typesupport_fastrtps_cpp.hpp
-- Up-to-date: /home/chakfan/double_model/install/auto_aim_interfaces/include/auto_aim_interfaces/auto_aim_interfaces/msg/detail/recieve_data__rosidl_typesupport_fastrtps_cpp.hpp
-- Up-to-date: /home/chakfan/double_model/install/auto_aim_interfaces/include/auto_aim_interfaces/auto_aim_interfaces/msg/detail/vehicle__rosidl_typesupport_fastrtps_cpp.hpp
-- Up-to-date: /home/chakfan/double_model/install/auto_aim_interfaces/include/auto_aim_interfaces/auto_aim_interfaces/msg/detail/tracker_info__rosidl_typesupport_fastrtps_cpp.hpp
-- Up-to-date: /home/chakfan/double_model/install/auto_aim_interfaces/include/auto_aim_interfaces/auto_aim_interfaces/msg/detail/target_pose__rosidl_typesupport_fastrtps_cpp.hpp
-- Up-to-date: /home/chakfan/double_model/install/auto_aim_interfaces/include/auto_aim_interfaces/auto_aim_interfaces/msg/detail/tracker_predict__rosidl_typesupport_fastrtps_cpp.hpp
-- Up-to-date: /home/chakfan/double_model/install/auto_aim_interfaces/include/auto_aim_interfaces/auto_aim_interfaces/msg/detail/anglesolver__rosidl_typesupport_fastrtps_cpp.hpp
-- Up-to-date: /home/chakfan/double_model/install/auto_aim_interfaces/include/auto_aim_interfaces/auto_aim_interfaces/msg/detail/armor_info__rosidl_typesupport_fastrtps_cpp.hpp
-- Up-to-date: /home/chakfan/double_model/install/auto_aim_interfaces/include/auto_aim_interfaces/auto_aim_interfaces/msg/detail/armors__rosidl_typesupport_fastrtps_cpp.hpp
-- Up-to-date: /home/chakfan/double_model/install/auto_aim_interfaces/include/auto_aim_interfaces/auto_aim_interfaces/msg/detail/vehicles__rosidl_typesupport_fastrtps_cpp.hpp
-- Up-to-date: /home/chakfan/double_model/install/auto_aim_interfaces/include/auto_aim_interfaces/auto_aim_interfaces/msg/detail/debug_lights__rosidl_typesupport_fastrtps_cpp.hpp
-- Up-to-date: /home/chakfan/double_model/install/auto_aim_interfaces/include/auto_aim_interfaces/auto_aim_interfaces/msg/detail/tracker_target__rosidl_typesupport_fastrtps_cpp.hpp
-- Up-to-date: /home/chakfan/double_model/install/auto_aim_interfaces/include/auto_aim_interfaces/auto_aim_interfaces/msg/detail/armor__rosidl_typesupport_fastrtps_cpp.hpp
-- Up-to-date: /home/chakfan/double_model/install/auto_aim_interfaces/include/auto_aim_interfaces/auto_aim_interfaces/msg/detail/camera_msg__rosidl_typesupport_fastrtps_cpp.hpp
-- Up-to-date: /home/chakfan/double_model/install/auto_aim_interfaces/include/auto_aim_interfaces/auto_aim_interfaces/msg/detail/dds_fastrtps
-- Up-to-date: /home/chakfan/double_model/install/auto_aim_interfaces/lib/libauto_aim_interfaces__rosidl_typesupport_fastrtps_cpp.so
-- Up-to-date: /home/chakfan/double_model/install/auto_aim_interfaces/include/auto_aim_interfaces/auto_aim_interfaces
-- Up-to-date: /home/chakfan/double_model/install/auto_aim_interfaces/include/auto_aim_interfaces/auto_aim_interfaces/msg
-- Up-to-date: /home/chakfan/double_model/install/auto_aim_interfaces/include/auto_aim_interfaces/auto_aim_interfaces/msg/detail
-- Up-to-date: /home/chakfan/double_model/install/auto_aim_interfaces/include/auto_aim_interfaces/auto_aim_interfaces/msg/detail/tracker_info__rosidl_typesupport_introspection_cpp.hpp
-- Up-to-date: /home/chakfan/double_model/install/auto_aim_interfaces/include/auto_aim_interfaces/auto_aim_interfaces/msg/detail/target_pose__rosidl_typesupport_introspection_cpp.hpp
-- Up-to-date: /home/chakfan/double_model/install/auto_aim_interfaces/include/auto_aim_interfaces/auto_aim_interfaces/msg/detail/armors__rosidl_typesupport_introspection_cpp.hpp
-- Up-to-date: /home/chakfan/double_model/install/auto_aim_interfaces/include/auto_aim_interfaces/auto_aim_interfaces/msg/detail/debug_armors__type_support.cpp
-- Up-to-date: /home/chakfan/double_model/install/auto_aim_interfaces/include/auto_aim_interfaces/auto_aim_interfaces/msg/detail/vehicle__rosidl_typesupport_introspection_cpp.hpp
-- Up-to-date: /home/chakfan/double_model/install/auto_aim_interfaces/include/auto_aim_interfaces/auto_aim_interfaces/msg/detail/armor_info__type_support.cpp
-- Up-to-date: /home/chakfan/double_model/install/auto_aim_interfaces/include/auto_aim_interfaces/auto_aim_interfaces/msg/detail/enemy_info__type_support.cpp
-- Up-to-date: /home/chakfan/double_model/install/auto_aim_interfaces/include/auto_aim_interfaces/auto_aim_interfaces/msg/detail/armors__type_support.cpp
-- Up-to-date: /home/chakfan/double_model/install/auto_aim_interfaces/include/auto_aim_interfaces/auto_aim_interfaces/msg/detail/vehicles__type_support.cpp
-- Up-to-date: /home/chakfan/double_model/install/auto_aim_interfaces/include/auto_aim_interfaces/auto_aim_interfaces/msg/detail/vehicles__rosidl_typesupport_introspection_cpp.hpp
-- Up-to-date: /home/chakfan/double_model/install/auto_aim_interfaces/include/auto_aim_interfaces/auto_aim_interfaces/msg/detail/debug_light__type_support.cpp
-- Up-to-date: /home/chakfan/double_model/install/auto_aim_interfaces/include/auto_aim_interfaces/auto_aim_interfaces/msg/detail/send_data__type_support.cpp
-- Up-to-date: /home/chakfan/double_model/install/auto_aim_interfaces/include/auto_aim_interfaces/auto_aim_interfaces/msg/detail/armor_info__rosidl_typesupport_introspection_cpp.hpp
-- Up-to-date: /home/chakfan/double_model/install/auto_aim_interfaces/include/auto_aim_interfaces/auto_aim_interfaces/msg/detail/tracker_info__type_support.cpp
-- Up-to-date: /home/chakfan/double_model/install/auto_aim_interfaces/include/auto_aim_interfaces/auto_aim_interfaces/msg/detail/tracker_predict__rosidl_typesupport_introspection_cpp.hpp
-- Up-to-date: /home/chakfan/double_model/install/auto_aim_interfaces/include/auto_aim_interfaces/auto_aim_interfaces/msg/detail/debug_armors__rosidl_typesupport_introspection_cpp.hpp
-- Up-to-date: /home/chakfan/double_model/install/auto_aim_interfaces/include/auto_aim_interfaces/auto_aim_interfaces/msg/detail/recieve_data__rosidl_typesupport_introspection_cpp.hpp
-- Up-to-date: /home/chakfan/double_model/install/auto_aim_interfaces/include/auto_aim_interfaces/auto_aim_interfaces/msg/detail/tracker_target__type_support.cpp
-- Up-to-date: /home/chakfan/double_model/install/auto_aim_interfaces/include/auto_aim_interfaces/auto_aim_interfaces/msg/detail/debug_lights__type_support.cpp
-- Up-to-date: /home/chakfan/double_model/install/auto_aim_interfaces/include/auto_aim_interfaces/auto_aim_interfaces/msg/detail/armor__type_support.cpp
-- Up-to-date: /home/chakfan/double_model/install/auto_aim_interfaces/include/auto_aim_interfaces/auto_aim_interfaces/msg/detail/enemy_info__rosidl_typesupport_introspection_cpp.hpp
-- Up-to-date: /home/chakfan/double_model/install/auto_aim_interfaces/include/auto_aim_interfaces/auto_aim_interfaces/msg/detail/target_pose__type_support.cpp
-- Up-to-date: /home/chakfan/double_model/install/auto_aim_interfaces/include/auto_aim_interfaces/auto_aim_interfaces/msg/detail/send_data__rosidl_typesupport_introspection_cpp.hpp
-- Up-to-date: /home/chakfan/double_model/install/auto_aim_interfaces/include/auto_aim_interfaces/auto_aim_interfaces/msg/detail/camera_msg__rosidl_typesupport_introspection_cpp.hpp
-- Up-to-date: /home/chakfan/double_model/install/auto_aim_interfaces/include/auto_aim_interfaces/auto_aim_interfaces/msg/detail/anglesolver__rosidl_typesupport_introspection_cpp.hpp
-- Up-to-date: /home/chakfan/double_model/install/auto_aim_interfaces/include/auto_aim_interfaces/auto_aim_interfaces/msg/detail/vehicle__type_support.cpp
-- Up-to-date: /home/chakfan/double_model/install/auto_aim_interfaces/include/auto_aim_interfaces/auto_aim_interfaces/msg/detail/debug_lights__rosidl_typesupport_introspection_cpp.hpp
-- Up-to-date: /home/chakfan/double_model/install/auto_aim_interfaces/include/auto_aim_interfaces/auto_aim_interfaces/msg/detail/armor__rosidl_typesupport_introspection_cpp.hpp
-- Up-to-date: /home/chakfan/double_model/install/auto_aim_interfaces/include/auto_aim_interfaces/auto_aim_interfaces/msg/detail/debug_armor__rosidl_typesupport_introspection_cpp.hpp
-- Up-to-date: /home/chakfan/double_model/install/auto_aim_interfaces/include/auto_aim_interfaces/auto_aim_interfaces/msg/detail/camera_msg__type_support.cpp
-- Up-to-date: /home/chakfan/double_model/install/auto_aim_interfaces/include/auto_aim_interfaces/auto_aim_interfaces/msg/detail/debug_armor__type_support.cpp
-- Up-to-date: /home/chakfan/double_model/install/auto_aim_interfaces/include/auto_aim_interfaces/auto_aim_interfaces/msg/detail/recieve_data__type_support.cpp
-- Up-to-date: /home/chakfan/double_model/install/auto_aim_interfaces/include/auto_aim_interfaces/auto_aim_interfaces/msg/detail/debug_light__rosidl_typesupport_introspection_cpp.hpp
-- Up-to-date: /home/chakfan/double_model/install/auto_aim_interfaces/include/auto_aim_interfaces/auto_aim_interfaces/msg/detail/tracker_target__rosidl_typesupport_introspection_cpp.hpp
-- Up-to-date: /home/chakfan/double_model/install/auto_aim_interfaces/include/auto_aim_interfaces/auto_aim_interfaces/msg/detail/tracker_predict__type_support.cpp
-- Up-to-date: /home/chakfan/double_model/install/auto_aim_interfaces/include/auto_aim_interfaces/auto_aim_interfaces/msg/detail/anglesolver__type_support.cpp
-- Up-to-date: /home/chakfan/double_model/install/auto_aim_interfaces/lib/libauto_aim_interfaces__rosidl_typesupport_introspection_cpp.so
-- Up-to-date: /home/chakfan/double_model/install/auto_aim_interfaces/lib/libauto_aim_interfaces__rosidl_typesupport_cpp.so
-- Up-to-date: /home/chakfan/double_model/install/auto_aim_interfaces/share/auto_aim_interfaces/environment/pythonpath.sh
-- Up-to-date: /home/chakfan/double_model/install/auto_aim_interfaces/share/auto_aim_interfaces/environment/pythonpath.dsv
-- Up-to-date: /home/chakfan/double_model/install/auto_aim_interfaces/local/lib/python3.10/dist-packages/auto_aim_interfaces-0.0.0-py3.10.egg-info
-- Installing: /home/chakfan/double_model/install/auto_aim_interfaces/local/lib/python3.10/dist-packages/auto_aim_interfaces-0.0.0-py3.10.egg-info/dependency_links.txt
-- Installing: /home/chakfan/double_model/install/auto_aim_interfaces/local/lib/python3.10/dist-packages/auto_aim_interfaces-0.0.0-py3.10.egg-info/SOURCES.txt
-- Installing: /home/chakfan/double_model/install/auto_aim_interfaces/local/lib/python3.10/dist-packages/auto_aim_interfaces-0.0.0-py3.10.egg-info/PKG-INFO
-- Installing: /home/chakfan/double_model/install/auto_aim_interfaces/local/lib/python3.10/dist-packages/auto_aim_interfaces-0.0.0-py3.10.egg-info/top_level.txt
-- Up-to-date: /home/chakfan/double_model/install/auto_aim_interfaces/local/lib/python3.10/dist-packages/auto_aim_interfaces
-- Up-to-date: /home/chakfan/double_model/install/auto_aim_interfaces/local/lib/python3.10/dist-packages/auto_aim_interfaces/__init__.py
-- Up-to-date: /home/chakfan/double_model/install/auto_aim_interfaces/local/lib/python3.10/dist-packages/auto_aim_interfaces/auto_aim_interfaces_s__rosidl_typesupport_c.cpython-310-x86_64-linux-gnu.so
-- Up-to-date: /home/chakfan/double_model/install/auto_aim_interfaces/local/lib/python3.10/dist-packages/auto_aim_interfaces/_auto_aim_interfaces_s.ep.rosidl_typesupport_c.c
-- Up-to-date: /home/chakfan/double_model/install/auto_aim_interfaces/local/lib/python3.10/dist-packages/auto_aim_interfaces/libauto_aim_interfaces__rosidl_generator_py.so
-- Up-to-date: /home/chakfan/double_model/install/auto_aim_interfaces/local/lib/python3.10/dist-packages/auto_aim_interfaces/auto_aim_interfaces_s__rosidl_typesupport_introspection_c.cpython-310-x86_64-linux-gnu.so
-- Up-to-date: /home/chakfan/double_model/install/auto_aim_interfaces/local/lib/python3.10/dist-packages/auto_aim_interfaces/auto_aim_interfaces_s__rosidl_typesupport_fastrtps_c.cpython-310-x86_64-linux-gnu.so
-- Up-to-date: /home/chakfan/double_model/install/auto_aim_interfaces/local/lib/python3.10/dist-packages/auto_aim_interfaces/_auto_aim_interfaces_s.ep.rosidl_typesupport_fastrtps_c.c
-- Up-to-date: /home/chakfan/double_model/install/auto_aim_interfaces/local/lib/python3.10/dist-packages/auto_aim_interfaces/msg
-- Up-to-date: /home/chakfan/double_model/install/auto_aim_interfaces/local/lib/python3.10/dist-packages/auto_aim_interfaces/msg/__init__.py
-- Up-to-date: /home/chakfan/double_model/install/auto_aim_interfaces/local/lib/python3.10/dist-packages/auto_aim_interfaces/msg/_armor_info.py
-- Up-to-date: /home/chakfan/double_model/install/auto_aim_interfaces/local/lib/python3.10/dist-packages/auto_aim_interfaces/msg/_armor_info_s.c
-- Up-to-date: /home/chakfan/double_model/install/auto_aim_interfaces/local/lib/python3.10/dist-packages/auto_aim_interfaces/msg/_target_pose.py
-- Up-to-date: /home/chakfan/double_model/install/auto_aim_interfaces/local/lib/python3.10/dist-packages/auto_aim_interfaces/msg/_tracker_target_s.c
-- Up-to-date: /home/chakfan/double_model/install/auto_aim_interfaces/local/lib/python3.10/dist-packages/auto_aim_interfaces/msg/_anglesolver_s.c
-- Up-to-date: /home/chakfan/double_model/install/auto_aim_interfaces/local/lib/python3.10/dist-packages/auto_aim_interfaces/msg/_recieve_data.py
-- Up-to-date: /home/chakfan/double_model/install/auto_aim_interfaces/local/lib/python3.10/dist-packages/auto_aim_interfaces/msg/_vehicles_s.c
-- Up-to-date: /home/chakfan/double_model/install/auto_aim_interfaces/local/lib/python3.10/dist-packages/auto_aim_interfaces/msg/_armors_s.c
-- Up-to-date: /home/chakfan/double_model/install/auto_aim_interfaces/local/lib/python3.10/dist-packages/auto_aim_interfaces/msg/_armor_s.c
-- Up-to-date: /home/chakfan/double_model/install/auto_aim_interfaces/local/lib/python3.10/dist-packages/auto_aim_interfaces/msg/_vehicles.py
-- Up-to-date: /home/chakfan/double_model/install/auto_aim_interfaces/local/lib/python3.10/dist-packages/auto_aim_interfaces/msg/_enemy_info_s.c
-- Up-to-date: /home/chakfan/double_model/install/auto_aim_interfaces/local/lib/python3.10/dist-packages/auto_aim_interfaces/msg/_debug_lights_s.c
-- Up-to-date: /home/chakfan/double_model/install/auto_aim_interfaces/local/lib/python3.10/dist-packages/auto_aim_interfaces/msg/_armor.py
-- Up-to-date: /home/chakfan/double_model/install/auto_aim_interfaces/local/lib/python3.10/dist-packages/auto_aim_interfaces/msg/_tracker_info_s.c
-- Up-to-date: /home/chakfan/double_model/install/auto_aim_interfaces/local/lib/python3.10/dist-packages/auto_aim_interfaces/msg/_debug_armors.py
-- Up-to-date: /home/chakfan/double_model/install/auto_aim_interfaces/local/lib/python3.10/dist-packages/auto_aim_interfaces/msg/_anglesolver.py
-- Up-to-date: /home/chakfan/double_model/install/auto_aim_interfaces/local/lib/python3.10/dist-packages/auto_aim_interfaces/msg/_debug_light_s.c
-- Up-to-date: /home/chakfan/double_model/install/auto_aim_interfaces/local/lib/python3.10/dist-packages/auto_aim_interfaces/msg/_debug_lights.py
-- Up-to-date: /home/chakfan/double_model/install/auto_aim_interfaces/local/lib/python3.10/dist-packages/auto_aim_interfaces/msg/_enemy_info.py
-- Up-to-date: /home/chakfan/double_model/install/auto_aim_interfaces/local/lib/python3.10/dist-packages/auto_aim_interfaces/msg/_debug_armors_s.c
-- Up-to-date: /home/chakfan/double_model/install/auto_aim_interfaces/local/lib/python3.10/dist-packages/auto_aim_interfaces/msg/_debug_armor_s.c
-- Up-to-date: /home/chakfan/double_model/install/auto_aim_interfaces/local/lib/python3.10/dist-packages/auto_aim_interfaces/msg/_send_data.py
-- Up-to-date: /home/chakfan/double_model/install/auto_aim_interfaces/local/lib/python3.10/dist-packages/auto_aim_interfaces/msg/_armors.py
-- Up-to-date: /home/chakfan/double_model/install/auto_aim_interfaces/local/lib/python3.10/dist-packages/auto_aim_interfaces/msg/_debug_light.py
-- Up-to-date: /home/chakfan/double_model/install/auto_aim_interfaces/local/lib/python3.10/dist-packages/auto_aim_interfaces/msg/_tracker_predict_s.c
-- Up-to-date: /home/chakfan/double_model/install/auto_aim_interfaces/local/lib/python3.10/dist-packages/auto_aim_interfaces/msg/_tracker_info.py
-- Up-to-date: /home/chakfan/double_model/install/auto_aim_interfaces/local/lib/python3.10/dist-packages/auto_aim_interfaces/msg/_vehicle.py
-- Up-to-date: /home/chakfan/double_model/install/auto_aim_interfaces/local/lib/python3.10/dist-packages/auto_aim_interfaces/msg/_tracker_target.py
-- Up-to-date: /home/chakfan/double_model/install/auto_aim_interfaces/local/lib/python3.10/dist-packages/auto_aim_interfaces/msg/_vehicle_s.c
-- Up-to-date: /home/chakfan/double_model/install/auto_aim_interfaces/local/lib/python3.10/dist-packages/auto_aim_interfaces/msg/_debug_armor.py
-- Up-to-date: /home/chakfan/double_model/install/auto_aim_interfaces/local/lib/python3.10/dist-packages/auto_aim_interfaces/msg/_target_pose_s.c
-- Up-to-date: /home/chakfan/double_model/install/auto_aim_interfaces/local/lib/python3.10/dist-packages/auto_aim_interfaces/msg/_camera_msg_s.c
-- Up-to-date: /home/chakfan/double_model/install/auto_aim_interfaces/local/lib/python3.10/dist-packages/auto_aim_interfaces/msg/_tracker_predict.py
-- Up-to-date: /home/chakfan/double_model/install/auto_aim_interfaces/local/lib/python3.10/dist-packages/auto_aim_interfaces/msg/_send_data_s.c
-- Up-to-date: /home/chakfan/double_model/install/auto_aim_interfaces/local/lib/python3.10/dist-packages/auto_aim_interfaces/msg/_recieve_data_s.c
-- Up-to-date: /home/chakfan/double_model/install/auto_aim_interfaces/local/lib/python3.10/dist-packages/auto_aim_interfaces/msg/_camera_msg.py
-- Up-to-date: /home/chakfan/double_model/install/auto_aim_interfaces/local/lib/python3.10/dist-packages/auto_aim_interfaces/_auto_aim_interfaces_s.ep.rosidl_typesupport_introspection_c.c
Listing '/home/chakfan/double_model/install/auto_aim_interfaces/local/lib/python3.10/dist-packages/auto_aim_interfaces'...
Listing '/home/chakfan/double_model/install/auto_aim_interfaces/local/lib/python3.10/dist-packages/auto_aim_interfaces/msg'...
-- Up-to-date: /home/chakfan/double_model/install/auto_aim_interfaces/local/lib/python3.10/dist-packages/auto_aim_interfaces/auto_aim_interfaces_s__rosidl_typesupport_fastrtps_c.cpython-310-x86_64-linux-gnu.so
-- Up-to-date: /home/chakfan/double_model/install/auto_aim_interfaces/local/lib/python3.10/dist-packages/auto_aim_interfaces/auto_aim_interfaces_s__rosidl_typesupport_introspection_c.cpython-310-x86_64-linux-gnu.so
-- Up-to-date: /home/chakfan/double_model/install/auto_aim_interfaces/local/lib/python3.10/dist-packages/auto_aim_interfaces/auto_aim_interfaces_s__rosidl_typesupport_c.cpython-310-x86_64-linux-gnu.so
-- Up-to-date: /home/chakfan/double_model/install/auto_aim_interfaces/lib/libauto_aim_interfaces__rosidl_generator_py.so
-- Up-to-date: /home/chakfan/double_model/install/auto_aim_interfaces/share/auto_aim_interfaces/msg/Armor.idl
-- Up-to-date: /home/chakfan/double_model/install/auto_aim_interfaces/share/auto_aim_interfaces/msg/Armors.idl
-- Up-to-date: /home/chakfan/double_model/install/auto_aim_interfaces/share/auto_aim_interfaces/msg/Anglesolver.idl
-- Up-to-date: /home/chakfan/double_model/install/auto_aim_interfaces/share/auto_aim_interfaces/msg/TargetPose.idl
-- Up-to-date: /home/chakfan/double_model/install/auto_aim_interfaces/share/auto_aim_interfaces/msg/Vehicle.idl
-- Up-to-date: /home/chakfan/double_model/install/auto_aim_interfaces/share/auto_aim_interfaces/msg/Vehicles.idl
-- Up-to-date: /home/chakfan/double_model/install/auto_aim_interfaces/share/auto_aim_interfaces/msg/CameraMsg.idl
-- Up-to-date: /home/chakfan/double_model/install/auto_aim_interfaces/share/auto_aim_interfaces/msg/DebugLight.idl
-- Up-to-date: /home/chakfan/double_model/install/auto_aim_interfaces/share/auto_aim_interfaces/msg/DebugLights.idl
-- Up-to-date: /home/chakfan/double_model/install/auto_aim_interfaces/share/auto_aim_interfaces/msg/DebugArmor.idl
-- Up-to-date: /home/chakfan/double_model/install/auto_aim_interfaces/share/auto_aim_interfaces/msg/DebugArmors.idl
-- Up-to-date: /home/chakfan/double_model/install/auto_aim_interfaces/share/auto_aim_interfaces/msg/RecieveData.idl
-- Up-to-date: /home/chakfan/double_model/install/auto_aim_interfaces/share/auto_aim_interfaces/msg/SendData.idl
-- Up-to-date: /home/chakfan/double_model/install/auto_aim_interfaces/share/auto_aim_interfaces/msg/ArmorInfo.idl
-- Up-to-date: /home/chakfan/double_model/install/auto_aim_interfaces/share/auto_aim_interfaces/msg/EnemyInfo.idl
-- Up-to-date: /home/chakfan/double_model/install/auto_aim_interfaces/share/auto_aim_interfaces/msg/TrackerInfo.idl
-- Up-to-date: /home/chakfan/double_model/install/auto_aim_interfaces/share/auto_aim_interfaces/msg/TrackerPredict.idl
-- Up-to-date: /home/chakfan/double_model/install/auto_aim_interfaces/share/auto_aim_interfaces/msg/TrackerTarget.idl
-- Up-to-date: /home/chakfan/double_model/install/auto_aim_interfaces/share/auto_aim_interfaces/msg/Armor.msg
-- Up-to-date: /home/chakfan/double_model/install/auto_aim_interfaces/share/auto_aim_interfaces/msg/Armors.msg
-- Up-to-date: /home/chakfan/double_model/install/auto_aim_interfaces/share/auto_aim_interfaces/msg/Anglesolver.msg
-- Up-to-date: /home/chakfan/double_model/install/auto_aim_interfaces/share/auto_aim_interfaces/msg/TargetPose.msg
-- Up-to-date: /home/chakfan/double_model/install/auto_aim_interfaces/share/auto_aim_interfaces/msg/Vehicle.msg
-- Up-to-date: /home/chakfan/double_model/install/auto_aim_interfaces/share/auto_aim_interfaces/msg/Vehicles.msg
-- Up-to-date: /home/chakfan/double_model/install/auto_aim_interfaces/share/auto_aim_interfaces/msg/CameraMsg.msg
-- Up-to-date: /home/chakfan/double_model/install/auto_aim_interfaces/share/auto_aim_interfaces/msg/DebugLight.msg
-- Up-to-date: /home/chakfan/double_model/install/auto_aim_interfaces/share/auto_aim_interfaces/msg/DebugLights.msg
-- Up-to-date: /home/chakfan/double_model/install/auto_aim_interfaces/share/auto_aim_interfaces/msg/DebugArmor.msg
-- Up-to-date: /home/chakfan/double_model/install/auto_aim_interfaces/share/auto_aim_interfaces/msg/DebugArmors.msg
-- Up-to-date: /home/chakfan/double_model/install/auto_aim_interfaces/share/auto_aim_interfaces/msg/RecieveData.msg
-- Up-to-date: /home/chakfan/double_model/install/auto_aim_interfaces/share/auto_aim_interfaces/msg/SendData.msg
-- Up-to-date: /home/chakfan/double_model/install/auto_aim_interfaces/share/auto_aim_interfaces/msg/ArmorInfo.msg
-- Up-to-date: /home/chakfan/double_model/install/auto_aim_interfaces/share/auto_aim_interfaces/msg/EnemyInfo.msg
-- Up-to-date: /home/chakfan/double_model/install/auto_aim_interfaces/share/auto_aim_interfaces/msg/TrackerInfo.msg
-- Up-to-date: /home/chakfan/double_model/install/auto_aim_interfaces/share/auto_aim_interfaces/msg/TrackerPredict.msg
-- Up-to-date: /home/chakfan/double_model/install/auto_aim_interfaces/share/auto_aim_interfaces/msg/TrackerTarget.msg
-- Up-to-date: /home/chakfan/double_model/install/auto_aim_interfaces/share/ament_index/resource_index/package_run_dependencies/auto_aim_interfaces
-- Up-to-date: /home/chakfan/double_model/install/auto_aim_interfaces/share/ament_index/resource_index/parent_prefix_path/auto_aim_interfaces
-- Up-to-date: /home/chakfan/double_model/install/auto_aim_interfaces/share/auto_aim_interfaces/environment/ament_prefix_path.sh
-- Up-to-date: /home/chakfan/double_model/install/auto_aim_interfaces/share/auto_aim_interfaces/environment/ament_prefix_path.dsv
-- Up-to-date: /home/chakfan/double_model/install/auto_aim_interfaces/share/auto_aim_interfaces/environment/path.sh
-- Up-to-date: /home/chakfan/double_model/install/auto_aim_interfaces/share/auto_aim_interfaces/environment/path.dsv
-- Up-to-date: /home/chakfan/double_model/install/auto_aim_interfaces/share/auto_aim_interfaces/local_setup.bash
-- Up-to-date: /home/chakfan/double_model/install/auto_aim_interfaces/share/auto_aim_interfaces/local_setup.sh
-- Up-to-date: /home/chakfan/double_model/install/auto_aim_interfaces/share/auto_aim_interfaces/local_setup.zsh
-- Up-to-date: /home/chakfan/double_model/install/auto_aim_interfaces/share/auto_aim_interfaces/local_setup.dsv
-- Installing: /home/chakfan/double_model/install/auto_aim_interfaces/share/auto_aim_interfaces/package.dsv
-- Up-to-date: /home/chakfan/double_model/install/auto_aim_interfaces/share/ament_index/resource_index/packages/auto_aim_interfaces
-- Up-to-date: /home/chakfan/double_model/install/auto_aim_interfaces/share/auto_aim_interfaces/cmake/export_auto_aim_interfaces__rosidl_generator_cExport.cmake
-- Up-to-date: /home/chakfan/double_model/install/auto_aim_interfaces/share/auto_aim_interfaces/cmake/export_auto_aim_interfaces__rosidl_generator_cExport-noconfig.cmake
-- Up-to-date: /home/chakfan/double_model/install/auto_aim_interfaces/share/auto_aim_interfaces/cmake/export_auto_aim_interfaces__rosidl_typesupport_fastrtps_cExport.cmake
-- Up-to-date: /home/chakfan/double_model/install/auto_aim_interfaces/share/auto_aim_interfaces/cmake/export_auto_aim_interfaces__rosidl_typesupport_fastrtps_cExport-noconfig.cmake
-- Up-to-date: /home/chakfan/double_model/install/auto_aim_interfaces/share/auto_aim_interfaces/cmake/auto_aim_interfaces__rosidl_typesupport_introspection_cExport.cmake
-- Up-to-date: /home/chakfan/double_model/install/auto_aim_interfaces/share/auto_aim_interfaces/cmake/auto_aim_interfaces__rosidl_typesupport_introspection_cExport-noconfig.cmake
-- Up-to-date: /home/chakfan/double_model/install/auto_aim_interfaces/share/auto_aim_interfaces/cmake/auto_aim_interfaces__rosidl_typesupport_cExport.cmake
-- Up-to-date: /home/chakfan/double_model/install/auto_aim_interfaces/share/auto_aim_interfaces/cmake/auto_aim_interfaces__rosidl_typesupport_cExport-noconfig.cmake
-- Up-to-date: /home/chakfan/double_model/install/auto_aim_interfaces/share/auto_aim_interfaces/cmake/export_auto_aim_interfaces__rosidl_generator_cppExport.cmake
-- Up-to-date: /home/chakfan/double_model/install/auto_aim_interfaces/share/auto_aim_interfaces/cmake/export_auto_aim_interfaces__rosidl_typesupport_fastrtps_cppExport.cmake
-- Up-to-date: /home/chakfan/double_model/install/auto_aim_interfaces/share/auto_aim_interfaces/cmake/export_auto_aim_interfaces__rosidl_typesupport_fastrtps_cppExport-noconfig.cmake
-- Up-to-date: /home/chakfan/double_model/install/auto_aim_interfaces/share/auto_aim_interfaces/cmake/auto_aim_interfaces__rosidl_typesupport_introspection_cppExport.cmake
-- Up-to-date: /home/chakfan/double_model/install/auto_aim_interfaces/share/auto_aim_interfaces/cmake/auto_aim_interfaces__rosidl_typesupport_introspection_cppExport-noconfig.cmake
-- Up-to-date: /home/chakfan/double_model/install/auto_aim_interfaces/share/auto_aim_interfaces/cmake/auto_aim_interfaces__rosidl_typesupport_cppExport.cmake
-- Up-to-date: /home/chakfan/double_model/install/auto_aim_interfaces/share/auto_aim_interfaces/cmake/auto_aim_interfaces__rosidl_typesupport_cppExport-noconfig.cmake
-- Up-to-date: /home/chakfan/double_model/install/auto_aim_interfaces/share/auto_aim_interfaces/cmake/export_auto_aim_interfaces__rosidl_generator_pyExport.cmake
-- Up-to-date: /home/chakfan/double_model/install/auto_aim_interfaces/share/auto_aim_interfaces/cmake/export_auto_aim_interfaces__rosidl_generator_pyExport-noconfig.cmake
-- Up-to-date: /home/chakfan/double_model/install/auto_aim_interfaces/share/auto_aim_interfaces/cmake/rosidl_cmake-extras.cmake
-- Up-to-date: /home/chakfan/double_model/install/auto_aim_interfaces/share/auto_aim_interfaces/cmake/ament_cmake_export_dependencies-extras.cmake
-- Up-to-date: /home/chakfan/double_model/install/auto_aim_interfaces/share/auto_aim_interfaces/cmake/ament_cmake_export_include_directories-extras.cmake
-- Up-to-date: /home/chakfan/double_model/install/auto_aim_interfaces/share/auto_aim_interfaces/cmake/ament_cmake_export_libraries-extras.cmake
-- Up-to-date: /home/chakfan/double_model/install/auto_aim_interfaces/share/auto_aim_interfaces/cmake/ament_cmake_export_targets-extras.cmake
-- Up-to-date: /home/chakfan/double_model/install/auto_aim_interfaces/share/auto_aim_interfaces/cmake/rosidl_cmake_export_typesupport_targets-extras.cmake
-- Up-to-date: /home/chakfan/double_model/install/auto_aim_interfaces/share/auto_aim_interfaces/cmake/rosidl_cmake_export_typesupport_libraries-extras.cmake
-- Up-to-date: /home/chakfan/double_model/install/auto_aim_interfaces/share/auto_aim_interfaces/cmake/auto_aim_interfacesConfig.cmake
-- Up-to-date: /home/chakfan/double_model/install/auto_aim_interfaces/share/auto_aim_interfaces/cmake/auto_aim_interfacesConfig-version.cmake
-- Up-to-date: /home/chakfan/double_model/install/auto_aim_interfaces/share/auto_aim_interfaces/package.xml
