[0.008s] Invoking command in '/home/chakfan/double_model/build/auto_aim_interfaces': CMAKE_PREFIX_PATH=${CMAKE_PREFIX_PATH}:/opt/ros/humble /usr/local/bin/cmake --build /home/chakfan/double_model/build/auto_aim_interfaces -- -j32 -l32
[0.040s] [  0%] Built target auto_aim_interfaces__cpp
[0.045s] [  7%] Built target ament_cmake_python_copy_auto_aim_interfaces
[0.045s] [ 12%] Built target auto_aim_interfaces__rosidl_generator_c
[0.059s] [ 24%] Built target auto_aim_interfaces__rosidl_typesupport_cpp
[0.061s] [ 48%] Built target auto_aim_interfaces__rosidl_typesupport_introspection_cpp
[0.061s] [ 48%] Built target auto_aim_interfaces__rosidl_typesupport_c
[0.061s] [ 60%] Built target auto_aim_interfaces__rosidl_typesupport_fastrtps_cpp
[0.063s] [ 72%] Built target auto_aim_interfaces__rosidl_typesupport_introspection_c
[0.064s] [ 84%] Built target auto_aim_interfaces__rosidl_typesupport_fastrtps_c
[0.074s] [ 84%] Built target auto_aim_interfaces
[0.087s] [ 85%] Built target auto_aim_interfaces__py
[0.105s] [ 96%] Built target auto_aim_interfaces__rosidl_generator_py
[0.120s] [ 98%] Built target auto_aim_interfaces__rosidl_typesupport_fastrtps_c__pyext
[0.120s] [ 99%] Built target auto_aim_interfaces__rosidl_typesupport_introspection_c__pyext
[0.120s] [100%] Built target auto_aim_interfaces__rosidl_typesupport_c__pyext
[0.177s] running egg_info
[0.178s] writing auto_aim_interfaces.egg-info/PKG-INFO
[0.178s] writing dependency_links to auto_aim_interfaces.egg-info/dependency_links.txt
[0.178s] writing top-level names to auto_aim_interfaces.egg-info/top_level.txt
[0.180s] reading manifest file 'auto_aim_interfaces.egg-info/SOURCES.txt'
[0.180s] writing manifest file 'auto_aim_interfaces.egg-info/SOURCES.txt'
[0.196s] [100%] Built target ament_cmake_python_build_auto_aim_interfaces_egg
[0.204s] Invoked command in '/home/chakfan/double_model/build/auto_aim_interfaces' returned '0': CMAKE_PREFIX_PATH=${CMAKE_PREFIX_PATH}:/opt/ros/humble /usr/local/bin/cmake --build /home/chakfan/double_model/build/auto_aim_interfaces -- -j32 -l32
[0.208s] Invoking command in '/home/chakfan/double_model/build/auto_aim_interfaces': CMAKE_PREFIX_PATH=${CMAKE_PREFIX_PATH}:/opt/ros/humble /usr/local/bin/cmake --install /home/chakfan/double_model/build/auto_aim_interfaces
[0.211s] -- Install configuration: ""
[0.211s] -- Up-to-date: /home/chakfan/double_model/install/auto_aim_interfaces/share/ament_index/resource_index/rosidl_interfaces/auto_aim_interfaces
[0.211s] -- Up-to-date: /home/chakfan/double_model/install/auto_aim_interfaces/include/auto_aim_interfaces/auto_aim_interfaces
[0.211s] -- Up-to-date: /home/chakfan/double_model/install/auto_aim_interfaces/include/auto_aim_interfaces/auto_aim_interfaces/msg
[0.211s] -- Up-to-date: /home/chakfan/double_model/install/auto_aim_interfaces/include/auto_aim_interfaces/auto_aim_interfaces/msg/tracker_predict.h
[0.212s] -- Up-to-date: /home/chakfan/double_model/install/auto_aim_interfaces/include/auto_aim_interfaces/auto_aim_interfaces/msg/rosidl_generator_c__visibility_control.h
[0.212s] -- Up-to-date: /home/chakfan/double_model/install/auto_aim_interfaces/include/auto_aim_interfaces/auto_aim_interfaces/msg/vehicles.h
[0.212s] -- Up-to-date: /home/chakfan/double_model/install/auto_aim_interfaces/include/auto_aim_interfaces/auto_aim_interfaces/msg/send_data.h
[0.212s] -- Up-to-date: /home/chakfan/double_model/install/auto_aim_interfaces/include/auto_aim_interfaces/auto_aim_interfaces/msg/debug_light.h
[0.212s] -- Up-to-date: /home/chakfan/double_model/install/auto_aim_interfaces/include/auto_aim_interfaces/auto_aim_interfaces/msg/detail
[0.212s] -- Up-to-date: /home/chakfan/double_model/install/auto_aim_interfaces/include/auto_aim_interfaces/auto_aim_interfaces/msg/detail/vehicle__functions.c
[0.212s] -- Up-to-date: /home/chakfan/double_model/install/auto_aim_interfaces/include/auto_aim_interfaces/auto_aim_interfaces/msg/detail/send_data__functions.h
[0.212s] -- Up-to-date: /home/chakfan/double_model/install/auto_aim_interfaces/include/auto_aim_interfaces/auto_aim_interfaces/msg/detail/debug_armors__functions.h
[0.212s] -- Up-to-date: /home/chakfan/double_model/install/auto_aim_interfaces/include/auto_aim_interfaces/auto_aim_interfaces/msg/detail/anglesolver__functions.c
[0.212s] -- Up-to-date: /home/chakfan/double_model/install/auto_aim_interfaces/include/auto_aim_interfaces/auto_aim_interfaces/msg/detail/anglesolver__struct.h
[0.212s] -- Up-to-date: /home/chakfan/double_model/install/auto_aim_interfaces/include/auto_aim_interfaces/auto_aim_interfaces/msg/detail/camera_msg__type_support.h
[0.212s] -- Up-to-date: /home/chakfan/double_model/install/auto_aim_interfaces/include/auto_aim_interfaces/auto_aim_interfaces/msg/detail/tracker_target__functions.h
[0.212s] -- Up-to-date: /home/chakfan/double_model/install/auto_aim_interfaces/include/auto_aim_interfaces/auto_aim_interfaces/msg/detail/debug_lights__functions.c
[0.212s] -- Up-to-date: /home/chakfan/double_model/install/auto_aim_interfaces/include/auto_aim_interfaces/auto_aim_interfaces/msg/detail/target_pose__functions.c
[0.212s] -- Up-to-date: /home/chakfan/double_model/install/auto_aim_interfaces/include/auto_aim_interfaces/auto_aim_interfaces/msg/detail/debug_armor__functions.c
[0.212s] -- Up-to-date: /home/chakfan/double_model/install/auto_aim_interfaces/include/auto_aim_interfaces/auto_aim_interfaces/msg/detail/tracker_info__functions.h
[0.212s] -- Up-to-date: /home/chakfan/double_model/install/auto_aim_interfaces/include/auto_aim_interfaces/auto_aim_interfaces/msg/detail/armor__struct.h
[0.212s] -- Up-to-date: /home/chakfan/double_model/install/auto_aim_interfaces/include/auto_aim_interfaces/auto_aim_interfaces/msg/detail/anglesolver__type_support.h
[0.213s] -- Up-to-date: /home/chakfan/double_model/install/auto_aim_interfaces/include/auto_aim_interfaces/auto_aim_interfaces/msg/detail/debug_armor__functions.h
[0.213s] -- Up-to-date: /home/chakfan/double_model/install/auto_aim_interfaces/include/auto_aim_interfaces/auto_aim_interfaces/msg/detail/tracker_info__functions.c
[0.213s] -- Up-to-date: /home/chakfan/double_model/install/auto_aim_interfaces/include/auto_aim_interfaces/auto_aim_interfaces/msg/detail/debug_lights__functions.h
[0.213s] -- Up-to-date: /home/chakfan/double_model/install/auto_aim_interfaces/include/auto_aim_interfaces/auto_aim_interfaces/msg/detail/vehicle__struct.h
[0.213s] -- Up-to-date: /home/chakfan/double_model/install/auto_aim_interfaces/include/auto_aim_interfaces/auto_aim_interfaces/msg/detail/debug_armor__struct.h
[0.213s] -- Up-to-date: /home/chakfan/double_model/install/auto_aim_interfaces/include/auto_aim_interfaces/auto_aim_interfaces/msg/detail/vehicles__type_support.h
[0.213s] -- Up-to-date: /home/chakfan/double_model/install/auto_aim_interfaces/include/auto_aim_interfaces/auto_aim_interfaces/msg/detail/armors__functions.h
[0.213s] -- Up-to-date: /home/chakfan/double_model/install/auto_aim_interfaces/include/auto_aim_interfaces/auto_aim_interfaces/msg/detail/tracker_info__type_support.h
[0.213s] -- Up-to-date: /home/chakfan/double_model/install/auto_aim_interfaces/include/auto_aim_interfaces/auto_aim_interfaces/msg/detail/vehicle__type_support.h
[0.213s] -- Up-to-date: /home/chakfan/double_model/install/auto_aim_interfaces/include/auto_aim_interfaces/auto_aim_interfaces/msg/detail/vehicles__functions.h
[0.214s] -- Up-to-date: /home/chakfan/double_model/install/auto_aim_interfaces/include/auto_aim_interfaces/auto_aim_interfaces/msg/detail/tracker_target__functions.c
[0.214s] -- Up-to-date: /home/chakfan/double_model/install/auto_aim_interfaces/include/auto_aim_interfaces/auto_aim_interfaces/msg/detail/tracker_predict__functions.c
[0.214s] -- Up-to-date: /home/chakfan/double_model/install/auto_aim_interfaces/include/auto_aim_interfaces/auto_aim_interfaces/msg/detail/debug_light__struct.h
[0.214s] -- Up-to-date: /home/chakfan/double_model/install/auto_aim_interfaces/include/auto_aim_interfaces/auto_aim_interfaces/msg/detail/debug_armor__type_support.h
[0.214s] -- Up-to-date: /home/chakfan/double_model/install/auto_aim_interfaces/include/auto_aim_interfaces/auto_aim_interfaces/msg/detail/tracker_predict__type_support.h
[0.214s] -- Up-to-date: /home/chakfan/double_model/install/auto_aim_interfaces/include/auto_aim_interfaces/auto_aim_interfaces/msg/detail/enemy_info__struct.h
[0.214s] -- Up-to-date: /home/chakfan/double_model/install/auto_aim_interfaces/include/auto_aim_interfaces/auto_aim_interfaces/msg/detail/enemy_info__functions.h
[0.214s] -- Up-to-date: /home/chakfan/double_model/install/auto_aim_interfaces/include/auto_aim_interfaces/auto_aim_interfaces/msg/detail/tracker_predict__functions.h
[0.214s] -- Up-to-date: /home/chakfan/double_model/install/auto_aim_interfaces/include/auto_aim_interfaces/auto_aim_interfaces/msg/detail/debug_light__functions.c
[0.214s] -- Up-to-date: /home/chakfan/double_model/install/auto_aim_interfaces/include/auto_aim_interfaces/auto_aim_interfaces/msg/detail/armor__functions.h
[0.214s] -- Up-to-date: /home/chakfan/double_model/install/auto_aim_interfaces/include/auto_aim_interfaces/auto_aim_interfaces/msg/detail/armor_info__functions.h
[0.214s] -- Up-to-date: /home/chakfan/double_model/install/auto_aim_interfaces/include/auto_aim_interfaces/auto_aim_interfaces/msg/detail/enemy_info__type_support.h
[0.215s] -- Up-to-date: /home/chakfan/double_model/install/auto_aim_interfaces/include/auto_aim_interfaces/auto_aim_interfaces/msg/detail/armors__functions.c
[0.215s] -- Up-to-date: /home/chakfan/double_model/install/auto_aim_interfaces/include/auto_aim_interfaces/auto_aim_interfaces/msg/detail/recieve_data__struct.h
[0.215s] -- Up-to-date: /home/chakfan/double_model/install/auto_aim_interfaces/include/auto_aim_interfaces/auto_aim_interfaces/msg/detail/vehicle__functions.h
[0.215s] -- Up-to-date: /home/chakfan/double_model/install/auto_aim_interfaces/include/auto_aim_interfaces/auto_aim_interfaces/msg/detail/vehicles__struct.h
[0.215s] -- Up-to-date: /home/chakfan/double_model/install/auto_aim_interfaces/include/auto_aim_interfaces/auto_aim_interfaces/msg/detail/debug_armors__struct.h
[0.215s] -- Up-to-date: /home/chakfan/double_model/install/auto_aim_interfaces/include/auto_aim_interfaces/auto_aim_interfaces/msg/detail/vehicles__functions.c
[0.215s] -- Up-to-date: /home/chakfan/double_model/install/auto_aim_interfaces/include/auto_aim_interfaces/auto_aim_interfaces/msg/detail/send_data__struct.h
[0.215s] -- Up-to-date: /home/chakfan/double_model/install/auto_aim_interfaces/include/auto_aim_interfaces/auto_aim_interfaces/msg/detail/tracker_info__struct.h
[0.215s] -- Up-to-date: /home/chakfan/double_model/install/auto_aim_interfaces/include/auto_aim_interfaces/auto_aim_interfaces/msg/detail/tracker_target__type_support.h
[0.215s] -- Up-to-date: /home/chakfan/double_model/install/auto_aim_interfaces/include/auto_aim_interfaces/auto_aim_interfaces/msg/detail/camera_msg__struct.h
[0.215s] -- Up-to-date: /home/chakfan/double_model/install/auto_aim_interfaces/include/auto_aim_interfaces/auto_aim_interfaces/msg/detail/debug_lights__struct.h
[0.215s] -- Up-to-date: /home/chakfan/double_model/install/auto_aim_interfaces/include/auto_aim_interfaces/auto_aim_interfaces/msg/detail/target_pose__struct.h
[0.215s] -- Up-to-date: /home/chakfan/double_model/install/auto_aim_interfaces/include/auto_aim_interfaces/auto_aim_interfaces/msg/detail/target_pose__type_support.h
[0.215s] -- Up-to-date: /home/chakfan/double_model/install/auto_aim_interfaces/include/auto_aim_interfaces/auto_aim_interfaces/msg/detail/send_data__functions.c
[0.215s] -- Up-to-date: /home/chakfan/double_model/install/auto_aim_interfaces/include/auto_aim_interfaces/auto_aim_interfaces/msg/detail/debug_light__type_support.h
[0.215s] -- Up-to-date: /home/chakfan/double_model/install/auto_aim_interfaces/include/auto_aim_interfaces/auto_aim_interfaces/msg/detail/recieve_data__type_support.h
[0.215s] -- Up-to-date: /home/chakfan/double_model/install/auto_aim_interfaces/include/auto_aim_interfaces/auto_aim_interfaces/msg/detail/debug_armors__functions.c
[0.215s] -- Up-to-date: /home/chakfan/double_model/install/auto_aim_interfaces/include/auto_aim_interfaces/auto_aim_interfaces/msg/detail/send_data__type_support.h
[0.216s] -- Up-to-date: /home/chakfan/double_model/install/auto_aim_interfaces/include/auto_aim_interfaces/auto_aim_interfaces/msg/detail/anglesolver__functions.h
[0.216s] -- Up-to-date: /home/chakfan/double_model/install/auto_aim_interfaces/include/auto_aim_interfaces/auto_aim_interfaces/msg/detail/armor_info__type_support.h
[0.216s] -- Up-to-date: /home/chakfan/double_model/install/auto_aim_interfaces/include/auto_aim_interfaces/auto_aim_interfaces/msg/detail/debug_lights__type_support.h
[0.216s] -- Up-to-date: /home/chakfan/double_model/install/auto_aim_interfaces/include/auto_aim_interfaces/auto_aim_interfaces/msg/detail/armor__functions.c
[0.216s] -- Up-to-date: /home/chakfan/double_model/install/auto_aim_interfaces/include/auto_aim_interfaces/auto_aim_interfaces/msg/detail/armor__type_support.h
[0.216s] -- Up-to-date: /home/chakfan/double_model/install/auto_aim_interfaces/include/auto_aim_interfaces/auto_aim_interfaces/msg/detail/debug_light__functions.h
[0.216s] -- Up-to-date: /home/chakfan/double_model/install/auto_aim_interfaces/include/auto_aim_interfaces/auto_aim_interfaces/msg/detail/armor_info__struct.h
[0.216s] -- Up-to-date: /home/chakfan/double_model/install/auto_aim_interfaces/include/auto_aim_interfaces/auto_aim_interfaces/msg/detail/armors__type_support.h
[0.216s] -- Up-to-date: /home/chakfan/double_model/install/auto_aim_interfaces/include/auto_aim_interfaces/auto_aim_interfaces/msg/detail/tracker_target__struct.h
[0.216s] -- Up-to-date: /home/chakfan/double_model/install/auto_aim_interfaces/include/auto_aim_interfaces/auto_aim_interfaces/msg/detail/recieve_data__functions.h
[0.216s] -- Up-to-date: /home/chakfan/double_model/install/auto_aim_interfaces/include/auto_aim_interfaces/auto_aim_interfaces/msg/detail/recieve_data__functions.c
[0.216s] -- Up-to-date: /home/chakfan/double_model/install/auto_aim_interfaces/include/auto_aim_interfaces/auto_aim_interfaces/msg/detail/armors__struct.h
[0.216s] -- Up-to-date: /home/chakfan/double_model/install/auto_aim_interfaces/include/auto_aim_interfaces/auto_aim_interfaces/msg/detail/camera_msg__functions.h
[0.216s] -- Up-to-date: /home/chakfan/double_model/install/auto_aim_interfaces/include/auto_aim_interfaces/auto_aim_interfaces/msg/detail/debug_armors__type_support.h
[0.216s] -- Up-to-date: /home/chakfan/double_model/install/auto_aim_interfaces/include/auto_aim_interfaces/auto_aim_interfaces/msg/detail/tracker_predict__struct.h
[0.216s] -- Up-to-date: /home/chakfan/double_model/install/auto_aim_interfaces/include/auto_aim_interfaces/auto_aim_interfaces/msg/detail/enemy_info__functions.c
[0.216s] -- Up-to-date: /home/chakfan/double_model/install/auto_aim_interfaces/include/auto_aim_interfaces/auto_aim_interfaces/msg/detail/camera_msg__functions.c
[0.216s] -- Up-to-date: /home/chakfan/double_model/install/auto_aim_interfaces/include/auto_aim_interfaces/auto_aim_interfaces/msg/detail/target_pose__functions.h
[0.216s] -- Up-to-date: /home/chakfan/double_model/install/auto_aim_interfaces/include/auto_aim_interfaces/auto_aim_interfaces/msg/detail/armor_info__functions.c
[0.216s] -- Up-to-date: /home/chakfan/double_model/install/auto_aim_interfaces/include/auto_aim_interfaces/auto_aim_interfaces/msg/debug_armors.h
[0.216s] -- Up-to-date: /home/chakfan/double_model/install/auto_aim_interfaces/include/auto_aim_interfaces/auto_aim_interfaces/msg/tracker_info.h
[0.216s] -- Up-to-date: /home/chakfan/double_model/install/auto_aim_interfaces/include/auto_aim_interfaces/auto_aim_interfaces/msg/recieve_data.h
[0.216s] -- Up-to-date: /home/chakfan/double_model/install/auto_aim_interfaces/include/auto_aim_interfaces/auto_aim_interfaces/msg/debug_armor.h
[0.216s] -- Up-to-date: /home/chakfan/double_model/install/auto_aim_interfaces/include/auto_aim_interfaces/auto_aim_interfaces/msg/armor.h
[0.217s] -- Up-to-date: /home/chakfan/double_model/install/auto_aim_interfaces/include/auto_aim_interfaces/auto_aim_interfaces/msg/camera_msg.h
[0.217s] -- Up-to-date: /home/chakfan/double_model/install/auto_aim_interfaces/include/auto_aim_interfaces/auto_aim_interfaces/msg/tracker_target.h
[0.217s] -- Up-to-date: /home/chakfan/double_model/install/auto_aim_interfaces/include/auto_aim_interfaces/auto_aim_interfaces/msg/armor_info.h
[0.217s] -- Up-to-date: /home/chakfan/double_model/install/auto_aim_interfaces/include/auto_aim_interfaces/auto_aim_interfaces/msg/armors.h
[0.217s] -- Up-to-date: /home/chakfan/double_model/install/auto_aim_interfaces/include/auto_aim_interfaces/auto_aim_interfaces/msg/anglesolver.h
[0.217s] -- Up-to-date: /home/chakfan/double_model/install/auto_aim_interfaces/include/auto_aim_interfaces/auto_aim_interfaces/msg/enemy_info.h
[0.217s] -- Up-to-date: /home/chakfan/double_model/install/auto_aim_interfaces/include/auto_aim_interfaces/auto_aim_interfaces/msg/target_pose.h
[0.217s] -- Up-to-date: /home/chakfan/double_model/install/auto_aim_interfaces/include/auto_aim_interfaces/auto_aim_interfaces/msg/debug_lights.h
[0.217s] -- Up-to-date: /home/chakfan/double_model/install/auto_aim_interfaces/include/auto_aim_interfaces/auto_aim_interfaces/msg/vehicle.h
[0.217s] -- Up-to-date: /home/chakfan/double_model/install/auto_aim_interfaces/share/auto_aim_interfaces/environment/library_path.sh
[0.217s] -- Up-to-date: /home/chakfan/double_model/install/auto_aim_interfaces/share/auto_aim_interfaces/environment/library_path.dsv
[0.217s] -- Up-to-date: /home/chakfan/double_model/install/auto_aim_interfaces/lib/libauto_aim_interfaces__rosidl_generator_c.so
[0.217s] -- Up-to-date: /home/chakfan/double_model/install/auto_aim_interfaces/include/auto_aim_interfaces/auto_aim_interfaces
[0.217s] -- Up-to-date: /home/chakfan/double_model/install/auto_aim_interfaces/include/auto_aim_interfaces/auto_aim_interfaces/msg
[0.217s] -- Up-to-date: /home/chakfan/double_model/install/auto_aim_interfaces/include/auto_aim_interfaces/auto_aim_interfaces/msg/detail
[0.217s] -- Up-to-date: /home/chakfan/double_model/install/auto_aim_interfaces/include/auto_aim_interfaces/auto_aim_interfaces/msg/detail/debug_lights__rosidl_typesupport_fastrtps_c.h
[0.217s] -- Up-to-date: /home/chakfan/double_model/install/auto_aim_interfaces/include/auto_aim_interfaces/auto_aim_interfaces/msg/detail/anglesolver__rosidl_typesupport_fastrtps_c.h
[0.217s] -- Up-to-date: /home/chakfan/double_model/install/auto_aim_interfaces/include/auto_aim_interfaces/auto_aim_interfaces/msg/detail/tracker_target__rosidl_typesupport_fastrtps_c.h
[0.217s] -- Up-to-date: /home/chakfan/double_model/install/auto_aim_interfaces/include/auto_aim_interfaces/auto_aim_interfaces/msg/detail/armor__rosidl_typesupport_fastrtps_c.h
[0.217s] -- Up-to-date: /home/chakfan/double_model/install/auto_aim_interfaces/include/auto_aim_interfaces/auto_aim_interfaces/msg/detail/vehicle__rosidl_typesupport_fastrtps_c.h
[0.217s] -- Up-to-date: /home/chakfan/double_model/install/auto_aim_interfaces/include/auto_aim_interfaces/auto_aim_interfaces/msg/detail/recieve_data__rosidl_typesupport_fastrtps_c.h
[0.217s] -- Up-to-date: /home/chakfan/double_model/install/auto_aim_interfaces/include/auto_aim_interfaces/auto_aim_interfaces/msg/detail/target_pose__rosidl_typesupport_fastrtps_c.h
[0.217s] -- Up-to-date: /home/chakfan/double_model/install/auto_aim_interfaces/include/auto_aim_interfaces/auto_aim_interfaces/msg/detail/camera_msg__rosidl_typesupport_fastrtps_c.h
[0.217s] -- Up-to-date: /home/chakfan/double_model/install/auto_aim_interfaces/include/auto_aim_interfaces/auto_aim_interfaces/msg/detail/enemy_info__rosidl_typesupport_fastrtps_c.h
[0.217s] -- Up-to-date: /home/chakfan/double_model/install/auto_aim_interfaces/include/auto_aim_interfaces/auto_aim_interfaces/msg/detail/debug_light__rosidl_typesupport_fastrtps_c.h
[0.217s] -- Up-to-date: /home/chakfan/double_model/install/auto_aim_interfaces/include/auto_aim_interfaces/auto_aim_interfaces/msg/detail/armors__rosidl_typesupport_fastrtps_c.h
[0.217s] -- Up-to-date: /home/chakfan/double_model/install/auto_aim_interfaces/include/auto_aim_interfaces/auto_aim_interfaces/msg/detail/armor_info__rosidl_typesupport_fastrtps_c.h
[0.217s] -- Up-to-date: /home/chakfan/double_model/install/auto_aim_interfaces/include/auto_aim_interfaces/auto_aim_interfaces/msg/detail/tracker_info__rosidl_typesupport_fastrtps_c.h
[0.217s] -- Up-to-date: /home/chakfan/double_model/install/auto_aim_interfaces/include/auto_aim_interfaces/auto_aim_interfaces/msg/detail/vehicles__rosidl_typesupport_fastrtps_c.h
[0.217s] -- Up-to-date: /home/chakfan/double_model/install/auto_aim_interfaces/include/auto_aim_interfaces/auto_aim_interfaces/msg/detail/debug_armor__rosidl_typesupport_fastrtps_c.h
[0.218s] -- Up-to-date: /home/chakfan/double_model/install/auto_aim_interfaces/include/auto_aim_interfaces/auto_aim_interfaces/msg/detail/tracker_predict__rosidl_typesupport_fastrtps_c.h
[0.218s] -- Up-to-date: /home/chakfan/double_model/install/auto_aim_interfaces/include/auto_aim_interfaces/auto_aim_interfaces/msg/detail/debug_armors__rosidl_typesupport_fastrtps_c.h
[0.218s] -- Up-to-date: /home/chakfan/double_model/install/auto_aim_interfaces/include/auto_aim_interfaces/auto_aim_interfaces/msg/detail/send_data__rosidl_typesupport_fastrtps_c.h
[0.218s] -- Up-to-date: /home/chakfan/double_model/install/auto_aim_interfaces/include/auto_aim_interfaces/auto_aim_interfaces/msg/rosidl_typesupport_fastrtps_c__visibility_control.h
[0.218s] -- Up-to-date: /home/chakfan/double_model/install/auto_aim_interfaces/lib/libauto_aim_interfaces__rosidl_typesupport_fastrtps_c.so
[0.218s] -- Up-to-date: /home/chakfan/double_model/install/auto_aim_interfaces/include/auto_aim_interfaces/auto_aim_interfaces
[0.218s] -- Up-to-date: /home/chakfan/double_model/install/auto_aim_interfaces/include/auto_aim_interfaces/auto_aim_interfaces/msg
[0.218s] -- Up-to-date: /home/chakfan/double_model/install/auto_aim_interfaces/include/auto_aim_interfaces/auto_aim_interfaces/msg/rosidl_typesupport_introspection_c__visibility_control.h
[0.218s] -- Up-to-date: /home/chakfan/double_model/install/auto_aim_interfaces/include/auto_aim_interfaces/auto_aim_interfaces/msg/detail
[0.218s] -- Up-to-date: /home/chakfan/double_model/install/auto_aim_interfaces/include/auto_aim_interfaces/auto_aim_interfaces/msg/detail/debug_light__type_support.c
[0.218s] -- Up-to-date: /home/chakfan/double_model/install/auto_aim_interfaces/include/auto_aim_interfaces/auto_aim_interfaces/msg/detail/anglesolver__rosidl_typesupport_introspection_c.h
[0.218s] -- Up-to-date: /home/chakfan/double_model/install/auto_aim_interfaces/include/auto_aim_interfaces/auto_aim_interfaces/msg/detail/camera_msg__rosidl_typesupport_introspection_c.h
[0.218s] -- Up-to-date: /home/chakfan/double_model/install/auto_aim_interfaces/include/auto_aim_interfaces/auto_aim_interfaces/msg/detail/debug_light__rosidl_typesupport_introspection_c.h
[0.218s] -- Up-to-date: /home/chakfan/double_model/install/auto_aim_interfaces/include/auto_aim_interfaces/auto_aim_interfaces/msg/detail/armors__rosidl_typesupport_introspection_c.h
[0.218s] -- Up-to-date: /home/chakfan/double_model/install/auto_aim_interfaces/include/auto_aim_interfaces/auto_aim_interfaces/msg/detail/target_pose__rosidl_typesupport_introspection_c.h
[0.218s] -- Up-to-date: /home/chakfan/double_model/install/auto_aim_interfaces/include/auto_aim_interfaces/auto_aim_interfaces/msg/detail/vehicle__type_support.c
[0.218s] -- Up-to-date: /home/chakfan/double_model/install/auto_aim_interfaces/include/auto_aim_interfaces/auto_aim_interfaces/msg/detail/debug_armors__type_support.c
[0.218s] -- Up-to-date: /home/chakfan/double_model/install/auto_aim_interfaces/include/auto_aim_interfaces/auto_aim_interfaces/msg/detail/debug_lights__type_support.c
[0.218s] -- Up-to-date: /home/chakfan/double_model/install/auto_aim_interfaces/include/auto_aim_interfaces/auto_aim_interfaces/msg/detail/tracker_predict__rosidl_typesupport_introspection_c.h
[0.218s] -- Up-to-date: /home/chakfan/double_model/install/auto_aim_interfaces/include/auto_aim_interfaces/auto_aim_interfaces/msg/detail/armor_info__type_support.c
[0.218s] -- Up-to-date: /home/chakfan/double_model/install/auto_aim_interfaces/include/auto_aim_interfaces/auto_aim_interfaces/msg/detail/enemy_info__type_support.c
[0.218s] -- Up-to-date: /home/chakfan/double_model/install/auto_aim_interfaces/include/auto_aim_interfaces/auto_aim_interfaces/msg/detail/target_pose__type_support.c
[0.218s] -- Up-to-date: /home/chakfan/double_model/install/auto_aim_interfaces/include/auto_aim_interfaces/auto_aim_interfaces/msg/detail/recieve_data__type_support.c
[0.218s] -- Up-to-date: /home/chakfan/double_model/install/auto_aim_interfaces/include/auto_aim_interfaces/auto_aim_interfaces/msg/detail/armor__type_support.c
[0.218s] -- Up-to-date: /home/chakfan/double_model/install/auto_aim_interfaces/include/auto_aim_interfaces/auto_aim_interfaces/msg/detail/anglesolver__type_support.c
[0.218s] -- Up-to-date: /home/chakfan/double_model/install/auto_aim_interfaces/include/auto_aim_interfaces/auto_aim_interfaces/msg/detail/debug_armors__rosidl_typesupport_introspection_c.h
[0.218s] -- Up-to-date: /home/chakfan/double_model/install/auto_aim_interfaces/include/auto_aim_interfaces/auto_aim_interfaces/msg/detail/recieve_data__rosidl_typesupport_introspection_c.h
[0.218s] -- Up-to-date: /home/chakfan/double_model/install/auto_aim_interfaces/include/auto_aim_interfaces/auto_aim_interfaces/msg/detail/tracker_target__type_support.c
[0.218s] -- Up-to-date: /home/chakfan/double_model/install/auto_aim_interfaces/include/auto_aim_interfaces/auto_aim_interfaces/msg/detail/tracker_predict__type_support.c
[0.218s] -- Up-to-date: /home/chakfan/double_model/install/auto_aim_interfaces/include/auto_aim_interfaces/auto_aim_interfaces/msg/detail/debug_lights__rosidl_typesupport_introspection_c.h
[0.218s] -- Up-to-date: /home/chakfan/double_model/install/auto_aim_interfaces/include/auto_aim_interfaces/auto_aim_interfaces/msg/detail/camera_msg__type_support.c
[0.218s] -- Up-to-date: /home/chakfan/double_model/install/auto_aim_interfaces/include/auto_aim_interfaces/auto_aim_interfaces/msg/detail/vehicles__type_support.c
[0.218s] -- Up-to-date: /home/chakfan/double_model/install/auto_aim_interfaces/include/auto_aim_interfaces/auto_aim_interfaces/msg/detail/armor_info__rosidl_typesupport_introspection_c.h
[0.218s] -- Up-to-date: /home/chakfan/double_model/install/auto_aim_interfaces/include/auto_aim_interfaces/auto_aim_interfaces/msg/detail/tracker_target__rosidl_typesupport_introspection_c.h
[0.218s] -- Up-to-date: /home/chakfan/double_model/install/auto_aim_interfaces/include/auto_aim_interfaces/auto_aim_interfaces/msg/detail/vehicles__rosidl_typesupport_introspection_c.h
[0.218s] -- Up-to-date: /home/chakfan/double_model/install/auto_aim_interfaces/include/auto_aim_interfaces/auto_aim_interfaces/msg/detail/vehicle__rosidl_typesupport_introspection_c.h
[0.218s] -- Up-to-date: /home/chakfan/double_model/install/auto_aim_interfaces/include/auto_aim_interfaces/auto_aim_interfaces/msg/detail/armors__type_support.c
[0.219s] -- Up-to-date: /home/chakfan/double_model/install/auto_aim_interfaces/include/auto_aim_interfaces/auto_aim_interfaces/msg/detail/send_data__rosidl_typesupport_introspection_c.h
[0.219s] -- Up-to-date: /home/chakfan/double_model/install/auto_aim_interfaces/include/auto_aim_interfaces/auto_aim_interfaces/msg/detail/armor__rosidl_typesupport_introspection_c.h
[0.219s] -- Up-to-date: /home/chakfan/double_model/install/auto_aim_interfaces/include/auto_aim_interfaces/auto_aim_interfaces/msg/detail/tracker_info__type_support.c
[0.219s] -- Up-to-date: /home/chakfan/double_model/install/auto_aim_interfaces/include/auto_aim_interfaces/auto_aim_interfaces/msg/detail/debug_armor__type_support.c
[0.219s] -- Up-to-date: /home/chakfan/double_model/install/auto_aim_interfaces/include/auto_aim_interfaces/auto_aim_interfaces/msg/detail/send_data__type_support.c
[0.219s] -- Up-to-date: /home/chakfan/double_model/install/auto_aim_interfaces/include/auto_aim_interfaces/auto_aim_interfaces/msg/detail/enemy_info__rosidl_typesupport_introspection_c.h
[0.219s] -- Up-to-date: /home/chakfan/double_model/install/auto_aim_interfaces/include/auto_aim_interfaces/auto_aim_interfaces/msg/detail/tracker_info__rosidl_typesupport_introspection_c.h
[0.219s] -- Up-to-date: /home/chakfan/double_model/install/auto_aim_interfaces/include/auto_aim_interfaces/auto_aim_interfaces/msg/detail/debug_armor__rosidl_typesupport_introspection_c.h
[0.219s] -- Up-to-date: /home/chakfan/double_model/install/auto_aim_interfaces/lib/libauto_aim_interfaces__rosidl_typesupport_introspection_c.so
[0.219s] -- Up-to-date: /home/chakfan/double_model/install/auto_aim_interfaces/lib/libauto_aim_interfaces__rosidl_typesupport_c.so
[0.219s] -- Up-to-date: /home/chakfan/double_model/install/auto_aim_interfaces/include/auto_aim_interfaces/auto_aim_interfaces
[0.219s] -- Up-to-date: /home/chakfan/double_model/install/auto_aim_interfaces/include/auto_aim_interfaces/auto_aim_interfaces/msg
[0.219s] -- Up-to-date: /home/chakfan/double_model/install/auto_aim_interfaces/include/auto_aim_interfaces/auto_aim_interfaces/msg/tracker_predict.hpp
[0.219s] -- Up-to-date: /home/chakfan/double_model/install/auto_aim_interfaces/include/auto_aim_interfaces/auto_aim_interfaces/msg/camera_msg.hpp
[0.219s] -- Up-to-date: /home/chakfan/double_model/install/auto_aim_interfaces/include/auto_aim_interfaces/auto_aim_interfaces/msg/enemy_info.hpp
[0.219s] -- Up-to-date: /home/chakfan/double_model/install/auto_aim_interfaces/include/auto_aim_interfaces/auto_aim_interfaces/msg/target_pose.hpp
[0.219s] -- Up-to-date: /home/chakfan/double_model/install/auto_aim_interfaces/include/auto_aim_interfaces/auto_aim_interfaces/msg/debug_light.hpp
[0.219s] -- Up-to-date: /home/chakfan/double_model/install/auto_aim_interfaces/include/auto_aim_interfaces/auto_aim_interfaces/msg/debug_armors.hpp
[0.219s] -- Up-to-date: /home/chakfan/double_model/install/auto_aim_interfaces/include/auto_aim_interfaces/auto_aim_interfaces/msg/detail
[0.219s] -- Up-to-date: /home/chakfan/double_model/install/auto_aim_interfaces/include/auto_aim_interfaces/auto_aim_interfaces/msg/detail/armors__builder.hpp
[0.219s] -- Up-to-date: /home/chakfan/double_model/install/auto_aim_interfaces/include/auto_aim_interfaces/auto_aim_interfaces/msg/detail/camera_msg__builder.hpp
[0.219s] -- Up-to-date: /home/chakfan/double_model/install/auto_aim_interfaces/include/auto_aim_interfaces/auto_aim_interfaces/msg/detail/vehicle__type_support.hpp
[0.219s] -- Up-to-date: /home/chakfan/double_model/install/auto_aim_interfaces/include/auto_aim_interfaces/auto_aim_interfaces/msg/detail/armor__traits.hpp
[0.219s] -- Up-to-date: /home/chakfan/double_model/install/auto_aim_interfaces/include/auto_aim_interfaces/auto_aim_interfaces/msg/detail/target_pose__struct.hpp
[0.219s] -- Up-to-date: /home/chakfan/double_model/install/auto_aim_interfaces/include/auto_aim_interfaces/auto_aim_interfaces/msg/detail/armors__type_support.hpp
[0.219s] -- Up-to-date: /home/chakfan/double_model/install/auto_aim_interfaces/include/auto_aim_interfaces/auto_aim_interfaces/msg/detail/debug_armor__builder.hpp
[0.219s] -- Up-to-date: /home/chakfan/double_model/install/auto_aim_interfaces/include/auto_aim_interfaces/auto_aim_interfaces/msg/detail/armors__traits.hpp
[0.219s] -- Up-to-date: /home/chakfan/double_model/install/auto_aim_interfaces/include/auto_aim_interfaces/auto_aim_interfaces/msg/detail/tracker_predict__traits.hpp
[0.219s] -- Up-to-date: /home/chakfan/double_model/install/auto_aim_interfaces/include/auto_aim_interfaces/auto_aim_interfaces/msg/detail/tracker_info__type_support.hpp
[0.219s] -- Up-to-date: /home/chakfan/double_model/install/auto_aim_interfaces/include/auto_aim_interfaces/auto_aim_interfaces/msg/detail/armors__struct.hpp
[0.219s] -- Up-to-date: /home/chakfan/double_model/install/auto_aim_interfaces/include/auto_aim_interfaces/auto_aim_interfaces/msg/detail/anglesolver__traits.hpp
[0.219s] -- Up-to-date: /home/chakfan/double_model/install/auto_aim_interfaces/include/auto_aim_interfaces/auto_aim_interfaces/msg/detail/debug_light__type_support.hpp
[0.219s] -- Up-to-date: /home/chakfan/double_model/install/auto_aim_interfaces/include/auto_aim_interfaces/auto_aim_interfaces/msg/detail/vehicles__type_support.hpp
[0.219s] -- Up-to-date: /home/chakfan/double_model/install/auto_aim_interfaces/include/auto_aim_interfaces/auto_aim_interfaces/msg/detail/recieve_data__builder.hpp
[0.219s] -- Up-to-date: /home/chakfan/double_model/install/auto_aim_interfaces/include/auto_aim_interfaces/auto_aim_interfaces/msg/detail/debug_light__builder.hpp
[0.219s] -- Up-to-date: /home/chakfan/double_model/install/auto_aim_interfaces/include/auto_aim_interfaces/auto_aim_interfaces/msg/detail/debug_light__struct.hpp
[0.220s] -- Up-to-date: /home/chakfan/double_model/install/auto_aim_interfaces/include/auto_aim_interfaces/auto_aim_interfaces/msg/detail/armor__builder.hpp
[0.220s] -- Up-to-date: /home/chakfan/double_model/install/auto_aim_interfaces/include/auto_aim_interfaces/auto_aim_interfaces/msg/detail/armor_info__struct.hpp
[0.220s] -- Up-to-date: /home/chakfan/double_model/install/auto_aim_interfaces/include/auto_aim_interfaces/auto_aim_interfaces/msg/detail/enemy_info__traits.hpp
[0.220s] -- Up-to-date: /home/chakfan/double_model/install/auto_aim_interfaces/include/auto_aim_interfaces/auto_aim_interfaces/msg/detail/debug_lights__builder.hpp
[0.220s] -- Up-to-date: /home/chakfan/double_model/install/auto_aim_interfaces/include/auto_aim_interfaces/auto_aim_interfaces/msg/detail/anglesolver__builder.hpp
[0.220s] -- Up-to-date: /home/chakfan/double_model/install/auto_aim_interfaces/include/auto_aim_interfaces/auto_aim_interfaces/msg/detail/tracker_target__type_support.hpp
[0.220s] -- Up-to-date: /home/chakfan/double_model/install/auto_aim_interfaces/include/auto_aim_interfaces/auto_aim_interfaces/msg/detail/camera_msg__struct.hpp
[0.220s] -- Up-to-date: /home/chakfan/double_model/install/auto_aim_interfaces/include/auto_aim_interfaces/auto_aim_interfaces/msg/detail/vehicles__struct.hpp
[0.220s] -- Up-to-date: /home/chakfan/double_model/install/auto_aim_interfaces/include/auto_aim_interfaces/auto_aim_interfaces/msg/detail/armor__struct.hpp
[0.220s] -- Up-to-date: /home/chakfan/double_model/install/auto_aim_interfaces/include/auto_aim_interfaces/auto_aim_interfaces/msg/detail/armor_info__type_support.hpp
[0.220s] -- Up-to-date: /home/chakfan/double_model/install/auto_aim_interfaces/include/auto_aim_interfaces/auto_aim_interfaces/msg/detail/debug_armors__type_support.hpp
[0.220s] -- Up-to-date: /home/chakfan/double_model/install/auto_aim_interfaces/include/auto_aim_interfaces/auto_aim_interfaces/msg/detail/target_pose__builder.hpp
[0.220s] -- Up-to-date: /home/chakfan/double_model/install/auto_aim_interfaces/include/auto_aim_interfaces/auto_aim_interfaces/msg/detail/debug_light__traits.hpp
[0.220s] -- Up-to-date: /home/chakfan/double_model/install/auto_aim_interfaces/include/auto_aim_interfaces/auto_aim_interfaces/msg/detail/vehicle__struct.hpp
[0.220s] -- Up-to-date: /home/chakfan/double_model/install/auto_aim_interfaces/include/auto_aim_interfaces/auto_aim_interfaces/msg/detail/armor__type_support.hpp
[0.220s] -- Up-to-date: /home/chakfan/double_model/install/auto_aim_interfaces/include/auto_aim_interfaces/auto_aim_interfaces/msg/detail/tracker_target__builder.hpp
[0.220s] -- Up-to-date: /home/chakfan/double_model/install/auto_aim_interfaces/include/auto_aim_interfaces/auto_aim_interfaces/msg/detail/armor_info__builder.hpp
[0.220s] -- Up-to-date: /home/chakfan/double_model/install/auto_aim_interfaces/include/auto_aim_interfaces/auto_aim_interfaces/msg/detail/vehicle__builder.hpp
[0.220s] -- Up-to-date: /home/chakfan/double_model/install/auto_aim_interfaces/include/auto_aim_interfaces/auto_aim_interfaces/msg/detail/tracker_target__traits.hpp
[0.220s] -- Up-to-date: /home/chakfan/double_model/install/auto_aim_interfaces/include/auto_aim_interfaces/auto_aim_interfaces/msg/detail/send_data__traits.hpp
[0.220s] -- Up-to-date: /home/chakfan/double_model/install/auto_aim_interfaces/include/auto_aim_interfaces/auto_aim_interfaces/msg/detail/anglesolver__struct.hpp
[0.220s] -- Up-to-date: /home/chakfan/double_model/install/auto_aim_interfaces/include/auto_aim_interfaces/auto_aim_interfaces/msg/detail/tracker_target__struct.hpp
[0.220s] -- Up-to-date: /home/chakfan/double_model/install/auto_aim_interfaces/include/auto_aim_interfaces/auto_aim_interfaces/msg/detail/recieve_data__traits.hpp
[0.220s] -- Up-to-date: /home/chakfan/double_model/install/auto_aim_interfaces/include/auto_aim_interfaces/auto_aim_interfaces/msg/detail/tracker_predict__builder.hpp
[0.220s] -- Up-to-date: /home/chakfan/double_model/install/auto_aim_interfaces/include/auto_aim_interfaces/auto_aim_interfaces/msg/detail/tracker_info__builder.hpp
[0.220s] -- Up-to-date: /home/chakfan/double_model/install/auto_aim_interfaces/include/auto_aim_interfaces/auto_aim_interfaces/msg/detail/send_data__builder.hpp
[0.220s] -- Up-to-date: /home/chakfan/double_model/install/auto_aim_interfaces/include/auto_aim_interfaces/auto_aim_interfaces/msg/detail/enemy_info__type_support.hpp
[0.220s] -- Up-to-date: /home/chakfan/double_model/install/auto_aim_interfaces/include/auto_aim_interfaces/auto_aim_interfaces/msg/detail/send_data__struct.hpp
[0.220s] -- Up-to-date: /home/chakfan/double_model/install/auto_aim_interfaces/include/auto_aim_interfaces/auto_aim_interfaces/msg/detail/armor_info__traits.hpp
[0.220s] -- Up-to-date: /home/chakfan/double_model/install/auto_aim_interfaces/include/auto_aim_interfaces/auto_aim_interfaces/msg/detail/camera_msg__type_support.hpp
[0.220s] -- Up-to-date: /home/chakfan/double_model/install/auto_aim_interfaces/include/auto_aim_interfaces/auto_aim_interfaces/msg/detail/recieve_data__type_support.hpp
[0.220s] -- Up-to-date: /home/chakfan/double_model/install/auto_aim_interfaces/include/auto_aim_interfaces/auto_aim_interfaces/msg/detail/debug_armors__builder.hpp
[0.220s] -- Up-to-date: /home/chakfan/double_model/install/auto_aim_interfaces/include/auto_aim_interfaces/auto_aim_interfaces/msg/detail/debug_lights__struct.hpp
[0.220s] -- Up-to-date: /home/chakfan/double_model/install/auto_aim_interfaces/include/auto_aim_interfaces/auto_aim_interfaces/msg/detail/recieve_data__struct.hpp
[0.220s] -- Up-to-date: /home/chakfan/double_model/install/auto_aim_interfaces/include/auto_aim_interfaces/auto_aim_interfaces/msg/detail/debug_armors__struct.hpp
[0.220s] -- Up-to-date: /home/chakfan/double_model/install/auto_aim_interfaces/include/auto_aim_interfaces/auto_aim_interfaces/msg/detail/debug_armor__struct.hpp
[0.220s] -- Up-to-date: /home/chakfan/double_model/install/auto_aim_interfaces/include/auto_aim_interfaces/auto_aim_interfaces/msg/detail/vehicle__traits.hpp
[0.220s] -- Up-to-date: /home/chakfan/double_model/install/auto_aim_interfaces/include/auto_aim_interfaces/auto_aim_interfaces/msg/detail/debug_armor__traits.hpp
[0.220s] -- Up-to-date: /home/chakfan/double_model/install/auto_aim_interfaces/include/auto_aim_interfaces/auto_aim_interfaces/msg/detail/debug_lights__traits.hpp
[0.220s] -- Up-to-date: /home/chakfan/double_model/install/auto_aim_interfaces/include/auto_aim_interfaces/auto_aim_interfaces/msg/detail/debug_lights__type_support.hpp
[0.221s] -- Up-to-date: /home/chakfan/double_model/install/auto_aim_interfaces/include/auto_aim_interfaces/auto_aim_interfaces/msg/detail/vehicles__traits.hpp
[0.221s] -- Up-to-date: /home/chakfan/double_model/install/auto_aim_interfaces/include/auto_aim_interfaces/auto_aim_interfaces/msg/detail/tracker_predict__type_support.hpp
[0.221s] -- Up-to-date: /home/chakfan/double_model/install/auto_aim_interfaces/include/auto_aim_interfaces/auto_aim_interfaces/msg/detail/anglesolver__type_support.hpp
[0.221s] -- Up-to-date: /home/chakfan/double_model/install/auto_aim_interfaces/include/auto_aim_interfaces/auto_aim_interfaces/msg/detail/debug_armor__type_support.hpp
[0.221s] -- Up-to-date: /home/chakfan/double_model/install/auto_aim_interfaces/include/auto_aim_interfaces/auto_aim_interfaces/msg/detail/tracker_predict__struct.hpp
[0.221s] -- Up-to-date: /home/chakfan/double_model/install/auto_aim_interfaces/include/auto_aim_interfaces/auto_aim_interfaces/msg/detail/send_data__type_support.hpp
[0.221s] -- Up-to-date: /home/chakfan/double_model/install/auto_aim_interfaces/include/auto_aim_interfaces/auto_aim_interfaces/msg/detail/target_pose__traits.hpp
[0.221s] -- Up-to-date: /home/chakfan/double_model/install/auto_aim_interfaces/include/auto_aim_interfaces/auto_aim_interfaces/msg/detail/tracker_info__struct.hpp
[0.221s] -- Up-to-date: /home/chakfan/double_model/install/auto_aim_interfaces/include/auto_aim_interfaces/auto_aim_interfaces/msg/detail/tracker_info__traits.hpp
[0.221s] -- Up-to-date: /home/chakfan/double_model/install/auto_aim_interfaces/include/auto_aim_interfaces/auto_aim_interfaces/msg/detail/target_pose__type_support.hpp
[0.221s] -- Up-to-date: /home/chakfan/double_model/install/auto_aim_interfaces/include/auto_aim_interfaces/auto_aim_interfaces/msg/detail/vehicles__builder.hpp
[0.221s] -- Up-to-date: /home/chakfan/double_model/install/auto_aim_interfaces/include/auto_aim_interfaces/auto_aim_interfaces/msg/detail/debug_armors__traits.hpp
[0.221s] -- Up-to-date: /home/chakfan/double_model/install/auto_aim_interfaces/include/auto_aim_interfaces/auto_aim_interfaces/msg/detail/enemy_info__builder.hpp
[0.221s] -- Up-to-date: /home/chakfan/double_model/install/auto_aim_interfaces/include/auto_aim_interfaces/auto_aim_interfaces/msg/detail/camera_msg__traits.hpp
[0.221s] -- Up-to-date: /home/chakfan/double_model/install/auto_aim_interfaces/include/auto_aim_interfaces/auto_aim_interfaces/msg/detail/enemy_info__struct.hpp
[0.221s] -- Up-to-date: /home/chakfan/double_model/install/auto_aim_interfaces/include/auto_aim_interfaces/auto_aim_interfaces/msg/tracker_target.hpp
[0.221s] -- Up-to-date: /home/chakfan/double_model/install/auto_aim_interfaces/include/auto_aim_interfaces/auto_aim_interfaces/msg/recieve_data.hpp
[0.221s] -- Up-to-date: /home/chakfan/double_model/install/auto_aim_interfaces/include/auto_aim_interfaces/auto_aim_interfaces/msg/vehicle.hpp
[0.221s] -- Up-to-date: /home/chakfan/double_model/install/auto_aim_interfaces/include/auto_aim_interfaces/auto_aim_interfaces/msg/anglesolver.hpp
[0.221s] -- Up-to-date: /home/chakfan/double_model/install/auto_aim_interfaces/include/auto_aim_interfaces/auto_aim_interfaces/msg/armor_info.hpp
[0.221s] -- Up-to-date: /home/chakfan/double_model/install/auto_aim_interfaces/include/auto_aim_interfaces/auto_aim_interfaces/msg/armors.hpp
[0.221s] -- Up-to-date: /home/chakfan/double_model/install/auto_aim_interfaces/include/auto_aim_interfaces/auto_aim_interfaces/msg/debug_lights.hpp
[0.221s] -- Up-to-date: /home/chakfan/double_model/install/auto_aim_interfaces/include/auto_aim_interfaces/auto_aim_interfaces/msg/debug_armor.hpp
[0.221s] -- Up-to-date: /home/chakfan/double_model/install/auto_aim_interfaces/include/auto_aim_interfaces/auto_aim_interfaces/msg/tracker_info.hpp
[0.221s] -- Up-to-date: /home/chakfan/double_model/install/auto_aim_interfaces/include/auto_aim_interfaces/auto_aim_interfaces/msg/send_data.hpp
[0.221s] -- Up-to-date: /home/chakfan/double_model/install/auto_aim_interfaces/include/auto_aim_interfaces/auto_aim_interfaces/msg/rosidl_generator_cpp__visibility_control.hpp
[0.221s] -- Up-to-date: /home/chakfan/double_model/install/auto_aim_interfaces/include/auto_aim_interfaces/auto_aim_interfaces/msg/armor.hpp
[0.221s] -- Up-to-date: /home/chakfan/double_model/install/auto_aim_interfaces/include/auto_aim_interfaces/auto_aim_interfaces/msg/vehicles.hpp
[0.221s] -- Up-to-date: /home/chakfan/double_model/install/auto_aim_interfaces/include/auto_aim_interfaces/auto_aim_interfaces
[0.221s] -- Up-to-date: /home/chakfan/double_model/install/auto_aim_interfaces/include/auto_aim_interfaces/auto_aim_interfaces/msg
[0.221s] -- Up-to-date: /home/chakfan/double_model/install/auto_aim_interfaces/include/auto_aim_interfaces/auto_aim_interfaces/msg/rosidl_typesupport_fastrtps_cpp__visibility_control.h
[0.221s] -- Up-to-date: /home/chakfan/double_model/install/auto_aim_interfaces/include/auto_aim_interfaces/auto_aim_interfaces/msg/detail
[0.221s] -- Up-to-date: /home/chakfan/double_model/install/auto_aim_interfaces/include/auto_aim_interfaces/auto_aim_interfaces/msg/detail/enemy_info__rosidl_typesupport_fastrtps_cpp.hpp
[0.221s] -- Up-to-date: /home/chakfan/double_model/install/auto_aim_interfaces/include/auto_aim_interfaces/auto_aim_interfaces/msg/detail/send_data__rosidl_typesupport_fastrtps_cpp.hpp
[0.221s] -- Up-to-date: /home/chakfan/double_model/install/auto_aim_interfaces/include/auto_aim_interfaces/auto_aim_interfaces/msg/detail/debug_light__rosidl_typesupport_fastrtps_cpp.hpp
[0.221s] -- Up-to-date: /home/chakfan/double_model/install/auto_aim_interfaces/include/auto_aim_interfaces/auto_aim_interfaces/msg/detail/debug_armors__rosidl_typesupport_fastrtps_cpp.hpp
[0.221s] -- Up-to-date: /home/chakfan/double_model/install/auto_aim_interfaces/include/auto_aim_interfaces/auto_aim_interfaces/msg/detail/debug_armor__rosidl_typesupport_fastrtps_cpp.hpp
[0.221s] -- Up-to-date: /home/chakfan/double_model/install/auto_aim_interfaces/include/auto_aim_interfaces/auto_aim_interfaces/msg/detail/recieve_data__rosidl_typesupport_fastrtps_cpp.hpp
[0.221s] -- Up-to-date: /home/chakfan/double_model/install/auto_aim_interfaces/include/auto_aim_interfaces/auto_aim_interfaces/msg/detail/vehicle__rosidl_typesupport_fastrtps_cpp.hpp
[0.222s] -- Up-to-date: /home/chakfan/double_model/install/auto_aim_interfaces/include/auto_aim_interfaces/auto_aim_interfaces/msg/detail/tracker_info__rosidl_typesupport_fastrtps_cpp.hpp
[0.222s] -- Up-to-date: /home/chakfan/double_model/install/auto_aim_interfaces/include/auto_aim_interfaces/auto_aim_interfaces/msg/detail/target_pose__rosidl_typesupport_fastrtps_cpp.hpp
[0.222s] -- Up-to-date: /home/chakfan/double_model/install/auto_aim_interfaces/include/auto_aim_interfaces/auto_aim_interfaces/msg/detail/tracker_predict__rosidl_typesupport_fastrtps_cpp.hpp
[0.222s] -- Up-to-date: /home/chakfan/double_model/install/auto_aim_interfaces/include/auto_aim_interfaces/auto_aim_interfaces/msg/detail/anglesolver__rosidl_typesupport_fastrtps_cpp.hpp
[0.222s] -- Up-to-date: /home/chakfan/double_model/install/auto_aim_interfaces/include/auto_aim_interfaces/auto_aim_interfaces/msg/detail/armor_info__rosidl_typesupport_fastrtps_cpp.hpp
[0.222s] -- Up-to-date: /home/chakfan/double_model/install/auto_aim_interfaces/include/auto_aim_interfaces/auto_aim_interfaces/msg/detail/armors__rosidl_typesupport_fastrtps_cpp.hpp
[0.222s] -- Up-to-date: /home/chakfan/double_model/install/auto_aim_interfaces/include/auto_aim_interfaces/auto_aim_interfaces/msg/detail/vehicles__rosidl_typesupport_fastrtps_cpp.hpp
[0.222s] -- Up-to-date: /home/chakfan/double_model/install/auto_aim_interfaces/include/auto_aim_interfaces/auto_aim_interfaces/msg/detail/debug_lights__rosidl_typesupport_fastrtps_cpp.hpp
[0.222s] -- Up-to-date: /home/chakfan/double_model/install/auto_aim_interfaces/include/auto_aim_interfaces/auto_aim_interfaces/msg/detail/tracker_target__rosidl_typesupport_fastrtps_cpp.hpp
[0.222s] -- Up-to-date: /home/chakfan/double_model/install/auto_aim_interfaces/include/auto_aim_interfaces/auto_aim_interfaces/msg/detail/armor__rosidl_typesupport_fastrtps_cpp.hpp
[0.222s] -- Up-to-date: /home/chakfan/double_model/install/auto_aim_interfaces/include/auto_aim_interfaces/auto_aim_interfaces/msg/detail/camera_msg__rosidl_typesupport_fastrtps_cpp.hpp
[0.222s] -- Up-to-date: /home/chakfan/double_model/install/auto_aim_interfaces/include/auto_aim_interfaces/auto_aim_interfaces/msg/detail/dds_fastrtps
[0.222s] -- Up-to-date: /home/chakfan/double_model/install/auto_aim_interfaces/lib/libauto_aim_interfaces__rosidl_typesupport_fastrtps_cpp.so
[0.222s] -- Up-to-date: /home/chakfan/double_model/install/auto_aim_interfaces/include/auto_aim_interfaces/auto_aim_interfaces
[0.222s] -- Up-to-date: /home/chakfan/double_model/install/auto_aim_interfaces/include/auto_aim_interfaces/auto_aim_interfaces/msg
[0.222s] -- Up-to-date: /home/chakfan/double_model/install/auto_aim_interfaces/include/auto_aim_interfaces/auto_aim_interfaces/msg/detail
[0.222s] -- Up-to-date: /home/chakfan/double_model/install/auto_aim_interfaces/include/auto_aim_interfaces/auto_aim_interfaces/msg/detail/tracker_info__rosidl_typesupport_introspection_cpp.hpp
[0.222s] -- Up-to-date: /home/chakfan/double_model/install/auto_aim_interfaces/include/auto_aim_interfaces/auto_aim_interfaces/msg/detail/target_pose__rosidl_typesupport_introspection_cpp.hpp
[0.222s] -- Up-to-date: /home/chakfan/double_model/install/auto_aim_interfaces/include/auto_aim_interfaces/auto_aim_interfaces/msg/detail/armors__rosidl_typesupport_introspection_cpp.hpp
[0.222s] -- Up-to-date: /home/chakfan/double_model/install/auto_aim_interfaces/include/auto_aim_interfaces/auto_aim_interfaces/msg/detail/debug_armors__type_support.cpp
[0.222s] -- Up-to-date: /home/chakfan/double_model/install/auto_aim_interfaces/include/auto_aim_interfaces/auto_aim_interfaces/msg/detail/vehicle__rosidl_typesupport_introspection_cpp.hpp
[0.222s] -- Up-to-date: /home/chakfan/double_model/install/auto_aim_interfaces/include/auto_aim_interfaces/auto_aim_interfaces/msg/detail/armor_info__type_support.cpp
[0.222s] -- Up-to-date: /home/chakfan/double_model/install/auto_aim_interfaces/include/auto_aim_interfaces/auto_aim_interfaces/msg/detail/enemy_info__type_support.cpp
[0.222s] -- Up-to-date: /home/chakfan/double_model/install/auto_aim_interfaces/include/auto_aim_interfaces/auto_aim_interfaces/msg/detail/armors__type_support.cpp
[0.222s] -- Up-to-date: /home/chakfan/double_model/install/auto_aim_interfaces/include/auto_aim_interfaces/auto_aim_interfaces/msg/detail/vehicles__type_support.cpp
[0.222s] -- Up-to-date: /home/chakfan/double_model/install/auto_aim_interfaces/include/auto_aim_interfaces/auto_aim_interfaces/msg/detail/vehicles__rosidl_typesupport_introspection_cpp.hpp
[0.222s] -- Up-to-date: /home/chakfan/double_model/install/auto_aim_interfaces/include/auto_aim_interfaces/auto_aim_interfaces/msg/detail/debug_light__type_support.cpp
[0.222s] -- Up-to-date: /home/chakfan/double_model/install/auto_aim_interfaces/include/auto_aim_interfaces/auto_aim_interfaces/msg/detail/send_data__type_support.cpp
[0.222s] -- Up-to-date: /home/chakfan/double_model/install/auto_aim_interfaces/include/auto_aim_interfaces/auto_aim_interfaces/msg/detail/armor_info__rosidl_typesupport_introspection_cpp.hpp
[0.222s] -- Up-to-date: /home/chakfan/double_model/install/auto_aim_interfaces/include/auto_aim_interfaces/auto_aim_interfaces/msg/detail/tracker_info__type_support.cpp
[0.222s] -- Up-to-date: /home/chakfan/double_model/install/auto_aim_interfaces/include/auto_aim_interfaces/auto_aim_interfaces/msg/detail/tracker_predict__rosidl_typesupport_introspection_cpp.hpp
[0.222s] -- Up-to-date: /home/chakfan/double_model/install/auto_aim_interfaces/include/auto_aim_interfaces/auto_aim_interfaces/msg/detail/debug_armors__rosidl_typesupport_introspection_cpp.hpp
[0.222s] -- Up-to-date: /home/chakfan/double_model/install/auto_aim_interfaces/include/auto_aim_interfaces/auto_aim_interfaces/msg/detail/recieve_data__rosidl_typesupport_introspection_cpp.hpp
[0.222s] -- Up-to-date: /home/chakfan/double_model/install/auto_aim_interfaces/include/auto_aim_interfaces/auto_aim_interfaces/msg/detail/tracker_target__type_support.cpp
[0.222s] -- Up-to-date: /home/chakfan/double_model/install/auto_aim_interfaces/include/auto_aim_interfaces/auto_aim_interfaces/msg/detail/debug_lights__type_support.cpp
[0.222s] -- Up-to-date: /home/chakfan/double_model/install/auto_aim_interfaces/include/auto_aim_interfaces/auto_aim_interfaces/msg/detail/armor__type_support.cpp
[0.222s] -- Up-to-date: /home/chakfan/double_model/install/auto_aim_interfaces/include/auto_aim_interfaces/auto_aim_interfaces/msg/detail/enemy_info__rosidl_typesupport_introspection_cpp.hpp
[0.222s] -- Up-to-date: /home/chakfan/double_model/install/auto_aim_interfaces/include/auto_aim_interfaces/auto_aim_interfaces/msg/detail/target_pose__type_support.cpp
[0.222s] -- Up-to-date: /home/chakfan/double_model/install/auto_aim_interfaces/include/auto_aim_interfaces/auto_aim_interfaces/msg/detail/send_data__rosidl_typesupport_introspection_cpp.hpp
[0.222s] -- Up-to-date: /home/chakfan/double_model/install/auto_aim_interfaces/include/auto_aim_interfaces/auto_aim_interfaces/msg/detail/camera_msg__rosidl_typesupport_introspection_cpp.hpp
[0.223s] -- Up-to-date: /home/chakfan/double_model/install/auto_aim_interfaces/include/auto_aim_interfaces/auto_aim_interfaces/msg/detail/anglesolver__rosidl_typesupport_introspection_cpp.hpp
[0.223s] -- Up-to-date: /home/chakfan/double_model/install/auto_aim_interfaces/include/auto_aim_interfaces/auto_aim_interfaces/msg/detail/vehicle__type_support.cpp
[0.223s] -- Up-to-date: /home/chakfan/double_model/install/auto_aim_interfaces/include/auto_aim_interfaces/auto_aim_interfaces/msg/detail/debug_lights__rosidl_typesupport_introspection_cpp.hpp
[0.223s] -- Up-to-date: /home/chakfan/double_model/install/auto_aim_interfaces/include/auto_aim_interfaces/auto_aim_interfaces/msg/detail/armor__rosidl_typesupport_introspection_cpp.hpp
[0.223s] -- Up-to-date: /home/chakfan/double_model/install/auto_aim_interfaces/include/auto_aim_interfaces/auto_aim_interfaces/msg/detail/debug_armor__rosidl_typesupport_introspection_cpp.hpp
[0.223s] -- Up-to-date: /home/chakfan/double_model/install/auto_aim_interfaces/include/auto_aim_interfaces/auto_aim_interfaces/msg/detail/camera_msg__type_support.cpp
[0.223s] -- Up-to-date: /home/chakfan/double_model/install/auto_aim_interfaces/include/auto_aim_interfaces/auto_aim_interfaces/msg/detail/debug_armor__type_support.cpp
[0.223s] -- Up-to-date: /home/chakfan/double_model/install/auto_aim_interfaces/include/auto_aim_interfaces/auto_aim_interfaces/msg/detail/recieve_data__type_support.cpp
[0.223s] -- Up-to-date: /home/chakfan/double_model/install/auto_aim_interfaces/include/auto_aim_interfaces/auto_aim_interfaces/msg/detail/debug_light__rosidl_typesupport_introspection_cpp.hpp
[0.223s] -- Up-to-date: /home/chakfan/double_model/install/auto_aim_interfaces/include/auto_aim_interfaces/auto_aim_interfaces/msg/detail/tracker_target__rosidl_typesupport_introspection_cpp.hpp
[0.223s] -- Up-to-date: /home/chakfan/double_model/install/auto_aim_interfaces/include/auto_aim_interfaces/auto_aim_interfaces/msg/detail/tracker_predict__type_support.cpp
[0.223s] -- Up-to-date: /home/chakfan/double_model/install/auto_aim_interfaces/include/auto_aim_interfaces/auto_aim_interfaces/msg/detail/anglesolver__type_support.cpp
[0.223s] -- Up-to-date: /home/chakfan/double_model/install/auto_aim_interfaces/lib/libauto_aim_interfaces__rosidl_typesupport_introspection_cpp.so
[0.223s] -- Up-to-date: /home/chakfan/double_model/install/auto_aim_interfaces/lib/libauto_aim_interfaces__rosidl_typesupport_cpp.so
[0.223s] -- Up-to-date: /home/chakfan/double_model/install/auto_aim_interfaces/share/auto_aim_interfaces/environment/pythonpath.sh
[0.223s] -- Up-to-date: /home/chakfan/double_model/install/auto_aim_interfaces/share/auto_aim_interfaces/environment/pythonpath.dsv
[0.223s] -- Up-to-date: /home/chakfan/double_model/install/auto_aim_interfaces/local/lib/python3.10/dist-packages/auto_aim_interfaces-0.0.0-py3.10.egg-info
[0.223s] -- Installing: /home/chakfan/double_model/install/auto_aim_interfaces/local/lib/python3.10/dist-packages/auto_aim_interfaces-0.0.0-py3.10.egg-info/dependency_links.txt
[0.223s] -- Installing: /home/chakfan/double_model/install/auto_aim_interfaces/local/lib/python3.10/dist-packages/auto_aim_interfaces-0.0.0-py3.10.egg-info/SOURCES.txt
[0.223s] -- Installing: /home/chakfan/double_model/install/auto_aim_interfaces/local/lib/python3.10/dist-packages/auto_aim_interfaces-0.0.0-py3.10.egg-info/PKG-INFO
[0.223s] -- Installing: /home/chakfan/double_model/install/auto_aim_interfaces/local/lib/python3.10/dist-packages/auto_aim_interfaces-0.0.0-py3.10.egg-info/top_level.txt
[0.223s] -- Up-to-date: /home/chakfan/double_model/install/auto_aim_interfaces/local/lib/python3.10/dist-packages/auto_aim_interfaces
[0.223s] -- Up-to-date: /home/chakfan/double_model/install/auto_aim_interfaces/local/lib/python3.10/dist-packages/auto_aim_interfaces/__init__.py
[0.223s] -- Up-to-date: /home/chakfan/double_model/install/auto_aim_interfaces/local/lib/python3.10/dist-packages/auto_aim_interfaces/auto_aim_interfaces_s__rosidl_typesupport_c.cpython-310-x86_64-linux-gnu.so
[0.223s] -- Up-to-date: /home/chakfan/double_model/install/auto_aim_interfaces/local/lib/python3.10/dist-packages/auto_aim_interfaces/_auto_aim_interfaces_s.ep.rosidl_typesupport_c.c
[0.223s] -- Up-to-date: /home/chakfan/double_model/install/auto_aim_interfaces/local/lib/python3.10/dist-packages/auto_aim_interfaces/libauto_aim_interfaces__rosidl_generator_py.so
[0.223s] -- Up-to-date: /home/chakfan/double_model/install/auto_aim_interfaces/local/lib/python3.10/dist-packages/auto_aim_interfaces/auto_aim_interfaces_s__rosidl_typesupport_introspection_c.cpython-310-x86_64-linux-gnu.so
[0.223s] -- Up-to-date: /home/chakfan/double_model/install/auto_aim_interfaces/local/lib/python3.10/dist-packages/auto_aim_interfaces/auto_aim_interfaces_s__rosidl_typesupport_fastrtps_c.cpython-310-x86_64-linux-gnu.so
[0.223s] -- Up-to-date: /home/chakfan/double_model/install/auto_aim_interfaces/local/lib/python3.10/dist-packages/auto_aim_interfaces/_auto_aim_interfaces_s.ep.rosidl_typesupport_fastrtps_c.c
[0.223s] -- Up-to-date: /home/chakfan/double_model/install/auto_aim_interfaces/local/lib/python3.10/dist-packages/auto_aim_interfaces/msg
[0.223s] -- Up-to-date: /home/chakfan/double_model/install/auto_aim_interfaces/local/lib/python3.10/dist-packages/auto_aim_interfaces/msg/__init__.py
[0.223s] -- Up-to-date: /home/chakfan/double_model/install/auto_aim_interfaces/local/lib/python3.10/dist-packages/auto_aim_interfaces/msg/_armor_info.py
[0.223s] -- Up-to-date: /home/chakfan/double_model/install/auto_aim_interfaces/local/lib/python3.10/dist-packages/auto_aim_interfaces/msg/_armor_info_s.c
[0.223s] -- Up-to-date: /home/chakfan/double_model/install/auto_aim_interfaces/local/lib/python3.10/dist-packages/auto_aim_interfaces/msg/_target_pose.py
[0.223s] -- Up-to-date: /home/chakfan/double_model/install/auto_aim_interfaces/local/lib/python3.10/dist-packages/auto_aim_interfaces/msg/_tracker_target_s.c
[0.223s] -- Up-to-date: /home/chakfan/double_model/install/auto_aim_interfaces/local/lib/python3.10/dist-packages/auto_aim_interfaces/msg/_anglesolver_s.c
[0.223s] -- Up-to-date: /home/chakfan/double_model/install/auto_aim_interfaces/local/lib/python3.10/dist-packages/auto_aim_interfaces/msg/_recieve_data.py
[0.223s] -- Up-to-date: /home/chakfan/double_model/install/auto_aim_interfaces/local/lib/python3.10/dist-packages/auto_aim_interfaces/msg/_vehicles_s.c
[0.223s] -- Up-to-date: /home/chakfan/double_model/install/auto_aim_interfaces/local/lib/python3.10/dist-packages/auto_aim_interfaces/msg/_armors_s.c
[0.224s] -- Up-to-date: /home/chakfan/double_model/install/auto_aim_interfaces/local/lib/python3.10/dist-packages/auto_aim_interfaces/msg/_armor_s.c
[0.224s] -- Up-to-date: /home/chakfan/double_model/install/auto_aim_interfaces/local/lib/python3.10/dist-packages/auto_aim_interfaces/msg/_vehicles.py
[0.224s] -- Up-to-date: /home/chakfan/double_model/install/auto_aim_interfaces/local/lib/python3.10/dist-packages/auto_aim_interfaces/msg/_enemy_info_s.c
[0.224s] -- Up-to-date: /home/chakfan/double_model/install/auto_aim_interfaces/local/lib/python3.10/dist-packages/auto_aim_interfaces/msg/_debug_lights_s.c
[0.224s] -- Up-to-date: /home/chakfan/double_model/install/auto_aim_interfaces/local/lib/python3.10/dist-packages/auto_aim_interfaces/msg/_armor.py
[0.224s] -- Up-to-date: /home/chakfan/double_model/install/auto_aim_interfaces/local/lib/python3.10/dist-packages/auto_aim_interfaces/msg/_tracker_info_s.c
[0.224s] -- Up-to-date: /home/chakfan/double_model/install/auto_aim_interfaces/local/lib/python3.10/dist-packages/auto_aim_interfaces/msg/_debug_armors.py
[0.224s] -- Up-to-date: /home/chakfan/double_model/install/auto_aim_interfaces/local/lib/python3.10/dist-packages/auto_aim_interfaces/msg/_anglesolver.py
[0.224s] -- Up-to-date: /home/chakfan/double_model/install/auto_aim_interfaces/local/lib/python3.10/dist-packages/auto_aim_interfaces/msg/_debug_light_s.c
[0.224s] -- Up-to-date: /home/chakfan/double_model/install/auto_aim_interfaces/local/lib/python3.10/dist-packages/auto_aim_interfaces/msg/_debug_lights.py
[0.224s] -- Up-to-date: /home/chakfan/double_model/install/auto_aim_interfaces/local/lib/python3.10/dist-packages/auto_aim_interfaces/msg/_enemy_info.py
[0.224s] -- Up-to-date: /home/chakfan/double_model/install/auto_aim_interfaces/local/lib/python3.10/dist-packages/auto_aim_interfaces/msg/_debug_armors_s.c
[0.224s] -- Up-to-date: /home/chakfan/double_model/install/auto_aim_interfaces/local/lib/python3.10/dist-packages/auto_aim_interfaces/msg/_debug_armor_s.c
[0.224s] -- Up-to-date: /home/chakfan/double_model/install/auto_aim_interfaces/local/lib/python3.10/dist-packages/auto_aim_interfaces/msg/_send_data.py
[0.224s] -- Up-to-date: /home/chakfan/double_model/install/auto_aim_interfaces/local/lib/python3.10/dist-packages/auto_aim_interfaces/msg/_armors.py
[0.224s] -- Up-to-date: /home/chakfan/double_model/install/auto_aim_interfaces/local/lib/python3.10/dist-packages/auto_aim_interfaces/msg/_debug_light.py
[0.224s] -- Up-to-date: /home/chakfan/double_model/install/auto_aim_interfaces/local/lib/python3.10/dist-packages/auto_aim_interfaces/msg/_tracker_predict_s.c
[0.224s] -- Up-to-date: /home/chakfan/double_model/install/auto_aim_interfaces/local/lib/python3.10/dist-packages/auto_aim_interfaces/msg/_tracker_info.py
[0.224s] -- Up-to-date: /home/chakfan/double_model/install/auto_aim_interfaces/local/lib/python3.10/dist-packages/auto_aim_interfaces/msg/_vehicle.py
[0.224s] -- Up-to-date: /home/chakfan/double_model/install/auto_aim_interfaces/local/lib/python3.10/dist-packages/auto_aim_interfaces/msg/_tracker_target.py
[0.224s] -- Up-to-date: /home/chakfan/double_model/install/auto_aim_interfaces/local/lib/python3.10/dist-packages/auto_aim_interfaces/msg/_vehicle_s.c
[0.224s] -- Up-to-date: /home/chakfan/double_model/install/auto_aim_interfaces/local/lib/python3.10/dist-packages/auto_aim_interfaces/msg/_debug_armor.py
[0.224s] -- Up-to-date: /home/chakfan/double_model/install/auto_aim_interfaces/local/lib/python3.10/dist-packages/auto_aim_interfaces/msg/_target_pose_s.c
[0.224s] -- Up-to-date: /home/chakfan/double_model/install/auto_aim_interfaces/local/lib/python3.10/dist-packages/auto_aim_interfaces/msg/_camera_msg_s.c
[0.224s] -- Up-to-date: /home/chakfan/double_model/install/auto_aim_interfaces/local/lib/python3.10/dist-packages/auto_aim_interfaces/msg/_tracker_predict.py
[0.224s] -- Up-to-date: /home/chakfan/double_model/install/auto_aim_interfaces/local/lib/python3.10/dist-packages/auto_aim_interfaces/msg/_send_data_s.c
[0.224s] -- Up-to-date: /home/chakfan/double_model/install/auto_aim_interfaces/local/lib/python3.10/dist-packages/auto_aim_interfaces/msg/_recieve_data_s.c
[0.224s] -- Up-to-date: /home/chakfan/double_model/install/auto_aim_interfaces/local/lib/python3.10/dist-packages/auto_aim_interfaces/msg/_camera_msg.py
[0.224s] -- Up-to-date: /home/chakfan/double_model/install/auto_aim_interfaces/local/lib/python3.10/dist-packages/auto_aim_interfaces/_auto_aim_interfaces_s.ep.rosidl_typesupport_introspection_c.c
[0.239s] Listing '/home/chakfan/double_model/install/auto_aim_interfaces/local/lib/python3.10/dist-packages/auto_aim_interfaces'...
[0.239s] Listing '/home/chakfan/double_model/install/auto_aim_interfaces/local/lib/python3.10/dist-packages/auto_aim_interfaces/msg'...
[0.242s] -- Up-to-date: /home/chakfan/double_model/install/auto_aim_interfaces/local/lib/python3.10/dist-packages/auto_aim_interfaces/auto_aim_interfaces_s__rosidl_typesupport_fastrtps_c.cpython-310-x86_64-linux-gnu.so
[0.242s] -- Up-to-date: /home/chakfan/double_model/install/auto_aim_interfaces/local/lib/python3.10/dist-packages/auto_aim_interfaces/auto_aim_interfaces_s__rosidl_typesupport_introspection_c.cpython-310-x86_64-linux-gnu.so
[0.243s] -- Up-to-date: /home/chakfan/double_model/install/auto_aim_interfaces/local/lib/python3.10/dist-packages/auto_aim_interfaces/auto_aim_interfaces_s__rosidl_typesupport_c.cpython-310-x86_64-linux-gnu.so
[0.243s] -- Up-to-date: /home/chakfan/double_model/install/auto_aim_interfaces/lib/libauto_aim_interfaces__rosidl_generator_py.so
[0.243s] -- Up-to-date: /home/chakfan/double_model/install/auto_aim_interfaces/share/auto_aim_interfaces/msg/Armor.idl
[0.243s] -- Up-to-date: /home/chakfan/double_model/install/auto_aim_interfaces/share/auto_aim_interfaces/msg/Armors.idl
[0.243s] -- Up-to-date: /home/chakfan/double_model/install/auto_aim_interfaces/share/auto_aim_interfaces/msg/Anglesolver.idl
[0.243s] -- Up-to-date: /home/chakfan/double_model/install/auto_aim_interfaces/share/auto_aim_interfaces/msg/TargetPose.idl
[0.243s] -- Up-to-date: /home/chakfan/double_model/install/auto_aim_interfaces/share/auto_aim_interfaces/msg/Vehicle.idl
[0.243s] -- Up-to-date: /home/chakfan/double_model/install/auto_aim_interfaces/share/auto_aim_interfaces/msg/Vehicles.idl
[0.243s] -- Up-to-date: /home/chakfan/double_model/install/auto_aim_interfaces/share/auto_aim_interfaces/msg/CameraMsg.idl
[0.244s] -- Up-to-date: /home/chakfan/double_model/install/auto_aim_interfaces/share/auto_aim_interfaces/msg/DebugLight.idl
[0.244s] -- Up-to-date: /home/chakfan/double_model/install/auto_aim_interfaces/share/auto_aim_interfaces/msg/DebugLights.idl
[0.244s] -- Up-to-date: /home/chakfan/double_model/install/auto_aim_interfaces/share/auto_aim_interfaces/msg/DebugArmor.idl
[0.244s] -- Up-to-date: /home/chakfan/double_model/install/auto_aim_interfaces/share/auto_aim_interfaces/msg/DebugArmors.idl
[0.244s] -- Up-to-date: /home/chakfan/double_model/install/auto_aim_interfaces/share/auto_aim_interfaces/msg/RecieveData.idl
[0.244s] -- Up-to-date: /home/chakfan/double_model/install/auto_aim_interfaces/share/auto_aim_interfaces/msg/SendData.idl
[0.244s] -- Up-to-date: /home/chakfan/double_model/install/auto_aim_interfaces/share/auto_aim_interfaces/msg/ArmorInfo.idl
[0.244s] -- Up-to-date: /home/chakfan/double_model/install/auto_aim_interfaces/share/auto_aim_interfaces/msg/EnemyInfo.idl
[0.244s] -- Up-to-date: /home/chakfan/double_model/install/auto_aim_interfaces/share/auto_aim_interfaces/msg/TrackerInfo.idl
[0.244s] -- Up-to-date: /home/chakfan/double_model/install/auto_aim_interfaces/share/auto_aim_interfaces/msg/TrackerPredict.idl
[0.244s] -- Up-to-date: /home/chakfan/double_model/install/auto_aim_interfaces/share/auto_aim_interfaces/msg/TrackerTarget.idl
[0.244s] -- Up-to-date: /home/chakfan/double_model/install/auto_aim_interfaces/share/auto_aim_interfaces/msg/Armor.msg
[0.245s] -- Up-to-date: /home/chakfan/double_model/install/auto_aim_interfaces/share/auto_aim_interfaces/msg/Armors.msg
[0.245s] -- Up-to-date: /home/chakfan/double_model/install/auto_aim_interfaces/share/auto_aim_interfaces/msg/Anglesolver.msg
[0.245s] -- Up-to-date: /home/chakfan/double_model/install/auto_aim_interfaces/share/auto_aim_interfaces/msg/TargetPose.msg
[0.245s] -- Up-to-date: /home/chakfan/double_model/install/auto_aim_interfaces/share/auto_aim_interfaces/msg/Vehicle.msg
[0.245s] -- Up-to-date: /home/chakfan/double_model/install/auto_aim_interfaces/share/auto_aim_interfaces/msg/Vehicles.msg
[0.245s] -- Up-to-date: /home/chakfan/double_model/install/auto_aim_interfaces/share/auto_aim_interfaces/msg/CameraMsg.msg
[0.245s] -- Up-to-date: /home/chakfan/double_model/install/auto_aim_interfaces/share/auto_aim_interfaces/msg/DebugLight.msg
[0.245s] -- Up-to-date: /home/chakfan/double_model/install/auto_aim_interfaces/share/auto_aim_interfaces/msg/DebugLights.msg
[0.245s] -- Up-to-date: /home/chakfan/double_model/install/auto_aim_interfaces/share/auto_aim_interfaces/msg/DebugArmor.msg
[0.245s] -- Up-to-date: /home/chakfan/double_model/install/auto_aim_interfaces/share/auto_aim_interfaces/msg/DebugArmors.msg
[0.245s] -- Up-to-date: /home/chakfan/double_model/install/auto_aim_interfaces/share/auto_aim_interfaces/msg/RecieveData.msg
[0.245s] -- Up-to-date: /home/chakfan/double_model/install/auto_aim_interfaces/share/auto_aim_interfaces/msg/SendData.msg
[0.246s] -- Up-to-date: /home/chakfan/double_model/install/auto_aim_interfaces/share/auto_aim_interfaces/msg/ArmorInfo.msg
[0.246s] -- Up-to-date: /home/chakfan/double_model/install/auto_aim_interfaces/share/auto_aim_interfaces/msg/EnemyInfo.msg
[0.246s] -- Up-to-date: /home/chakfan/double_model/install/auto_aim_interfaces/share/auto_aim_interfaces/msg/TrackerInfo.msg
[0.246s] -- Up-to-date: /home/chakfan/double_model/install/auto_aim_interfaces/share/auto_aim_interfaces/msg/TrackerPredict.msg
[0.246s] -- Up-to-date: /home/chakfan/double_model/install/auto_aim_interfaces/share/auto_aim_interfaces/msg/TrackerTarget.msg
[0.246s] -- Up-to-date: /home/chakfan/double_model/install/auto_aim_interfaces/share/ament_index/resource_index/package_run_dependencies/auto_aim_interfaces
[0.246s] -- Up-to-date: /home/chakfan/double_model/install/auto_aim_interfaces/share/ament_index/resource_index/parent_prefix_path/auto_aim_interfaces
[0.246s] -- Up-to-date: /home/chakfan/double_model/install/auto_aim_interfaces/share/auto_aim_interfaces/environment/ament_prefix_path.sh
[0.246s] -- Up-to-date: /home/chakfan/double_model/install/auto_aim_interfaces/share/auto_aim_interfaces/environment/ament_prefix_path.dsv
[0.246s] -- Up-to-date: /home/chakfan/double_model/install/auto_aim_interfaces/share/auto_aim_interfaces/environment/path.sh
[0.246s] -- Up-to-date: /home/chakfan/double_model/install/auto_aim_interfaces/share/auto_aim_interfaces/environment/path.dsv
[0.246s] -- Up-to-date: /home/chakfan/double_model/install/auto_aim_interfaces/share/auto_aim_interfaces/local_setup.bash
[0.246s] -- Up-to-date: /home/chakfan/double_model/install/auto_aim_interfaces/share/auto_aim_interfaces/local_setup.sh
[0.246s] -- Up-to-date: /home/chakfan/double_model/install/auto_aim_interfaces/share/auto_aim_interfaces/local_setup.zsh
[0.246s] -- Up-to-date: /home/chakfan/double_model/install/auto_aim_interfaces/share/auto_aim_interfaces/local_setup.dsv
[0.246s] -- Installing: /home/chakfan/double_model/install/auto_aim_interfaces/share/auto_aim_interfaces/package.dsv
[0.247s] -- Up-to-date: /home/chakfan/double_model/install/auto_aim_interfaces/share/ament_index/resource_index/packages/auto_aim_interfaces
[0.247s] -- Up-to-date: /home/chakfan/double_model/install/auto_aim_interfaces/share/auto_aim_interfaces/cmake/export_auto_aim_interfaces__rosidl_generator_cExport.cmake
[0.247s] -- Up-to-date: /home/chakfan/double_model/install/auto_aim_interfaces/share/auto_aim_interfaces/cmake/export_auto_aim_interfaces__rosidl_generator_cExport-noconfig.cmake
[0.247s] -- Up-to-date: /home/chakfan/double_model/install/auto_aim_interfaces/share/auto_aim_interfaces/cmake/export_auto_aim_interfaces__rosidl_typesupport_fastrtps_cExport.cmake
[0.247s] -- Up-to-date: /home/chakfan/double_model/install/auto_aim_interfaces/share/auto_aim_interfaces/cmake/export_auto_aim_interfaces__rosidl_typesupport_fastrtps_cExport-noconfig.cmake
[0.247s] -- Up-to-date: /home/chakfan/double_model/install/auto_aim_interfaces/share/auto_aim_interfaces/cmake/auto_aim_interfaces__rosidl_typesupport_introspection_cExport.cmake
[0.248s] -- Up-to-date: /home/chakfan/double_model/install/auto_aim_interfaces/share/auto_aim_interfaces/cmake/auto_aim_interfaces__rosidl_typesupport_introspection_cExport-noconfig.cmake
[0.248s] -- Up-to-date: /home/chakfan/double_model/install/auto_aim_interfaces/share/auto_aim_interfaces/cmake/auto_aim_interfaces__rosidl_typesupport_cExport.cmake
[0.248s] -- Up-to-date: /home/chakfan/double_model/install/auto_aim_interfaces/share/auto_aim_interfaces/cmake/auto_aim_interfaces__rosidl_typesupport_cExport-noconfig.cmake
[0.248s] -- Up-to-date: /home/chakfan/double_model/install/auto_aim_interfaces/share/auto_aim_interfaces/cmake/export_auto_aim_interfaces__rosidl_generator_cppExport.cmake
[0.248s] -- Up-to-date: /home/chakfan/double_model/install/auto_aim_interfaces/share/auto_aim_interfaces/cmake/export_auto_aim_interfaces__rosidl_typesupport_fastrtps_cppExport.cmake
[0.248s] -- Up-to-date: /home/chakfan/double_model/install/auto_aim_interfaces/share/auto_aim_interfaces/cmake/export_auto_aim_interfaces__rosidl_typesupport_fastrtps_cppExport-noconfig.cmake
[0.249s] -- Up-to-date: /home/chakfan/double_model/install/auto_aim_interfaces/share/auto_aim_interfaces/cmake/auto_aim_interfaces__rosidl_typesupport_introspection_cppExport.cmake
[0.249s] -- Up-to-date: /home/chakfan/double_model/install/auto_aim_interfaces/share/auto_aim_interfaces/cmake/auto_aim_interfaces__rosidl_typesupport_introspection_cppExport-noconfig.cmake
[0.249s] -- Up-to-date: /home/chakfan/double_model/install/auto_aim_interfaces/share/auto_aim_interfaces/cmake/auto_aim_interfaces__rosidl_typesupport_cppExport.cmake
[0.249s] -- Up-to-date: /home/chakfan/double_model/install/auto_aim_interfaces/share/auto_aim_interfaces/cmake/auto_aim_interfaces__rosidl_typesupport_cppExport-noconfig.cmake
[0.249s] -- Up-to-date: /home/chakfan/double_model/install/auto_aim_interfaces/share/auto_aim_interfaces/cmake/export_auto_aim_interfaces__rosidl_generator_pyExport.cmake
[0.250s] -- Up-to-date: /home/chakfan/double_model/install/auto_aim_interfaces/share/auto_aim_interfaces/cmake/export_auto_aim_interfaces__rosidl_generator_pyExport-noconfig.cmake
[0.250s] -- Up-to-date: /home/chakfan/double_model/install/auto_aim_interfaces/share/auto_aim_interfaces/cmake/rosidl_cmake-extras.cmake
[0.250s] -- Up-to-date: /home/chakfan/double_model/install/auto_aim_interfaces/share/auto_aim_interfaces/cmake/ament_cmake_export_dependencies-extras.cmake
[0.250s] -- Up-to-date: /home/chakfan/double_model/install/auto_aim_interfaces/share/auto_aim_interfaces/cmake/ament_cmake_export_include_directories-extras.cmake
[0.250s] -- Up-to-date: /home/chakfan/double_model/install/auto_aim_interfaces/share/auto_aim_interfaces/cmake/ament_cmake_export_libraries-extras.cmake
[0.250s] -- Up-to-date: /home/chakfan/double_model/install/auto_aim_interfaces/share/auto_aim_interfaces/cmake/ament_cmake_export_targets-extras.cmake
[0.250s] -- Up-to-date: /home/chakfan/double_model/install/auto_aim_interfaces/share/auto_aim_interfaces/cmake/rosidl_cmake_export_typesupport_targets-extras.cmake
[0.250s] -- Up-to-date: /home/chakfan/double_model/install/auto_aim_interfaces/share/auto_aim_interfaces/cmake/rosidl_cmake_export_typesupport_libraries-extras.cmake
[0.251s] -- Up-to-date: /home/chakfan/double_model/install/auto_aim_interfaces/share/auto_aim_interfaces/cmake/auto_aim_interfacesConfig.cmake
[0.251s] -- Up-to-date: /home/chakfan/double_model/install/auto_aim_interfaces/share/auto_aim_interfaces/cmake/auto_aim_interfacesConfig-version.cmake
[0.251s] -- Up-to-date: /home/chakfan/double_model/install/auto_aim_interfaces/share/auto_aim_interfaces/package.xml
[0.251s] Invoked command in '/home/chakfan/double_model/build/auto_aim_interfaces' returned '0': CMAKE_PREFIX_PATH=${CMAKE_PREFIX_PATH}:/opt/ros/humble /usr/local/bin/cmake --install /home/chakfan/double_model/build/auto_aim_interfaces
