[0.069s] DEBUG:colcon:Command line arguments: ['/usr/bin/colcon', 'list', '-p', '--base-paths', '/home/chakfan/double_model']
[0.069s] DEBUG:colcon:Parsed command line arguments: Namespace(log_base=None, log_level=None, verb_name='list', build_base='build', ignore_user_meta=False, metas=['./colcon.meta'], base_paths=['/home/chakfan/double_model'], packages_ignore=None, packages_ignore_regex=None, paths=None, packages_up_to=None, packages_up_to_regex=None, packages_above=None, packages_above_and_dependencies=None, packages_above_depth=None, packages_select_by_dep=None, packages_skip_by_dep=None, packages_skip_up_to=None, packages_select_build_failed=False, packages_skip_build_finished=False, packages_select_test_failures=False, packages_skip_test_passed=False, packages_select=None, packages_skip=None, packages_select_regex=None, packages_skip_regex=None, packages_start=None, packages_end=None, allow_overriding=[], topological_order=False, names_only=False, paths_only=True, topological_graph=False, topological_graph_dot=False, topological_graph_density=False, topological_graph_legend=False, topological_graph_dot_cluster=False, topological_graph_dot_include_skipped=False, verb_parser=<colcon_defaults.argument_parser.defaults.DefaultArgumentsDecorator object at 0x7ec63fcbcb50>, verb_extension=<colcon_package_information.verb.list.ListVerb object at 0x7ec63fc83b20>, main=<bound method ListVerb.main of <colcon_package_information.verb.list.ListVerb object at 0x7ec63fc83b20>>)
[0.170s] Level 1:colcon.colcon_core.package_discovery:discover_packages(colcon_meta) check parameters
[0.170s] Level 1:colcon.colcon_core.package_discovery:discover_packages(recursive) check parameters
[0.170s] Level 1:colcon.colcon_core.package_discovery:discover_packages(ignore) check parameters
[0.170s] Level 1:colcon.colcon_core.package_discovery:discover_packages(path) check parameters
[0.170s] Level 1:colcon.colcon_core.package_discovery:discover_packages(recursive) discover
[0.170s] INFO:colcon.colcon_core.package_discovery:Crawling recursively for packages in '/home/chakfan/double_model'
[0.170s] Level 1:colcon.colcon_core.package_identification:_identify(/home/chakfan/double_model) by extensions ['ignore', 'ignore_ament_install']
[0.170s] Level 1:colcon.colcon_core.package_identification:_identify(/home/chakfan/double_model) by extension 'ignore'
[0.170s] Level 1:colcon.colcon_core.package_identification:_identify(/home/chakfan/double_model) by extension 'ignore_ament_install'
[0.170s] Level 1:colcon.colcon_core.package_identification:_identify(/home/chakfan/double_model) by extensions ['colcon_pkg']
[0.170s] Level 1:colcon.colcon_core.package_identification:_identify(/home/chakfan/double_model) by extension 'colcon_pkg'
[0.170s] Level 1:colcon.colcon_core.package_identification:_identify(/home/chakfan/double_model) by extensions ['colcon_meta']
[0.170s] Level 1:colcon.colcon_core.package_identification:_identify(/home/chakfan/double_model) by extension 'colcon_meta'
[0.170s] Level 1:colcon.colcon_core.package_identification:_identify(/home/chakfan/double_model) by extensions ['ros']
[0.170s] Level 1:colcon.colcon_core.package_identification:_identify(/home/chakfan/double_model) by extension 'ros'
[0.179s] Level 1:colcon.colcon_core.package_identification:_identify(/home/chakfan/double_model) by extensions ['cmake', 'python']
[0.179s] Level 1:colcon.colcon_core.package_identification:_identify(/home/chakfan/double_model) by extension 'cmake'
[0.179s] Level 1:colcon.colcon_core.package_identification:_identify(/home/chakfan/double_model) by extension 'python'
[0.179s] Level 1:colcon.colcon_core.package_identification:_identify(/home/chakfan/double_model) by extensions ['python_setup_py']
[0.179s] Level 1:colcon.colcon_core.package_identification:_identify(/home/chakfan/double_model) by extension 'python_setup_py'
[0.179s] Level 1:colcon.colcon_core.package_identification:_identify(/home/chakfan/double_model/log) by extensions ['ignore', 'ignore_ament_install']
[0.179s] Level 1:colcon.colcon_core.package_identification:_identify(/home/chakfan/double_model/log) by extension 'ignore'
[0.179s] Level 1:colcon.colcon_core.package_identification:_identify(/home/chakfan/double_model/log) ignored
[0.180s] Level 1:colcon.colcon_core.package_identification:_identify(/home/chakfan/double_model/src) by extensions ['ignore', 'ignore_ament_install']
[0.180s] Level 1:colcon.colcon_core.package_identification:_identify(/home/chakfan/double_model/src) by extension 'ignore'
[0.180s] Level 1:colcon.colcon_core.package_identification:_identify(/home/chakfan/double_model/src) by extension 'ignore_ament_install'
[0.180s] Level 1:colcon.colcon_core.package_identification:_identify(/home/chakfan/double_model/src) by extensions ['colcon_pkg']
[0.180s] Level 1:colcon.colcon_core.package_identification:_identify(/home/chakfan/double_model/src) by extension 'colcon_pkg'
[0.180s] Level 1:colcon.colcon_core.package_identification:_identify(/home/chakfan/double_model/src) by extensions ['colcon_meta']
[0.180s] Level 1:colcon.colcon_core.package_identification:_identify(/home/chakfan/double_model/src) by extension 'colcon_meta'
[0.180s] Level 1:colcon.colcon_core.package_identification:_identify(/home/chakfan/double_model/src) by extensions ['ros']
[0.180s] Level 1:colcon.colcon_core.package_identification:_identify(/home/chakfan/double_model/src) by extension 'ros'
[0.180s] Level 1:colcon.colcon_core.package_identification:_identify(/home/chakfan/double_model/src) by extensions ['cmake', 'python']
[0.180s] Level 1:colcon.colcon_core.package_identification:_identify(/home/chakfan/double_model/src) by extension 'cmake'
[0.180s] Level 1:colcon.colcon_core.package_identification:_identify(/home/chakfan/double_model/src) by extension 'python'
[0.180s] Level 1:colcon.colcon_core.package_identification:_identify(/home/chakfan/double_model/src) by extensions ['python_setup_py']
[0.180s] Level 1:colcon.colcon_core.package_identification:_identify(/home/chakfan/double_model/src) by extension 'python_setup_py'
[0.180s] Level 1:colcon.colcon_core.package_identification:_identify(/home/chakfan/double_model/src/armor_tracker) by extensions ['ignore', 'ignore_ament_install']
[0.180s] Level 1:colcon.colcon_core.package_identification:_identify(/home/chakfan/double_model/src/armor_tracker) by extension 'ignore'
[0.180s] Level 1:colcon.colcon_core.package_identification:_identify(/home/chakfan/double_model/src/armor_tracker) by extension 'ignore_ament_install'
[0.180s] Level 1:colcon.colcon_core.package_identification:_identify(/home/chakfan/double_model/src/armor_tracker) by extensions ['colcon_pkg']
[0.180s] Level 1:colcon.colcon_core.package_identification:_identify(/home/chakfan/double_model/src/armor_tracker) by extension 'colcon_pkg'
[0.180s] Level 1:colcon.colcon_core.package_identification:_identify(/home/chakfan/double_model/src/armor_tracker) by extensions ['colcon_meta']
[0.180s] Level 1:colcon.colcon_core.package_identification:_identify(/home/chakfan/double_model/src/armor_tracker) by extension 'colcon_meta'
[0.180s] Level 1:colcon.colcon_core.package_identification:_identify(/home/chakfan/double_model/src/armor_tracker) by extensions ['ros']
[0.180s] Level 1:colcon.colcon_core.package_identification:_identify(/home/chakfan/double_model/src/armor_tracker) by extension 'ros'
[0.182s] DEBUG:colcon.colcon_core.package_identification:Package '/home/chakfan/double_model/src/armor_tracker' with type 'ros.ament_cmake' and name 'armor_tracker'
[0.183s] Level 1:colcon.colcon_core.package_identification:_identify(/home/chakfan/double_model/src/auto_aim_interfaces) by extensions ['ignore', 'ignore_ament_install']
[0.183s] Level 1:colcon.colcon_core.package_identification:_identify(/home/chakfan/double_model/src/auto_aim_interfaces) by extension 'ignore'
[0.183s] Level 1:colcon.colcon_core.package_identification:_identify(/home/chakfan/double_model/src/auto_aim_interfaces) by extension 'ignore_ament_install'
[0.183s] Level 1:colcon.colcon_core.package_identification:_identify(/home/chakfan/double_model/src/auto_aim_interfaces) by extensions ['colcon_pkg']
[0.183s] Level 1:colcon.colcon_core.package_identification:_identify(/home/chakfan/double_model/src/auto_aim_interfaces) by extension 'colcon_pkg'
[0.183s] Level 1:colcon.colcon_core.package_identification:_identify(/home/chakfan/double_model/src/auto_aim_interfaces) by extensions ['colcon_meta']
[0.183s] Level 1:colcon.colcon_core.package_identification:_identify(/home/chakfan/double_model/src/auto_aim_interfaces) by extension 'colcon_meta'
[0.183s] Level 1:colcon.colcon_core.package_identification:_identify(/home/chakfan/double_model/src/auto_aim_interfaces) by extensions ['ros']
[0.183s] Level 1:colcon.colcon_core.package_identification:_identify(/home/chakfan/double_model/src/auto_aim_interfaces) by extension 'ros'
[0.183s] DEBUG:colcon.colcon_core.package_identification:Package '/home/chakfan/double_model/src/auto_aim_interfaces' with type 'ros.ament_cmake' and name 'auto_aim_interfaces'
[0.183s] Level 1:colcon.colcon_core.package_identification:_identify(/home/chakfan/double_model/src/filter_test) by extensions ['ignore', 'ignore_ament_install']
[0.183s] Level 1:colcon.colcon_core.package_identification:_identify(/home/chakfan/double_model/src/filter_test) by extension 'ignore'
[0.183s] Level 1:colcon.colcon_core.package_identification:_identify(/home/chakfan/double_model/src/filter_test) by extension 'ignore_ament_install'
[0.183s] Level 1:colcon.colcon_core.package_identification:_identify(/home/chakfan/double_model/src/filter_test) by extensions ['colcon_pkg']
[0.183s] Level 1:colcon.colcon_core.package_identification:_identify(/home/chakfan/double_model/src/filter_test) by extension 'colcon_pkg'
[0.183s] Level 1:colcon.colcon_core.package_identification:_identify(/home/chakfan/double_model/src/filter_test) by extensions ['colcon_meta']
[0.183s] Level 1:colcon.colcon_core.package_identification:_identify(/home/chakfan/double_model/src/filter_test) by extension 'colcon_meta'
[0.184s] Level 1:colcon.colcon_core.package_identification:_identify(/home/chakfan/double_model/src/filter_test) by extensions ['ros']
[0.184s] Level 1:colcon.colcon_core.package_identification:_identify(/home/chakfan/double_model/src/filter_test) by extension 'ros'
[0.184s] DEBUG:colcon.colcon_core.package_identification:Package '/home/chakfan/double_model/src/filter_test' with type 'ros.ament_cmake' and name 'filter_test'
[0.184s] Level 1:colcon.colcon_core.package_discovery:discover_packages(recursive) using defaults
