[0.049s] DEBUG:colcon:Command line arguments: ['/usr/bin/colcon', 'build']
[0.049s] DEBUG:colcon:Parsed command line arguments: Namespace(log_base=None, log_level=None, verb_name='build', build_base='build', install_base='install', merge_install=False, symlink_install=False, test_result_base=None, continue_on_error=False, executor='parallel', parallel_workers=32, event_handlers=None, ignore_user_meta=False, metas=['./colcon.meta'], base_paths=['.'], packages_ignore=None, packages_ignore_regex=None, paths=None, packages_up_to=None, packages_up_to_regex=None, packages_above=None, packages_above_and_dependencies=None, packages_above_depth=None, packages_select_by_dep=None, packages_skip_by_dep=None, packages_skip_up_to=None, packages_select_build_failed=False, packages_skip_build_finished=False, packages_select_test_failures=False, packages_skip_test_passed=False, packages_select=None, packages_skip=None, packages_select_regex=None, packages_skip_regex=None, packages_start=None, packages_end=None, allow_overriding=[], cmake_args=None, cmake_target=None, cmake_target_skip_unavailable=False, cmake_clean_cache=False, cmake_clean_first=False, cmake_force_configure=False, ament_cmake_args=None, catkin_cmake_args=None, catkin_skip_building_tests=False, verb_parser=<colcon_defaults.argument_parser.defaults.DefaultArgumentsDecorator object at 0x725446b54310>, verb_extension=<colcon_core.verb.build.BuildVerb object at 0x725446b1bcd0>, main=<bound method BuildVerb.main of <colcon_core.verb.build.BuildVerb object at 0x725446b1bcd0>>)
[0.122s] Level 1:colcon.colcon_core.package_discovery:discover_packages(colcon_meta) check parameters
[0.122s] Level 1:colcon.colcon_core.package_discovery:discover_packages(recursive) check parameters
[0.122s] Level 1:colcon.colcon_core.package_discovery:discover_packages(ignore) check parameters
[0.122s] Level 1:colcon.colcon_core.package_discovery:discover_packages(path) check parameters
[0.122s] Level 1:colcon.colcon_core.package_discovery:discover_packages(colcon_meta) discover
[0.122s] Level 1:colcon.colcon_core.package_discovery:discover_packages(recursive) discover
[0.122s] INFO:colcon.colcon_core.package_discovery:Crawling recursively for packages in '/home/chakfan/double_model'
[0.123s] Level 1:colcon.colcon_core.package_identification:_identify(.) by extensions ['ignore', 'ignore_ament_install']
[0.123s] Level 1:colcon.colcon_core.package_identification:_identify(.) by extension 'ignore'
[0.123s] Level 1:colcon.colcon_core.package_identification:_identify(.) by extension 'ignore_ament_install'
[0.123s] Level 1:colcon.colcon_core.package_identification:_identify(.) by extensions ['colcon_pkg']
[0.123s] Level 1:colcon.colcon_core.package_identification:_identify(.) by extension 'colcon_pkg'
[0.123s] Level 1:colcon.colcon_core.package_identification:_identify(.) by extensions ['colcon_meta']
[0.123s] Level 1:colcon.colcon_core.package_identification:_identify(.) by extension 'colcon_meta'
[0.123s] Level 1:colcon.colcon_core.package_identification:_identify(.) by extensions ['ros']
[0.123s] Level 1:colcon.colcon_core.package_identification:_identify(.) by extension 'ros'
[0.129s] Level 1:colcon.colcon_core.package_identification:_identify(.) by extensions ['cmake', 'python']
[0.129s] Level 1:colcon.colcon_core.package_identification:_identify(.) by extension 'cmake'
[0.129s] Level 1:colcon.colcon_core.package_identification:_identify(.) by extension 'python'
[0.129s] Level 1:colcon.colcon_core.package_identification:_identify(.) by extensions ['python_setup_py']
[0.129s] Level 1:colcon.colcon_core.package_identification:_identify(.) by extension 'python_setup_py'
[0.129s] Level 1:colcon.colcon_core.package_identification:_identify(build) by extensions ['ignore', 'ignore_ament_install']
[0.129s] Level 1:colcon.colcon_core.package_identification:_identify(build) by extension 'ignore'
[0.129s] Level 1:colcon.colcon_core.package_identification:_identify(build) ignored
[0.129s] Level 1:colcon.colcon_core.package_identification:_identify(install) by extensions ['ignore', 'ignore_ament_install']
[0.129s] Level 1:colcon.colcon_core.package_identification:_identify(install) by extension 'ignore'
[0.129s] Level 1:colcon.colcon_core.package_identification:_identify(install) ignored
[0.129s] Level 1:colcon.colcon_core.package_identification:_identify(log) by extensions ['ignore', 'ignore_ament_install']
[0.129s] Level 1:colcon.colcon_core.package_identification:_identify(log) by extension 'ignore'
[0.129s] Level 1:colcon.colcon_core.package_identification:_identify(log) ignored
[0.129s] Level 1:colcon.colcon_core.package_identification:_identify(src) by extensions ['ignore', 'ignore_ament_install']
[0.129s] Level 1:colcon.colcon_core.package_identification:_identify(src) by extension 'ignore'
[0.129s] Level 1:colcon.colcon_core.package_identification:_identify(src) by extension 'ignore_ament_install'
[0.129s] Level 1:colcon.colcon_core.package_identification:_identify(src) by extensions ['colcon_pkg']
[0.129s] Level 1:colcon.colcon_core.package_identification:_identify(src) by extension 'colcon_pkg'
[0.129s] Level 1:colcon.colcon_core.package_identification:_identify(src) by extensions ['colcon_meta']
[0.130s] Level 1:colcon.colcon_core.package_identification:_identify(src) by extension 'colcon_meta'
[0.130s] Level 1:colcon.colcon_core.package_identification:_identify(src) by extensions ['ros']
[0.130s] Level 1:colcon.colcon_core.package_identification:_identify(src) by extension 'ros'
[0.130s] Level 1:colcon.colcon_core.package_identification:_identify(src) by extensions ['cmake', 'python']
[0.130s] Level 1:colcon.colcon_core.package_identification:_identify(src) by extension 'cmake'
[0.130s] Level 1:colcon.colcon_core.package_identification:_identify(src) by extension 'python'
[0.130s] Level 1:colcon.colcon_core.package_identification:_identify(src) by extensions ['python_setup_py']
[0.130s] Level 1:colcon.colcon_core.package_identification:_identify(src) by extension 'python_setup_py'
[0.130s] Level 1:colcon.colcon_core.package_identification:_identify(src/armor_tracker) by extensions ['ignore', 'ignore_ament_install']
[0.130s] Level 1:colcon.colcon_core.package_identification:_identify(src/armor_tracker) by extension 'ignore'
[0.130s] Level 1:colcon.colcon_core.package_identification:_identify(src/armor_tracker) by extension 'ignore_ament_install'
[0.130s] Level 1:colcon.colcon_core.package_identification:_identify(src/armor_tracker) by extensions ['colcon_pkg']
[0.130s] Level 1:colcon.colcon_core.package_identification:_identify(src/armor_tracker) by extension 'colcon_pkg'
[0.130s] Level 1:colcon.colcon_core.package_identification:_identify(src/armor_tracker) by extensions ['colcon_meta']
[0.130s] Level 1:colcon.colcon_core.package_identification:_identify(src/armor_tracker) by extension 'colcon_meta'
[0.130s] Level 1:colcon.colcon_core.package_identification:_identify(src/armor_tracker) by extensions ['ros']
[0.130s] Level 1:colcon.colcon_core.package_identification:_identify(src/armor_tracker) by extension 'ros'
[0.131s] DEBUG:colcon.colcon_core.package_identification:Package 'src/armor_tracker' with type 'ros.ament_cmake' and name 'armor_tracker'
[0.132s] Level 1:colcon.colcon_core.package_identification:_identify(src/auto_aim_interfaces) by extensions ['ignore', 'ignore_ament_install']
[0.132s] Level 1:colcon.colcon_core.package_identification:_identify(src/auto_aim_interfaces) by extension 'ignore'
[0.132s] Level 1:colcon.colcon_core.package_identification:_identify(src/auto_aim_interfaces) by extension 'ignore_ament_install'
[0.132s] Level 1:colcon.colcon_core.package_identification:_identify(src/auto_aim_interfaces) by extensions ['colcon_pkg']
[0.132s] Level 1:colcon.colcon_core.package_identification:_identify(src/auto_aim_interfaces) by extension 'colcon_pkg'
[0.132s] Level 1:colcon.colcon_core.package_identification:_identify(src/auto_aim_interfaces) by extensions ['colcon_meta']
[0.132s] Level 1:colcon.colcon_core.package_identification:_identify(src/auto_aim_interfaces) by extension 'colcon_meta'
[0.132s] Level 1:colcon.colcon_core.package_identification:_identify(src/auto_aim_interfaces) by extensions ['ros']
[0.132s] Level 1:colcon.colcon_core.package_identification:_identify(src/auto_aim_interfaces) by extension 'ros'
[0.132s] DEBUG:colcon.colcon_core.package_identification:Package 'src/auto_aim_interfaces' with type 'ros.ament_cmake' and name 'auto_aim_interfaces'
[0.132s] Level 1:colcon.colcon_core.package_identification:_identify(src/filter_test) by extensions ['ignore', 'ignore_ament_install']
[0.132s] Level 1:colcon.colcon_core.package_identification:_identify(src/filter_test) by extension 'ignore'
[0.132s] Level 1:colcon.colcon_core.package_identification:_identify(src/filter_test) by extension 'ignore_ament_install'
[0.132s] Level 1:colcon.colcon_core.package_identification:_identify(src/filter_test) by extensions ['colcon_pkg']
[0.132s] Level 1:colcon.colcon_core.package_identification:_identify(src/filter_test) by extension 'colcon_pkg'
[0.132s] Level 1:colcon.colcon_core.package_identification:_identify(src/filter_test) by extensions ['colcon_meta']
[0.132s] Level 1:colcon.colcon_core.package_identification:_identify(src/filter_test) by extension 'colcon_meta'
[0.132s] Level 1:colcon.colcon_core.package_identification:_identify(src/filter_test) by extensions ['ros']
[0.132s] Level 1:colcon.colcon_core.package_identification:_identify(src/filter_test) by extension 'ros'
[0.133s] DEBUG:colcon.colcon_core.package_identification:Package 'src/filter_test' with type 'ros.ament_cmake' and name 'filter_test'
[0.133s] Level 1:colcon.colcon_core.package_discovery:discover_packages(recursive) using defaults
[0.133s] Level 1:colcon.colcon_core.package_discovery:discover_packages(ignore) discover
[0.133s] Level 1:colcon.colcon_core.package_discovery:discover_packages(ignore) using defaults
[0.133s] Level 1:colcon.colcon_core.package_discovery:discover_packages(path) discover
[0.133s] Level 1:colcon.colcon_core.package_discovery:discover_packages(path) using defaults
[0.144s] Level 1:colcon.colcon_core.package_discovery:discover_packages(prefix_path) check parameters
[0.144s] Level 1:colcon.colcon_core.package_discovery:discover_packages(prefix_path) discover
[0.145s] DEBUG:colcon.colcon_installed_package_information.package_discovery:Found 3 installed packages in /home/chakfan/double_model/install
[0.146s] DEBUG:colcon.colcon_installed_package_information.package_discovery:Found 280 installed packages in /opt/ros/humble
[0.152s] Level 1:colcon.colcon_core.package_discovery:discover_packages(prefix_path) using defaults
[0.170s] Level 5:colcon.colcon_core.verb:set package 'auto_aim_interfaces' build argument 'cmake_args' from command line to 'None'
[0.170s] Level 5:colcon.colcon_core.verb:set package 'auto_aim_interfaces' build argument 'cmake_target' from command line to 'None'
[0.170s] Level 5:colcon.colcon_core.verb:set package 'auto_aim_interfaces' build argument 'cmake_target_skip_unavailable' from command line to 'False'
[0.170s] Level 5:colcon.colcon_core.verb:set package 'auto_aim_interfaces' build argument 'cmake_clean_cache' from command line to 'False'
[0.170s] Level 5:colcon.colcon_core.verb:set package 'auto_aim_interfaces' build argument 'cmake_clean_first' from command line to 'False'
[0.170s] Level 5:colcon.colcon_core.verb:set package 'auto_aim_interfaces' build argument 'cmake_force_configure' from command line to 'False'
[0.170s] Level 5:colcon.colcon_core.verb:set package 'auto_aim_interfaces' build argument 'ament_cmake_args' from command line to 'None'
[0.170s] Level 5:colcon.colcon_core.verb:set package 'auto_aim_interfaces' build argument 'catkin_cmake_args' from command line to 'None'
[0.170s] Level 5:colcon.colcon_core.verb:set package 'auto_aim_interfaces' build argument 'catkin_skip_building_tests' from command line to 'False'
[0.170s] DEBUG:colcon.colcon_core.verb:Building package 'auto_aim_interfaces' with the following arguments: {'ament_cmake_args': None, 'build_base': '/home/chakfan/double_model/build/auto_aim_interfaces', 'catkin_cmake_args': None, 'catkin_skip_building_tests': False, 'cmake_args': None, 'cmake_clean_cache': False, 'cmake_clean_first': False, 'cmake_force_configure': False, 'cmake_target': None, 'cmake_target_skip_unavailable': False, 'install_base': '/home/chakfan/double_model/install/auto_aim_interfaces', 'merge_install': False, 'path': '/home/chakfan/double_model/src/auto_aim_interfaces', 'symlink_install': False, 'test_result_base': None}
[0.170s] Level 5:colcon.colcon_core.verb:set package 'armor_tracker' build argument 'cmake_args' from command line to 'None'
[0.170s] Level 5:colcon.colcon_core.verb:set package 'armor_tracker' build argument 'cmake_target' from command line to 'None'
[0.170s] Level 5:colcon.colcon_core.verb:set package 'armor_tracker' build argument 'cmake_target_skip_unavailable' from command line to 'False'
[0.170s] Level 5:colcon.colcon_core.verb:set package 'armor_tracker' build argument 'cmake_clean_cache' from command line to 'False'
[0.170s] Level 5:colcon.colcon_core.verb:set package 'armor_tracker' build argument 'cmake_clean_first' from command line to 'False'
[0.170s] Level 5:colcon.colcon_core.verb:set package 'armor_tracker' build argument 'cmake_force_configure' from command line to 'False'
[0.170s] Level 5:colcon.colcon_core.verb:set package 'armor_tracker' build argument 'ament_cmake_args' from command line to 'None'
[0.170s] Level 5:colcon.colcon_core.verb:set package 'armor_tracker' build argument 'catkin_cmake_args' from command line to 'None'
[0.170s] Level 5:colcon.colcon_core.verb:set package 'armor_tracker' build argument 'catkin_skip_building_tests' from command line to 'False'
[0.170s] DEBUG:colcon.colcon_core.verb:Building package 'armor_tracker' with the following arguments: {'ament_cmake_args': None, 'build_base': '/home/chakfan/double_model/build/armor_tracker', 'catkin_cmake_args': None, 'catkin_skip_building_tests': False, 'cmake_args': None, 'cmake_clean_cache': False, 'cmake_clean_first': False, 'cmake_force_configure': False, 'cmake_target': None, 'cmake_target_skip_unavailable': False, 'install_base': '/home/chakfan/double_model/install/armor_tracker', 'merge_install': False, 'path': '/home/chakfan/double_model/src/armor_tracker', 'symlink_install': False, 'test_result_base': None}
[0.170s] Level 5:colcon.colcon_core.verb:set package 'filter_test' build argument 'cmake_args' from command line to 'None'
[0.170s] Level 5:colcon.colcon_core.verb:set package 'filter_test' build argument 'cmake_target' from command line to 'None'
[0.170s] Level 5:colcon.colcon_core.verb:set package 'filter_test' build argument 'cmake_target_skip_unavailable' from command line to 'False'
[0.170s] Level 5:colcon.colcon_core.verb:set package 'filter_test' build argument 'cmake_clean_cache' from command line to 'False'
[0.170s] Level 5:colcon.colcon_core.verb:set package 'filter_test' build argument 'cmake_clean_first' from command line to 'False'
[0.170s] Level 5:colcon.colcon_core.verb:set package 'filter_test' build argument 'cmake_force_configure' from command line to 'False'
[0.170s] Level 5:colcon.colcon_core.verb:set package 'filter_test' build argument 'ament_cmake_args' from command line to 'None'
[0.170s] Level 5:colcon.colcon_core.verb:set package 'filter_test' build argument 'catkin_cmake_args' from command line to 'None'
[0.170s] Level 5:colcon.colcon_core.verb:set package 'filter_test' build argument 'catkin_skip_building_tests' from command line to 'False'
[0.170s] DEBUG:colcon.colcon_core.verb:Building package 'filter_test' with the following arguments: {'ament_cmake_args': None, 'build_base': '/home/chakfan/double_model/build/filter_test', 'catkin_cmake_args': None, 'catkin_skip_building_tests': False, 'cmake_args': None, 'cmake_clean_cache': False, 'cmake_clean_first': False, 'cmake_force_configure': False, 'cmake_target': None, 'cmake_target_skip_unavailable': False, 'install_base': '/home/chakfan/double_model/install/filter_test', 'merge_install': False, 'path': '/home/chakfan/double_model/src/filter_test', 'symlink_install': False, 'test_result_base': None}
[0.170s] INFO:colcon.colcon_core.executor:Executing jobs using 'parallel' executor
[0.171s] DEBUG:colcon.colcon_parallel_executor.executor.parallel:run_until_complete
[0.172s] INFO:colcon.colcon_ros.task.ament_cmake.build:Building ROS package in '/home/chakfan/double_model/src/auto_aim_interfaces' with build type 'ament_cmake'
[0.172s] INFO:colcon.colcon_cmake.task.cmake.build:Building CMake package in '/home/chakfan/double_model/src/auto_aim_interfaces'
[0.173s] INFO:colcon.colcon_core.plugin_system:Skipping extension 'colcon_core.shell.bat': Not used on non-Windows systems
[0.173s] INFO:colcon.colcon_core.shell:Skip shell extension 'powershell' for command environment: Not usable outside of PowerShell
[0.173s] DEBUG:colcon.colcon_core.shell:Skip shell extension 'dsv' for command environment
[0.181s] DEBUG:colcon.colcon_core.event_handler.log_command:Invoking command in '/home/chakfan/double_model/build/auto_aim_interfaces': CMAKE_PREFIX_PATH=${CMAKE_PREFIX_PATH}:/opt/ros/humble /usr/local/bin/cmake --build /home/chakfan/double_model/build/auto_aim_interfaces -- -j32 -l32
[0.363s] DEBUG:colcon.colcon_core.event_handler.log_command:Invoked command in '/home/chakfan/double_model/build/auto_aim_interfaces' returned '0': CMAKE_PREFIX_PATH=${CMAKE_PREFIX_PATH}:/opt/ros/humble /usr/local/bin/cmake --build /home/chakfan/double_model/build/auto_aim_interfaces -- -j32 -l32
[0.366s] DEBUG:colcon.colcon_core.event_handler.log_command:Invoking command in '/home/chakfan/double_model/build/auto_aim_interfaces': CMAKE_PREFIX_PATH=${CMAKE_PREFIX_PATH}:/opt/ros/humble /usr/local/bin/cmake --install /home/chakfan/double_model/build/auto_aim_interfaces
[0.405s] Level 1:colcon.colcon_core.environment:create_environment_scripts_only(auto_aim_interfaces)
[0.405s] DEBUG:colcon.colcon_core.event_handler.log_command:Invoked command in '/home/chakfan/double_model/build/auto_aim_interfaces' returned '0': CMAKE_PREFIX_PATH=${CMAKE_PREFIX_PATH}:/opt/ros/humble /usr/local/bin/cmake --install /home/chakfan/double_model/build/auto_aim_interfaces
[0.406s] Level 1:colcon.colcon_core.environment:checking '/home/chakfan/double_model/install/auto_aim_interfaces' for CMake module files
[0.407s] Level 1:colcon.colcon_core.environment:checking '/home/chakfan/double_model/install/auto_aim_interfaces' for CMake config files
[0.407s] Level 1:colcon.colcon_core.shell:create_environment_hook('auto_aim_interfaces', 'cmake_prefix_path')
[0.407s] INFO:colcon.colcon_core.shell:Creating environment hook '/home/chakfan/double_model/install/auto_aim_interfaces/share/auto_aim_interfaces/hook/cmake_prefix_path.ps1'
[0.407s] INFO:colcon.colcon_core.shell:Creating environment descriptor '/home/chakfan/double_model/install/auto_aim_interfaces/share/auto_aim_interfaces/hook/cmake_prefix_path.dsv'
[0.408s] INFO:colcon.colcon_core.shell:Creating environment hook '/home/chakfan/double_model/install/auto_aim_interfaces/share/auto_aim_interfaces/hook/cmake_prefix_path.sh'
[0.408s] Level 1:colcon.colcon_core.environment:checking '/home/chakfan/double_model/install/auto_aim_interfaces/lib'
[0.408s] Level 1:colcon.colcon_core.shell:create_environment_hook('auto_aim_interfaces', 'ld_library_path_lib')
[0.408s] INFO:colcon.colcon_core.shell:Creating environment hook '/home/chakfan/double_model/install/auto_aim_interfaces/share/auto_aim_interfaces/hook/ld_library_path_lib.ps1'
[0.409s] INFO:colcon.colcon_core.shell:Creating environment descriptor '/home/chakfan/double_model/install/auto_aim_interfaces/share/auto_aim_interfaces/hook/ld_library_path_lib.dsv'
[0.409s] INFO:colcon.colcon_core.shell:Creating environment hook '/home/chakfan/double_model/install/auto_aim_interfaces/share/auto_aim_interfaces/hook/ld_library_path_lib.sh'
[0.409s] Level 1:colcon.colcon_core.environment:checking '/home/chakfan/double_model/install/auto_aim_interfaces/bin'
[0.409s] Level 1:colcon.colcon_core.environment:checking '/home/chakfan/double_model/install/auto_aim_interfaces/lib/pkgconfig/auto_aim_interfaces.pc'
[0.409s] Level 1:colcon.colcon_core.environment:checking '/home/chakfan/double_model/install/auto_aim_interfaces/lib/python3.10/site-packages'
[0.409s] Level 1:colcon.colcon_core.environment:checking '/home/chakfan/double_model/install/auto_aim_interfaces/bin'
[0.409s] INFO:colcon.colcon_core.shell:Creating package script '/home/chakfan/double_model/install/auto_aim_interfaces/share/auto_aim_interfaces/package.ps1'
[0.410s] INFO:colcon.colcon_core.shell:Creating package descriptor '/home/chakfan/double_model/install/auto_aim_interfaces/share/auto_aim_interfaces/package.dsv'
[0.410s] INFO:colcon.colcon_core.shell:Creating package script '/home/chakfan/double_model/install/auto_aim_interfaces/share/auto_aim_interfaces/package.sh'
[0.410s] INFO:colcon.colcon_core.shell:Creating package script '/home/chakfan/double_model/install/auto_aim_interfaces/share/auto_aim_interfaces/package.bash'
[0.411s] INFO:colcon.colcon_core.shell:Creating package script '/home/chakfan/double_model/install/auto_aim_interfaces/share/auto_aim_interfaces/package.zsh'
[0.411s] Level 1:colcon.colcon_core.environment:create_file_with_runtime_dependencies(/home/chakfan/double_model/install/auto_aim_interfaces/share/colcon-core/packages/auto_aim_interfaces)
[0.411s] Level 1:colcon.colcon_core.environment:create_environment_scripts_only(auto_aim_interfaces)
[0.411s] Level 1:colcon.colcon_core.environment:checking '/home/chakfan/double_model/install/auto_aim_interfaces' for CMake module files
[0.412s] Level 1:colcon.colcon_core.environment:checking '/home/chakfan/double_model/install/auto_aim_interfaces' for CMake config files
[0.412s] Level 1:colcon.colcon_core.shell:create_environment_hook('auto_aim_interfaces', 'cmake_prefix_path')
[0.412s] INFO:colcon.colcon_core.shell:Creating environment hook '/home/chakfan/double_model/install/auto_aim_interfaces/share/auto_aim_interfaces/hook/cmake_prefix_path.ps1'
[0.412s] INFO:colcon.colcon_core.shell:Creating environment descriptor '/home/chakfan/double_model/install/auto_aim_interfaces/share/auto_aim_interfaces/hook/cmake_prefix_path.dsv'
[0.412s] INFO:colcon.colcon_core.shell:Creating environment hook '/home/chakfan/double_model/install/auto_aim_interfaces/share/auto_aim_interfaces/hook/cmake_prefix_path.sh'
[0.413s] Level 1:colcon.colcon_core.environment:checking '/home/chakfan/double_model/install/auto_aim_interfaces/lib'
[0.413s] Level 1:colcon.colcon_core.shell:create_environment_hook('auto_aim_interfaces', 'ld_library_path_lib')
[0.413s] INFO:colcon.colcon_core.shell:Creating environment hook '/home/chakfan/double_model/install/auto_aim_interfaces/share/auto_aim_interfaces/hook/ld_library_path_lib.ps1'
[0.413s] INFO:colcon.colcon_core.shell:Creating environment descriptor '/home/chakfan/double_model/install/auto_aim_interfaces/share/auto_aim_interfaces/hook/ld_library_path_lib.dsv'
[0.413s] INFO:colcon.colcon_core.shell:Creating environment hook '/home/chakfan/double_model/install/auto_aim_interfaces/share/auto_aim_interfaces/hook/ld_library_path_lib.sh'
[0.413s] Level 1:colcon.colcon_core.environment:checking '/home/chakfan/double_model/install/auto_aim_interfaces/bin'
[0.413s] Level 1:colcon.colcon_core.environment:checking '/home/chakfan/double_model/install/auto_aim_interfaces/lib/pkgconfig/auto_aim_interfaces.pc'
[0.413s] Level 1:colcon.colcon_core.environment:checking '/home/chakfan/double_model/install/auto_aim_interfaces/lib/python3.10/site-packages'
[0.413s] Level 1:colcon.colcon_core.environment:checking '/home/chakfan/double_model/install/auto_aim_interfaces/bin'
[0.414s] INFO:colcon.colcon_core.shell:Creating package script '/home/chakfan/double_model/install/auto_aim_interfaces/share/auto_aim_interfaces/package.ps1'
[0.414s] INFO:colcon.colcon_core.shell:Creating package descriptor '/home/chakfan/double_model/install/auto_aim_interfaces/share/auto_aim_interfaces/package.dsv'
[0.414s] INFO:colcon.colcon_core.shell:Creating package script '/home/chakfan/double_model/install/auto_aim_interfaces/share/auto_aim_interfaces/package.sh'
[0.414s] INFO:colcon.colcon_core.shell:Creating package script '/home/chakfan/double_model/install/auto_aim_interfaces/share/auto_aim_interfaces/package.bash'
[0.415s] INFO:colcon.colcon_core.shell:Creating package script '/home/chakfan/double_model/install/auto_aim_interfaces/share/auto_aim_interfaces/package.zsh'
[0.415s] Level 1:colcon.colcon_core.environment:create_file_with_runtime_dependencies(/home/chakfan/double_model/install/auto_aim_interfaces/share/colcon-core/packages/auto_aim_interfaces)
[0.415s] INFO:colcon.colcon_ros.task.ament_cmake.build:Building ROS package in '/home/chakfan/double_model/src/armor_tracker' with build type 'ament_cmake'
[0.415s] INFO:colcon.colcon_cmake.task.cmake.build:Building CMake package in '/home/chakfan/double_model/src/armor_tracker'
[0.415s] INFO:colcon.colcon_core.shell:Skip shell extension 'powershell' for command environment: Not usable outside of PowerShell
[0.415s] DEBUG:colcon.colcon_core.shell:Skip shell extension 'dsv' for command environment
[0.419s] INFO:colcon.colcon_ros.task.ament_cmake.build:Building ROS package in '/home/chakfan/double_model/src/filter_test' with build type 'ament_cmake'
[0.419s] INFO:colcon.colcon_cmake.task.cmake.build:Building CMake package in '/home/chakfan/double_model/src/filter_test'
[0.419s] INFO:colcon.colcon_core.shell:Skip shell extension 'powershell' for command environment: Not usable outside of PowerShell
[0.419s] DEBUG:colcon.colcon_core.shell:Skip shell extension 'dsv' for command environment
[0.429s] DEBUG:colcon.colcon_core.event_handler.log_command:Invoking command in '/home/chakfan/double_model/build/armor_tracker': CMAKE_PREFIX_PATH=/home/chakfan/double_model/install/auto_aim_interfaces:/home/chakfan/double_model/install/filter_test:/home/chakfan/double_model/install/armor_tracker:/opt/ros/humble LD_LIBRARY_PATH=/home/chakfan/double_model/install/auto_aim_interfaces/lib:/home/chakfan/double_model/install/filter_test/lib:/home/chakfan/double_model/install/armor_tracker/lib:/opt/MVS/lib/64:/opt/MVS/lib/32:/opt/MVS/lib/64:/opt/MVS/lib/32:/opt/ros/humble/opt/rviz_ogre_vendor/lib:/opt/ros/humble/lib/x86_64-linux-gnu:/opt/ros/humble/lib:/opt/MVS/lib/64:/opt/MVS/lib/32:/opt/MVS/lib/64:/opt/MVS/lib/32 /usr/local/bin/cmake --build /home/chakfan/double_model/build/armor_tracker -- -j32 -l32
[0.432s] DEBUG:colcon.colcon_core.event_handler.log_command:Invoking command in '/home/chakfan/double_model/build/filter_test': CMAKE_PREFIX_PATH=/home/chakfan/double_model/install/auto_aim_interfaces:/home/chakfan/double_model/install/filter_test:/home/chakfan/double_model/install/armor_tracker:/opt/ros/humble LD_LIBRARY_PATH=/home/chakfan/double_model/install/auto_aim_interfaces/lib:/home/chakfan/double_model/install/filter_test/lib:/home/chakfan/double_model/install/armor_tracker/lib:/opt/MVS/lib/64:/opt/MVS/lib/32:/opt/MVS/lib/64:/opt/MVS/lib/32:/opt/ros/humble/opt/rviz_ogre_vendor/lib:/opt/ros/humble/lib/x86_64-linux-gnu:/opt/ros/humble/lib:/opt/MVS/lib/64:/opt/MVS/lib/32:/opt/MVS/lib/64:/opt/MVS/lib/32 /usr/local/bin/cmake --build /home/chakfan/double_model/build/filter_test -- -j32 -l32
[0.465s] DEBUG:colcon.colcon_core.event_handler.log_command:Invoked command in '/home/chakfan/double_model/build/armor_tracker' returned '0': CMAKE_PREFIX_PATH=/home/chakfan/double_model/install/auto_aim_interfaces:/home/chakfan/double_model/install/filter_test:/home/chakfan/double_model/install/armor_tracker:/opt/ros/humble LD_LIBRARY_PATH=/home/chakfan/double_model/install/auto_aim_interfaces/lib:/home/chakfan/double_model/install/filter_test/lib:/home/chakfan/double_model/install/armor_tracker/lib:/opt/MVS/lib/64:/opt/MVS/lib/32:/opt/MVS/lib/64:/opt/MVS/lib/32:/opt/ros/humble/opt/rviz_ogre_vendor/lib:/opt/ros/humble/lib/x86_64-linux-gnu:/opt/ros/humble/lib:/opt/MVS/lib/64:/opt/MVS/lib/32:/opt/MVS/lib/64:/opt/MVS/lib/32 /usr/local/bin/cmake --build /home/chakfan/double_model/build/armor_tracker -- -j32 -l32
[0.467s] DEBUG:colcon.colcon_core.event_handler.log_command:Invoking command in '/home/chakfan/double_model/build/armor_tracker': CMAKE_PREFIX_PATH=/home/chakfan/double_model/install/auto_aim_interfaces:/home/chakfan/double_model/install/filter_test:/home/chakfan/double_model/install/armor_tracker:/opt/ros/humble LD_LIBRARY_PATH=/home/chakfan/double_model/install/auto_aim_interfaces/lib:/home/chakfan/double_model/install/filter_test/lib:/home/chakfan/double_model/install/armor_tracker/lib:/opt/MVS/lib/64:/opt/MVS/lib/32:/opt/MVS/lib/64:/opt/MVS/lib/32:/opt/ros/humble/opt/rviz_ogre_vendor/lib:/opt/ros/humble/lib/x86_64-linux-gnu:/opt/ros/humble/lib:/opt/MVS/lib/64:/opt/MVS/lib/32:/opt/MVS/lib/64:/opt/MVS/lib/32 /usr/local/bin/cmake --install /home/chakfan/double_model/build/armor_tracker
[0.474s] Level 1:colcon.colcon_core.environment:create_environment_scripts_only(armor_tracker)
[0.474s] Level 1:colcon.colcon_core.environment:checking '/home/chakfan/double_model/install/armor_tracker' for CMake module files
[0.475s] DEBUG:colcon.colcon_core.event_handler.log_command:Invoked command in '/home/chakfan/double_model/build/armor_tracker' returned '0': CMAKE_PREFIX_PATH=/home/chakfan/double_model/install/auto_aim_interfaces:/home/chakfan/double_model/install/filter_test:/home/chakfan/double_model/install/armor_tracker:/opt/ros/humble LD_LIBRARY_PATH=/home/chakfan/double_model/install/auto_aim_interfaces/lib:/home/chakfan/double_model/install/filter_test/lib:/home/chakfan/double_model/install/armor_tracker/lib:/opt/MVS/lib/64:/opt/MVS/lib/32:/opt/MVS/lib/64:/opt/MVS/lib/32:/opt/ros/humble/opt/rviz_ogre_vendor/lib:/opt/ros/humble/lib/x86_64-linux-gnu:/opt/ros/humble/lib:/opt/MVS/lib/64:/opt/MVS/lib/32:/opt/MVS/lib/64:/opt/MVS/lib/32 /usr/local/bin/cmake --install /home/chakfan/double_model/build/armor_tracker
[0.476s] Level 1:colcon.colcon_core.environment:checking '/home/chakfan/double_model/install/armor_tracker' for CMake config files
[0.476s] Level 1:colcon.colcon_core.shell:create_environment_hook('armor_tracker', 'cmake_prefix_path')
[0.476s] INFO:colcon.colcon_core.shell:Creating environment hook '/home/chakfan/double_model/install/armor_tracker/share/armor_tracker/hook/cmake_prefix_path.ps1'
[0.477s] INFO:colcon.colcon_core.shell:Creating environment descriptor '/home/chakfan/double_model/install/armor_tracker/share/armor_tracker/hook/cmake_prefix_path.dsv'
[0.477s] INFO:colcon.colcon_core.shell:Creating environment hook '/home/chakfan/double_model/install/armor_tracker/share/armor_tracker/hook/cmake_prefix_path.sh'
[0.478s] Level 1:colcon.colcon_core.environment:checking '/home/chakfan/double_model/install/armor_tracker/lib'
[0.478s] Level 1:colcon.colcon_core.shell:create_environment_hook('armor_tracker', 'ld_library_path_lib')
[0.478s] INFO:colcon.colcon_core.shell:Creating environment hook '/home/chakfan/double_model/install/armor_tracker/share/armor_tracker/hook/ld_library_path_lib.ps1'
[0.478s] INFO:colcon.colcon_core.shell:Creating environment descriptor '/home/chakfan/double_model/install/armor_tracker/share/armor_tracker/hook/ld_library_path_lib.dsv'
[0.479s] INFO:colcon.colcon_core.shell:Creating environment hook '/home/chakfan/double_model/install/armor_tracker/share/armor_tracker/hook/ld_library_path_lib.sh'
[0.479s] Level 1:colcon.colcon_core.environment:checking '/home/chakfan/double_model/install/armor_tracker/bin'
[0.479s] Level 1:colcon.colcon_core.environment:checking '/home/chakfan/double_model/install/armor_tracker/lib/pkgconfig/armor_tracker.pc'
[0.479s] Level 1:colcon.colcon_core.environment:checking '/home/chakfan/double_model/install/armor_tracker/lib/python3.10/site-packages'
[0.479s] Level 1:colcon.colcon_core.environment:checking '/home/chakfan/double_model/install/armor_tracker/bin'
[0.479s] INFO:colcon.colcon_core.shell:Creating package script '/home/chakfan/double_model/install/armor_tracker/share/armor_tracker/package.ps1'
[0.480s] INFO:colcon.colcon_core.shell:Creating package descriptor '/home/chakfan/double_model/install/armor_tracker/share/armor_tracker/package.dsv'
[0.480s] INFO:colcon.colcon_core.shell:Creating package script '/home/chakfan/double_model/install/armor_tracker/share/armor_tracker/package.sh'
[0.480s] INFO:colcon.colcon_core.shell:Creating package script '/home/chakfan/double_model/install/armor_tracker/share/armor_tracker/package.bash'
[0.480s] INFO:colcon.colcon_core.shell:Creating package script '/home/chakfan/double_model/install/armor_tracker/share/armor_tracker/package.zsh'
[0.481s] Level 1:colcon.colcon_core.environment:create_file_with_runtime_dependencies(/home/chakfan/double_model/install/armor_tracker/share/colcon-core/packages/armor_tracker)
[0.481s] Level 1:colcon.colcon_core.environment:create_environment_scripts_only(armor_tracker)
[0.481s] Level 1:colcon.colcon_core.environment:checking '/home/chakfan/double_model/install/armor_tracker' for CMake module files
[0.481s] Level 1:colcon.colcon_core.environment:checking '/home/chakfan/double_model/install/armor_tracker' for CMake config files
[0.482s] Level 1:colcon.colcon_core.shell:create_environment_hook('armor_tracker', 'cmake_prefix_path')
[0.482s] INFO:colcon.colcon_core.shell:Creating environment hook '/home/chakfan/double_model/install/armor_tracker/share/armor_tracker/hook/cmake_prefix_path.ps1'
[0.482s] INFO:colcon.colcon_core.shell:Creating environment descriptor '/home/chakfan/double_model/install/armor_tracker/share/armor_tracker/hook/cmake_prefix_path.dsv'
[0.482s] INFO:colcon.colcon_core.shell:Creating environment hook '/home/chakfan/double_model/install/armor_tracker/share/armor_tracker/hook/cmake_prefix_path.sh'
[0.483s] Level 1:colcon.colcon_core.environment:checking '/home/chakfan/double_model/install/armor_tracker/lib'
[0.483s] Level 1:colcon.colcon_core.shell:create_environment_hook('armor_tracker', 'ld_library_path_lib')
[0.483s] INFO:colcon.colcon_core.shell:Creating environment hook '/home/chakfan/double_model/install/armor_tracker/share/armor_tracker/hook/ld_library_path_lib.ps1'
[0.483s] INFO:colcon.colcon_core.shell:Creating environment descriptor '/home/chakfan/double_model/install/armor_tracker/share/armor_tracker/hook/ld_library_path_lib.dsv'
[0.484s] INFO:colcon.colcon_core.shell:Creating environment hook '/home/chakfan/double_model/install/armor_tracker/share/armor_tracker/hook/ld_library_path_lib.sh'
[0.484s] Level 1:colcon.colcon_core.environment:checking '/home/chakfan/double_model/install/armor_tracker/bin'
[0.484s] Level 1:colcon.colcon_core.environment:checking '/home/chakfan/double_model/install/armor_tracker/lib/pkgconfig/armor_tracker.pc'
[0.484s] Level 1:colcon.colcon_core.environment:checking '/home/chakfan/double_model/install/armor_tracker/lib/python3.10/site-packages'
[0.484s] Level 1:colcon.colcon_core.environment:checking '/home/chakfan/double_model/install/armor_tracker/bin'
[0.484s] INFO:colcon.colcon_core.shell:Creating package script '/home/chakfan/double_model/install/armor_tracker/share/armor_tracker/package.ps1'
[0.485s] INFO:colcon.colcon_core.shell:Creating package descriptor '/home/chakfan/double_model/install/armor_tracker/share/armor_tracker/package.dsv'
[0.485s] INFO:colcon.colcon_core.shell:Creating package script '/home/chakfan/double_model/install/armor_tracker/share/armor_tracker/package.sh'
[0.485s] INFO:colcon.colcon_core.shell:Creating package script '/home/chakfan/double_model/install/armor_tracker/share/armor_tracker/package.bash'
[0.485s] INFO:colcon.colcon_core.shell:Creating package script '/home/chakfan/double_model/install/armor_tracker/share/armor_tracker/package.zsh'
[0.486s] Level 1:colcon.colcon_core.environment:create_file_with_runtime_dependencies(/home/chakfan/double_model/install/armor_tracker/share/colcon-core/packages/armor_tracker)
[0.611s] DEBUG:colcon.colcon_core.event_handler.log_command:Invoked command in '/home/chakfan/double_model/build/filter_test' returned '0': CMAKE_PREFIX_PATH=/home/chakfan/double_model/install/auto_aim_interfaces:/home/chakfan/double_model/install/filter_test:/home/chakfan/double_model/install/armor_tracker:/opt/ros/humble LD_LIBRARY_PATH=/home/chakfan/double_model/install/auto_aim_interfaces/lib:/home/chakfan/double_model/install/filter_test/lib:/home/chakfan/double_model/install/armor_tracker/lib:/opt/MVS/lib/64:/opt/MVS/lib/32:/opt/MVS/lib/64:/opt/MVS/lib/32:/opt/ros/humble/opt/rviz_ogre_vendor/lib:/opt/ros/humble/lib/x86_64-linux-gnu:/opt/ros/humble/lib:/opt/MVS/lib/64:/opt/MVS/lib/32:/opt/MVS/lib/64:/opt/MVS/lib/32 /usr/local/bin/cmake --build /home/chakfan/double_model/build/filter_test -- -j32 -l32
[0.611s] DEBUG:colcon.colcon_core.event_handler.log_command:Invoking command in '/home/chakfan/double_model/build/filter_test': CMAKE_PREFIX_PATH=/home/chakfan/double_model/install/auto_aim_interfaces:/home/chakfan/double_model/install/filter_test:/home/chakfan/double_model/install/armor_tracker:/opt/ros/humble LD_LIBRARY_PATH=/home/chakfan/double_model/install/auto_aim_interfaces/lib:/home/chakfan/double_model/install/filter_test/lib:/home/chakfan/double_model/install/armor_tracker/lib:/opt/MVS/lib/64:/opt/MVS/lib/32:/opt/MVS/lib/64:/opt/MVS/lib/32:/opt/ros/humble/opt/rviz_ogre_vendor/lib:/opt/ros/humble/lib/x86_64-linux-gnu:/opt/ros/humble/lib:/opt/MVS/lib/64:/opt/MVS/lib/32:/opt/MVS/lib/64:/opt/MVS/lib/32 /usr/local/bin/cmake --install /home/chakfan/double_model/build/filter_test
[0.674s] Level 1:colcon.colcon_core.environment:create_environment_scripts_only(filter_test)
[0.674s] Level 1:colcon.colcon_core.environment:checking '/home/chakfan/double_model/install/filter_test' for CMake module files
[0.675s] Level 1:colcon.colcon_core.environment:checking '/home/chakfan/double_model/install/filter_test' for CMake config files
[0.676s] Level 1:colcon.colcon_core.shell:create_environment_hook('filter_test', 'cmake_prefix_path')
[0.676s] INFO:colcon.colcon_core.shell:Creating environment hook '/home/chakfan/double_model/install/filter_test/share/filter_test/hook/cmake_prefix_path.ps1'
[0.676s] INFO:colcon.colcon_core.shell:Creating environment descriptor '/home/chakfan/double_model/install/filter_test/share/filter_test/hook/cmake_prefix_path.dsv'
[0.676s] INFO:colcon.colcon_core.shell:Creating environment hook '/home/chakfan/double_model/install/filter_test/share/filter_test/hook/cmake_prefix_path.sh'
[0.677s] Level 1:colcon.colcon_core.environment:checking '/home/chakfan/double_model/install/filter_test/lib'
[0.677s] Level 1:colcon.colcon_core.shell:create_environment_hook('filter_test', 'ld_library_path_lib')
[0.677s] INFO:colcon.colcon_core.shell:Creating environment hook '/home/chakfan/double_model/install/filter_test/share/filter_test/hook/ld_library_path_lib.ps1'
[0.678s] INFO:colcon.colcon_core.shell:Creating environment descriptor '/home/chakfan/double_model/install/filter_test/share/filter_test/hook/ld_library_path_lib.dsv'
[0.678s] INFO:colcon.colcon_core.shell:Creating environment hook '/home/chakfan/double_model/install/filter_test/share/filter_test/hook/ld_library_path_lib.sh'
[0.678s] Level 1:colcon.colcon_core.environment:checking '/home/chakfan/double_model/install/filter_test/bin'
[0.678s] Level 1:colcon.colcon_core.environment:checking '/home/chakfan/double_model/install/filter_test/lib/pkgconfig/filter_test.pc'
[0.679s] Level 1:colcon.colcon_core.environment:checking '/home/chakfan/double_model/install/filter_test/lib/python3.10/site-packages'
[0.679s] Level 1:colcon.colcon_core.environment:checking '/home/chakfan/double_model/install/filter_test/bin'
[0.679s] INFO:colcon.colcon_core.shell:Creating package script '/home/chakfan/double_model/install/filter_test/share/filter_test/package.ps1'
[0.679s] INFO:colcon.colcon_core.shell:Creating package descriptor '/home/chakfan/double_model/install/filter_test/share/filter_test/package.dsv'
[0.680s] INFO:colcon.colcon_core.shell:Creating package script '/home/chakfan/double_model/install/filter_test/share/filter_test/package.sh'
[0.681s] DEBUG:colcon.colcon_core.event_handler.log_command:Invoked command in '/home/chakfan/double_model/build/filter_test' returned '0': CMAKE_PREFIX_PATH=/home/chakfan/double_model/install/auto_aim_interfaces:/home/chakfan/double_model/install/filter_test:/home/chakfan/double_model/install/armor_tracker:/opt/ros/humble LD_LIBRARY_PATH=/home/chakfan/double_model/install/auto_aim_interfaces/lib:/home/chakfan/double_model/install/filter_test/lib:/home/chakfan/double_model/install/armor_tracker/lib:/opt/MVS/lib/64:/opt/MVS/lib/32:/opt/MVS/lib/64:/opt/MVS/lib/32:/opt/ros/humble/opt/rviz_ogre_vendor/lib:/opt/ros/humble/lib/x86_64-linux-gnu:/opt/ros/humble/lib:/opt/MVS/lib/64:/opt/MVS/lib/32:/opt/MVS/lib/64:/opt/MVS/lib/32 /usr/local/bin/cmake --install /home/chakfan/double_model/build/filter_test
[0.681s] INFO:colcon.colcon_core.shell:Creating package script '/home/chakfan/double_model/install/filter_test/share/filter_test/package.bash'
[0.681s] INFO:colcon.colcon_core.shell:Creating package script '/home/chakfan/double_model/install/filter_test/share/filter_test/package.zsh'
[0.681s] Level 1:colcon.colcon_core.environment:create_file_with_runtime_dependencies(/home/chakfan/double_model/install/filter_test/share/colcon-core/packages/filter_test)
[0.682s] Level 1:colcon.colcon_core.environment:create_environment_scripts_only(filter_test)
[0.682s] Level 1:colcon.colcon_core.environment:checking '/home/chakfan/double_model/install/filter_test' for CMake module files
[0.682s] Level 1:colcon.colcon_core.environment:checking '/home/chakfan/double_model/install/filter_test' for CMake config files
[0.682s] Level 1:colcon.colcon_core.shell:create_environment_hook('filter_test', 'cmake_prefix_path')
[0.682s] INFO:colcon.colcon_core.shell:Creating environment hook '/home/chakfan/double_model/install/filter_test/share/filter_test/hook/cmake_prefix_path.ps1'
[0.682s] INFO:colcon.colcon_core.shell:Creating environment descriptor '/home/chakfan/double_model/install/filter_test/share/filter_test/hook/cmake_prefix_path.dsv'
[0.683s] INFO:colcon.colcon_core.shell:Creating environment hook '/home/chakfan/double_model/install/filter_test/share/filter_test/hook/cmake_prefix_path.sh'
[0.683s] Level 1:colcon.colcon_core.environment:checking '/home/chakfan/double_model/install/filter_test/lib'
[0.683s] Level 1:colcon.colcon_core.shell:create_environment_hook('filter_test', 'ld_library_path_lib')
[0.683s] INFO:colcon.colcon_core.shell:Creating environment hook '/home/chakfan/double_model/install/filter_test/share/filter_test/hook/ld_library_path_lib.ps1'
[0.694s] INFO:colcon.colcon_core.shell:Creating environment descriptor '/home/chakfan/double_model/install/filter_test/share/filter_test/hook/ld_library_path_lib.dsv'
[0.694s] INFO:colcon.colcon_core.shell:Creating environment hook '/home/chakfan/double_model/install/filter_test/share/filter_test/hook/ld_library_path_lib.sh'
[0.694s] Level 1:colcon.colcon_core.environment:checking '/home/chakfan/double_model/install/filter_test/bin'
[0.695s] Level 1:colcon.colcon_core.environment:checking '/home/chakfan/double_model/install/filter_test/lib/pkgconfig/filter_test.pc'
[0.695s] Level 1:colcon.colcon_core.environment:checking '/home/chakfan/double_model/install/filter_test/lib/python3.10/site-packages'
[0.695s] Level 1:colcon.colcon_core.environment:checking '/home/chakfan/double_model/install/filter_test/bin'
[0.695s] INFO:colcon.colcon_core.shell:Creating package script '/home/chakfan/double_model/install/filter_test/share/filter_test/package.ps1'
[0.695s] INFO:colcon.colcon_core.shell:Creating package descriptor '/home/chakfan/double_model/install/filter_test/share/filter_test/package.dsv'
[0.696s] INFO:colcon.colcon_core.shell:Creating package script '/home/chakfan/double_model/install/filter_test/share/filter_test/package.sh'
[0.696s] INFO:colcon.colcon_core.shell:Creating package script '/home/chakfan/double_model/install/filter_test/share/filter_test/package.bash'
[0.696s] INFO:colcon.colcon_core.shell:Creating package script '/home/chakfan/double_model/install/filter_test/share/filter_test/package.zsh'
[0.696s] Level 1:colcon.colcon_core.environment:create_file_with_runtime_dependencies(/home/chakfan/double_model/install/filter_test/share/colcon-core/packages/filter_test)
[0.696s] DEBUG:colcon.colcon_parallel_executor.executor.parallel:closing loop
[0.696s] DEBUG:colcon.colcon_parallel_executor.executor.parallel:loop closed
[0.696s] DEBUG:colcon.colcon_parallel_executor.executor.parallel:run_until_complete finished with '0'
[0.696s] DEBUG:colcon.colcon_core.event_reactor:joining thread
[0.702s] INFO:colcon.colcon_core.plugin_system:Skipping extension 'colcon_notification.desktop_notification.terminal_notifier': Not used on non-Darwin systems
[0.702s] INFO:colcon.colcon_core.plugin_system:Skipping extension 'colcon_notification.desktop_notification.win32': Not used on non-Windows systems
[0.702s] INFO:colcon.colcon_notification.desktop_notification:Sending desktop notification using 'notify2'
[0.709s] DEBUG:colcon.colcon_core.event_reactor:joined thread
[0.709s] INFO:colcon.colcon_core.shell:Creating prefix script '/home/chakfan/double_model/install/local_setup.ps1'
[0.710s] INFO:colcon.colcon_core.shell:Creating prefix util module '/home/chakfan/double_model/install/_local_setup_util_ps1.py'
[0.711s] INFO:colcon.colcon_core.shell:Creating prefix chain script '/home/chakfan/double_model/install/setup.ps1'
[0.712s] INFO:colcon.colcon_core.shell:Creating prefix script '/home/chakfan/double_model/install/local_setup.sh'
[0.713s] INFO:colcon.colcon_core.shell:Creating prefix util module '/home/chakfan/double_model/install/_local_setup_util_sh.py'
[0.713s] INFO:colcon.colcon_core.shell:Creating prefix chain script '/home/chakfan/double_model/install/setup.sh'
[0.714s] INFO:colcon.colcon_core.shell:Creating prefix script '/home/chakfan/double_model/install/local_setup.bash'
[0.714s] INFO:colcon.colcon_core.shell:Creating prefix chain script '/home/chakfan/double_model/install/setup.bash'
[0.714s] INFO:colcon.colcon_core.shell:Creating prefix script '/home/chakfan/double_model/install/local_setup.zsh'
[0.715s] INFO:colcon.colcon_core.shell:Creating prefix chain script '/home/chakfan/double_model/install/setup.zsh'
