[0.010s] Invoking command in '/home/chakfan/double_model/build/armor_tracker': CMAKE_PREFIX_PATH=/home/chakfan/double_model/install/auto_aim_interfaces:/home/chakfan/double_model/install/filter_test:/home/chakfan/double_model/install/armor_tracker:/opt/ros/humble LD_LIBRARY_PATH=/home/chakfan/double_model/install/auto_aim_interfaces/lib:/home/chakfan/double_model/install/filter_test/lib:/home/chakfan/double_model/install/armor_tracker/lib:/opt/MVS/lib/64:/opt/MVS/lib/32:/opt/MVS/lib/64:/opt/MVS/lib/32:/opt/MVS/lib/64:/opt/MVS/lib/32:/opt/ros/humble/opt/rviz_ogre_vendor/lib:/opt/ros/humble/lib/x86_64-linux-gnu:/opt/ros/humble/lib:/opt/MVS/lib/64:/opt/MVS/lib/32:/opt/MVS/lib/64:/opt/MVS/lib/32:/opt/MVS/lib/64:/opt/MVS/lib/32 /usr/local/bin/cmake --build /home/chakfan/double_model/build/armor_tracker -- -j32 -l32
[0.045s] [ 22%] Built target armor_tracker_node
[0.065s] [ 33%] [32mBuilding CXX object CMakeFiles/armor_tracker.dir/src/motion/enemy_model.cpp.o[0m
[1.291s] [ 44%] [32m[1mLinking CXX shared library libarmor_tracker.so[0m
[1.925s] [100%] Built target armor_tracker
[1.931s] Invoked command in '/home/chakfan/double_model/build/armor_tracker' returned '0': CMAKE_PREFIX_PATH=/home/chakfan/double_model/install/auto_aim_interfaces:/home/chakfan/double_model/install/filter_test:/home/chakfan/double_model/install/armor_tracker:/opt/ros/humble LD_LIBRARY_PATH=/home/chakfan/double_model/install/auto_aim_interfaces/lib:/home/chakfan/double_model/install/filter_test/lib:/home/chakfan/double_model/install/armor_tracker/lib:/opt/MVS/lib/64:/opt/MVS/lib/32:/opt/MVS/lib/64:/opt/MVS/lib/32:/opt/MVS/lib/64:/opt/MVS/lib/32:/opt/ros/humble/opt/rviz_ogre_vendor/lib:/opt/ros/humble/lib/x86_64-linux-gnu:/opt/ros/humble/lib:/opt/MVS/lib/64:/opt/MVS/lib/32:/opt/MVS/lib/64:/opt/MVS/lib/32:/opt/MVS/lib/64:/opt/MVS/lib/32 /usr/local/bin/cmake --build /home/chakfan/double_model/build/armor_tracker -- -j32 -l32
[1.933s] Invoking command in '/home/chakfan/double_model/build/armor_tracker': CMAKE_PREFIX_PATH=/home/chakfan/double_model/install/auto_aim_interfaces:/home/chakfan/double_model/install/filter_test:/home/chakfan/double_model/install/armor_tracker:/opt/ros/humble LD_LIBRARY_PATH=/home/chakfan/double_model/install/auto_aim_interfaces/lib:/home/chakfan/double_model/install/filter_test/lib:/home/chakfan/double_model/install/armor_tracker/lib:/opt/MVS/lib/64:/opt/MVS/lib/32:/opt/MVS/lib/64:/opt/MVS/lib/32:/opt/MVS/lib/64:/opt/MVS/lib/32:/opt/ros/humble/opt/rviz_ogre_vendor/lib:/opt/ros/humble/lib/x86_64-linux-gnu:/opt/ros/humble/lib:/opt/MVS/lib/64:/opt/MVS/lib/32:/opt/MVS/lib/64:/opt/MVS/lib/32:/opt/MVS/lib/64:/opt/MVS/lib/32 /usr/local/bin/cmake --install /home/chakfan/double_model/build/armor_tracker
[1.936s] -- Install configuration: ""
[1.936s] -- Up-to-date: /home/chakfan/double_model/install/armor_tracker/lib/armor_tracker/armor_tracker_node
[1.936s] -- Up-to-date: /home/chakfan/double_model/install/armor_tracker/include
[1.936s] -- Up-to-date: /home/chakfan/double_model/install/armor_tracker/include/armor_tracker
[1.936s] -- Up-to-date: /home/chakfan/double_model/install/armor_tracker/include/armor_tracker/tracker_node.hpp
[1.936s] -- Up-to-date: /home/chakfan/double_model/install/armor_tracker/include/armor_tracker/filter
[1.937s] -- Up-to-date: /home/chakfan/double_model/install/armor_tracker/include/armor_tracker/filter/kalman_filter.hpp
[1.937s] -- Up-to-date: /home/chakfan/double_model/install/armor_tracker/include/armor_tracker/filter/extended_kalman_filter.hpp
[1.937s] -- Up-to-date: /home/chakfan/double_model/install/armor_tracker/include/armor_tracker/tracker.hpp
[1.937s] -- Up-to-date: /home/chakfan/double_model/install/armor_tracker/include/armor_tracker/motion
[1.937s] -- Up-to-date: /home/chakfan/double_model/install/armor_tracker/include/armor_tracker/motion/armor_model.hpp
[1.937s] -- Up-to-date: /home/chakfan/double_model/install/armor_tracker/include/armor_tracker/motion/enemy_model.hpp
[1.937s] -- Up-to-date: /home/chakfan/double_model/install/armor_tracker/include/armor_tracker/common.hpp
[1.937s] -- Up-to-date: /home/chakfan/double_model/install/armor_tracker/share/armor_tracker/environment/library_path.sh
[1.937s] -- Up-to-date: /home/chakfan/double_model/install/armor_tracker/share/armor_tracker/environment/library_path.dsv
[1.937s] -- Installing: /home/chakfan/double_model/install/armor_tracker/lib/libarmor_tracker.so
[1.946s] -- Set non-toolchain portion of runtime path of "/home/chakfan/double_model/install/armor_tracker/lib/libarmor_tracker.so" to ""
[1.946s] -- Up-to-date: /home/chakfan/double_model/install/armor_tracker/share/ament_index/resource_index/package_run_dependencies/armor_tracker
[1.946s] -- Up-to-date: /home/chakfan/double_model/install/armor_tracker/share/ament_index/resource_index/parent_prefix_path/armor_tracker
[1.946s] -- Up-to-date: /home/chakfan/double_model/install/armor_tracker/share/armor_tracker/environment/ament_prefix_path.sh
[1.946s] -- Up-to-date: /home/chakfan/double_model/install/armor_tracker/share/armor_tracker/environment/ament_prefix_path.dsv
[1.946s] -- Up-to-date: /home/chakfan/double_model/install/armor_tracker/share/armor_tracker/environment/path.sh
[1.946s] -- Up-to-date: /home/chakfan/double_model/install/armor_tracker/share/armor_tracker/environment/path.dsv
[1.946s] -- Up-to-date: /home/chakfan/double_model/install/armor_tracker/share/armor_tracker/local_setup.bash
[1.946s] -- Up-to-date: /home/chakfan/double_model/install/armor_tracker/share/armor_tracker/local_setup.sh
[1.946s] -- Up-to-date: /home/chakfan/double_model/install/armor_tracker/share/armor_tracker/local_setup.zsh
[1.946s] -- Up-to-date: /home/chakfan/double_model/install/armor_tracker/share/armor_tracker/local_setup.dsv
[1.946s] -- Installing: /home/chakfan/double_model/install/armor_tracker/share/armor_tracker/package.dsv
[1.946s] -- Up-to-date: /home/chakfan/double_model/install/armor_tracker/share/ament_index/resource_index/packages/armor_tracker
[1.946s] -- Up-to-date: /home/chakfan/double_model/install/armor_tracker/share/ament_index/resource_index/rclcpp_components/armor_tracker
[1.946s] -- Up-to-date: /home/chakfan/double_model/install/armor_tracker/share/armor_tracker/cmake/ament_cmake_export_dependencies-extras.cmake
[1.946s] -- Up-to-date: /home/chakfan/double_model/install/armor_tracker/share/armor_tracker/cmake/ament_cmake_export_include_directories-extras.cmake
[1.946s] -- Up-to-date: /home/chakfan/double_model/install/armor_tracker/share/armor_tracker/cmake/ament_cmake_export_libraries-extras.cmake
[1.946s] -- Up-to-date: /home/chakfan/double_model/install/armor_tracker/share/armor_tracker/cmake/armor_trackerConfig.cmake
[1.946s] -- Up-to-date: /home/chakfan/double_model/install/armor_tracker/share/armor_tracker/cmake/armor_trackerConfig-version.cmake
[1.947s] -- Up-to-date: /home/chakfan/double_model/install/armor_tracker/share/armor_tracker/package.xml
[1.948s] Invoked command in '/home/chakfan/double_model/build/armor_tracker' returned '0': CMAKE_PREFIX_PATH=/home/chakfan/double_model/install/auto_aim_interfaces:/home/chakfan/double_model/install/filter_test:/home/chakfan/double_model/install/armor_tracker:/opt/ros/humble LD_LIBRARY_PATH=/home/chakfan/double_model/install/auto_aim_interfaces/lib:/home/chakfan/double_model/install/filter_test/lib:/home/chakfan/double_model/install/armor_tracker/lib:/opt/MVS/lib/64:/opt/MVS/lib/32:/opt/MVS/lib/64:/opt/MVS/lib/32:/opt/MVS/lib/64:/opt/MVS/lib/32:/opt/ros/humble/opt/rviz_ogre_vendor/lib:/opt/ros/humble/lib/x86_64-linux-gnu:/opt/ros/humble/lib:/opt/MVS/lib/64:/opt/MVS/lib/32:/opt/MVS/lib/64:/opt/MVS/lib/32:/opt/MVS/lib/64:/opt/MVS/lib/32 /usr/local/bin/cmake --install /home/chakfan/double_model/build/armor_tracker
